1;1;1;150000;128;0.5;0;15
2;2;1;150000;128;0.5;0;33
3;3;1;150000;128;0.5;0;13
4;4;1;150000;128;0.5;0;17
5;5;1;150000;128;0.5;0;34
6;6;1;150000;128;0.5;0;24
7;7;1;150000;128;0.5;0;13
8;8;1;150000;128;0.5;0;15
9;9;1;150000;128;0.5;0;17
10;10;1;150000;128;0.5;0;23
11;11;1;150000;128;0.5;0;32
12;12;1;150000;128;0.5;0;45
13;13;1;150000;128;0.5;0;17
14;14;1;150000;128;0.5;0;30
15;15;1;150000;128;0.5;0;22
16;16;1;150000;128;0.5;0;15
17;17;1;150000;128;0.5;0;14
18;18;1;150000;128;0.5;0;27
19;19;1;150000;128;0.5;0;19
20;20;1;150000;128;0.5;0;30
21;21;1;150000;128;0.5;0;17
22;22;1;150000;128;0.5;0;38
23;23;1;150000;128;0.5;0;24
24;24;1;150000;128;0.5;0;16
25;25;1;150000;128;0.5;0;19
26;26;1;150000;128;0.5;0;19
27;27;1;150000;128;0.5;0;36
28;28;1;150000;128;0.5;0;25
29;29;1;150000;128;0.5;0;16
30;30;1;150000;128;0.5;0;26
31;31;1;150000;128;0.5;0;27
32;32;1;150000;128;0.5;0;35
33;33;1;150000;128;0.5;0;27
34;34;1;150000;128;0.5;0;21
35;35;1;150000;128;0.5;0;15
36;36;1;150000;128;0.5;0;25
37;37;1;150000;128;0.5;0;16
38;38;1;150000;128;0.5;0;16
39;39;1;150000;128;0.5;0;31
40;40;1;150000;128;0.5;0;19
41;41;1;150000;128;0.5;0;26
42;42;1;150000;128;0.5;0;17
43;43;1;150000;128;0.5;0;16
44;44;1;150000;128;0.5;0;16
45;45;1;150000;128;0.5;0;22
46;46;1;150000;128;0.5;0;30
47;47;1;150000;128;0.5;0;11
48;48;1;150000;128;0.5;0;17
49;49;1;150000;128;0.5;0;21
50;50;1;150000;128;0.5;0;77
51;51;1;150000;128;0.5;0;114
52;52;1;150000;128;0.5;0;16
53;53;1;150000;128;0.5;0;14
54;54;1;150000;128;0.5;0;39
55;55;1;150000;128;0.5;0;220
56;56;1;150000;128;0.5;0;19
57;57;1;150000;128;0.5;0;25
58;58;1;150000;128;0.5;0;85
59;59;1;150000;128;0.5;0;17
60;60;1;150000;128;0.5;0;37
61;61;1;150000;128;0.5;0;23
62;62;1;150000;128;0.5;0;18
63;63;1;150000;128;0.5;0;29
64;64;1;150000;128;0.5;0;16
65;65;1;150000;128;0.5;0;23
66;66;1;150000;128;0.5;0;17
67;67;1;150000;128;0.5;0;20
68;68;1;150000;128;0.5;0;17
69;69;1;150000;128;0.5;0;121
70;70;1;150000;128;0.5;0;89
71;71;1;150000;128;0.5;0;30
72;72;1;150000;128;0.5;0;67
73;73;1;150000;128;0.5;0;14
74;74;1;150000;128;0.5;0;18
75;75;1;150000;128;0.5;0;17
76;76;1;150000;128;0.5;0;16
77;77;1;150000;128;0.5;0;25
78;78;1;150000;128;0.5;0;17
79;79;1;150000;128;0.5;0;36
80;80;1;150000;128;0.5;0;80
81;81;1;150000;128;0.5;0;22
82;82;1;150000;128;0.5;0;19
83;83;1;150000;128;0.5;0;18
84;84;1;150000;128;0.5;0;76
85;85;1;150000;128;0.5;0;166
86;86;1;150000;128;0.5;0;26
87;87;1;150000;128;0.5;0;18
88;88;1;150000;128;0.5;0;55
89;89;1;150000;128;0.5;0;21
90;90;1;150000;128;0.5;0;18
91;91;1;150000;128;0.5;0;24
92;92;1;150000;128;0.5;0;21
93;93;1;150000;128;0.5;0;65
94;94;1;150000;128;0.5;0;20
95;95;1;150000;128;0.5;0;20
96;96;1;150000;128;0.5;0;28
97;97;1;150000;128;0.5;0;21
98;98;1;150000;128;0.5;0;16
99;99;1;150000;128;0.5;0;431
100;100;1;150000;128;0.5;0;10
101;101;1;150000;128;0.5;0;20
102;102;1;150000;128;0.5;0;18
103;103;1;150000;128;0.5;0;19
104;104;1;150000;128;0.5;0;82
105;105;1;150000;128;0.5;0;29
106;106;1;150000;128;0.5;0;35
107;107;1;150000;128;0.5;0;26
108;108;1;150000;128;0.5;0;17
109;109;1;150000;128;0.5;0;18
110;110;1;150000;128;0.5;0;27
111;111;1;150000;128;0.5;0;63
112;112;1;150000;128;0.5;0;27
113;113;1;150000;128;0.5;0;63
114;114;1;150000;128;0.5;0;69
115;115;1;150000;128;0.5;0;13
116;116;1;150000;128;0.5;0;15
117;117;1;150000;128;0.5;0;34
118;118;1;150000;128;0.5;0;36
119;119;1;150000;128;0.5;0;35
120;120;1;150000;128;0.5;0;85
121;121;1;150000;128;0.5;0;28
122;122;1;150000;128;0.5;0;24
123;123;1;150000;128;0.5;0;38
124;124;1;150000;128;0.5;0;28
125;125;1;150000;128;0.5;0;341
126;126;1;150000;128;0.5;0;15
127;127;1;150000;128;0.5;0;84
128;128;1;150000;128;0.5;0;16
129;129;1;150000;128;0.5;0;28
130;130;1;150000;128;0.5;0;23
131;131;1;150000;128;0.5;0;39
132;132;1;150000;128;0.5;0;48
133;133;1;150000;128;0.5;0;24
134;134;1;150000;128;0.5;0;38
135;135;1;150000;128;0.5;0;20
136;136;1;150000;128;0.5;0;20
137;137;1;150000;128;0.5;0;34
138;138;1;150000;128;0.5;0;27
139;139;1;150000;128;0.5;0;18
140;140;1;150000;128;0.5;0;15
141;141;1;150000;128;0.5;0;17
142;142;1;150000;128;0.5;0;31
143;143;1;150000;128;0.5;0;25
144;144;1;150000;128;0.5;0;17
145;145;1;150000;128;0.5;0;20
146;146;1;150000;128;0.5;0;17
147;147;1;150000;128;0.5;0;14
148;148;1;150000;128;0.5;0;26
149;149;1;150000;128;0.5;0;39
150;150;1;150000;128;0.5;0;22
151;151;1;150000;128;0.5;0;22
152;152;1;150000;128;0.5;0;16
153;153;1;150000;128;0.5;0;17
154;154;1;150000;128;0.5;0;28
155;155;1;150000;128;0.5;0;14
156;156;1;150000;128;0.5;0;16
157;157;1;150000;128;0.5;0;17
158;158;1;150000;128;0.5;0;36
159;159;1;150000;128;0.5;0;39
160;160;1;150000;128;0.5;0;29
161;161;1;150000;128;0.5;0;14
162;162;1;150000;128;0.5;0;75
163;163;1;150000;128;0.5;0;24
164;164;1;150000;128;0.5;0;34
165;165;1;150000;128;0.5;0;17
166;166;1;150000;128;0.5;0;74
167;167;1;150000;128;0.5;0;24
168;168;1;150000;128;0.5;0;316
169;169;1;150000;128;0.5;0;13
170;170;1;150000;128;0.5;0;31
171;171;1;150000;128;0.5;0;43
172;172;1;150000;128;0.5;0;24
173;173;1;150000;128;0.5;0;29
174;174;1;150000;128;0.5;0;23
175;175;1;150000;128;0.5;0;83
176;176;1;150000;128;0.5;0;26
177;177;1;150000;128;0.5;0;40
178;178;1;150000;128;0.5;0;29
179;179;1;150000;128;0.5;0;23
180;180;1;150000;128;0.5;0;21
181;181;1;150000;128;0.5;0;21
182;182;1;150000;128;0.5;0;32
183;183;1;150000;128;0.5;0;12
184;184;1;150000;128;0.5;0;24
185;185;1;150000;128;0.5;0;14
186;186;1;150000;128;0.5;0;33
187;187;1;150000;128;0.5;0;78
188;188;1;150000;128;0.5;0;24
189;189;1;150000;128;0.5;0;18
190;190;1;150000;128;0.5;0;17
191;191;1;150000;128;0.5;0;17
192;192;1;150000;128;0.5;0;28
193;193;1;150000;128;0.5;0;12
194;194;1;150000;128;0.5;0;19
195;195;1;150000;128;0.5;0;16
196;196;1;150000;128;0.5;0;69
197;197;1;150000;128;0.5;0;75
198;198;1;150000;128;0.5;0;37
199;199;1;150000;128;0.5;0;27
200;200;1;150000;128;0.5;0;25
201;201;1;150000;128;0.5;0;23
202;202;1;150000;128;0.5;0;16
203;203;1;150000;128;0.5;0;19
204;204;1;150000;128;0.5;0;93
205;205;1;150000;128;0.5;0;27
206;206;1;150000;128;0.5;0;17
207;207;1;150000;128;0.5;0;16
208;208;1;150000;128;0.5;0;74
209;209;1;150000;128;0.5;0;22
210;210;1;150000;128;0.5;0;28
211;211;1;150000;128;0.5;0;17
212;212;1;150000;128;0.5;0;18
213;213;1;150000;128;0.5;0;32
214;214;1;150000;128;0.5;0;153
215;215;1;150000;128;0.5;0;17
216;216;1;150000;128;0.5;0;15
217;217;1;150000;128;0.5;0;47
218;218;1;150000;128;0.5;0;11
219;219;1;150000;128;0.5;0;16
220;220;1;150000;128;0.5;0;16
221;221;1;150000;128;0.5;0;65
222;222;1;150000;128;0.5;0;20
223;223;1;150000;128;0.5;0;14
224;224;1;150000;128;0.5;0;64
225;225;1;150000;128;0.5;0;26
226;226;1;150000;128;0.5;0;76
227;227;1;150000;128;0.5;0;19
228;228;1;150000;128;0.5;0;13
229;229;1;150000;128;0.5;0;79
230;230;1;150000;128;0.5;0;64
231;231;1;150000;128;0.5;0;30
232;232;1;150000;128;0.5;0;24
233;233;1;150000;128;0.5;0;15
234;234;1;150000;128;0.5;0;20
235;235;1;150000;128;0.5;0;19
236;236;1;150000;128;0.5;0;31
237;237;1;150000;128;0.5;0;25
238;238;1;150000;128;0.5;0;16
239;239;1;150000;128;0.5;0;3
240;240;1;150000;128;0.5;0;16
241;241;1;150000;128;0.5;0;21
242;242;1;150000;128;0.5;0;51
243;243;1;150000;128;0.5;0;54
244;244;1;150000;128;0.5;0;75
245;245;1;150000;128;0.5;0;35
246;246;1;150000;128;0.5;0;17
247;247;1;150000;128;0.5;0;13
248;248;1;150000;128;0.5;0;165
249;249;1;150000;128;0.5;0;17
250;250;1;150000;128;0.5;0;43
251;251;1;150000;128;0.5;0;37
252;252;1;150000;128;0.5;0;25
253;253;1;150000;128;0.5;0;13
254;254;1;150000;128;0.5;0;22
255;255;1;150000;128;0.5;0;24
256;256;1;150000;128;0.5;0;33
257;257;1;150000;128;0.5;0;22
258;258;1;150000;128;0.5;0;23
259;259;1;150000;128;0.5;0;24
260;260;1;150000;128;0.5;0;40
261;261;1;150000;128;0.5;0;16
262;262;1;150000;128;0.5;0;23
263;263;1;150000;128;0.5;0;21
264;264;1;150000;128;0.5;0;12
265;265;1;150000;128;0.5;0;18
266;266;1;150000;128;0.5;0;30
267;267;1;150000;128;0.5;0;16
268;268;1;150000;128;0.5;0;16
269;269;1;150000;128;0.5;0;28
270;270;1;150000;128;0.5;0;31
271;271;1;150000;128;0.5;0;21
272;272;1;150000;128;0.5;0;23
273;273;1;150000;128;0.5;0;39
274;274;1;150000;128;0.5;0;22
275;275;1;150000;128;0.5;0;16
276;276;1;150000;128;0.5;0;13
277;277;1;150000;128;0.5;0;44
278;278;1;150000;128;0.5;0;34
279;279;1;150000;128;0.5;0;17
280;280;1;150000;128;0.5;0;28
281;281;1;150000;128;0.5;0;64
282;282;1;150000;128;0.5;0;29
283;283;1;150000;128;0.5;0;32
284;284;1;150000;128;0.5;0;577
285;285;1;150000;128;0.5;0;22
286;286;1;150000;128;0.5;0;27
287;287;1;150000;128;0.5;0;21
288;288;1;150000;128;0.5;0;22
289;289;1;150000;128;0.5;0;23
290;290;1;150000;128;0.5;0;109
291;291;1;150000;128;0.5;0;83
292;292;1;150000;128;0.5;0;22
293;293;1;150000;128;0.5;0;39
294;294;1;150000;128;0.5;0;61
295;295;1;150000;128;0.5;0;31
296;296;1;150000;128;0.5;0;67
297;297;1;150000;128;0.5;0;10
298;298;1;150000;128;0.5;0;20
299;299;1;150000;128;0.5;0;31
300;300;1;150000;128;0.5;0;11
301;301;1;150000;128;0.5;0;36
302;302;1;150000;128;0.5;0;14
303;303;1;150000;128;0.5;0;19
304;304;1;150000;128;0.5;0;15
305;305;1;150000;128;0.5;0;27
306;306;1;150000;128;0.5;0;77
307;307;1;150000;128;0.5;0;28
308;308;1;150000;128;0.5;0;17
309;309;1;150000;128;0.5;0;26
310;310;1;150000;128;0.5;0;34
311;311;1;150000;128;0.5;0;13
312;312;1;150000;128;0.5;0;18
313;313;1;150000;128;0.5;0;15
314;314;1;150000;128;0.5;0;57
315;315;1;150000;128;0.5;0;26
316;316;1;150000;128;0.5;0;18
317;317;1;150000;128;0.5;0;31
318;318;1;150000;128;0.5;0;17
319;319;1;150000;128;0.5;0;26
320;320;1;150000;128;0.5;0;14
321;321;1;150000;128;0.5;0;69
322;322;1;150000;128;0.5;0;23
323;323;1;150000;128;0.5;0;36
324;324;1;150000;128;0.5;0;26
325;325;1;150000;128;0.5;0;67
326;326;1;150000;128;0.5;0;15
327;327;1;150000;128;0.5;0;15
328;328;1;150000;128;0.5;0;18
329;329;1;150000;128;0.5;0;15
330;330;1;150000;128;0.5;0;31
331;331;1;150000;128;0.5;0;20
332;332;1;150000;128;0.5;0;26
333;333;1;150000;128;0.5;0;21
334;334;1;150000;128;0.5;0;31
335;335;1;150000;128;0.5;0;29
336;336;1;150000;128;0.5;0;32
337;337;1;150000;128;0.5;0;23
338;338;1;150000;128;0.5;0;16
339;339;1;150000;128;0.5;0;27
340;340;1;150000;128;0.5;0;19
341;341;1;150000;128;0.5;0;26
342;342;1;150000;128;0.5;0;37
343;343;1;150000;128;0.5;0;87
344;344;1;150000;128;0.5;0;20
345;345;1;150000;128;0.5;0;435
346;346;1;150000;128;0.5;0;25
347;347;1;150000;128;0.5;0;15
348;348;1;150000;128;0.5;0;37
349;349;1;150000;128;0.5;0;39
350;350;1;150000;128;0.5;0;32
351;351;1;150000;128;0.5;0;12
352;352;1;150000;128;0.5;0;121
353;353;1;150000;128;0.5;0;26
354;354;1;150000;128;0.5;0;15
355;355;1;150000;128;0.5;0;16
356;356;1;150000;128;0.5;0;37
357;357;1;150000;128;0.5;0;25
358;358;1;150000;128;0.5;0;40
359;359;1;150000;128;0.5;0;69
360;360;1;150000;128;0.5;0;60
361;361;1;150000;128;0.5;0;27
362;362;1;150000;128;0.5;0;27
363;363;1;150000;128;0.5;0;26
364;364;1;150000;128;0.5;0;40
365;365;1;150000;128;0.5;0;81
366;366;1;150000;128;0.5;0;13
367;367;1;150000;128;0.5;0;84
368;368;1;150000;128;0.5;0;13
369;369;1;150000;128;0.5;0;17
370;370;1;150000;128;0.5;0;17
371;371;1;150000;128;0.5;0;34
372;372;1;150000;128;0.5;0;17
373;373;1;150000;128;0.5;0;22
374;374;1;150000;128;0.5;0;16
375;375;1;150000;128;0.5;0;16
376;376;1;150000;128;0.5;0;41
377;377;1;150000;128;0.5;0;13
378;378;1;150000;128;0.5;0;27
379;379;1;150000;128;0.5;0;34
380;380;1;150000;128;0.5;0;89
381;381;1;150000;128;0.5;0;15
382;382;1;150000;128;0.5;0;21
383;383;1;150000;128;0.5;0;25
384;384;1;150000;128;0.5;0;21
385;385;1;150000;128;0.5;0;16
386;386;1;150000;128;0.5;0;17
387;387;1;150000;128;0.5;0;17
388;388;1;150000;128;0.5;0;19
389;389;1;150000;128;0.5;0;77
390;390;1;150000;128;0.5;0;21
391;391;1;150000;128;0.5;0;16
392;392;1;150000;128;0.5;0;22
393;393;1;150000;128;0.5;0;17
394;394;1;150000;128;0.5;0;14
395;395;1;150000;128;0.5;0;16
396;396;1;150000;128;0.5;0;28
397;397;1;150000;128;0.5;0;13
398;398;1;150000;128;0.5;0;117
399;399;1;150000;128;0.5;0;20
400;400;1;150000;128;0.5;0;319
401;401;1;150000;128;0.5;0;12
402;402;1;150000;128;0.5;0;72
403;403;1;150000;128;0.5;0;36
404;404;1;150000;128;0.5;0;36
405;405;1;150000;128;0.5;0;62
406;406;1;150000;128;0.5;0;26
407;407;1;150000;128;0.5;0;44
408;408;1;150000;128;0.5;0;565
409;409;1;150000;128;0.5;0;73
410;410;1;150000;128;0.5;0;22
411;411;1;150000;128;0.5;0;30
412;412;1;150000;128;0.5;0;17
413;413;1;150000;128;0.5;0;20
414;414;1;150000;128;0.5;0;5
415;415;1;150000;128;0.5;0;29
416;416;1;150000;128;0.5;0;27
417;417;1;150000;128;0.5;0;24
418;418;1;150000;128;0.5;0;15
419;419;1;150000;128;0.5;0;16
420;420;1;150000;128;0.5;0;72
421;421;1;150000;128;0.5;0;125
422;422;1;150000;128;0.5;0;21
423;423;1;150000;128;0.5;0;81
424;424;1;150000;128;0.5;0;24
425;425;1;150000;128;0.5;0;17
426;426;1;150000;128;0.5;0;36
427;427;1;150000;128;0.5;0;32
428;428;1;150000;128;0.5;0;539
429;429;1;150000;128;0.5;0;29
430;430;1;150000;128;0.5;0;28
431;431;1;150000;128;0.5;0;66
432;432;1;150000;128;0.5;0;17
433;433;1;150000;128;0.5;0;17
434;434;1;150000;128;0.5;0;15
435;435;1;150000;128;0.5;0;14
436;436;1;150000;128;0.5;0;79
437;437;1;150000;128;0.5;0;24
438;438;1;150000;128;0.5;0;24
439;439;1;150000;128;0.5;0;13
440;440;1;150000;128;0.5;0;36
441;441;1;150000;128;0.5;0;18
442;442;1;150000;128;0.5;0;31
443;443;1;150000;128;0.5;0;16
444;444;1;150000;128;0.5;0;21
445;445;1;150000;128;0.5;0;28
446;446;1;150000;128;0.5;0;28
447;447;1;150000;128;0.5;0;18
448;448;1;150000;128;0.5;0;18
449;449;1;150000;128;0.5;0;35
450;450;1;150000;128;0.5;0;33
451;451;1;150000;128;0.5;0;69
452;452;1;150000;128;0.5;0;37
453;453;1;150000;128;0.5;0;42
454;454;1;150000;128;0.5;0;32
455;455;1;150000;128;0.5;0;20
456;456;1;150000;128;0.5;0;27
457;457;1;150000;128;0.5;0;30
458;458;1;150000;128;0.5;0;37
459;459;1;150000;128;0.5;0;26
460;460;1;150000;128;0.5;0;66
461;461;1;150000;128;0.5;0;87
462;462;1;150000;128;0.5;0;29
463;463;1;150000;128;0.5;0;20
464;464;1;150000;128;0.5;0;80
465;465;1;150000;128;0.5;0;29
466;466;1;150000;128;0.5;0;18
467;467;1;150000;128;0.5;0;64
468;468;1;150000;128;0.5;0;18
469;469;1;150000;128;0.5;0;21
470;470;1;150000;128;0.5;0;61
471;471;1;150000;128;0.5;0;33
472;472;1;150000;128;0.5;0;117
473;473;1;150000;128;0.5;0;76
474;474;1;150000;128;0.5;0;15
475;475;1;150000;128;0.5;0;27
476;476;1;150000;128;0.5;0;24
477;477;1;150000;128;0.5;0;30
478;478;1;150000;128;0.5;0;10
479;479;1;150000;128;0.5;0;18
480;480;1;150000;128;0.5;0;424
481;481;1;150000;128;0.5;0;16
482;482;1;150000;128;0.5;0;19
483;483;1;150000;128;0.5;0;413
484;484;1;150000;128;0.5;0;21
485;485;1;150000;128;0.5;0;16
486;486;1;150000;128;0.5;0;24
487;487;1;150000;128;0.5;0;28
488;488;1;150000;128;0.5;0;95
489;489;1;150000;128;0.5;0;174
490;490;1;150000;128;0.5;0;21
491;491;1;150000;128;0.5;0;14
492;492;1;150000;128;0.5;0;55
493;493;1;150000;128;0.5;0;16
494;494;1;150000;128;0.5;0;17
495;495;1;150000;128;0.5;0;17
496;496;1;150000;128;0.5;0;16
497;497;1;150000;128;0.5;0;25
498;498;1;150000;128;0.5;0;31
499;499;1;150000;128;0.5;0;17
500;500;1;150000;128;0.5;0;26
501;501;1;150000;128;0.5;0;17
502;502;1;150000;128;0.5;0;75
503;503;1;150000;128;0.5;0;82
504;504;1;150000;128;0.5;0;36
505;505;1;150000;128;0.5;0;15
506;506;1;150000;128;0.5;0;18
507;507;1;150000;128;0.5;0;25
508;508;1;150000;128;0.5;0;38
509;509;1;150000;128;0.5;0;30
510;510;1;150000;128;0.5;0;13
511;511;1;150000;128;0.5;0;17
512;512;1;150000;128;0.5;0;134
513;513;1;150000;128;0.5;0;119
514;514;1;150000;128;0.5;0;10
515;515;1;150000;128;0.5;0;16
516;516;1;150000;128;0.5;0;41
517;517;1;150000;128;0.5;0;16
518;518;1;150000;128;0.5;0;24
519;519;1;150000;128;0.5;0;70
520;520;1;150000;128;0.5;0;30
521;521;1;150000;128;0.5;0;210
522;522;1;150000;128;0.5;0;20
523;523;1;150000;128;0.5;0;25
524;524;1;150000;128;0.5;0;30
525;525;1;150000;128;0.5;0;26
526;526;1;150000;128;0.5;0;29
527;527;1;150000;128;0.5;0;37
528;528;1;150000;128;0.5;0;18
529;529;1;150000;128;0.5;0;20
530;530;1;150000;128;0.5;0;16
531;531;1;150000;128;0.5;0;36
532;532;1;150000;128;0.5;0;34
533;533;1;150000;128;0.5;0;18
534;534;1;150000;128;0.5;0;72
535;535;1;150000;128;0.5;0;38
536;536;1;150000;128;0.5;0;15
537;537;1;150000;128;0.5;0;108
538;538;1;150000;128;0.5;0;35
539;539;1;150000;128;0.5;0;588
540;540;1;150000;128;0.5;0;22
541;541;1;150000;128;0.5;0;31
542;542;1;150000;128;0.5;0;16
543;543;1;150000;128;0.5;0;34
544;544;1;150000;128;0.5;0;53
545;545;1;150000;128;0.5;0;23
546;546;1;150000;128;0.5;0;18
547;547;1;150000;128;0.5;0;13
548;548;1;150000;128;0.5;0;20
549;549;1;150000;128;0.5;0;30
550;550;1;150000;128;0.5;0;30
551;551;1;150000;128;0.5;0;75
552;552;1;150000;128;0.5;0;15
553;553;1;150000;128;0.5;0;17
554;554;1;150000;128;0.5;0;19
555;555;1;150000;128;0.5;0;17
556;556;1;150000;128;0.5;0;18
557;557;1;150000;128;0.5;0;15
558;558;1;150000;128;0.5;0;82
559;559;1;150000;128;0.5;0;93
560;560;1;150000;128;0.5;0;18
561;561;1;150000;128;0.5;0;67
562;562;1;150000;128;0.5;0;41
563;563;1;150000;128;0.5;0;78
564;564;1;150000;128;0.5;0;31
565;565;1;150000;128;0.5;0;105
566;566;1;150000;128;0.5;0;36
567;567;1;150000;128;0.5;0;22
568;568;1;150000;128;0.5;0;18
569;569;1;150000;128;0.5;0;24
570;570;1;150000;128;0.5;0;15
571;571;1;150000;128;0.5;0;37
572;572;1;150000;128;0.5;0;20
573;573;1;150000;128;0.5;0;18
574;574;1;150000;128;0.5;0;15
575;575;1;150000;128;0.5;0;56
576;576;1;150000;128;0.5;0;28
577;577;1;150000;128;0.5;0;68
578;578;1;150000;128;0.5;0;16
579;579;1;150000;128;0.5;0;23
580;580;1;150000;128;0.5;0;26
581;581;1;150000;128;0.5;0;104
582;582;1;150000;128;0.5;0;25
583;583;1;150000;128;0.5;0;25
584;584;1;150000;128;0.5;0;17
585;585;1;150000;128;0.5;0;32
586;586;1;150000;128;0.5;0;22
587;587;1;150000;128;0.5;0;26
588;588;1;150000;128;0.5;0;31
589;589;1;150000;128;0.5;0;17
590;590;1;150000;128;0.5;0;330
591;591;1;150000;128;0.5;0;30
592;592;1;150000;128;0.5;0;119
593;593;1;150000;128;0.5;0;30
594;594;1;150000;128;0.5;0;68
595;595;1;150000;128;0.5;0;24
596;596;1;150000;128;0.5;0;20
597;597;1;150000;128;0.5;0;37
598;598;1;150000;128;0.5;0;73
599;599;1;150000;128;0.5;0;16
600;600;1;150000;128;0.5;0;19
601;601;1;150000;128;0.5;0;70
602;602;1;150000;128;0.5;0;34
603;603;1;150000;128;0.5;0;16
604;604;1;150000;128;0.5;0;17
605;605;1;150000;128;0.5;0;28
606;606;1;150000;128;0.5;0;33
607;607;1;150000;128;0.5;0;74
608;608;1;150000;128;0.5;0;14
609;609;1;150000;128;0.5;0;18
610;610;1;150000;128;0.5;0;32
611;611;1;150000;128;0.5;0;26
612;612;1;150000;128;0.5;0;34
613;613;1;150000;128;0.5;0;23
614;614;1;150000;128;0.5;0;39
615;615;1;150000;128;0.5;0;78
616;616;1;150000;128;0.5;0;29
617;617;1;150000;128;0.5;0;35
618;618;1;150000;128;0.5;0;18
619;619;1;150000;128;0.5;0;20
620;620;1;150000;128;0.5;0;15
621;621;1;150000;128;0.5;0;16
622;622;1;150000;128;0.5;0;27
623;623;1;150000;128;0.5;0;16
624;624;1;150000;128;0.5;0;29
625;625;1;150000;128;0.5;0;33
626;626;1;150000;128;0.5;0;15
627;627;1;150000;128;0.5;0;17
628;628;1;150000;128;0.5;0;65
629;629;1;150000;128;0.5;0;19
630;630;1;150000;128;0.5;0;26
631;631;1;150000;128;0.5;0;23
632;632;1;150000;128;0.5;0;15
633;633;1;150000;128;0.5;0;30
634;634;1;150000;128;0.5;0;17
635;635;1;150000;128;0.5;0;36
636;636;1;150000;128;0.5;0;20
637;637;1;150000;128;0.5;0;22
638;638;1;150000;128;0.5;0;25
639;639;1;150000;128;0.5;0;14
640;640;1;150000;128;0.5;0;34
641;641;1;150000;128;0.5;0;18
642;642;1;150000;128;0.5;0;17
643;643;1;150000;128;0.5;0;34
644;644;1;150000;128;0.5;0;16
645;645;1;150000;128;0.5;0;15
646;646;1;150000;128;0.5;0;265
647;647;1;150000;128;0.5;0;122
648;648;1;150000;128;0.5;0;15
649;649;1;150000;128;0.5;0;19
650;650;1;150000;128;0.5;0;15
651;651;1;150000;128;0.5;0;22
652;652;1;150000;128;0.5;0;33
653;653;1;150000;128;0.5;0;15
654;654;1;150000;128;0.5;0;35
655;655;1;150000;128;0.5;0;28
656;656;1;150000;128;0.5;0;38
657;657;1;150000;128;0.5;0;29
658;658;1;150000;128;0.5;0;24
659;659;1;150000;128;0.5;0;61
660;660;1;150000;128;0.5;0;72
661;661;1;150000;128;0.5;0;384
662;662;1;150000;128;0.5;0;27
663;663;1;150000;128;0.5;0;84
664;664;1;150000;128;0.5;0;16
665;665;1;150000;128;0.5;0;14
666;666;1;150000;128;0.5;0;29
667;667;1;150000;128;0.5;0;20
668;668;1;150000;128;0.5;0;19
669;669;1;150000;128;0.5;0;36
670;670;1;150000;128;0.5;0;87
671;671;1;150000;128;0.5;0;18
672;672;1;150000;128;0.5;0;40
673;673;1;150000;128;0.5;0;18
674;674;1;150000;128;0.5;0;31
675;675;1;150000;128;0.5;0;24
676;676;1;150000;128;0.5;0;76
677;677;1;150000;128;0.5;0;31
678;678;1;150000;128;0.5;0;15
679;679;1;150000;128;0.5;0;37
680;680;1;150000;128;0.5;0;28
681;681;1;150000;128;0.5;0;31
682;682;1;150000;128;0.5;0;24
683;683;1;150000;128;0.5;0;17
684;684;1;150000;128;0.5;0;15
685;685;1;150000;128;0.5;0;25
686;686;1;150000;128;0.5;0;38
687;687;1;150000;128;0.5;0;124
688;688;1;150000;128;0.5;0;18
689;689;1;150000;128;0.5;0;18
690;690;1;150000;128;0.5;0;26
691;691;1;150000;128;0.5;0;32
692;692;1;150000;128;0.5;0;21
693;693;1;150000;128;0.5;0;17
694;694;1;150000;128;0.5;0;18
695;695;1;150000;128;0.5;0;16
696;696;1;150000;128;0.5;0;31
697;697;1;150000;128;0.5;0;31
698;698;1;150000;128;0.5;0;33
699;699;1;150000;128;0.5;0;15
700;700;1;150000;128;0.5;0;179
701;701;1;150000;128;0.5;0;23
702;702;1;150000;128;0.5;0;34
703;703;1;150000;128;0.5;0;20
704;704;1;150000;128;0.5;0;28
705;705;1;150000;128;0.5;0;29
706;706;1;150000;128;0.5;0;40
707;707;1;150000;128;0.5;0;26
708;708;1;150000;128;0.5;0;14
709;709;1;150000;128;0.5;0;17
710;710;1;150000;128;0.5;0;19
711;711;1;150000;128;0.5;0;20
712;712;1;150000;128;0.5;0;5
713;713;1;150000;128;0.5;0;58
714;714;1;150000;128;0.5;0;15
715;715;1;150000;128;0.5;0;17
716;716;1;150000;128;0.5;0;20
717;717;1;150000;128;0.5;0;106
718;718;1;150000;128;0.5;0;17
719;719;1;150000;128;0.5;0;19
720;720;1;150000;128;0.5;0;16
721;721;1;150000;128;0.5;0;16
722;722;1;150000;128;0.5;0;29
723;723;1;150000;128;0.5;0;25
724;724;1;150000;128;0.5;0;19
725;725;1;150000;128;0.5;0;39
726;726;1;150000;128;0.5;0;22
727;727;1;150000;128;0.5;0;20
728;728;1;150000;128;0.5;0;30
729;729;1;150000;128;0.5;0;17
730;730;1;150000;128;0.5;0;28
731;731;1;150000;128;0.5;0;27
732;732;1;150000;128;0.5;0;63
733;733;1;150000;128;0.5;0;13
734;734;1;150000;128;0.5;0;28
735;735;1;150000;128;0.5;0;28
736;736;1;150000;128;0.5;0;18
737;737;1;150000;128;0.5;0;15
738;738;1;150000;128;0.5;0;16
739;739;1;150000;128;0.5;0;36
740;740;1;150000;128;0.5;0;21
741;741;1;150000;128;0.5;0;71
742;742;1;150000;128;0.5;0;21
743;743;1;150000;128;0.5;0;334
744;744;1;150000;128;0.5;0;27
745;745;1;150000;128;0.5;0;18
746;746;1;150000;128;0.5;0;23
747;747;1;150000;128;0.5;0;44
748;748;1;150000;128;0.5;0;24
749;749;1;150000;128;0.5;0;21
750;750;1;150000;128;0.5;0;14
751;751;1;150000;128;0.5;0;51
752;752;1;150000;128;0.5;0;69
753;753;1;150000;128;0.5;0;22
754;754;1;150000;128;0.5;0;55
755;755;1;150000;128;0.5;0;20
756;756;1;150000;128;0.5;0;30
757;757;1;150000;128;0.5;0;23
758;758;1;150000;128;0.5;0;14
759;759;1;150000;128;0.5;0;22
760;760;1;150000;128;0.5;0;20
761;761;1;150000;128;0.5;0;17
762;762;1;150000;128;0.5;0;28
763;763;1;150000;128;0.5;0;39
764;764;1;150000;128;0.5;0;21
765;765;1;150000;128;0.5;0;12
766;766;1;150000;128;0.5;0;38
767;767;1;150000;128;0.5;0;40
768;768;1;150000;128;0.5;0;20
769;769;1;150000;128;0.5;0;31
770;770;1;150000;128;0.5;0;113
771;771;1;150000;128;0.5;0;490
772;772;1;150000;128;0.5;0;23
773;773;1;150000;128;0.5;0;26
774;774;1;150000;128;0.5;0;17
775;775;1;150000;128;0.5;0;16
776;776;1;150000;128;0.5;0;65
777;777;1;150000;128;0.5;0;20
778;778;1;150000;128;0.5;0;15
779;779;1;150000;128;0.5;0;18
780;780;1;150000;128;0.5;0;26
781;781;1;150000;128;0.5;0;29
782;782;1;150000;128;0.5;0;67
783;783;1;150000;128;0.5;0;22
784;784;1;150000;128;0.5;0;61
785;785;1;150000;128;0.5;0;76
786;786;1;150000;128;0.5;0;34
787;787;1;150000;128;0.5;0;111
788;788;1;150000;128;0.5;0;69
789;789;1;150000;128;0.5;0;20
790;790;1;150000;128;0.5;0;40
791;791;1;150000;128;0.5;0;19
792;792;1;150000;128;0.5;0;76
793;793;1;150000;128;0.5;0;32
794;794;1;150000;128;0.5;0;37
795;795;1;150000;128;0.5;0;18
796;796;1;150000;128;0.5;0;25
797;797;1;150000;128;0.5;0;26
798;798;1;150000;128;0.5;0;24
799;799;1;150000;128;0.5;0;16
800;800;1;150000;128;0.5;0;83
801;801;1;150000;128;0.5;0;25
802;802;1;150000;128;0.5;0;16
803;803;1;150000;128;0.5;0;29
804;804;1;150000;128;0.5;0;66
805;805;1;150000;128;0.5;0;16
806;806;1;150000;128;0.5;0;14
807;807;1;150000;128;0.5;0;5
808;808;1;150000;128;0.5;0;25
809;809;1;150000;128;0.5;0;15
810;810;1;150000;128;0.5;0;28
811;811;1;150000;128;0.5;0;18
812;812;1;150000;128;0.5;0;14
813;813;1;150000;128;0.5;0;63
814;814;1;150000;128;0.5;0;36
815;815;1;150000;128;0.5;0;24
816;816;1;150000;128;0.5;0;18
817;817;1;150000;128;0.5;0;58
818;818;1;150000;128;0.5;0;70
819;819;1;150000;128;0.5;0;39
820;820;1;150000;128;0.5;0;23
821;821;1;150000;128;0.5;0;16
822;822;1;150000;128;0.5;0;37
823;823;1;150000;128;0.5;0;18
824;824;1;150000;128;0.5;0;82
825;825;1;150000;128;0.5;0;34
826;826;1;150000;128;0.5;0;15
827;827;1;150000;128;0.5;0;13
828;828;1;150000;128;0.5;0;36
829;829;1;150000;128;0.5;0;16
830;830;1;150000;128;0.5;0;76
831;831;1;150000;128;0.5;0;25
832;832;1;150000;128;0.5;0;14
833;833;1;150000;128;0.5;0;481
834;834;1;150000;128;0.5;0;14
835;835;1;150000;128;0.5;0;16
836;836;1;150000;128;0.5;0;18
837;837;1;150000;128;0.5;0;78
838;838;1;150000;128;0.5;0;17
839;839;1;150000;128;0.5;0;13
840;840;1;150000;128;0.5;0;30
841;841;1;150000;128;0.5;0;21
842;842;1;150000;128;0.5;0;65
843;843;1;150000;128;0.5;0;19
844;844;1;150000;128;0.5;0;23
845;845;1;150000;128;0.5;0;26
846;846;1;150000;128;0.5;0;14
847;847;1;150000;128;0.5;0;15
848;848;1;150000;128;0.5;0;18
849;849;1;150000;128;0.5;0;15
850;850;1;150000;128;0.5;0;24
851;851;1;150000;128;0.5;0;14
852;852;1;150000;128;0.5;0;16
853;853;1;150000;128;0.5;0;19
854;854;1;150000;128;0.5;0;66
855;855;1;150000;128;0.5;0;28
856;856;1;150000;128;0.5;0;19
857;857;1;150000;128;0.5;0;71
858;858;1;150000;128;0.5;0;28
859;859;1;150000;128;0.5;0;21
860;860;1;150000;128;0.5;0;25
861;861;1;150000;128;0.5;0;18
862;862;1;150000;128;0.5;0;26
863;863;1;150000;128;0.5;0;221
864;864;1;150000;128;0.5;0;10
865;865;1;150000;128;0.5;0;35
866;866;1;150000;128;0.5;0;17
867;867;1;150000;128;0.5;0;36
868;868;1;150000;128;0.5;0;51
869;869;1;150000;128;0.5;0;19
870;870;1;150000;128;0.5;0;16
871;871;1;150000;128;0.5;0;33
872;872;1;150000;128;0.5;0;20
873;873;1;150000;128;0.5;0;29
874;874;1;150000;128;0.5;0;17
875;875;1;150000;128;0.5;0;36
876;876;1;150000;128;0.5;0;33
877;877;1;150000;128;0.5;0;45
878;878;1;150000;128;0.5;0;23
879;879;1;150000;128;0.5;0;20
880;880;1;150000;128;0.5;0;69
881;881;1;150000;128;0.5;0;20
882;882;1;150000;128;0.5;0;22
883;883;1;150000;128;0.5;0;81
884;884;1;150000;128;0.5;0;16
885;885;1;150000;128;0.5;0;25
886;886;1;150000;128;0.5;0;16
887;887;1;150000;128;0.5;0;41
888;888;1;150000;128;0.5;0;18
889;889;1;150000;128;0.5;0;14
890;890;1;150000;128;0.5;0;17
891;891;1;150000;128;0.5;0;18
892;892;1;150000;128;0.5;0;19
893;893;1;150000;128;0.5;0;36
894;894;1;150000;128;0.5;0;73
895;895;1;150000;128;0.5;0;21
896;896;1;150000;128;0.5;0;10
897;897;1;150000;128;0.5;0;21
898;898;1;150000;128;0.5;0;29
899;899;1;150000;128;0.5;0;32
900;900;1;150000;128;0.5;0;34
901;901;1;150000;128;0.5;0;27
902;902;1;150000;128;0.5;0;19
903;903;1;150000;128;0.5;0;24
904;904;1;150000;128;0.5;0;128
905;905;1;150000;128;0.5;0;27
906;906;1;150000;128;0.5;0;82
907;907;1;150000;128;0.5;0;17
908;908;1;150000;128;0.5;0;109
909;909;1;150000;128;0.5;0;16
910;910;1;150000;128;0.5;0;128
911;911;1;150000;128;0.5;0;28
912;912;1;150000;128;0.5;0;51
913;913;1;150000;128;0.5;0;14
914;914;1;150000;128;0.5;0;14
915;915;1;150000;128;0.5;0;21
916;916;1;150000;128;0.5;0;118
917;917;1;150000;128;0.5;0;34
918;918;1;150000;128;0.5;0;22
919;919;1;150000;128;0.5;0;23
920;920;1;150000;128;0.5;0;15
921;921;1;150000;128;0.5;0;71
922;922;1;150000;128;0.5;0;66
923;923;1;150000;128;0.5;0;621
924;924;1;150000;128;0.5;0;84
925;925;1;150000;128;0.5;0;29
926;926;1;150000;128;0.5;0;102
927;927;1;150000;128;0.5;0;17
928;928;1;150000;128;0.5;0;34
929;929;1;150000;128;0.5;0;33
930;930;1;150000;128;0.5;0;121
931;931;1;150000;128;0.5;0;38
932;932;1;150000;128;0.5;0;69
933;933;1;150000;128;0.5;0;175
934;934;1;150000;128;0.5;0;14
935;935;1;150000;128;0.5;0;16
936;936;1;150000;128;0.5;0;24
937;937;1;150000;128;0.5;0;14
938;938;1;150000;128;0.5;0;184
939;939;1;150000;128;0.5;0;24
940;940;1;150000;128;0.5;0;18
941;941;1;150000;128;0.5;0;18
942;942;1;150000;128;0.5;0;17
943;943;1;150000;128;0.5;0;27
944;944;1;150000;128;0.5;0;18
945;945;1;150000;128;0.5;0;35
946;946;1;150000;128;0.5;0;28
947;947;1;150000;128;0.5;0;38
948;948;1;150000;128;0.5;0;18
949;949;1;150000;128;0.5;0;23
950;950;1;150000;128;0.5;0;28
951;951;1;150000;128;0.5;0;19
952;952;1;150000;128;0.5;0;135
953;953;1;150000;128;0.5;0;35
954;954;1;150000;128;0.5;0;28
955;955;1;150000;128;0.5;0;76
956;956;1;150000;128;0.5;0;80
957;957;1;150000;128;0.5;0;15
958;958;1;150000;128;0.5;0;14
959;959;1;150000;128;0.5;0;22
960;960;1;150000;128;0.5;0;17
961;961;1;150000;128;0.5;0;11
962;962;1;150000;128;0.5;0;17
963;963;1;150000;128;0.5;0;27
964;964;1;150000;128;0.5;0;32
965;965;1;150000;128;0.5;0;37
966;966;1;150000;128;0.5;0;30
967;967;1;150000;128;0.5;0;18
968;968;1;150000;128;0.5;0;17
969;969;1;150000;128;0.5;0;31
970;970;1;150000;128;0.5;0;71
971;971;1;150000;128;0.5;0;5
972;972;1;150000;128;0.5;0;16
973;973;1;150000;128;0.5;0;21
974;974;1;150000;128;0.5;0;16
975;975;1;150000;128;0.5;0;94
976;976;1;150000;128;0.5;0;13
977;977;1;150000;128;0.5;0;25
978;978;1;150000;128;0.5;0;23
979;979;1;150000;128;0.5;0;15
980;980;1;150000;128;0.5;0;12
981;981;1;150000;128;0.5;0;75
982;982;1;150000;128;0.5;0;17
983;983;1;150000;128;0.5;0;19
984;984;1;150000;128;0.5;0;14
985;985;1;150000;128;0.5;0;17
986;986;1;150000;128;0.5;0;17
987;987;1;150000;128;0.5;0;67
988;988;1;150000;128;0.5;0;17
989;989;1;150000;128;0.5;0;74
990;990;1;150000;128;0.5;0;18
991;991;1;150000;128;0.5;0;52
992;992;1;150000;128;0.5;0;28
993;993;1;150000;128;0.5;0;74
994;994;1;150000;128;0.5;0;39
995;995;1;150000;128;0.5;0;31
996;996;1;150000;128;0.5;0;18
997;997;1;150000;128;0.5;0;17
998;998;1;150000;128;0.5;0;17
999;999;1;150000;128;0.5;0;16
1000;1000;1;150000;128;0.5;0;24
