1;1;1;1000;128;0.1;0;5350
2;1;2;1000;128;0.1;0;4992
3;1;3;1000;128;0.1;0;4872
4;1;4;1000;128;0.1;0;4326
5;1;5;1000;128;0.1;0;5436
6;1;6;1000;128;0.1;0;5368
7;1;7;1000;128;0.1;0;4083
8;1;8;1000;128;0.1;0;4584
9;1;9;1000;128;0.1;0;4377
10;1;10;1000;128;0.1;0;5166
11;2;1;1000;128;0.1;0;6144
12;2;2;1000;128;0.1;0;4494
13;2;3;1000;128;0.1;0;4566
14;2;4;1000;128;0.1;0;4458
15;2;5;1000;128;0.1;0;5568
16;2;6;1000;128;0.1;0;4137
17;2;7;1000;128;0.1;0;4362
18;2;8;1000;128;0.1;0;4608
19;2;9;1000;128;0.1;0;5091
20;2;10;1000;128;0.1;0;4158
21;3;1;1000;128;0.1;0;6537
22;3;2;1000;128;0.1;0;5331
23;3;3;1000;128;0.1;0;4830
24;3;4;1000;128;0.1;0;4977
25;3;5;1000;128;0.1;0;6828
26;3;6;1000;128;0.1;0;4874
27;3;7;1000;128;0.1;0;4878
28;3;8;1000;128;0.1;0;4971
29;3;9;1000;128;0.1;0;5598
30;3;10;1000;128;0.1;0;5001
31;4;1;1000;128;0.1;0;5895
32;4;2;1000;128;0.1;0;5064
33;4;3;1000;128;0.1;0;5046
34;4;4;1000;128;0.1;0;4656
35;4;5;1000;128;0.1;0;4641
36;4;6;1000;128;0.1;0;5115
37;4;7;1000;128;0.1;0;4380
38;4;8;1000;128;0.1;0;4449
39;4;9;1000;128;0.1;0;4488
40;4;10;1000;128;0.1;0;5520
41;5;1;1000;128;0.1;0;6153
42;5;2;1000;128;0.1;0;5757
43;5;3;1000;128;0.1;0;4500
44;5;4;1000;128;0.1;0;5274
45;5;5;1000;128;0.1;0;5517
46;5;6;1000;128;0.1;0;5640
47;5;7;1000;128;0.1;0;4962
48;5;8;1000;128;0.1;0;5109
49;5;9;1000;128;0.1;0;5028
50;5;10;1000;128;0.1;0;5943
51;6;1;1000;128;0.1;0;5652
52;6;2;1000;128;0.1;0;6066
53;6;3;1000;128;0.1;0;4398
54;6;4;1000;128;0.1;0;5343
55;6;5;1000;128;0.1;0;5358
56;6;6;1000;128;0.1;0;5973
57;6;7;1000;128;0.1;0;5316
58;6;8;1000;128;0.1;0;4899
59;6;9;1000;128;0.1;0;4977
60;6;10;1000;128;0.1;0;5838
61;7;1;1000;128;0.1;0;6297
62;7;2;1000;128;0.1;0;4449
63;7;3;1000;128;0.1;0;5618
64;7;4;1000;128;0.1;0;5220
65;7;5;1000;128;0.1;0;5532
66;7;6;1000;128;0.1;0;4926
67;7;7;1000;128;0.1;0;6171
68;7;8;1000;128;0.1;0;4938
69;7;9;1000;128;0.1;0;5208
70;7;10;1000;128;0.1;0;4911
71;8;1;1000;128;0.1;0;5877
72;8;2;1000;128;0.1;0;4758
73;8;3;1000;128;0.1;0;6141
74;8;4;1000;128;0.1;0;5355
75;8;5;1000;128;0.1;0;4765
76;8;6;1000;128;0.1;0;4659
77;8;7;1000;128;0.1;0;5598
78;8;8;1000;128;0.1;0;4584
79;8;9;1000;128;0.1;0;4692
80;8;10;1000;128;0.1;0;4188
81;9;1;1000;128;0.1;0;5937
82;9;2;1000;128;0.1;0;4989
83;9;3;1000;128;0.1;0;5166
84;9;4;1000;128;0.1;0;5037
85;9;5;1000;128;0.1;0;5275
86;9;6;1000;128;0.1;0;5529
87;9;7;1000;128;0.1;0;6270
88;9;8;1000;128;0.1;0;5040
89;9;9;1000;128;0.1;0;5211
90;9;10;1000;128;0.1;0;4910
91;10;1;1000;128;0.1;0;6405
92;10;2;1000;128;0.1;0;5670
93;10;3;1000;128;0.1;0;5055
94;10;4;1000;128;0.1;0;4902
95;10;5;1000;128;0.1;0;5256
96;10;6;1000;128;0.1;0;6336
97;10;7;1000;128;0.1;0;5064
98;10;8;1000;128;0.1;0;5637
99;10;9;1000;128;0.1;0;5100
100;10;10;1000;128;0.1;0;6069
101;11;1;1000;128;0.1;0;6288
102;11;2;1000;128;0.1;0;5259
103;11;3;1000;128;0.1;0;5547
104;11;4;1000;128;0.1;0;6141
105;11;5;1000;128;0.1;0;5163
106;11;6;1000;128;0.1;0;5412
107;11;7;1000;128;0.1;0;4986
108;11;8;1000;128;0.1;0;6348
109;11;9;1000;128;0.1;0;5031
110;11;10;1000;128;0.1;0;5072
111;12;1;1000;128;0.1;0;5532
112;12;2;1000;128;0.1;0;5226
113;12;3;1000;128;0.1;0;4533
114;12;4;1000;128;0.1;0;6171
115;12;5;1000;128;0.1;0;5662
116;12;6;1000;128;0.1;0;4977
117;12;7;1000;128;0.1;0;4941
118;12;8;1000;128;0.1;0;6447
119;12;9;1000;128;0.1;0;5028
120;12;10;1000;128;0.1;0;5367
121;13;1;1000;128;0.1;0;6997
122;13;2;1000;128;0.1;0;5109
123;13;3;1000;128;0.1;0;4590
124;13;4;1000;128;0.1;0;4545
125;13;5;1000;128;0.1;0;6022
126;13;6;1000;128;0.1;0;4128
127;13;7;1000;128;0.1;0;4242
128;13;8;1000;128;0.1;0;4572
129;13;9;1000;128;0.1;0;5148
130;13;10;1000;128;0.1;0;4200
131;14;1;1000;128;0.1;0;6750
132;14;2;1000;128;0.1;0;5295
133;14;3;1000;128;0.1;0;4770
134;14;4;1000;128;0.1;0;4389
135;14;5;1000;128;0.1;0;5700
136;14;6;1000;128;0.1;0;4152
137;14;7;1000;128;0.1;0;4146
138;14;8;1000;128;0.1;0;4176
139;14;9;1000;128;0.1;0;4722
140;14;10;1000;128;0.1;0;4180
141;15;1;1000;128;0.1;0;5514
142;15;2;1000;128;0.1;0;5049
143;15;3;1000;128;0.1;0;4740
144;15;4;1000;128;0.1;0;5109
145;15;5;1000;128;0.1;0;5631
146;15;6;1000;128;0.1;0;4920
147;15;7;1000;128;0.1;0;4917
148;15;8;1000;128;0.1;0;6084
149;15;9;1000;128;0.1;0;5127
150;15;10;1000;128;0.1;0;5182
151;16;1;1000;128;0.1;0;5316
152;16;2;1000;128;0.1;0;4383
153;16;3;1000;128;0.1;0;4854
154;16;4;1000;128;0.1;0;5448
155;16;5;1000;128;0.1;0;4761
156;16;6;1000;128;0.1;0;4136
157;16;7;1000;128;0.1;0;4077
158;16;8;1000;128;0.1;0;5016
159;16;9;1000;128;0.1;0;4290
160;16;10;1000;128;0.1;0;4779
161;17;1;1000;128;0.1;0;6099
162;17;2;1000;128;0.1;0;4938
163;17;3;1000;128;0.1;0;5044
164;17;4;1000;128;0.1;0;4179
165;17;5;1000;128;0.1;0;5043
166;17;6;1000;128;0.1;0;5976
167;17;7;1000;128;0.1;0;4947
168;17;8;1000;128;0.1;0;5280
169;17;9;1000;128;0.1;0;5022
170;17;10;1000;128;0.1;0;5733
171;18;1;1000;128;0.1;0;5262
172;18;2;1000;128;0.1;0;4698
173;18;3;1000;128;0.1;0;5763
174;18;4;1000;128;0.1;0;4788
175;18;5;1000;128;0.1;0;4692
176;18;6;1000;128;0.1;0;4209
177;18;7;1000;128;0.1;0;4977
178;18;8;1000;128;0.1;0;4338
179;18;9;1000;128;0.1;0;4254
180;18;10;1000;128;0.1;0;4398
181;19;1;1000;128;0.1;0;6702
182;19;2;1000;128;0.1;0;4554
183;19;3;1000;128;0.1;0;4506
184;19;4;1000;128;0.1;0;4650
185;19;5;1000;128;0.1;0;5610
186;19;6;1000;128;0.1;0;4056
187;19;7;1000;128;0.1;0;4164
188;19;8;1000;128;0.1;0;4758
189;19;9;1000;128;0.1;0;4773
190;19;10;1000;128;0.1;0;4214
191;20;1;1000;128;0.1;0;5109
192;20;2;1000;128;0.1;0;4500
193;20;3;1000;128;0.1;0;5457
194;20;4;1000;128;0.1;0;5115
195;20;5;1000;128;0.1;0;4575
196;20;6;1000;128;0.1;0;4938
197;20;7;1000;128;0.1;0;4065
198;20;8;1000;128;0.1;0;5316
199;20;9;1000;128;0.1;0;4311
200;20;10;1000;128;0.1;0;4086
201;21;1;1000;128;0.1;0;5685
202;21;2;1000;128;0.1;0;4257
203;21;3;1000;128;0.1;0;6096
204;21;4;1000;128;0.1;0;5007
205;21;5;1000;128;0.1;0;5334
206;21;6;1000;128;0.1;0;5751
207;21;7;1000;128;0.1;0;5774
208;21;8;1000;128;0.1;0;5043
209;21;9;1000;128;0.1;0;5010
210;21;10;1000;128;0.1;0;4881
211;22;1;1000;128;0.1;0;5145
212;22;2;1000;128;0.1;0;5457
213;22;3;1000;128;0.1;0;5196
214;22;4;1000;128;0.1;0;5918
215;22;5;1000;128;0.1;0;5562
216;22;6;1000;128;0.1;0;5079
217;22;7;1000;128;0.1;0;5433
218;22;8;1000;128;0.1;0;6129
219;22;9;1000;128;0.1;0;4959
220;22;10;1000;128;0.1;0;4956
221;23;1;1000;128;0.1;0;5454
222;23;2;1000;128;0.1;0;5181
223;23;3;1000;128;0.1;0;4287
224;23;4;1000;128;0.1;0;5241
225;23;5;1000;128;0.1;0;5397
226;23;6;1000;128;0.1;0;5982
227;23;7;1000;128;0.1;0;5070
228;23;8;1000;128;0.1;0;4830
229;23;9;1000;128;0.1;0;5181
230;23;10;1000;128;0.1;0;5700
231;24;1;1000;128;0.1;0;5850
232;24;2;1000;128;0.1;0;4682
233;24;3;1000;128;0.1;0;6042
234;24;4;1000;128;0.1;0;6240
235;24;5;1000;128;0.1;0;5035
236;24;6;1000;128;0.1;0;4902
237;24;7;1000;128;0.1;0;4164
238;24;8;1000;128;0.1;0;5268
239;24;9;1000;128;0.1;0;4530
240;24;10;1000;128;0.1;0;4512
241;25;1;1000;128;0.1;0;4827
242;25;2;1000;128;0.1;0;5511
243;25;3;1000;128;0.1;0;4684
244;25;4;1000;128;0.1;0;4935
245;25;5;1000;128;0.1;0;4620
246;25;6;1000;128;0.1;0;4104
247;25;7;1000;128;0.1;0;4461
248;25;8;1000;128;0.1;0;5224
249;25;9;1000;128;0.1;0;4383
250;25;10;1000;128;0.1;0;4620
251;26;1;1000;128;0.1;0;6072
252;26;2;1000;128;0.1;0;4908
253;26;3;1000;128;0.1;0;4494
254;26;4;1000;128;0.1;0;5199
255;26;5;1000;128;0.1;0;6444
256;26;6;1000;128;0.1;0;5148
257;26;7;1000;128;0.1;0;4983
258;26;8;1000;128;0.1;0;5523
259;26;9;1000;128;0.1;0;6049
260;26;10;1000;128;0.1;0;5391
261;27;1;1000;128;0.1;0;5664
262;27;2;1000;128;0.1;0;5643
263;27;3;1000;128;0.1;0;5676
264;27;4;1000;128;0.1;0;4977
265;27;5;1000;128;0.1;0;5856
266;27;6;1000;128;0.1;0;4956
267;27;7;1000;128;0.1;0;6270
268;27;8;1000;128;0.1;0;5235
269;27;9;1000;128;0.1;0;4972
270;27;10;1000;128;0.1;0;5193
271;28;1;1000;128;0.1;0;4968
272;28;2;1000;128;0.1;0;5304
273;28;3;1000;128;0.1;0;4308
274;28;4;1000;128;0.1;0;5526
275;28;5;1000;128;0.1;0;5445
276;28;6;1000;128;0.1;0;4938
277;28;7;1000;128;0.1;0;5178
278;28;8;1000;128;0.1;0;6192
279;28;9;1000;128;0.1;0;5121
280;28;10;1000;128;0.1;0;4950
281;29;1;1000;128;0.1;0;6696
282;29;2;1000;128;0.1;0;5046
283;29;3;1000;128;0.1;0;5484
284;29;4;1000;128;0.1;0;4293
285;29;5;1000;128;0.1;0;5466
286;29;6;1000;128;0.1;0;5550
287;29;7;1000;128;0.1;0;6165
288;29;8;1000;128;0.1;0;5163
289;29;9;1000;128;0.1;0;4924
290;29;10;1000;128;0.1;0;5028
291;30;1;1000;128;0.1;0;5608
292;30;2;1000;128;0.1;0;5439
293;30;3;1000;128;0.1;0;4530
294;30;4;1000;128;0.1;0;5145
295;30;5;1000;128;0.1;0;5320
296;30;6;1000;128;0.1;0;6099
297;30;7;1000;128;0.1;0;5016
298;30;8;1000;128;0.1;0;4944
299;30;9;1000;128;0.1;0;5157
300;30;10;1000;128;0.1;0;5796
301;31;1;1000;128;0.1;0;5973
302;31;2;1000;128;0.1;0;4620
303;31;3;1000;128;0.1;0;5343
304;31;4;1000;128;0.1;0;4464
305;31;5;1000;128;0.1;0;4854
306;31;6;1000;128;0.1;0;4146
307;31;7;1000;128;0.1;0;4854
308;31;8;1000;128;0.1;0;4773
309;31;9;1000;128;0.1;0;4234
310;31;10;1000;128;0.1;0;4509
311;32;1;1000;128;0.1;0;5988
312;32;2;1000;128;0.1;0;5199
313;32;3;1000;128;0.1;0;4578
314;32;4;1000;128;0.1;0;5184
315;32;5;1000;128;0.1;0;5727
316;32;6;1000;128;0.1;0;6381
317;32;7;1000;128;0.1;0;5019
318;32;8;1000;128;0.1;0;5358
319;32;9;1000;128;0.1;0;4950
320;32;10;1000;128;0.1;0;5910
321;33;1;1000;128;0.1;0;5955
322;33;2;1000;128;0.1;0;4614
323;33;3;1000;128;0.1;0;5487
324;33;4;1000;128;0.1;0;5184
325;33;5;1000;128;0.1;0;6141
326;33;6;1000;128;0.1;0;5118
327;33;7;1000;128;0.1;0;5625
328;33;8;1000;128;0.1;0;5172
329;33;9;1000;128;0.1;0;5034
330;33;10;1000;128;0.1;0;5109
331;34;1;1000;128;0.1;0;5982
332;34;2;1000;128;0.1;0;5217
333;34;3;1000;128;0.1;0;9300
334;34;4;1000;128;0.1;0;4698
335;34;5;1000;128;0.1;0;4971
336;34;6;1000;128;0.1;0;4932
337;34;7;1000;128;0.1;0;5232
338;34;8;1000;128;0.1;0;4593
339;34;9;1000;128;0.1;0;4794
340;34;10;1000;128;0.1;0;4533
341;35;1;1000;128;0.1;0;5478
342;35;2;1000;128;0.1;0;5646
343;35;3;1000;128;0.1;0;5391
344;35;4;1000;128;0.1;0;4461
345;35;5;1000;128;0.1;0;5475
346;35;6;1000;128;0.1;0;4845
347;35;7;1000;128;0.1;0;6202
348;35;8;1000;128;0.1;0;5055
349;35;9;1000;128;0.1;0;5064
350;35;10;1000;128;0.1;0;5103
351;36;1;1000;128;0.1;0;5601
352;36;2;1000;128;0.1;0;5628
353;36;3;1000;128;0.1;0;6765
354;36;4;1000;128;0.1;0;5130
355;36;5;1000;128;0.1;0;4581
356;36;6;1000;128;0.1;0;4767
357;36;7;1000;128;0.1;0;5016
358;36;8;1000;128;0.1;0;4263
359;36;9;1000;128;0.1;0;4290
360;36;10;1000;128;0.1;0;4356
361;37;1;1000;128;0.1;0;5712
362;37;2;1000;128;0.1;0;5019
363;37;3;1000;128;0.1;0;5382
364;37;4;1000;128;0.1;0;4656
365;37;5;1000;128;0.1;0;4250
366;37;6;1000;128;0.1;0;4641
367;37;7;1000;128;0.1;0;5343
368;37;8;1000;128;0.1;0;4422
369;37;9;1000;128;0.1;0;4161
370;37;10;1000;128;0.1;0;4077
371;38;1;1000;128;0.1;0;5745
372;38;2;1000;128;0.1;0;5716
373;38;3;1000;128;0.1;0;5112
374;38;4;1000;128;0.1;0;4926
375;38;5;1000;128;0.1;0;5061
376;38;6;1000;128;0.1;0;4677
377;38;7;1000;128;0.1;0;4377
378;38;8;1000;128;0.1;0;4192
379;38;9;1000;128;0.1;0;4407
380;38;10;1000;128;0.1;0;4920
381;39;1;1000;128;0.1;0;5229
382;39;2;1000;128;0.1;0;5883
383;39;3;1000;128;0.1;0;5142
384;39;4;1000;128;0.1;0;6603
385;39;5;1000;128;0.1;0;5928
386;39;6;1000;128;0.1;0;5186
387;39;7;1000;128;0.1;0;5367
388;39;8;1000;128;0.1;0;6027
389;39;9;1000;128;0.1;0;5140
390;39;10;1000;128;0.1;0;5244
391;40;1;1000;128;0.1;0;5607
392;40;2;1000;128;0.1;0;6180
393;40;3;1000;128;0.1;0;4824
394;40;4;1000;128;0.1;0;4392
395;40;5;1000;128;0.1;0;5202
396;40;6;1000;128;0.1;0;6249
397;40;7;1000;128;0.1;0;4962
398;40;8;1000;128;0.1;0;5451
399;40;9;1000;128;0.1;0;5148
400;40;10;1000;128;0.1;0;5523
401;41;1;1000;128;0.1;0;7134
402;41;2;1000;128;0.1;0;4461
403;41;3;1000;128;0.1;0;4545
404;41;4;1000;128;0.1;0;5122
405;41;5;1000;128;0.1;0;6288
406;41;6;1000;128;0.1;0;5391
407;41;7;1000;128;0.1;0;4980
408;41;8;1000;128;0.1;0;5110
409;41;9;1000;128;0.1;0;5973
410;41;10;1000;128;0.1;0;5290
411;42;1;1000;128;0.1;0;6429
412;42;2;1000;128;0.1;0;5529
413;42;3;1000;128;0.1;0;4680
414;42;4;1000;128;0.1;0;4725
415;42;5;1000;128;0.1;0;4749
416;42;6;1000;128;0.1;0;5120
417;42;7;1000;128;0.1;0;4083
418;42;8;1000;128;0.1;0;4365
419;42;9;1000;128;0.1;0;4521
420;42;10;1000;128;0.1;0;4884
421;43;1;1000;128;0.1;0;5802
422;43;2;1000;128;0.1;0;5547
423;43;3;1000;128;0.1;0;5314
424;43;4;1000;128;0.1;0;4440
425;43;5;1000;128;0.1;0;5403
426;43;6;1000;128;0.1;0;4863
427;43;7;1000;128;0.1;0;5946
428;43;8;1000;128;0.1;0;5445
429;43;9;1000;128;0.1;0;4974
430;43;10;1000;128;0.1;0;5217
431;44;1;1000;128;0.1;0;5955
432;44;2;1000;128;0.1;0;4683
433;44;3;1000;128;0.1;0;4581
434;44;4;1000;128;0.1;0;4578
435;44;5;1000;128;0.1;0;5145
436;44;6;1000;128;0.1;0;4086
437;44;7;1000;128;0.1;0;4449
438;44;8;1000;128;0.1;0;4071
439;44;9;1000;128;0.1;0;4962
440;44;10;1000;128;0.1;0;4290
441;45;1;1000;128;0.1;0;6018
442;45;2;1000;128;0.1;0;5178
443;45;3;1000;128;0.1;0;4746
444;45;4;1000;128;0.1;0;4353
445;45;5;1000;128;0.1;0;6099
446;45;6;1000;128;0.1;0;4941
447;45;7;1000;128;0.1;0;4917
448;45;8;1000;128;0.1;0;5271
449;45;9;1000;128;0.1;0;5805
450;45;10;1000;128;0.1;0;5280
451;46;1;1000;128;0.1;0;6501
452;46;2;1000;128;0.1;0;5073
453;46;3;1000;128;0.1;0;4854
454;46;4;1000;128;0.1;0;4292
455;46;5;1000;128;0.1;0;5967
456;46;6;1000;128;0.1;0;5499
457;46;7;1000;128;0.1;0;4875
458;46;8;1000;128;0.1;0;5217
459;46;9;1000;128;0.1;0;5994
460;46;10;1000;128;0.1;0;5205
461;47;1;1000;128;0.1;0;6012
462;47;2;1000;128;0.1;0;4926
463;47;3;1000;128;0.1;0;5259
464;47;4;1000;128;0.1;0;6498
465;47;5;1000;128;0.1;0;4713
466;47;6;1000;128;0.1;0;5133
467;47;7;1000;128;0.1;0;4358
468;47;8;1000;128;0.1;0;5094
469;47;9;1000;128;0.1;0;4518
470;47;10;1000;128;0.1;0;4452
471;48;1;1000;128;0.1;0;4998
472;48;2;1000;128;0.1;0;5067
473;48;3;1000;128;0.1;0;6072
474;48;4;1000;128;0.1;0;4992
475;48;5;1000;128;0.1;0;5553
476;48;6;1000;128;0.1;0;4988
477;48;7;1000;128;0.1;0;5904
478;48;8;1000;128;0.1;0;5106
479;48;9;1000;128;0.1;0;5070
480;48;10;1000;128;0.1;0;5199
481;49;1;1000;128;0.1;0;5583
482;49;2;1000;128;0.1;0;5394
483;49;3;1000;128;0.1;0;5115
484;49;4;1000;128;0.1;0;5622
485;49;5;1000;128;0.1;0;4914
486;49;6;1000;128;0.1;0;4686
487;49;7;1000;128;0.1;0;4587
488;49;8;1000;128;0.1;0;5391
489;49;9;1000;128;0.1;0;4185
490;49;10;1000;128;0.1;0;4176
491;50;1;1000;128;0.1;0;5904
492;50;2;1000;128;0.1;0;5115
493;50;3;1000;128;0.1;0;4754
494;50;4;1000;128;0.1;0;5193
495;50;5;1000;128;0.1;0;4950
496;50;6;1000;128;0.1;0;5133
497;50;7;1000;128;0.1;0;4915
498;50;8;1000;128;0.1;0;5406
499;50;9;1000;128;0.1;0;4512
500;50;10;1000;128;0.1;0;4653
501;51;1;1000;128;0.1;0;5451
502;51;2;1000;128;0.1;0;5943
503;51;3;1000;128;0.1;0;4602
504;51;4;1000;128;0.1;0;4260
505;51;5;1000;128;0.1;0;5391
506;51;6;1000;128;0.1;0;5638
507;51;7;1000;128;0.1;0;4881
508;51;8;1000;128;0.1;0;5421
509;51;9;1000;128;0.1;0;5037
510;51;10;1000;128;0.1;0;5760
511;52;1;1000;128;0.1;0;6174
512;52;2;1000;128;0.1;0;5391
513;52;3;1000;128;0.1;0;9058
514;52;4;1000;128;0.1;0;4857
515;52;5;1000;128;0.1;0;5502
516;52;6;1000;128;0.1;0;4518
517;52;7;1000;128;0.1;0;4539
518;52;8;1000;128;0.1;0;4222
519;52;9;1000;128;0.1;0;5265
520;52;10;1000;128;0.1;0;4374
521;53;1;1000;128;0.1;0;5598
522;53;2;1000;128;0.1;0;6360
523;53;3;1000;128;0.1;0;4575
524;53;4;1000;128;0.1;0;4353
525;53;5;1000;128;0.1;0;5028
526;53;6;1000;128;0.1;0;4953
527;53;7;1000;128;0.1;0;4047
528;53;8;1000;128;0.1;0;4242
529;53;9;1000;128;0.1;0;4179
530;53;10;1000;128;0.1;0;4959
531;54;1;1000;128;0.1;0;5030
532;54;2;1000;128;0.1;0;5820
533;54;3;1000;128;0.1;0;6033
534;54;4;1000;128;0.1;0;5151
535;54;5;1000;128;0.1;0;5022
536;54;6;1000;128;0.1;0;5440
537;54;7;1000;128;0.1;0;5916
538;54;8;1000;128;0.1;0;5385
539;54;9;1000;128;0.1;0;5256
540;54;10;1000;128;0.1;0;5016
541;55;1;1000;128;0.1;0;5397
542;55;2;1000;128;0.1;0;4692
543;55;3;1000;128;0.1;0;5031
544;55;4;1000;128;0.1;0;4323
545;55;5;1000;128;0.1;0;5580
546;55;6;1000;128;0.1;0;4998
547;55;7;1000;128;0.1;0;5776
548;55;8;1000;128;0.1;0;5148
549;55;9;1000;128;0.1;0;5134
550;55;10;1000;128;0.1;0;5202
551;56;1;1000;128;0.1;0;5589
552;56;2;1000;128;0.1;0;4344
553;56;3;1000;128;0.1;0;4899
554;56;4;1000;128;0.1;0;6030
555;56;5;1000;128;0.1;0;5529
556;56;6;1000;128;0.1;0;4905
557;56;7;1000;128;0.1;0;4939
558;56;8;1000;128;0.1;0;6084
559;56;9;1000;128;0.1;0;5139
560;56;10;1000;128;0.1;0;5008
561;57;1;1000;128;0.1;0;6357
562;57;2;1000;128;0.1;0;5001
563;57;3;1000;128;0.1;0;4869
564;57;4;1000;128;0.1;0;4992
565;57;5;1000;128;0.1;0;4704
566;57;6;1000;128;0.1;0;4614
567;57;7;1000;128;0.1;0;4560
568;57;8;1000;128;0.1;0;4920
569;57;9;1000;128;0.1;0;4557
570;57;10;1000;128;0.1;0;4221
571;58;1;1000;128;0.1;0;6006
572;58;2;1000;128;0.1;0;5304
573;58;3;1000;128;0.1;0;4365
574;58;4;1000;128;0.1;0;4452
575;58;5;1000;128;0.1;0;4734
576;58;6;1000;128;0.1;0;5409
577;58;7;1000;128;0.1;0;4287
578;58;8;1000;128;0.1;0;4188
579;58;9;1000;128;0.1;0;4785
580;58;10;1000;128;0.1;0;4706
581;59;1;1000;128;0.1;0;5703
582;59;2;1000;128;0.1;0;5031
583;59;3;1000;128;0.1;0;5277
584;59;4;1000;128;0.1;0;4239
585;59;5;1000;128;0.1;0;4500
586;59;6;1000;128;0.1;0;4812
587;59;7;1000;128;0.1;0;5340
588;59;8;1000;128;0.1;0;4278
589;59;9;1000;128;0.1;0;4410
590;59;10;1000;128;0.1;0;4158
591;60;1;1000;128;0.1;0;6123
592;60;2;1000;128;0.1;0;5478
593;60;3;1000;128;0.1;0;5073
594;60;4;1000;128;0.1;0;4362
595;60;5;1000;128;0.1;0;5016
596;60;6;1000;128;0.1;0;4602
597;60;7;1000;128;0.1;0;4326
598;60;8;1000;128;0.1;0;4683
599;60;9;1000;128;0.1;0;4906
600;60;10;1000;128;0.1;0;4191
601;61;1;1000;128;0.1;0;6075
602;61;2;1000;128;0.1;0;4738
603;61;3;1000;128;0.1;0;5190
604;61;4;1000;128;0.1;0;4569
605;61;5;1000;128;0.1;0;4893
606;61;6;1000;128;0.1;0;4550
607;61;7;1000;128;0.1;0;4995
608;61;8;1000;128;0.1;0;4296
609;61;9;1000;128;0.1;0;4263
610;61;10;1000;128;0.1;0;4239
611;62;1;1000;128;0.1;0;5886
612;62;2;1000;128;0.1;0;4890
613;62;3;1000;128;0.1;0;4395
614;62;4;1000;128;0.1;0;4317
615;62;5;1000;128;0.1;0;6705
616;62;6;1000;128;0.1;0;5277
617;62;7;1000;128;0.1;0;5082
618;62;8;1000;128;0.1;0;5391
619;62;9;1000;128;0.1;0;5820
620;62;10;1000;128;0.1;0;5244
621;63;1;1000;128;0.1;0;6236
622;63;2;1000;128;0.1;0;5211
623;63;3;1000;128;0.1;0;6363
624;63;4;1000;128;0.1;0;6688
625;63;5;1000;128;0.1;0;5121
626;63;6;1000;128;0.1;0;5418
627;63;7;1000;128;0.1;0;4947
628;63;8;1000;128;0.1;0;5928
629;63;9;1000;128;0.1;0;4980
630;63;10;1000;128;0.1;0;4962
631;64;1;1000;128;0.1;0;6408
632;64;2;1000;128;0.1;0;5322
633;64;3;1000;128;0.1;0;5437
634;64;4;1000;128;0.1;0;4500
635;64;5;1000;128;0.1;0;5235
636;64;6;1000;128;0.1;0;4726
637;64;7;1000;128;0.1;0;4380
638;64;8;1000;128;0.1;0;4035
639;64;9;1000;128;0.1;0;5712
640;64;10;1000;128;0.1;0;3693
641;65;1;1000;128;0.1;0;5889
642;65;2;1000;128;0.1;0;6597
643;65;3;1000;128;0.1;0;4911
644;65;4;1000;128;0.1;0;4509
645;65;5;1000;128;0.1;0;4803
646;65;6;1000;128;0.1;0;5064
647;65;7;1000;128;0.1;0;4134
648;65;8;1000;128;0.1;0;4149
649;65;9;1000;128;0.1;0;4200
650;65;10;1000;128;0.1;0;4962
651;66;1;1000;128;0.1;0;6435
652;66;2;1000;128;0.1;0;5064
653;66;3;1000;128;0.1;0;5985
654;66;4;1000;128;0.1;0;4278
655;66;5;1000;128;0.1;0;4953
656;66;6;1000;128;0.1;0;4242
657;66;7;1000;128;0.1;0;4950
658;66;8;1000;128;0.1;0;4380
659;66;9;1000;128;0.1;0;4164
660;66;10;1000;128;0.1;0;4200
661;67;1;1000;128;0.1;0;4542
662;67;2;1000;128;0.1;0;5352
663;67;3;1000;128;0.1;0;4712
664;67;4;1000;128;0.1;0;4452
665;67;5;1000;128;0.1;0;4980
666;67;6;1000;128;0.1;0;4978
667;67;7;1000;128;0.1;0;4320
668;67;8;1000;128;0.1;0;4305
669;67;9;1000;128;0.1;0;4266
670;67;10;1000;128;0.1;0;4575
671;68;1;1000;128;0.1;0;5286
672;68;2;1000;128;0.1;0;5133
673;68;3;1000;128;0.1;0;5925
674;68;4;1000;128;0.1;0;5091
675;68;5;1000;128;0.1;0;5244
676;68;6;1000;128;0.1;0;5343
677;68;7;1000;128;0.1;0;6258
678;68;8;1000;128;0.1;0;5139
679;68;9;1000;128;0.1;0;5030
680;68;10;1000;128;0.1;0;5037
681;69;1;1000;128;0.1;0;6654
682;69;2;1000;128;0.1;0;6096
683;69;3;1000;128;0.1;0;5064
684;69;4;1000;128;0.1;0;4398
685;69;5;1000;128;0.1;0;4500
686;69;6;1000;128;0.1;0;5703
687;69;7;1000;128;0.1;0;4119
688;69;8;1000;128;0.1;0;4044
689;69;9;1000;128;0.1;0;4503
690;69;10;1000;128;0.1;0;5202
691;70;1;1000;128;0.1;0;6504
692;70;2;1000;128;0.1;0;4844
693;70;3;1000;128;0.1;0;6471
694;70;4;1000;128;0.1;0;4596
695;70;5;1000;128;0.1;0;5193
696;70;6;1000;128;0.1;0;5619
697;70;7;1000;128;0.1;0;6164
698;70;8;1000;128;0.1;0;4929
699;70;9;1000;128;0.1;0;5367
700;70;10;1000;128;0.1;0;4896
701;71;1;1000;128;0.1;0;4731
702;71;2;1000;128;0.1;0;5382
703;71;3;1000;128;0.1;0;4851
704;71;4;1000;128;0.1;0;10119
705;71;5;1000;128;0.1;0;5616
706;71;6;1000;128;0.1;0;4944
707;71;7;1000;128;0.1;0;5265
708;71;8;1000;128;0.1;0;5823
709;71;9;1000;128;0.1;0;5100
710;71;10;1000;128;0.1;0;5289
711;72;1;1000;128;0.1;0;5556
712;72;2;1000;128;0.1;0;5412
713;72;3;1000;128;0.1;0;5490
714;72;4;1000;128;0.1;0;4956
715;72;5;1000;128;0.1;0;5631
716;72;6;1000;128;0.1;0;5598
717;72;7;1000;128;0.1;0;5060
718;72;8;1000;128;0.1;0;4968
719;72;9;1000;128;0.1;0;5064
720;72;10;1000;128;0.1;0;5601
721;73;1;1000;128;0.1;0;5589
722;73;2;1000;128;0.1;0;4983
723;73;3;1000;128;0.1;0;5316
724;73;4;1000;128;0.1;0;5094
725;73;5;1000;128;0.1;0;5434
726;73;6;1000;128;0.1;0;4986
727;73;7;1000;128;0.1;0;6093
728;73;8;1000;128;0.1;0;4860
729;73;9;1000;128;0.1;0;5031
730;73;10;1000;128;0.1;0;5316
731;74;1;1000;128;0.1;0;6342
732;74;2;1000;128;0.1;0;5508
733;74;3;1000;128;0.1;0;7738
734;74;4;1000;128;0.1;0;4977
735;74;5;1000;128;0.1;0;4536
736;74;6;1000;128;0.1;0;4650
737;74;7;1000;128;0.1;0;5634
738;74;8;1000;128;0.1;0;4299
739;74;9;1000;128;0.1;0;4461
740;74;10;1000;128;0.1;0;4686
741;75;1;1000;128;0.1;0;6204
742;75;2;1000;128;0.1;0;5547
743;75;3;1000;128;0.1;0;4359
744;75;4;1000;128;0.1;0;5235
745;75;5;1000;128;0.1;0;5406
746;75;6;1000;128;0.1;0;6042
747;75;7;1000;128;0.1;0;5214
748;75;8;1000;128;0.1;0;5006
749;75;9;1000;128;0.1;0;5085
750;75;10;1000;128;0.1;0;5994
751;76;1;1000;128;0.1;0;5079
752;76;2;1000;128;0.1;0;5646
753;76;3;1000;128;0.1;0;5706
754;76;4;1000;128;0.1;0;4155
755;76;5;1000;128;0.1;0;5655
756;76;6;1000;128;0.1;0;4940
757;76;7;1000;128;0.1;0;6246
758;76;8;1000;128;0.1;0;5250
759;76;9;1000;128;0.1;0;5025
760;76;10;1000;128;0.1;0;5220
761;77;1;1000;128;0.1;0;4722
762;77;2;1000;128;0.1;0;6366
763;77;3;1000;128;0.1;0;4538
764;77;4;1000;128;0.1;0;5178
765;77;5;1000;128;0.1;0;5514
766;77;6;1000;128;0.1;0;5535
767;77;7;1000;128;0.1;0;5130
768;77;8;1000;128;0.1;0;4887
769;77;9;1000;128;0.1;0;4902
770;77;10;1000;128;0.1;0;5691
771;78;1;1000;128;0.1;0;6189
772;78;2;1000;128;0.1;0;7086
773;78;3;1000;128;0.1;0;6003
774;78;4;1000;128;0.1;0;4380
775;78;5;1000;128;0.1;0;5124
776;78;6;1000;128;0.1;0;5289
777;78;7;1000;128;0.1;0;4074
778;78;8;1000;128;0.1;0;4470
779;78;9;1000;128;0.1;0;4269
780;78;10;1000;128;0.1;0;5022
781;79;1;1000;128;0.1;0;5643
782;79;2;1000;128;0.1;0;5763
783;79;3;1000;128;0.1;0;6912
784;79;4;1000;128;0.1;0;4998
785;79;5;1000;128;0.1;0;5157
786;79;6;1000;128;0.1;0;5325
787;79;7;1000;128;0.1;0;5604
788;79;8;1000;128;0.1;0;5226
789;79;9;1000;128;0.1;0;5028
790;79;10;1000;128;0.1;0;4902
791;80;1;1000;128;0.1;0;6100
792;80;2;1000;128;0.1;0;5049
793;80;3;1000;128;0.1;0;6147
794;80;4;1000;128;0.1;0;4740
795;80;5;1000;128;0.1;0;4674
796;80;6;1000;128;0.1;0;4680
797;80;7;1000;128;0.1;0;5136
798;80;8;1000;128;0.1;0;4104
799;80;9;1000;128;0.1;0;4194
800;80;10;1000;128;0.1;0;4020
801;81;1;1000;128;0.1;0;6297
802;81;2;1000;128;0.1;0;4425
803;81;3;1000;128;0.1;0;4578
804;81;4;1000;128;0.1;0;5124
805;81;5;1000;128;0.1;0;5961
806;81;6;1000;128;0.1;0;5505
807;81;7;1000;128;0.1;0;5538
808;81;8;1000;128;0.1;0;5406
809;81;9;1000;128;0.1;0;5910
810;81;10;1000;128;0.1;0;4989
811;82;1;1000;128;0.1;0;5721
812;82;2;1000;128;0.1;0;5484
813;82;3;1000;128;0.1;0;5415
814;82;4;1000;128;0.1;0;5145
815;82;5;1000;128;0.1;0;5337
816;82;6;1000;128;0.1;0;5442
817;82;7;1000;128;0.1;0;4986
818;82;8;1000;128;0.1;0;6150
819;82;9;1000;128;0.1;0;4971
820;82;10;1000;128;0.1;0;4974
821;83;1;1000;128;0.1;0;5025
822;83;2;1000;128;0.1;0;5835
823;83;3;1000;128;0.1;0;5496
824;83;4;1000;128;0.1;0;4962
825;83;5;1000;128;0.1;0;5595
826;83;6;1000;128;0.1;0;6006
827;83;7;1000;128;0.1;0;4941
828;83;8;1000;128;0.1;0;5084
829;83;9;1000;128;0.1;0;5007
830;83;10;1000;128;0.1;0;5709
831;84;1;1000;128;0.1;0;5835
832;84;2;1000;128;0.1;0;4638
833;84;3;1000;128;0.1;0;6021
834;84;4;1000;128;0.1;0;5325
835;84;5;1000;128;0.1;0;4755
836;84;6;1000;128;0.1;0;5076
837;84;7;1000;128;0.1;0;4965
838;84;8;1000;128;0.1;0;4389
839;84;9;1000;128;0.1;0;4545
840;84;10;1000;128;0.1;0;4440
841;85;1;1000;128;0.1;0;5625
842;85;2;1000;128;0.1;0;6060
843;85;3;1000;128;0.1;0;4944
844;85;4;1000;128;0.1;0;5181
845;85;5;1000;128;0.1;0;4692
846;85;6;1000;128;0.1;0;4161
847;85;7;1000;128;0.1;0;4248
848;85;8;1000;128;0.1;0;4893
849;85;9;1000;128;0.1;0;4392
850;85;10;1000;128;0.1;0;4344
851;86;1;1000;128;0.1;0;5913
852;86;2;1000;128;0.1;0;4266
853;86;3;1000;128;0.1;0;6183
854;86;4;1000;128;0.1;0;4296
855;86;5;1000;128;0.1;0;5769
856;86;6;1000;128;0.1;0;4857
857;86;7;1000;128;0.1;0;5594
858;86;8;1000;128;0.1;0;5049
859;86;9;1000;128;0.1;0;5150
860;86;10;1000;128;0.1;0;5376
861;87;1;1000;128;0.1;0;6568
862;87;2;1000;128;0.1;0;4860
863;87;3;1000;128;0.1;0;5772
864;87;4;1000;128;0.1;0;5064
865;87;5;1000;128;0.1;0;5097
866;87;6;1000;128;0.1;0;5475
867;87;7;1000;128;0.1;0;4863
868;87;8;1000;128;0.1;0;5505
869;87;9;1000;128;0.1;0;5652
870;87;10;1000;128;0.1;0;4965
871;88;1;1000;128;0.1;0;4845
872;88;2;1000;128;0.1;0;5862
873;88;3;1000;128;0.1;0;4724
874;88;4;1000;128;0.1;0;5985
875;88;5;1000;128;0.1;0;4665
876;88;6;1000;128;0.1;0;4410
877;88;7;1000;128;0.1;0;4092
878;88;8;1000;128;0.1;0;5103
879;88;9;1000;128;0.1;0;4422
880;88;10;1000;128;0.1;0;4185
881;89;1;1000;128;0.1;0;5799
882;89;2;1000;128;0.1;0;5880
883;89;3;1000;128;0.1;0;4536
884;89;4;1000;128;0.1;0;4509
885;89;5;1000;128;0.1;0;4311
886;89;6;1000;128;0.1;0;5175
887;89;7;1000;128;0.1;0;4362
888;89;8;1000;128;0.1;0;4410
889;89;9;1000;128;0.1;0;4482
890;89;10;1000;128;0.1;0;4689
891;90;1;1000;128;0.1;0;6117
892;90;2;1000;128;0.1;0;4734
893;90;3;1000;128;0.1;0;4344
894;90;4;1000;128;0.1;0;5175
895;90;5;1000;128;0.1;0;5955
896;90;6;1000;128;0.1;0;4917
897;90;7;1000;128;0.1;0;5388
898;90;8;1000;128;0.1;0;4926
899;90;9;1000;128;0.1;0;5880
900;90;10;1000;128;0.1;0;5380
901;91;1;1000;128;0.1;0;5469
902;91;2;1000;128;0.1;0;5190
903;91;3;1000;128;0.1;0;4989
904;91;4;1000;128;0.1;0;5532
905;91;5;1000;128;0.1;0;4878
906;91;6;1000;128;0.1;0;4284
907;91;7;1000;128;0.1;0;4110
908;91;8;1000;128;0.1;0;4635
909;91;9;1000;128;0.1;0;4191
910;91;10;1000;128;0.1;0;4380
911;92;1;1000;128;0.1;0;6960
912;92;2;1000;128;0.1;0;5265
913;92;3;1000;128;0.1;0;4380
914;92;4;1000;128;0.1;0;4131
915;92;5;1000;128;0.1;0;6138
916;92;6;1000;128;0.1;0;5361
917;92;7;1000;128;0.1;0;4888
918;92;8;1000;128;0.1;0;5472
919;92;9;1000;128;0.1;0;5937
920;92;10;1000;128;0.1;0;5277
921;93;1;1000;128;0.1;0;4858
922;93;2;1000;128;0.1;0;5805
923;93;3;1000;128;0.1;0;5502
924;93;4;1000;128;0.1;0;5160
925;93;5;1000;128;0.1;0;5487
926;93;6;1000;128;0.1;0;5883
927;93;7;1000;128;0.1;0;5114
928;93;8;1000;128;0.1;0;4974
929;93;9;1000;128;0.1;0;5076
930;93;10;1000;128;0.1;0;5538
931;94;1;1000;128;0.1;0;4518
932;94;2;1000;128;0.1;0;5940
933;94;3;1000;128;0.1;0;4968
934;94;4;1000;128;0.1;0;5180
935;94;5;1000;128;0.1;0;5442
936;94;6;1000;128;0.1;0;6069
937;94;7;1000;128;0.1;0;4918
938;94;8;1000;128;0.1;0;5190
939;94;9;1000;128;0.1;0;5568
940;94;10;1000;128;0.1;0;5526
941;95;1;1000;128;0.1;0;5709
942;95;2;1000;128;0.1;0;5478
943;95;3;1000;128;0.1;0;4971
944;95;4;1000;128;0.1;0;4296
945;95;5;1000;128;0.1;0;4371
946;95;6;1000;128;0.1;0;5184
947;95;7;1000;128;0.1;0;4227
948;95;8;1000;128;0.1;0;4677
949;95;9;1000;128;0.1;0;4542
950;95;10;1000;128;0.1;0;4995
951;96;1;1000;128;0.1;0;5616
952;96;2;1000;128;0.1;0;4692
953;96;3;1000;128;0.1;0;5052
954;96;4;1000;128;0.1;0;5694
955;96;5;1000;128;0.1;0;4899
956;96;6;1000;128;0.1;0;4836
957;96;7;1000;128;0.1;0;4554
958;96;8;1000;128;0.1;0;5631
959;96;9;1000;128;0.1;0;4704
960;96;10;1000;128;0.1;0;4617
961;97;1;1000;128;0.1;0;6036
962;97;2;1000;128;0.1;0;5202
963;97;3;1000;128;0.1;0;6198
964;97;4;1000;128;0.1;0;4272
965;97;5;1000;128;0.1;0;4743
966;97;6;1000;128;0.1;0;5028
967;97;7;1000;128;0.1;0;5298
968;97;8;1000;128;0.1;0;4314
969;97;9;1000;128;0.1;0;4194
970;97;10;1000;128;0.1;0;4005
971;98;1;1000;128;0.1;0;5886
972;98;2;1000;128;0.1;0;4796
973;98;3;1000;128;0.1;0;5022
974;98;4;1000;128;0.1;0;5571
975;98;5;1000;128;0.1;0;4564
976;98;6;1000;128;0.1;0;4614
977;98;7;1000;128;0.1;0;4104
978;98;8;1000;128;0.1;0;5085
979;98;9;1000;128;0.1;0;4305
980;98;10;1000;128;0.1;0;4434
981;99;1;1000;128;0.1;0;5886
982;99;2;1000;128;0.1;0;4749
983;99;3;1000;128;0.1;0;5484
984;99;4;1000;128;0.1;0;5562
985;99;5;1000;128;0.1;0;5244
986;99;6;1000;128;0.1;0;5361
987;99;7;1000;128;0.1;0;6240
988;99;8;1000;128;0.1;0;4983
989;99;9;1000;128;0.1;0;5082
990;99;10;1000;128;0.1;0;4944
991;100;1;1000;128;0.1;0;4836
992;100;2;1000;128;0.1;0;5682
993;100;3;1000;128;0.1;0;8868
994;100;4;1000;128;0.1;0;4938
995;100;5;1000;128;0.1;0;5134
996;100;6;1000;128;0.1;0;5673
997;100;7;1000;128;0.1;0;5856
998;100;8;1000;128;0.1;0;5236
999;100;9;1000;128;0.1;0;4941
1000;100;10;1000;128;0.1;0;4848
