1;1;1;80000;128;0.1;0;5409
2;1;2;80000;128;0.1;0;10747
3;1;3;80000;128;0.1;0;19996
4;1;4;80000;128;0.1;0;33127
5;1;5;80000;128;0.1;0;5394
6;1;6;80000;128;0.1;0;9060
7;1;7;80000;128;0.1;0;4802
8;1;8;80000;128;0.1;0;9946
9;1;9;80000;128;0.1;0;17778
10;1;10;80000;128;0.1;0;5256
11;2;1;80000;128;0.1;0;5382
12;2;2;80000;128;0.1;0;13194
13;2;3;80000;128;0.1;0;18006
14;2;4;80000;128;0.1;0;26850
15;2;5;80000;128;0.1;0;5148
16;2;6;80000;128;0.1;0;13683
17;2;7;80000;128;0.1;0;4875
18;2;8;80000;128;0.1;0;13770
19;2;9;80000;128;0.1;0;22440
20;2;10;80000;128;0.1;0;5625
21;3;1;80000;128;0.1;0;10458
22;3;2;80000;128;0.1;0;10059
23;3;3;80000;128;0.1;0;12963
24;3;4;80000;128;0.1;0;10444
25;3;5;80000;128;0.1;0;9402
26;3;6;80000;128;0.1;0;12702
27;3;7;80000;128;0.1;0;15686
28;3;8;80000;128;0.1;0;4222
29;3;9;80000;128;0.1;0;7308
30;3;10;80000;128;0.1;0;4050
31;4;1;80000;128;0.1;0;5067
32;4;2;80000;128;0.1;0;10431
33;4;3;80000;128;0.1;0;14043
34;4;4;80000;128;0.1;0;4962
35;4;5;80000;128;0.1;0;9738
36;4;6;80000;128;0.1;0;13431
37;4;7;80000;128;0.1;0;16716
38;4;8;80000;128;0.1;0;4842
39;4;9;80000;128;0.1;0;14574
40;4;10;80000;128;0.1;0;4826
41;5;1;80000;128;0.1;0;5604
42;5;2;80000;128;0.1;0;11136
43;5;3;80000;128;0.1;0;14727
44;5;4;80000;128;0.1;0;18123
45;5;5;80000;128;0.1;0;4839
46;5;6;80000;128;0.1;0;9273
47;5;7;80000;128;0.1;0;4179
48;5;8;80000;128;0.1;0;10194
49;5;9;80000;128;0.1;0;8142
50;5;10;80000;128;0.1;0;4968
51;6;1;80000;128;0.1;0;5392
52;6;2;80000;128;0.1;0;11694
53;6;3;80000;128;0.1;0;10848
54;6;4;80000;128;0.1;0;4902
55;6;5;80000;128;0.1;0;11373
56;6;6;80000;128;0.1;0;16077
57;6;7;80000;128;0.1;0;4701
58;6;8;80000;128;0.1;0;12273
59;6;9;80000;128;0.1;0;15831
60;6;10;80000;128;0.1;0;13863
61;7;1;80000;128;0.1;0;5325
62;7;2;80000;128;0.1;0;10158
63;7;3;80000;128;0.1;0;13839
64;7;4;80000;128;0.1;0;4887
65;7;5;80000;128;0.1;0;9387
66;7;6;80000;128;0.1;0;12774
67;7;7;80000;128;0.1;0;3915
68;7;8;80000;128;0.1;0;7578
69;7;9;80000;128;0.1;0;10731
70;7;10;80000;128;0.1;0;13578
71;8;1;80000;128;0.1;0;5184
72;8;2;80000;128;0.1;0;9942
73;8;3;80000;128;0.1;0;13887
74;8;4;80000;128;0.1;0;16977
75;8;5;80000;128;0.1;0;4857
76;8;6;80000;128;0.1;0;9189
77;8;7;80000;128;0.1;0;4734
78;8;8;80000;128;0.1;0;9333
79;8;9;80000;128;0.1;0;22317
80;8;10;80000;128;0.1;0;5073
81;9;1;80000;128;0.1;0;4066
82;9;2;80000;128;0.1;0;13314
83;9;3;80000;128;0.1;0;16206
84;9;4;80000;128;0.1;0;9570
85;9;5;80000;128;0.1;0;14296
86;9;6;80000;128;0.1;0;17444
87;9;7;80000;128;0.1;0;4830
88;9;8;80000;128;0.1;0;12760
89;9;9;80000;128;0.1;0;22719
90;9;10;80000;128;0.1;0;26575
91;10;1;80000;128;0.1;0;4077
92;10;2;80000;128;0.1;0;8808
93;10;3;80000;128;0.1;0;11709
94;10;4;80000;128;0.1;0;4659
95;10;5;80000;128;0.1;0;8781
96;10;6;80000;128;0.1;0;12111
97;10;7;80000;128;0.1;0;15714
98;10;8;80000;128;0.1;0;4707
99;10;9;80000;128;0.1;0;8877
100;10;10;80000;128;0.1;0;5694
101;11;1;80000;128;0.1;0;9759
102;11;2;80000;128;0.1;0;9024
103;11;3;80000;128;0.1;0;4674
104;11;4;80000;128;0.1;0;9042
105;11;5;80000;128;0.1;0;12273
106;11;6;80000;128;0.1;0;9858
107;11;7;80000;128;0.1;0;6237
108;11;8;80000;128;0.1;0;9090
109;11;9;80000;128;0.1;0;9768
110;11;10;80000;128;0.1;0;8052
111;12;1;80000;128;0.1;0;4875
112;12;2;80000;128;0.1;0;29520
113;12;3;80000;128;0.1;0;33111
114;12;4;80000;128;0.1;0;9804
115;12;5;80000;128;0.1;0;12453
116;12;6;80000;128;0.1;0;16146
117;12;7;80000;128;0.1;0;4362
118;12;8;80000;128;0.1;0;8211
119;12;9;80000;128;0.1;0;11181
120;12;10;80000;128;0.1;0;18132
121;13;1;80000;128;0.1;0;5240
122;13;2;80000;128;0.1;0;9764
123;13;3;80000;128;0.1;0;13902
124;13;4;80000;128;0.1;0;17398
125;13;5;80000;128;0.1;0;4756
126;13;6;80000;128;0.1;0;8980
127;13;7;80000;128;0.1;0;5106
128;13;8;80000;128;0.1;0;14634
129;13;9;80000;128;0.1;0;18021
130;13;10;80000;128;0.1;0;4779
131;14;1;80000;128;0.1;0;4248
132;14;2;80000;128;0.1;0;9066
133;14;3;80000;128;0.1;0;11823
134;14;4;80000;128;0.1;0;14478
135;14;5;80000;128;0.1;0;10089
136;14;6;80000;128;0.1;0;9369
137;14;7;80000;128;0.1;0;9843
138;14;8;80000;128;0.1;0;8238
139;14;9;80000;128;0.1;0;11076
140;14;10;80000;128;0.1;0;9666
141;15;1;80000;128;0.1;0;5007
142;15;2;80000;128;0.1;0;14778
143;15;3;80000;128;0.1;0;18099
144;15;4;80000;128;0.1;0;21219
145;15;5;80000;128;0.1;0;4935
146;15;6;80000;128;0.1;0;8187
147;15;7;80000;128;0.1;0;4116
148;15;8;80000;128;0.1;0;12840
149;15;9;80000;128;0.1;0;15870
150;15;10;80000;128;0.1;0;9357
151;16;1;80000;128;0.1;0;4338
152;16;2;80000;128;0.1;0;8565
153;16;3;80000;128;0.1;0;11430
154;16;4;80000;128;0.1;0;14415
155;16;5;80000;128;0.1;0;10065
156;16;6;80000;128;0.1;0;7902
157;16;7;80000;128;0.1;0;4116
158;16;8;80000;128;0.1;0;8016
159;16;9;80000;128;0.1;0;10872
160;16;10;80000;128;0.1;0;10272
161;17;1;80000;128;0.1;0;5085
162;17;2;80000;128;0.1;0;23796
163;17;3;80000;128;0.1;0;9570
164;17;4;80000;128;0.1;0;14175
165;17;5;80000;128;0.1;0;17553
166;17;6;80000;128;0.1;0;4854
167;17;7;80000;128;0.1;0;12591
168;17;8;80000;128;0.1;0;17151
169;17;9;80000;128;0.1;0;4722
170;17;10;80000;128;0.1;0;12432
171;18;1;80000;128;0.1;0;4392
172;18;2;80000;128;0.1;0;9210
173;18;3;80000;128;0.1;0;12180
174;18;4;80000;128;0.1;0;15200
175;18;5;80000;128;0.1;0;10296
176;18;6;80000;128;0.1;0;8832
177;18;7;80000;128;0.1;0;4026
178;18;8;80000;128;0.1;0;7926
179;18;9;80000;128;0.1;0;10905
180;18;10;80000;128;0.1;0;10347
181;19;1;80000;128;0.1;0;15312
182;19;2;80000;128;0.1;0;9039
183;19;3;80000;128;0.1;0;14139
184;19;4;80000;128;0.1;0;17925
185;19;5;80000;128;0.1;0;4791
186;19;6;80000;128;0.1;0;11781
187;19;7;80000;128;0.1;0;16245
188;19;8;80000;128;0.1;0;4605
189;19;9;80000;128;0.1;0;13272
190;19;10;80000;128;0.1;0;16383
191;20;1;80000;128;0.1;0;18252
192;20;2;80000;128;0.1;0;4716
193;20;3;80000;128;0.1;0;11702
194;20;4;80000;128;0.1;0;20946
195;20;5;80000;128;0.1;0;20140
196;20;6;80000;128;0.1;0;5556
197;20;7;80000;128;0.1;0;13750
198;20;8;80000;128;0.1;0;8757
199;20;9;80000;128;0.1;0;18198
200;20;10;80000;128;0.1;0;21663
201;21;1;80000;128;0.1;0;4962
202;21;2;80000;128;0.1;0;14877
203;21;3;80000;128;0.1;0;18354
204;21;4;80000;128;0.1;0;4599
205;21;5;80000;128;0.1;0;10707
206;21;6;80000;128;0.1;0;20160
207;21;7;80000;128;0.1;0;19566
208;21;8;80000;128;0.1;0;4623
209;21;9;80000;128;0.1;0;13221
210;21;10;80000;128;0.1;0;7194
211;22;1;80000;128;0.1;0;4446
212;22;2;80000;128;0.1;0;12303
213;22;3;80000;128;0.1;0;11151
214;22;4;80000;128;0.1;0;4224
215;22;5;80000;128;0.1;0;12705
216;22;6;80000;128;0.1;0;15705
217;22;7;80000;128;0.1;0;9882
218;22;8;80000;128;0.1;0;13911
219;22;9;80000;128;0.1;0;15786
220;22;10;80000;128;0.1;0;18957
221;23;1;80000;128;0.1;0;4698
222;23;2;80000;128;0.1;0;9282
223;23;3;80000;128;0.1;0;12024
224;23;4;80000;128;0.1;0;14433
225;23;5;80000;128;0.1;0;4875
226;23;6;80000;128;0.1;0;9030
227;23;7;80000;128;0.1;0;4671
228;23;8;80000;128;0.1;0;9294
229;23;9;80000;128;0.1;0;13416
230;23;10;80000;128;0.1;0;5325
231;24;1;80000;128;0.1;0;4920
232;24;2;80000;128;0.1;0;9942
233;24;3;80000;128;0.1;0;18288
234;24;4;80000;128;0.1;0;4792
235;24;5;80000;128;0.1;0;9055
236;24;6;80000;128;0.1;0;12270
237;24;7;80000;128;0.1;0;4803
238;24;8;80000;128;0.1;0;9036
239;24;9;80000;128;0.1;0;16665
240;24;10;80000;128;0.1;0;24573
241;25;1;80000;128;0.1;0;5176
242;25;2;80000;128;0.1;0;12832
243;25;3;80000;128;0.1;0;16218
244;25;4;80000;128;0.1;0;8866
245;25;5;80000;128;0.1;0;9468
246;25;6;80000;128;0.1;0;15168
247;25;7;80000;128;0.1;0;9432
248;25;8;80000;128;0.1;0;14244
249;25;9;80000;128;0.1;0;17964
250;25;10;80000;128;0.1;0;21174
251;26;1;80000;128;0.1;0;5412
252;26;2;80000;128;0.1;0;20289
253;26;3;80000;128;0.1;0;3951
254;26;4;80000;128;0.1;0;11730
255;26;5;80000;128;0.1;0;14982
256;26;6;80000;128;0.1;0;4569
257;26;7;80000;128;0.1;0;13857
258;26;8;80000;128;0.1;0;17235
259;26;9;80000;128;0.1;0;4797
260;26;10;80000;128;0.1;0;11088
261;27;1;80000;128;0.1;0;4791
262;27;2;80000;128;0.1;0;9138
263;27;3;80000;128;0.1;0;12522
264;27;4;80000;128;0.1;0;4251
265;27;5;80000;128;0.1;0;13398
266;27;6;80000;128;0.1;0;16383
267;27;7;80000;128;0.1;0;22293
268;27;8;80000;128;0.1;0;4017
269;27;9;80000;128;0.1;0;8271
270;27;10;80000;128;0.1;0;3378
271;28;1;80000;128;0.1;0;10593
272;28;2;80000;128;0.1;0;10131
273;28;3;80000;128;0.1;0;13092
274;28;4;80000;128;0.1;0;16173
275;28;5;80000;128;0.1;0;4428
276;28;6;80000;128;0.1;0;7422
277;28;7;80000;128;0.1;0;4170
278;28;8;80000;128;0.1;0;8316
279;28;9;80000;128;0.1;0;11418
280;28;10;80000;128;0.1;0;10149
281;29;1;80000;128;0.1;0;4852
282;29;2;80000;128;0.1;0;9384
283;29;3;80000;128;0.1;0;12714
284;29;4;80000;128;0.1;0;3960
285;29;5;80000;128;0.1;0;7833
286;29;6;80000;128;0.1;0;11218
287;29;7;80000;128;0.1;0;4641
288;29;8;80000;128;0.1;0;13023
289;29;9;80000;128;0.1;0;20580
290;29;10;80000;128;0.1;0;24039
291;30;1;80000;128;0.1;0;10442
292;30;2;80000;128;0.1;0;13636
293;30;3;80000;128;0.1;0;17040
294;30;4;80000;128;0.1;0;4734
295;30;5;80000;128;0.1;0;12172
296;30;6;80000;128;0.1;0;21630
297;30;7;80000;128;0.1;0;20054
298;30;8;80000;128;0.1;0;5034
299;30;9;80000;128;0.1;0;13563
300;30;10;80000;128;0.1;0;5055
301;31;1;80000;128;0.1;0;5403
302;31;2;80000;128;0.1;0;10587
303;31;3;80000;128;0.1;0;13908
304;31;4;80000;128;0.1;0;17046
305;31;5;80000;128;0.1;0;4077
306;31;6;80000;128;0.1;0;12813
307;31;7;80000;128;0.1;0;4590
308;31;8;80000;128;0.1;0;10509
309;31;9;80000;128;0.1;0;9129
310;31;10;80000;128;0.1;0;5067
311;32;1;80000;128;0.1;0;5250
312;32;2;80000;128;0.1;0;9288
313;32;3;80000;128;0.1;0;12636
314;32;4;80000;128;0.1;0;15315
315;32;5;80000;128;0.1;0;4686
316;32;6;80000;128;0.1;0;8826
317;32;7;80000;128;0.1;0;4644
318;32;8;80000;128;0.1;0;10332
319;32;9;80000;128;0.1;0;12147
320;32;10;80000;128;0.1;0;4746
321;33;1;80000;128;0.1;0;4077
322;33;2;80000;128;0.1;0;9519
323;33;3;80000;128;0.1;0;12606
324;33;4;80000;128;0.1;0;10014
325;33;5;80000;128;0.1;0;8361
326;33;6;80000;128;0.1;0;12165
327;33;7;80000;128;0.1;0;4251
328;33;8;80000;128;0.1;0;8058
329;33;9;80000;128;0.1;0;11073
330;33;10;80000;128;0.1;0;14019
331;34;1;80000;128;0.1;0;14889
332;34;2;80000;128;0.1;0;18426
333;34;3;80000;128;0.1;0;8586
334;34;4;80000;128;0.1;0;8028
335;34;5;80000;128;0.1;0;14895
336;34;6;80000;128;0.1;0;17526
337;34;7;80000;128;0.1;0;3921
338;34;8;80000;128;0.1;0;6819
339;34;9;80000;128;0.1;0;4821
340;34;10;80000;128;0.1;0;9210
341;35;1;80000;128;0.1;0;8802
342;35;2;80000;128;0.1;0;8034
343;35;3;80000;128;0.1;0;14487
344;35;4;80000;128;0.1;0;17361
345;35;5;80000;128;0.1;0;9432
346;35;6;80000;128;0.1;0;9426
347;35;7;80000;128;0.1;0;4737
348;35;8;80000;128;0.1;0;3576
349;35;9;80000;128;0.1;0;13158
350;35;10;80000;128;0.1;0;4707
351;36;1;80000;128;0.1;0;5406
352;36;2;80000;128;0.1;0;10113
353;36;3;80000;128;0.1;0;13617
354;36;4;80000;128;0.1;0;16722
355;36;5;80000;128;0.1;0;4080
356;36;6;80000;128;0.1;0;11526
357;36;7;80000;128;0.1;0;4785
358;36;8;80000;128;0.1;0;9243
359;36;9;80000;128;0.1;0;16443
360;36;10;80000;128;0.1;0;4947
361;37;1;80000;128;0.1;0;5235
362;37;2;80000;128;0.1;0;9729
363;37;3;80000;128;0.1;0;13065
364;37;4;80000;128;0.1;0;4896
365;37;5;80000;128;0.1;0;9300
366;37;6;80000;128;0.1;0;17956
367;37;7;80000;128;0.1;0;26690
368;37;8;80000;128;0.1;0;7184
369;37;9;80000;128;0.1;0;15066
370;37;10;80000;128;0.1;0;4748
371;38;1;80000;128;0.1;0;4176
372;38;2;80000;128;0.1;0;8466
373;38;3;80000;128;0.1;0;14256
374;38;4;80000;128;0.1;0;10020
375;38;5;80000;128;0.1;0;8775
376;38;6;80000;128;0.1;0;11697
377;38;7;80000;128;0.1;0;9920
378;38;8;80000;128;0.1;0;8104
379;38;9;80000;128;0.1;0;11028
380;38;10;80000;128;0.1;0;13936
381;39;1;80000;128;0.1;0;5448
382;39;2;80000;128;0.1;0;7365
383;39;3;80000;128;0.1;0;11253
384;39;4;80000;128;0.1;0;9714
385;39;5;80000;128;0.1;0;14538
386;39;6;80000;128;0.1;0;17868
387;39;7;80000;128;0.1;0;3980
388;39;8;80000;128;0.1;0;7640
389;39;9;80000;128;0.1;0;14702
390;39;10;80000;128;0.1;0;17616
391;40;1;80000;128;0.1;0;10044
392;40;2;80000;128;0.1;0;6870
393;40;3;80000;128;0.1;0;9717
394;40;4;80000;128;0.1;0;9972
395;40;5;80000;128;0.1;0;7665
396;40;6;80000;128;0.1;0;10345
397;40;7;80000;128;0.1;0;17196
398;40;8;80000;128;0.1;0;9868
399;40;9;80000;128;0.1;0;8226
400;40;10;80000;128;0.1;0;4518
401;41;1;80000;128;0.1;0;9579
402;41;2;80000;128;0.1;0;14547
403;41;3;80000;128;0.1;0;17766
404;41;4;80000;128;0.1;0;20757
405;41;5;80000;128;0.1;0;4818
406;41;6;80000;128;0.1;0;13152
407;41;7;80000;128;0.1;0;4740
408;41;8;80000;128;0.1;0;17868
409;41;9;80000;128;0.1;0;19830
410;41;10;80000;128;0.1;0;3924
411;42;1;80000;128;0.1;0;5172
412;42;2;80000;128;0.1;0;10926
413;42;3;80000;128;0.1;0;16152
414;42;4;80000;128;0.1;0;4659
415;42;5;80000;128;0.1;0;11544
416;42;6;80000;128;0.1;0;18798
417;42;7;80000;128;0.1;0;22062
418;42;8;80000;128;0.1;0;4836
419;42;9;80000;128;0.1;0;19527
420;42;10;80000;128;0.1;0;9801
421;43;1;80000;128;0.1;0;13452
422;43;2;80000;128;0.1;0;4858
423;43;3;80000;128;0.1;0;9444
424;43;4;80000;128;0.1;0;12528
425;43;5;80000;128;0.1;0;5001
426;43;6;80000;128;0.1;0;12162
427;43;7;80000;128;0.1;0;15696
428;43;8;80000;128;0.1;0;13683
429;43;9;80000;128;0.1;0;4845
430;43;10;80000;128;0.1;0;8628
431;44;1;80000;128;0.1;0;6048
432;44;2;80000;128;0.1;0;14302
433;44;3;80000;128;0.1;0;4004
434;44;4;80000;128;0.1;0;12830
435;44;5;80000;128;0.1;0;15670
436;44;6;80000;128;0.1;0;9489
437;44;7;80000;128;0.1;0;14409
438;44;8;80000;128;0.1;0;17670
439;44;9;80000;128;0.1;0;4962
440;44;10;80000;128;0.1;0;9396
441;45;1;80000;128;0.1;0;4731
442;45;2;80000;128;0.1;0;8583
443;45;3;80000;128;0.1;0;4098
444;45;4;80000;128;0.1;0;7971
445;45;5;80000;128;0.1;0;10797
446;45;6;80000;128;0.1;0;4059
447;45;7;80000;128;0.1;0;8166
448;45;8;80000;128;0.1;0;11592
449;45;9;80000;128;0.1;0;4188
450;45;10;80000;128;0.1;0;8106
451;46;1;80000;128;0.1;0;4921
452;46;2;80000;128;0.1;0;9290
453;46;3;80000;128;0.1;0;4866
454;46;4;80000;128;0.1;0;9394
455;46;5;80000;128;0.1;0;12724
456;46;6;80000;128;0.1;0;9776
457;46;7;80000;128;0.1;0;13976
458;46;8;80000;128;0.1;0;17474
459;46;9;80000;128;0.1;0;4822
460;46;10;80000;128;0.1;0;9210
461;47;1;80000;128;0.1;0;5073
462;47;2;80000;128;0.1;0;10617
463;47;3;80000;128;0.1;0;18789
464;47;4;80000;128;0.1;0;4731
465;47;5;80000;128;0.1;0;13290
466;47;6;80000;128;0.1;0;16602
467;47;7;80000;128;0.1;0;4845
468;47;8;80000;128;0.1;0;9082
469;47;9;80000;128;0.1;0;12333
470;47;10;80000;128;0.1;0;20414
471;48;1;80000;128;0.1;0;5295
472;48;2;80000;128;0.1;0;10353
473;48;3;80000;128;0.1;0;14559
474;48;4;80000;128;0.1;0;4824
475;48;5;80000;128;0.1;0;9513
476;48;6;80000;128;0.1;0;12876
477;48;7;80000;128;0.1;0;3906
478;48;8;80000;128;0.1;0;11782
479;48;9;80000;128;0.1;0;15032
480;48;10;80000;128;0.1;0;18088
481;49;1;80000;128;0.1;0;11892
482;49;2;80000;128;0.1;0;3609
483;49;3;80000;128;0.1;0;7815
484;49;4;80000;128;0.1;0;10824
485;49;5;80000;128;0.1;0;3507
486;49;6;80000;128;0.1;0;8019
487;49;7;80000;128;0.1;0;11016
488;49;8;80000;128;0.1;0;13938
489;49;9;80000;128;0.1;0;9456
490;49;10;80000;128;0.1;0;8343
491;50;1;80000;128;0.1;0;4482
492;50;2;80000;128;0.1;0;13677
493;50;3;80000;128;0.1;0;16632
494;50;4;80000;128;0.1;0;9684
495;50;5;80000;128;0.1;0;14160
496;50;6;80000;128;0.1;0;17433
497;50;7;80000;128;0.1;0;4680
498;50;8;80000;128;0.1;0;12597
499;50;9;80000;128;0.1;0;16977
500;50;10;80000;128;0.1;0;23367
501;51;1;80000;128;0.1;0;4960
502;51;2;80000;128;0.1;0;20392
503;51;3;80000;128;0.1;0;19972
504;51;4;80000;128;0.1;0;4686
505;51;5;80000;128;0.1;0;12812
506;51;6;80000;128;0.1;0;22618
507;51;7;80000;128;0.1;0;26143
508;51;8;80000;128;0.1;0;2439
509;51;9;80000;128;0.1;0;7725
510;51;10;80000;128;0.1;0;9753
511;52;1;80000;128;0.1;0;10620
512;52;2;80000;128;0.1;0;16050
513;52;3;80000;128;0.1;0;19365
514;52;4;80000;128;0.1;0;5874
515;52;5;80000;128;0.1;0;8880
516;52;6;80000;128;0.1;0;16830
517;52;7;80000;128;0.1;0;20601
518;52;8;80000;128;0.1;0;4719
519;52;9;80000;128;0.1;0;4152
520;52;10;80000;128;0.1;0;4656
521;53;1;80000;128;0.1;0;9738
522;53;2;80000;128;0.1;0;15945
523;53;3;80000;128;0.1;0;19074
524;53;4;80000;128;0.1;0;22680
525;53;5;80000;128;0.1;0;4878
526;53;6;80000;128;0.1;0;8058
527;53;7;80000;128;0.1;0;4077
528;53;8;80000;128;0.1;0;8292
529;53;9;80000;128;0.1;0;11256
530;53;10;80000;128;0.1;0;4464
531;54;1;80000;128;0.1;0;4836
532;54;2;80000;128;0.1;0;9378
533;54;3;80000;128;0.1;0;13041
534;54;4;80000;128;0.1;0;4641
535;54;5;80000;128;0.1;0;8931
536;54;6;80000;128;0.1;0;12411
537;54;7;80000;128;0.1;0;19185
538;54;8;80000;128;0.1;0;4695
539;54;9;80000;128;0.1;0;8808
540;54;10;80000;128;0.1;0;4719
541;55;1;80000;128;0.1;0;5481
542;55;2;80000;128;0.1;0;9873
543;55;3;80000;128;0.1;0;13275
544;55;4;80000;128;0.1;0;16425
545;55;5;80000;128;0.1;0;4875
546;55;6;80000;128;0.1;0;9186
547;55;7;80000;128;0.1;0;4755
548;55;8;80000;128;0.1;0;12498
549;55;9;80000;128;0.1;0;16188
550;55;10;80000;128;0.1;0;4032
551;56;1;80000;128;0.1;0;4749
552;56;2;80000;128;0.1;0;9159
553;56;3;80000;128;0.1;0;13092
554;56;4;80000;128;0.1;0;4779
555;56;5;80000;128;0.1;0;8886
556;56;6;80000;128;0.1;0;12165
557;56;7;80000;128;0.1;0;15621
558;56;8;80000;128;0.1;0;4677
559;56;9;80000;128;0.1;0;9681
560;56;10;80000;128;0.1;0;4953
561;57;1;80000;128;0.1;0;4344
562;57;2;80000;128;0.1;0;8145
563;57;3;80000;128;0.1;0;4290
564;57;4;80000;128;0.1;0;7959
565;57;5;80000;128;0.1;0;10791
566;57;6;80000;128;0.1;0;4071
567;57;7;80000;128;0.1;0;7977
568;57;8;80000;128;0.1;0;10950
569;57;9;80000;128;0.1;0;4425
570;57;10;80000;128;0.1;0;8604
571;58;1;80000;128;0.1;0;10086
572;58;2;80000;128;0.1;0;9006
573;58;3;80000;128;0.1;0;4251
574;58;4;80000;128;0.1;0;8013
575;58;5;80000;128;0.1;0;10938
576;58;6;80000;128;0.1;0;9890
577;58;7;80000;128;0.1;0;7974
578;58;8;80000;128;0.1;0;10862
579;58;9;80000;128;0.1;0;4390
580;58;10;80000;128;0.1;0;7972
581;59;1;80000;128;0.1;0;9886
582;59;2;80000;128;0.1;0;8844
583;59;3;80000;128;0.1;0;4095
584;59;4;80000;128;0.1;0;7908
585;59;5;80000;128;0.1;0;10857
586;59;6;80000;128;0.1;0;4140
587;59;7;80000;128;0.1;0;8190
588;59;8;80000;128;0.1;0;11553
589;59;9;80000;128;0.1;0;3930
590;59;10;80000;128;0.1;0;7683
591;60;1;80000;128;0.1;0;9180
592;60;2;80000;128;0.1;0;8244
593;60;3;80000;128;0.1;0;4932
594;60;4;80000;128;0.1;0;14556
595;60;5;80000;128;0.1;0;17058
596;60;6;80000;128;0.1;0;4653
597;60;7;80000;128;0.1;0;12675
598;60;8;80000;128;0.1;0;22182
599;60;9;80000;128;0.1;0;4908
600;60;10;80000;128;0.1;0;13863
601;61;1;80000;128;0.1;0;4131
602;61;2;80000;128;0.1;0;8067
603;61;3;80000;128;0.1;0;10857
604;61;4;80000;128;0.1;0;13710
605;61;5;80000;128;0.1;0;4842
606;61;6;80000;128;0.1;0;9267
607;61;7;80000;128;0.1;0;4734
608;61;8;80000;128;0.1;0;9267
609;61;9;80000;128;0.1;0;12414
610;61;10;80000;128;0.1;0;5140
611;62;1;80000;128;0.1;0;4974
612;62;2;80000;128;0.1;0;9972
613;62;3;80000;128;0.1;0;13986
614;62;4;80000;128;0.1;0;16699
615;62;5;80000;128;0.1;0;4768
616;62;6;80000;128;0.1;0;12480
617;62;7;80000;128;0.1;0;10660
618;62;8;80000;128;0.1;0;21722
619;62;9;80000;128;0.1;0;25596
620;62;10;80000;128;0.1;0;7108
621;63;1;80000;128;0.1;0;10608
622;63;2;80000;128;0.1;0;16150
623;63;3;80000;128;0.1;0;19490
624;63;4;80000;128;0.1;0;22542
625;63;5;80000;128;0.1;0;4878
626;63;6;80000;128;0.1;0;7580
627;63;7;80000;128;0.1;0;4611
628;63;8;80000;128;0.1;0;11064
629;63;9;80000;128;0.1;0;15183
630;63;10;80000;128;0.1;0;5025
631;64;1;80000;128;0.1;0;10293
632;64;2;80000;128;0.1;0;8847
633;64;3;80000;128;0.1;0;4292
634;64;4;80000;128;0.1;0;8220
635;64;5;80000;128;0.1;0;11178
636;64;6;80000;128;0.1;0;4184
637;64;7;80000;128;0.1;0;8136
638;64;8;80000;128;0.1;0;11172
639;64;9;80000;128;0.1;0;4204
640;64;10;80000;128;0.1;0;8142
641;65;1;80000;128;0.1;0;10263
642;65;2;80000;128;0.1;0;13674
643;65;3;80000;128;0.1;0;4887
644;65;4;80000;128;0.1;0;9339
645;65;5;80000;128;0.1;0;13188
646;65;6;80000;128;0.1;0;16527
647;65;7;80000;128;0.1;0;4830
648;65;8;80000;128;0.1;0;9302
649;65;9;80000;128;0.1;0;4868
650;65;10;80000;128;0.1;0;8990
651;66;1;80000;128;0.1;0;9996
652;66;2;80000;128;0.1;0;14172
653;66;3;80000;128;0.1;0;17322
654;66;4;80000;128;0.1;0;9009
655;66;5;80000;128;0.1;0;9198
656;66;6;80000;128;0.1;0;17952
657;66;7;80000;128;0.1;0;4800
658;66;8;80000;128;0.1;0;13563
659;66;9;80000;128;0.1;0;16812
660;66;10;80000;128;0.1;0;20304
661;67;1;80000;128;0.1;0;5418
662;67;2;80000;128;0.1;0;14220
663;67;3;80000;128;0.1;0;23865
664;67;4;80000;128;0.1;0;4952
665;67;5;80000;128;0.1;0;14142
666;67;6;80000;128;0.1;0;21344
667;67;7;80000;128;0.1;0;28804
668;67;8;80000;128;0.1;0;2732
669;67;9;80000;128;0.1;0;10120
670;67;10;80000;128;0.1;0;8526
671;68;1;80000;128;0.1;0;9678
672;68;2;80000;128;0.1;0;10908
673;68;3;80000;128;0.1;0;15516
674;68;4;80000;128;0.1;0;18681
675;68;5;80000;128;0.1;0;4950
676;68;6;80000;128;0.1;0;13347
677;68;7;80000;128;0.1;0;9438
678;68;8;80000;128;0.1;0;13980
679;68;9;80000;128;0.1;0;21885
680;68;10;80000;128;0.1;0;4770
681;69;1;80000;128;0.1;0;14568
682;69;2;80000;128;0.1;0;12987
683;69;3;80000;128;0.1;0;15711
684;69;4;80000;128;0.1;0;18387
685;69;5;80000;128;0.1;0;2019
686;69;6;80000;128;0.1;0;4569
687;69;7;80000;128;0.1;0;3942
688;69;8;80000;128;0.1;0;7803
689;69;9;80000;128;0.1;0;11310
690;69;10;80000;128;0.1;0;4170
691;70;1;80000;128;0.1;0;10725
692;70;2;80000;128;0.1;0;9408
693;70;3;80000;128;0.1;0;12252
694;70;4;80000;128;0.1;0;15279
695;70;5;80000;128;0.1;0;4494
696;70;6;80000;128;0.1;0;4068
697;70;7;80000;128;0.1;0;7958
698;70;8;80000;128;0.1;0;10942
699;70;9;80000;128;0.1;0;10480
700;70;10;80000;128;0.1;0;9252
701;71;1;80000;128;0.1;0;10326
702;71;2;80000;128;0.1;0;16143
703;71;3;80000;128;0.1;0;4170
704;71;4;80000;128;0.1;0;7886
705;71;5;80000;128;0.1;0;14046
706;71;6;80000;128;0.1;0;4748
707;71;7;80000;128;0.1;0;14074
708;71;8;80000;128;0.1;0;17366
709;71;9;80000;128;0.1;0;4774
710;71;10;80000;128;0.1;0;11202
711;72;1;80000;128;0.1;0;5367
712;72;2;80000;128;0.1;0;14763
713;72;3;80000;128;0.1;0;17850
714;72;4;80000;128;0.1;0;16044
715;72;5;80000;128;0.1;0;4803
716;72;6;80000;128;0.1;0;12216
717;72;7;80000;128;0.1;0;3954
718;72;8;80000;128;0.1;0;11613
719;72;9;80000;128;0.1;0;19548
720;72;10;80000;128;0.1;0;4380
721;73;1;80000;128;0.1;0;4458
722;73;2;80000;128;0.1;0;7764
723;73;3;80000;128;0.1;0;11484
724;73;4;80000;128;0.1;0;4064
725;73;5;80000;128;0.1;0;8026
726;73;6;80000;128;0.1;0;10748
727;73;7;80000;128;0.1;0;14328
728;73;8;80000;128;0.1;0;9870
729;73;9;80000;128;0.1;0;7800
730;73;10;80000;128;0.1;0;9894
731;74;1;80000;128;0.1;0;19683
732;74;2;80000;128;0.1;0;9993
733;74;3;80000;128;0.1;0;8700
734;74;4;80000;128;0.1;0;11553
735;74;5;80000;128;0.1;0;9759
736;74;6;80000;128;0.1;0;7899
737;74;7;80000;128;0.1;0;10797
738;74;8;80000;128;0.1;0;10074
739;74;9;80000;128;0.1;0;8499
740;74;10;80000;128;0.1;0;12789
741;75;1;80000;128;0.1;0;10284
742;75;2;80000;128;0.1;0;9348
743;75;3;80000;128;0.1;0;4330
744;75;4;80000;128;0.1;0;7808
745;75;5;80000;128;0.1;0;16512
746;75;6;80000;128;0.1;0;4065
747;75;7;80000;128;0.1;0;8139
748;75;8;80000;128;0.1;0;11316
749;75;9;80000;128;0.1;0;9774
750;75;10;80000;128;0.1;0;7977
751;76;1;80000;128;0.1;0;5808
752;76;2;80000;128;0.1;0;9753
753;76;3;80000;128;0.1;0;4800
754;76;4;80000;128;0.1;0;9144
755;76;5;80000;128;0.1;0;17406
756;76;6;80000;128;0.1;0;5121
757;76;7;80000;128;0.1;0;11334
758;76;8;80000;128;0.1;0;15510
759;76;9;80000;128;0.1;0;4842
760;76;10;80000;128;0.1;0;9228
761;77;1;80000;128;0.1;0;5334
762;77;2;80000;128;0.1;0;7803
763;77;3;80000;128;0.1;0;16608
764;77;4;80000;128;0.1;0;2139
765;77;5;80000;128;0.1;0;6093
766;77;6;80000;128;0.1;0;12456
767;77;7;80000;128;0.1;0;4650
768;77;8;80000;128;0.1;0;12039
769;77;9;80000;128;0.1;0;19323
770;77;10;80000;128;0.1;0;22719
771;78;1;80000;128;0.1;0;5445
772;78;2;80000;128;0.1;0;10833
773;78;3;80000;128;0.1;0;14250
774;78;4;80000;128;0.1;0;17358
775;78;5;80000;128;0.1;0;4953
776;78;6;80000;128;0.1;0;9144
777;78;7;80000;128;0.1;0;4863
778;78;8;80000;128;0.1;0;9120
779;78;9;80000;128;0.1;0;16404
780;78;10;80000;128;0.1;0;4782
781;79;1;80000;128;0.1;0;5082
782;79;2;80000;128;0.1;0;9468
783;79;3;80000;128;0.1;0;12276
784;79;4;80000;128;0.1;0;15378
785;79;5;80000;128;0.1;0;10464
786;79;6;80000;128;0.1;0;8304
787;79;7;80000;128;0.1;0;4086
788;79;8;80000;128;0.1;0;8163
789;79;9;80000;128;0.1;0;10866
790;79;10;80000;128;0.1;0;4014
791;80;1;80000;128;0.1;0;5286
792;80;2;80000;128;0.1;0;9242
793;80;3;80000;128;0.1;0;3981
794;80;4;80000;128;0.1;0;7566
795;80;5;80000;128;0.1;0;10962
796;80;6;80000;128;0.1;0;5943
797;80;7;80000;128;0.1;0;10953
798;80;8;80000;128;0.1;0;14319
799;80;9;80000;128;0.1;0;4866
800;80;10;80000;128;0.1;0;9429
801;81;1;80000;128;0.1;0;5577
802;81;2;80000;128;0.1;0;10554
803;81;3;80000;128;0.1;0;14703
804;81;4;80000;128;0.1;0;4803
805;81;5;80000;128;0.1;0;8925
806;81;6;80000;128;0.1;0;12297
807;81;7;80000;128;0.1;0;15564
808;81;8;80000;128;0.1;0;4803
809;81;9;80000;128;0.1;0;9915
810;81;10;80000;128;0.1;0;4716
811;82;1;80000;128;0.1;0;5162
812;82;2;80000;128;0.1;0;12294
813;82;3;80000;128;0.1;0;4770
814;82;4;80000;128;0.1;0;12090
815;82;5;80000;128;0.1;0;15348
816;82;6;80000;128;0.1;0;4686
817;82;7;80000;128;0.1;0;10725
818;82;8;80000;128;0.1;0;15549
819;82;9;80000;128;0.1;0;3930
820;82;10;80000;128;0.1;0;13050
821;83;1;80000;128;0.1;0;4918
822;83;2;80000;128;0.1;0;9306
823;83;3;80000;128;0.1;0;13040
824;83;4;80000;128;0.1;0;10240
825;83;5;80000;128;0.1;0;14046
826;83;6;80000;128;0.1;0;17016
827;83;7;80000;128;0.1;0;4370
828;83;8;80000;128;0.1;0;8593
829;83;9;80000;128;0.1;0;12210
830;83;10;80000;128;0.1;0;15363
831;84;1;80000;128;0.1;0;4910
832;84;2;80000;128;0.1;0;9402
833;84;3;80000;128;0.1;0;12848
834;84;4;80000;128;0.1;0;16394
835;84;5;80000;128;0.1;0;4706
836;84;6;80000;128;0.1;0;14112
837;84;7;80000;128;0.1;0;4728
838;84;8;80000;128;0.1;0;14254
839;84;9;80000;128;0.1;0;21747
840;84;10;80000;128;0.1;0;4743
841;85;1;80000;128;0.1;0;10353
842;85;2;80000;128;0.1;0;9786
843;85;3;80000;128;0.1;0;4296
844;85;4;80000;128;0.1;0;8532
845;85;5;80000;128;0.1;0;11436
846;85;6;80000;128;0.1;0;4116
847;85;7;80000;128;0.1;0;8160
848;85;8;80000;128;0.1;0;11124
849;85;9;80000;128;0.1;0;6348
850;85;10;80000;128;0.1;0;15366
851;86;1;80000;128;0.1;0;5268
852;86;2;80000;128;0.1;0;10344
853;86;3;80000;128;0.1;0;13656
854;86;4;80000;128;0.1;0;17264
855;86;5;80000;128;0.1;0;4884
856;86;6;80000;128;0.1;0;9334
857;86;7;80000;128;0.1;0;4650
858;86;8;80000;128;0.1;0;9000
859;86;9;80000;128;0.1;0;18189
860;86;10;80000;128;0.1;0;4770
861;87;1;80000;128;0.1;0;12930
862;87;2;80000;128;0.1;0;4858
863;87;3;80000;128;0.1;0;12202
864;87;4;80000;128;0.1;0;16052
865;87;5;80000;128;0.1;0;4660
866;87;6;80000;128;0.1;0;11556
867;87;7;80000;128;0.1;0;21162
868;87;8;80000;128;0.1;0;4839
869;87;9;80000;128;0.1;0;12321
870;87;10;80000;128;0.1;0;19290
871;88;1;80000;128;0.1;0;17610
872;88;2;80000;128;0.1;0;4464
873;88;3;80000;128;0.1;0;7330
874;88;4;80000;128;0.1;0;4086
875;88;5;80000;128;0.1;0;8298
876;88;6;80000;128;0.1;0;10953
877;88;7;80000;128;0.1;0;4182
878;88;8;80000;128;0.1;0;8163
879;88;9;80000;128;0.1;0;11193
880;88;10;80000;128;0.1;0;3927
881;89;1;80000;128;0.1;0;5067
882;89;2;80000;128;0.1;0;9468
883;89;3;80000;128;0.1;0;12741
884;89;4;80000;128;0.1;0;4719
885;89;5;80000;128;0.1;0;9210
886;89;6;80000;128;0.1;0;12429
887;89;7;80000;128;0.1;0;4710
888;89;8;80000;128;0.1;0;12648
889;89;9;80000;128;0.1;0;21519
890;89;10;80000;128;0.1;0;24726
891;90;1;80000;128;0.1;0;4815
892;90;2;80000;128;0.1;0;10134
893;90;3;80000;128;0.1;0;13587
894;90;4;80000;128;0.1;0;16554
895;90;5;80000;128;0.1;0;4762
896;90;6;80000;128;0.1;0;14118
897;90;7;80000;128;0.1;0;4614
898;90;8;80000;128;0.1;0;11808
899;90;9;80000;128;0.1;0;19398
900;90;10;80000;128;0.1;0;4642
901;91;1;80000;128;0.1;0;4521
902;91;2;80000;128;0.1;0;8217
903;91;3;80000;128;0.1;0;11325
904;91;4;80000;128;0.1;0;4665
905;91;5;80000;128;0.1;0;8958
906;91;6;80000;128;0.1;0;12207
907;91;7;80000;128;0.1;0;15213
908;91;8;80000;128;0.1;0;9060
909;91;9;80000;128;0.1;0;8871
910;91;10;80000;128;0.1;0;4876
911;92;1;80000;128;0.1;0;5370
912;92;2;80000;128;0.1;0;11076
913;92;3;80000;128;0.1;0;15021
914;92;4;80000;128;0.1;0;18567
915;92;5;80000;128;0.1;0;3912
916;92;6;80000;128;0.1;0;7545
917;92;7;80000;128;0.1;0;4812
918;92;8;80000;128;0.1;0;9795
919;92;9;80000;128;0.1;0;16746
920;92;10;80000;128;0.1;0;4731
921;93;1;80000;128;0.1;0;4911
922;93;2;80000;128;0.1;0;10224
923;93;3;80000;128;0.1;0;13467
924;93;4;80000;128;0.1;0;7911
925;93;5;80000;128;0.1;0;14493
926;93;6;80000;128;0.1;0;18582
927;93;7;80000;128;0.1;0;4827
928;93;8;80000;128;0.1;0;15018
929;93;9;80000;128;0.1;0;16077
930;93;10;80000;128;0.1;0;19539
931;94;1;80000;128;0.1;0;4560
932;94;2;80000;128;0.1;0;9003
933;94;3;80000;128;0.1;0;12009
934;94;4;80000;128;0.1;0;14526
935;94;5;80000;128;0.1;0;4902
936;94;6;80000;128;0.1;0;9300
937;94;7;80000;128;0.1;0;4722
938;94;8;80000;128;0.1;0;9270
939;94;9;80000;128;0.1;0;12528
940;94;10;80000;128;0.1;0;4707
941;95;1;80000;128;0.1;0;4638
942;95;2;80000;128;0.1;0;8151
943;95;3;80000;128;0.1;0;11766
944;95;4;80000;128;0.1;0;4251
945;95;5;80000;128;0.1;0;7908
946;95;6;80000;128;0.1;0;10710
947;95;7;80000;128;0.1;0;13443
948;95;8;80000;128;0.1;0;4005
949;95;9;80000;128;0.1;0;7656
950;95;10;80000;128;0.1;0;4386
951;96;1;80000;128;0.1;0;10269
952;96;2;80000;128;0.1;0;12006
953;96;3;80000;128;0.1;0;10166
954;96;4;80000;128;0.1;0;8336
955;96;5;80000;128;0.1;0;11226
956;96;6;80000;128;0.1;0;9858
957;96;7;80000;128;0.1;0;8008
958;96;8;80000;128;0.1;0;11060
959;96;9;80000;128;0.1;0;9854
960;96;10;80000;128;0.1;0;8100
961;97;1;80000;128;0.1;0;4947
962;97;2;80000;128;0.1;0;15303
963;97;3;80000;128;0.1;0;18699
964;97;4;80000;128;0.1;0;4773
965;97;5;80000;128;0.1;0;23871
966;97;6;80000;128;0.1;0;27897
967;97;7;80000;128;0.1;0;31176
968;97;8;80000;128;0.1;0;3141
969;97;9;80000;128;0.1;0;6405
970;97;10;80000;128;0.1;0;5646
971;98;1;80000;128;0.1;0;5349
972;98;2;80000;128;0.1;0;8799
973;98;3;80000;128;0.1;0;11850
974;98;4;80000;128;0.1;0;4659
975;98;5;80000;128;0.1;0;7323
976;98;6;80000;128;0.1;0;10380
977;98;7;80000;128;0.1;0;4098
978;98;8;80000;128;0.1;0;7998
979;98;9;80000;128;0.1;0;10902
980;98;10;80000;128;0.1;0;13998
981;99;1;80000;128;0.1;0;9660
982;99;2;80000;128;0.1;0;14564
983;99;3;80000;128;0.1;0;17618
984;99;4;80000;128;0.1;0;20640
985;99;5;80000;128;0.1;0;2740
986;99;6;80000;128;0.1;0;5402
987;99;7;80000;128;0.1;0;4240
988;99;8;80000;128;0.1;0;8164
989;99;9;80000;128;0.1;0;11150
990;99;10;80000;128;0.1;0;4080
991;100;1;80000;128;0.1;0;5205
992;100;2;80000;128;0.1;0;12747
993;100;3;80000;128;0.1;0;16215
994;100;4;80000;128;0.1;0;4854
995;100;5;80000;128;0.1;0;11688
996;100;6;80000;128;0.1;0;21159
997;100;7;80000;128;0.1;0;25338
998;100;8;80000;128;0.1;0;3129
999;100;9;80000;128;0.1;0;12258
1000;100;10;80000;128;0.1;0;4743
