1;1;1;175000;128;0.1;0;39186
2;1;2;175000;128;0.1;0;10986
3;1;3;175000;128;0.1;0;20073
4;1;4;175000;128;0.1;0;28803
5;1;5;175000;128;0.1;0;34062
6;1;6;175000;128;0.1;0;38328
7;1;7;175000;128;0.1;0;44460
8;1;8;175000;128;0.1;0;54531
9;1;9;175000;128;0.1;0;53469
10;1;10;175000;128;0.1;0;61221
11;2;1;175000;128;0.1;0;40899
12;2;2;175000;128;0.1;0;45111
13;2;3;175000;128;0.1;0;49590
14;2;4;175000;128;0.1;0;53064
15;2;5;175000;128;0.1;0;32247
16;2;6;175000;128;0.1;0;35832
17;2;7;175000;128;0.1;0;44424
18;2;8;175000;128;0.1;0;47238
19;2;9;175000;128;0.1;0;55122
20;2;10;175000;128;0.1;0;59196
21;3;1;175000;128;0.1;0;9954
22;3;2;175000;128;0.1;0;12867
23;3;3;175000;128;0.1;0;16068
24;3;4;175000;128;0.1;0;19338
25;3;5;175000;128;0.1;0;22560
26;3;6;175000;128;0.1;0;26364
27;3;7;175000;128;0.1;0;30600
28;3;8;175000;128;0.1;0;11292
29;3;9;175000;128;0.1;0;14430
30;3;10;175000;128;0.1;0;18258
31;4;1;175000;128;0.1;0;26034
32;4;2;175000;128;0.1;0;34062
33;4;3;175000;128;0.1;0;38097
34;4;4;175000;128;0.1;0;41655
35;4;5;175000;128;0.1;0;27396
36;4;6;175000;128;0.1;0;35469
37;4;7;175000;128;0.1;0;39750
38;4;8;175000;128;0.1;0;38541
39;4;9;175000;128;0.1;0;44865
40;4;10;175000;128;0.1;0;59382
41;5;1;175000;128;0.1;0;10221
42;5;2;175000;128;0.1;0;5403
43;5;3;175000;128;0.1;0;13098
44;5;4;175000;128;0.1;0;16194
45;5;5;175000;128;0.1;0;19032
46;5;6;175000;128;0.1;0;21684
47;5;7;175000;128;0.1;0;24366
48;5;8;175000;128;0.1;0;22833
49;5;9;175000;128;0.1;0;25626
50;5;10;175000;128;0.1;0;28317
51;6;1;175000;128;0.1;0;10608
52;6;2;175000;128;0.1;0;9888
53;6;3;175000;128;0.1;0;12909
54;6;4;175000;128;0.1;0;15945
55;6;5;175000;128;0.1;0;18855
56;6;6;175000;128;0.1;0;22212
57;6;7;175000;128;0.1;0;25473
58;6;8;175000;128;0.1;0;9927
59;6;9;175000;128;0.1;0;12732
60;6;10;175000;128;0.1;0;15210
61;7;1;175000;128;0.1;0;5478
62;7;2;175000;128;0.1;0;10047
63;7;3;175000;128;0.1;0;13572
64;7;4;175000;128;0.1;0;16833
65;7;5;175000;128;0.1;0;20238
66;7;6;175000;128;0.1;0;23541
67;7;7;175000;128;0.1;0;27378
68;7;8;175000;128;0.1;0;7380
69;7;9;175000;128;0.1;0;10470
70;7;10;175000;128;0.1;0;13596
71;8;1;175000;128;0.1;0;161478
72;8;2;175000;128;0.1;0;142269
73;8;3;175000;128;0.1;0;150792
74;8;4;175000;128;0.1;0;159415
75;8;5;175000;128;0.1;0;162919
76;8;6;175000;128;0.1;0;166677
77;8;7;175000;128;0.1;0;168958
78;8;8;175000;128;0.1;0;179668
79;8;9;175000;128;0.1;0;183568
80;8;10;175000;128;0.1;0;167947
81;9;1;175000;128;0.1;0;12615
82;9;2;175000;128;0.1;0;15570
83;9;3;175000;128;0.1;0;19005
84;9;4;175000;128;0.1;0;22677
85;9;5;175000;128;0.1;0;25968
86;9;6;175000;128;0.1;0;30096
87;9;7;175000;128;0.1;0;33513
88;9;8;175000;128;0.1;0;41025
89;9;9;175000;128;0.1;0;50091
90;9;10;175000;128;0.1;0;47832
91;10;1;175000;128;0.1;0;68631
92;10;2;175000;128;0.1;0;76671
93;10;3;175000;128;0.1;0;80451
94;10;4;175000;128;0.1;0;83643
95;10;5;175000;128;0.1;0;90147
96;10;6;175000;128;0.1;0;98808
97;10;7;175000;128;0.1;0;102897
98;10;8;175000;128;0.1;0;106677
99;10;9;175000;128;0.1;0;83013
100;10;10;175000;128;0.1;0;91479
101;11;1;175000;128;0.1;0;12975
102;11;2;175000;128;0.1;0;15714
103;11;3;175000;128;0.1;0;19092
104;11;4;175000;128;0.1;0;22824
105;11;5;175000;128;0.1;0;4116
106;11;6;175000;128;0.1;0;13314
107;11;7;175000;128;0.1;0;17472
108;11;8;175000;128;0.1;0;22977
109;11;9;175000;128;0.1;0;26463
110;11;10;175000;128;0.1;0;30678
111;12;1;175000;128;0.1;0;7713
112;12;2;175000;128;0.1;0;10641
113;12;3;175000;128;0.1;0;14151
114;12;4;175000;128;0.1;0;18468
115;12;5;175000;128;0.1;0;4089
116;12;6;175000;128;0.1;0;8028
117;12;7;175000;128;0.1;0;10974
118;12;8;175000;128;0.1;0;13839
119;12;9;175000;128;0.1;0;16719
120;12;10;175000;128;0.1;0;19815
121;13;1;175000;128;0.1;0;23280
122;13;2;175000;128;0.1;0;26658
123;13;3;175000;128;0.1;0;29466
124;13;4;175000;128;0.1;0;32580
125;13;5;175000;128;0.1;0;30900
126;13;6;175000;128;0.1;0;23676
127;13;7;175000;128;0.1;0;26700
128;13;8;175000;128;0.1;0;29778
129;13;9;175000;128;0.1;0;33186
130;13;10;175000;128;0.1;0;7251
131;14;1;175000;128;0.1;0;29574
132;14;2;175000;128;0.1;0;30963
133;14;3;175000;128;0.1;0;39891
134;14;4;175000;128;0.1;0;44127
135;14;5;175000;128;0.1;0;47727
136;14;6;175000;128;0.1;0;53805
137;14;7;175000;128;0.1;0;62046
138;14;8;175000;128;0.1;0;60792
139;14;9;175000;128;0.1;0;47523
140;14;10;175000;128;0.1;0;56406
141;15;1;175000;128;0.1;0;129855
142;15;2;175000;128;0.1;0;133011
143;15;3;175000;128;0.1;0;136935
144;15;4;175000;128;0.1;0;140784
145;15;5;175000;128;0.1;0;146499
146;15;6;175000;128;0.1;0;139353
147;15;7;175000;128;0.1;0;138279
148;15;8;175000;128;0.1;0;141732
149;15;9;175000;128;0.1;0;148305
150;15;10;175000;128;0.1;0;129366
151;16;1;175000;128;0.1;0;118776
152;16;2;175000;128;0.1;0;121389
153;16;3;175000;128;0.1;0;125145
154;16;4;175000;128;0.1;0;132151
155;16;5;175000;128;0.1;0;140908
156;16;6;175000;128;0.1;0;145083
157;16;7;175000;128;0.1;0;153922
158;16;8;175000;128;0.1;0;161295
159;16;9;175000;128;0.1;0;145389
160;16;10;175000;128;0.1;0;148951
161;17;1;175000;128;0.1;0;4428
162;17;2;175000;128;0.1;0;8769
163;17;3;175000;128;0.1;0;11631
164;17;4;175000;128;0.1;0;15069
165;17;5;175000;128;0.1;0;18138
166;17;6;175000;128;0.1;0;21243
167;17;7;175000;128;0.1;0;24411
168;17;8;175000;128;0.1;0;27555
169;17;9;175000;128;0.1;0;12039
170;17;10;175000;128;0.1;0;14913
171;18;1;175000;128;0.1;0;6138
172;18;2;175000;128;0.1;0;8721
173;18;3;175000;128;0.1;0;12438
174;18;4;175000;128;0.1;0;16323
175;18;5;175000;128;0.1;0;10305
176;18;6;175000;128;0.1;0;8421
177;18;7;175000;128;0.1;0;11775
178;18;8;175000;128;0.1;0;15363
179;18;9;175000;128;0.1;0;18855
180;18;10;175000;128;0.1;0;22149
181;19;1;175000;128;0.1;0;6030
182;19;2;175000;128;0.1;0;8898
183;19;3;175000;128;0.1;0;12687
184;19;4;175000;128;0.1;0;15918
185;19;5;175000;128;0.1;0;19917
186;19;6;175000;128;0.1;0;4065
187;19;7;175000;128;0.1;0;7005
188;19;8;175000;128;0.1;0;10485
189;19;9;175000;128;0.1;0;14433
190;19;10;175000;128;0.1;0;17646
191;20;1;175000;128;0.1;0;9115
192;20;2;175000;128;0.1;0;15484
193;20;3;175000;128;0.1;0;19068
194;20;4;175000;128;0.1;0;23406
195;20;5;175000;128;0.1;0;4374
196;20;6;175000;128;0.1;0;13338
197;20;7;175000;128;0.1;0;16239
198;20;8;175000;128;0.1;0;18873
199;20;9;175000;128;0.1;0;21639
200;20;10;175000;128;0.1;0;19578
201;21;1;175000;128;0.1;0;14168
202;21;2;175000;128;0.1;0;16806
203;21;3;175000;128;0.1;0;14138
204;21;4;175000;128;0.1;0;17046
205;21;5;175000;128;0.1;0;19938
206;21;6;175000;128;0.1;0;23034
207;21;7;175000;128;0.1;0;25776
208;21;8;175000;128;0.1;0;10510
209;21;9;175000;128;0.1;0;13420
210;21;10;175000;128;0.1;0;15918
211;22;1;175000;128;0.1;0;5280
212;22;2;175000;128;0.1;0;7887
213;22;3;175000;128;0.1;0;10860
214;22;4;175000;128;0.1;0;13803
215;22;5;175000;128;0.1;0;17469
216;22;6;175000;128;0.1;0;4875
217;22;7;175000;128;0.1;0;9549
218;22;8;175000;128;0.1;0;13260
219;22;9;175000;128;0.1;0;16419
220;22;10;175000;128;0.1;0;19692
221;23;1;175000;128;0.1;0;10422
222;23;2;175000;128;0.1;0;14268
223;23;3;175000;128;0.1;0;17442
224;23;4;175000;128;0.1;0;20367
225;23;5;175000;128;0.1;0;23487
226;23;6;175000;128;0.1;0;27237
227;23;7;175000;128;0.1;0;31518
228;23;8;175000;128;0.1;0;34599
229;23;9;175000;128;0.1;0;41505
230;23;10;175000;128;0.1;0;44670
231;24;1;175000;128;0.1;0;82737
232;24;2;175000;128;0.1;0;74997
233;24;3;175000;128;0.1;0;78960
234;24;4;175000;128;0.1;0;82875
235;24;5;175000;128;0.1;0;71034
236;24;6;175000;128;0.1;0;79299
237;24;7;175000;128;0.1;0;83328
238;24;8;175000;128;0.1;0;86790
239;24;9;175000;128;0.1;0;67668
240;24;10;175000;128;0.1;0;76020
241;25;1;175000;128;0.1;0;5214
242;25;2;175000;128;0.1;0;9885
243;25;3;175000;128;0.1;0;13332
244;25;4;175000;128;0.1;0;16539
245;25;5;175000;128;0.1;0;19866
246;25;6;175000;128;0.1;0;23289
247;25;7;175000;128;0.1;0;26433
248;25;8;175000;128;0.1;0;30009
249;25;9;175000;128;0.1;0;11031
250;25;10;175000;128;0.1;0;14241
251;26;1;175000;128;0.1;0;17136
252;26;2;175000;128;0.1;0;20691
253;26;3;175000;128;0.1;0;4662
254;26;4;175000;128;0.1;0;8688
255;26;5;175000;128;0.1;0;16416
256;26;6;175000;128;0.1;0;19488
257;26;7;175000;128;0.1;0;28122
258;26;8;175000;128;0.1;0;32553
259;26;9;175000;128;0.1;0;41502
260;26;10;175000;128;0.1;0;19245
261;27;1;175000;128;0.1;0;83022
262;27;2;175000;128;0.1;0;85983
263;27;3;175000;128;0.1;0;93396
264;27;4;175000;128;0.1;0;97669
265;27;5;175000;128;0.1;0;100636
266;27;6;175000;128;0.1;0;111339
267;27;7;175000;128;0.1;0;117622
268;27;8;175000;128;0.1;0;122160
269;27;9;175000;128;0.1;0;117672
270;27;10;175000;128;0.1;0;124171
271;28;1;175000;128;0.1;0;118270
272;28;2;175000;128;0.1;0;120426
273;28;3;175000;128;0.1;0;128647
274;28;4;175000;128;0.1;0;133414
275;28;5;175000;128;0.1;0;136101
276;28;6;175000;128;0.1;0;135430
277;28;7;175000;128;0.1;0;138456
278;28;8;175000;128;0.1;0;140800
279;28;9;175000;128;0.1;0;129811
280;28;10;175000;128;0.1;0;132249
281;29;1;175000;128;0.1;0;3918
282;29;2;175000;128;0.1;0;7650
283;29;3;175000;128;0.1;0;11202
284;29;4;175000;128;0.1;0;14211
285;29;5;175000;128;0.1;0;17268
286;29;6;175000;128;0.1;0;20136
287;29;7;175000;128;0.1;0;23715
288;29;8;175000;128;0.1;0;6789
289;29;9;175000;128;0.1;0;9582
290;29;10;175000;128;0.1;0;12537
291;30;1;175000;128;0.1;0;78889
292;30;2;175000;128;0.1;0;82407
293;30;3;175000;128;0.1;0;85800
294;30;4;175000;128;0.1;0;101212
295;30;5;175000;128;0.1;0;104784
296;30;6;175000;128;0.1;0;109107
297;30;7;175000;128;0.1;0;108513
298;30;8;175000;128;0.1;0;110617
299;30;9;175000;128;0.1;0;94131
300;30;10;175000;128;0.1;0;91353
301;31;1;175000;128;0.1;0;4146
302;31;2;175000;128;0.1;0;8391
303;31;3;175000;128;0.1;0;11538
304;31;4;175000;128;0.1;0;14562
305;31;5;175000;128;0.1;0;17478
306;31;6;175000;128;0.1;0;20181
307;31;7;175000;128;0.1;0;23400
308;31;8;175000;128;0.1;0;6405
309;31;9;175000;128;0.1;0;8928
310;31;10;175000;128;0.1;0;11754
311;32;1;175000;128;0.1;0;8757
312;32;2;175000;128;0.1;0;11730
313;32;3;175000;128;0.1;0;14625
314;32;4;175000;128;0.1;0;17127
315;32;5;175000;128;0.1;0;19914
316;32;6;175000;128;0.1;0;23505
317;32;7;175000;128;0.1;0;27648
318;32;8;175000;128;0.1;0;4791
319;32;9;175000;128;0.1;0;7587
320;32;10;175000;128;0.1;0;10293
321;33;1;175000;128;0.1;0;77955
322;33;2;175000;128;0.1;0;86791
323;33;3;175000;128;0.1;0;90195
324;33;4;175000;128;0.1;0;98424
325;33;5;175000;128;0.1;0;108747
326;33;6;175000;128;0.1;0;115425
327;33;7;175000;128;0.1;0;119353
328;33;8;175000;128;0.1;0;100771
329;33;9;175000;128;0.1;0;107199
330;33;10;175000;128;0.1;0;110968
331;34;1;175000;128;0.1;0;4968
332;34;2;175000;128;0.1;0;13632
333;34;3;175000;128;0.1;0;17061
334;34;4;175000;128;0.1;0;16686
335;34;5;175000;128;0.1;0;19605
336;34;6;175000;128;0.1;0;22617
337;34;7;175000;128;0.1;0;25983
338;34;8;175000;128;0.1;0;29463
339;34;9;175000;128;0.1;0;23124
340;34;10;175000;128;0.1;0;31179
341;35;1;175000;128;0.1;0;100293
342;35;2;175000;128;0.1;0;108294
343;35;3;175000;128;0.1;0;121953
344;35;4;175000;128;0.1;0;125793
345;35;5;175000;128;0.1;0;133587
346;35;6;175000;128;0.1;0;108444
347;35;7;175000;128;0.1;0;111687
348;35;8;175000;128;0.1;0;114513
349;35;9;175000;128;0.1;0;117345
350;35;10;175000;128;0.1;0;115149
351;36;1;175000;128;0.1;0;23133
352;36;2;175000;128;0.1;0;32616
353;36;3;175000;128;0.1;0;35970
354;36;4;175000;128;0.1;0;40035
355;36;5;175000;128;0.1;0;43635
356;36;6;175000;128;0.1;0;49701
357;36;7;175000;128;0.1;0;57984
358;36;8;175000;128;0.1;0;57333
359;36;9;175000;128;0.1;0;45225
360;36;10;175000;128;0.1;0;51930
361;37;1;175000;128;0.1;0;8604
362;37;2;175000;128;0.1;0;10809
363;37;3;175000;128;0.1;0;13722
364;37;4;175000;128;0.1;0;18018
365;37;5;175000;128;0.1;0;14658
366;37;6;175000;128;0.1;0;12873
367;37;7;175000;128;0.1;0;15843
368;37;8;175000;128;0.1;0;18564
369;37;9;175000;128;0.1;0;16320
370;37;10;175000;128;0.1;0;19191
371;38;1;175000;128;0.1;0;5235
372;38;2;175000;128;0.1;0;9711
373;38;3;175000;128;0.1;0;13068
374;38;4;175000;128;0.1;0;19059
375;38;5;175000;128;0.1;0;22753
376;38;6;175000;128;0.1;0;25743
377;38;7;175000;128;0.1;0;28473
378;38;8;175000;128;0.1;0;13080
379;38;9;175000;128;0.1;0;15564
380;38;10;175000;128;0.1;0;18214
381;39;1;175000;128;0.1;0;7938
382;39;2;175000;128;0.1;0;10704
383;39;3;175000;128;0.1;0;13830
384;39;4;175000;128;0.1;0;16599
385;39;5;175000;128;0.1;0;20376
386;39;6;175000;128;0.1;0;4053
387;39;7;175000;128;0.1;0;8583
388;39;8;175000;128;0.1;0;12537
389;39;9;175000;128;0.1;0;15390
390;39;10;175000;128;0.1;0;18171
391;40;1;175000;128;0.1;0;9360
392;40;2;175000;128;0.1;0;9351
393;40;3;175000;128;0.1;0;12204
394;40;4;175000;128;0.1;0;15015
395;40;5;175000;128;0.1;0;17928
396;40;6;175000;128;0.1;0;20856
397;40;7;175000;128;0.1;0;24324
398;40;8;175000;128;0.1;0;26847
399;40;9;175000;128;0.1;0;30009
400;40;10;175000;128;0.1;0;32871
401;41;1;175000;128;0.1;0;8646
402;41;2;175000;128;0.1;0;12183
403;41;3;175000;128;0.1;0;16065
404;41;4;175000;128;0.1;0;4864
405;41;5;175000;128;0.1;0;9356
406;41;6;175000;128;0.1;0;12456
407;41;7;175000;128;0.1;0;15962
408;41;8;175000;128;0.1;0;19350
409;41;9;175000;128;0.1;0;22716
410;41;10;175000;128;0.1;0;29982
411;42;1;175000;128;0.1;0;74959
412;42;2;175000;128;0.1;0;78540
413;42;3;175000;128;0.1;0;87535
414;42;4;175000;128;0.1;0;90397
415;42;5;175000;128;0.1;0;94449
416;42;6;175000;128;0.1;0;103071
417;42;7;175000;128;0.1;0;105909
418;42;8;175000;128;0.1;0;91563
419;42;9;175000;128;0.1;0;100005
420;42;10;175000;128;0.1;0;109614
421;43;1;175000;128;0.1;0;3597
422;43;2;175000;128;0.1;0;8205
423;43;3;175000;128;0.1;0;11535
424;43;4;175000;128;0.1;0;14331
425;43;5;175000;128;0.1;0;17310
426;43;6;175000;128;0.1;0;20007
427;43;7;175000;128;0.1;0;23385
428;43;8;175000;128;0.1;0;5730
429;43;9;175000;128;0.1;0;7947
430;43;10;175000;128;0.1;0;10509
431;44;1;175000;128;0.1;0;116863
432;44;2;175000;128;0.1;0;116608
433;44;3;175000;128;0.1;0;120472
434;44;4;175000;128;0.1;0;129813
435;44;5;175000;128;0.1;0;138876
436;44;6;175000;128;0.1;0;111969
437;44;7;175000;128;0.1;0;110490
438;44;8;175000;128;0.1;0;118720
439;44;9;175000;128;0.1;0;127464
440;44;10;175000;128;0.1;0;131235
441;45;1;175000;128;0.1;0;113784
442;45;2;175000;128;0.1;0;117063
443;45;3;175000;128;0.1;0;125025
444;45;4;175000;128;0.1;0;128664
445;45;5;175000;128;0.1;0;131505
446;45;6;175000;128;0.1;0;134379
447;45;7;175000;128;0.1;0;132660
448;45;8;175000;128;0.1;0;135444
449;45;9;175000;128;0.1;0;115929
450;45;10;175000;128;0.1;0;118713
451;46;1;175000;128;0.1;0;92937
452;46;2;175000;128;0.1;0;94389
453;46;3;175000;128;0.1;0;102969
454;46;4;175000;128;0.1;0;106725
455;46;5;175000;128;0.1;0;110493
456;46;6;175000;128;0.1;0;116103
457;46;7;175000;128;0.1;0;124209
458;46;8;175000;128;0.1;0;127992
459;46;9;175000;128;0.1;0;109365
460;46;10;175000;128;0.1;0;117027
461;47;1;175000;128;0.1;0;11376
462;47;2;175000;128;0.1;0;13887
463;47;3;175000;128;0.1;0;17223
464;47;4;175000;128;0.1;0;20043
465;47;5;175000;128;0.1;0;23682
466;47;6;175000;128;0.1;0;4017
467;47;7;175000;128;0.1;0;7974
468;47;8;175000;128;0.1;0;11436
469;47;9;175000;128;0.1;0;14988
470;47;10;175000;128;0.1;0;17610
471;48;1;175000;128;0.1;0;47772
472;48;2;175000;128;0.1;0;53673
473;48;3;175000;128;0.1;0;61881
474;48;4;175000;128;0.1;0;65790
475;48;5;175000;128;0.1;0;70149
476;48;6;175000;128;0.1;0;71601
477;48;7;175000;128;0.1;0;79872
478;48;8;175000;128;0.1;0;83616
479;48;9;175000;128;0.1;0;72678
480;48;10;175000;128;0.1;0;79020
481;49;1;175000;128;0.1;0;3522
482;49;2;175000;128;0.1;0;6990
483;49;3;175000;128;0.1;0;10215
484;49;4;175000;128;0.1;0;14262
485;49;5;175000;128;0.1;0;18021
486;49;6;175000;128;0.1;0;4035
487;49;7;175000;128;0.1;0;8154
488;49;8;175000;128;0.1;0;11301
489;49;9;175000;128;0.1;0;14022
490;49;10;175000;128;0.1;0;16989
491;50;1;175000;128;0.1;0;5553
492;50;2;175000;128;0.1;0;8046
493;50;3;175000;128;0.1;0;10707
494;50;4;175000;128;0.1;0;13542
495;50;5;175000;128;0.1;0;16908
496;50;6;175000;128;0.1;0;4770
497;50;7;175000;128;0.1;0;14072
498;50;8;175000;128;0.1;0;17348
499;50;9;175000;128;0.1;0;20502
500;50;10;175000;128;0.1;0;23820
501;51;1;175000;128;0.1;0;7716
502;51;2;175000;128;0.1;0;10215
503;51;3;175000;128;0.1;0;13194
504;51;4;175000;128;0.1;0;16035
505;51;5;175000;128;0.1;0;19629
506;51;6;175000;128;0.1;0;4020
507;51;7;175000;128;0.1;0;8421
508;51;8;175000;128;0.1;0;18147
509;51;9;175000;128;0.1;0;21312
510;51;10;175000;128;0.1;0;30339
511;52;1;175000;128;0.1;0;71424
512;52;2;175000;128;0.1;0;74721
513;52;3;175000;128;0.1;0;81339
514;52;4;175000;128;0.1;0;89550
515;52;5;175000;128;0.1;0;65859
516;52;6;175000;128;0.1;0;74385
517;52;7;175000;128;0.1;0;77259
518;52;8;175000;128;0.1;0;87147
519;52;9;175000;128;0.1;0;93315
520;52;10;175000;128;0.1;0;102234
521;53;1;175000;128;0.1;0;36888
522;53;2;175000;128;0.1;0;16719
523;53;3;175000;128;0.1;0;19617
524;53;4;175000;128;0.1;0;22953
525;53;5;175000;128;0.1;0;26235
526;53;6;175000;128;0.1;0;7023
527;53;7;175000;128;0.1;0;10314
528;53;8;175000;128;0.1;0;15198
529;53;9;175000;128;0.1;0;18726
530;53;10;175000;128;0.1;0;21762
531;54;1;175000;128;0.1;0;9340
532;54;2;175000;128;0.1;0;12296
533;54;3;175000;128;0.1;0;14994
534;54;4;175000;128;0.1;0;19316
535;54;5;175000;128;0.1;0;4116
536;54;6;175000;128;0.1;0;12642
537;54;7;175000;128;0.1;0;15620
538;54;8;175000;128;0.1;0;18240
539;54;9;175000;128;0.1;0;16438
540;54;10;175000;128;0.1;0;18876
541;55;1;175000;128;0.1;0;101598
542;55;2;175000;128;0.1;0;105486
543;55;3;175000;128;0.1;0;114282
544;55;4;175000;128;0.1;0;116955
545;55;5;175000;128;0.1;0;90564
546;55;6;175000;128;0.1;0;93897
547;55;7;175000;128;0.1;0;100398
548;55;8;175000;128;0.1;0;108927
549;55;9;175000;128;0.1;0;107493
550;55;10;175000;128;0.1;0;110988
551;56;1;175000;128;0.1;0;8532
552;56;2;175000;128;0.1;0;10971
553;56;3;175000;128;0.1;0;13794
554;56;4;175000;128;0.1;0;17295
555;56;5;175000;128;0.1;0;4752
556;56;6;175000;128;0.1;0;9330
557;56;7;175000;128;0.1;0;12744
558;56;8;175000;128;0.1;0;15957
559;56;9;175000;128;0.1;0;23688
560;56;10;175000;128;0.1;0;33450
561;57;1;175000;128;0.1;0;4634
562;57;2;175000;128;0.1;0;8658
563;57;3;175000;128;0.1;0;12192
564;57;4;175000;128;0.1;0;15988
565;57;5;175000;128;0.1;0;19810
566;57;6;175000;128;0.1;0;4822
567;57;7;175000;128;0.1;0;9984
568;57;8;175000;128;0.1;0;13812
569;57;9;175000;128;0.1;0;16412
570;57;10;175000;128;0.1;0;19770
571;58;1;175000;128;0.1;0;68787
572;58;2;175000;128;0.1;0;77668
573;58;3;175000;128;0.1;0;80689
574;58;4;175000;128;0.1;0;82273
575;58;5;175000;128;0.1;0;85699
576;58;6;175000;128;0.1;0;94435
577;58;7;175000;128;0.1;0;97320
578;58;8;175000;128;0.1;0;82834
579;58;9;175000;128;0.1;0;85875
580;58;10;175000;128;0.1;0;89643
581;59;1;175000;128;0.1;0;55761
582;59;2;175000;128;0.1;0;61644
583;59;3;175000;128;0.1;0;70014
584;59;4;175000;128;0.1;0;73863
585;59;5;175000;128;0.1;0;58803
586;59;6;175000;128;0.1;0;64635
587;59;7;175000;128;0.1;0;72627
588;59;8;175000;128;0.1;0;76632
589;59;9;175000;128;0.1;0;80448
590;59;10;175000;128;0.1;0;54726
591;60;1;175000;128;0.1;0;14088
592;60;2;175000;128;0.1;0;17782
593;60;3;175000;128;0.1;0;4845
594;60;4;175000;128;0.1;0;9093
595;60;5;175000;128;0.1;0;16818
596;60;6;175000;128;0.1;0;20172
597;60;7;175000;128;0.1;0;24531
598;60;8;175000;128;0.1;0;27741
599;60;9;175000;128;0.1;0;31434
600;60;10;175000;128;0.1;0;13470
601;61;1;175000;128;0.1;0;37996
602;61;2;175000;128;0.1;0;45909
603;61;3;175000;128;0.1;0;45459
604;61;4;175000;128;0.1;0;27258
605;61;5;175000;128;0.1;0;29061
606;61;6;175000;128;0.1;0;37728
607;61;7;175000;128;0.1;0;41724
608;61;8;175000;128;0.1;0;45051
609;61;9;175000;128;0.1;0;26247
610;61;10;175000;128;0.1;0;29994
611;62;1;175000;128;0.1;0;61824
612;62;2;175000;128;0.1;0;69903
613;62;3;175000;128;0.1;0;75642
614;62;4;175000;128;0.1;0;65766
615;62;5;175000;128;0.1;0;69693
616;62;6;175000;128;0.1;0;72915
617;62;7;175000;128;0.1;0;76524
618;62;8;175000;128;0.1;0;55962
619;62;9;175000;128;0.1;0;64590
620;62;10;175000;128;0.1;0;68538
621;63;1;175000;128;0.1;0;53430
622;63;2;175000;128;0.1;0;61896
623;63;3;175000;128;0.1;0;70508
624;63;4;175000;128;0.1;0;53588
625;63;5;175000;128;0.1;0;52558
626;63;6;175000;128;0.1;0;59616
627;63;7;175000;128;0.1;0;68080
628;63;8;175000;128;0.1;0;42312
629;63;9;175000;128;0.1;0;45966
630;63;10;175000;128;0.1;0;51882
631;64;1;175000;128;0.1;0;90885
632;64;2;175000;128;0.1;0;98208
633;64;3;175000;128;0.1;0;102165
634;64;4;175000;128;0.1;0;100524
635;64;5;175000;128;0.1;0;115101
636;64;6;175000;128;0.1;0;111900
637;64;7;175000;128;0.1;0;116094
638;64;8;175000;128;0.1;0;121032
639;64;9;175000;128;0.1;0;130803
640;64;10;175000;128;0.1;0;134031
641;65;1;175000;128;0.1;0;131760
642;65;2;175000;128;0.1;0;141508
643;65;3;175000;128;0.1;0;145216
644;65;4;175000;128;0.1;0;148459
645;65;5;175000;128;0.1;0;152521
646;65;6;175000;128;0.1;0;155314
647;65;7;175000;128;0.1;0;158011
648;65;8;175000;128;0.1;0;160854
649;65;9;175000;128;0.1;0;144055
650;65;10;175000;128;0.1;0;146590
651;66;1;175000;128;0.1;0;9720
652;66;2;175000;128;0.1;0;12600
653;66;3;175000;128;0.1;0;15738
654;66;4;175000;128;0.1;0;19605
655;66;5;175000;128;0.1;0;3975
656;66;6;175000;128;0.1;0;12993
657;66;7;175000;128;0.1;0;15831
658;66;8;175000;128;0.1;0;18513
659;66;9;175000;128;0.1;0;21471
660;66;10;175000;128;0.1;0;18918
661;67;1;175000;128;0.1;0;8709
662;67;2;175000;128;0.1;0;11244
663;67;3;175000;128;0.1;0;14016
664;67;4;175000;128;0.1;0;16605
665;67;5;175000;128;0.1;0;19872
666;67;6;175000;128;0.1;0;4695
667;67;7;175000;128;0.1;0;9330
668;67;8;175000;128;0.1;0;13344
669;67;9;175000;128;0.1;0;16521
670;67;10;175000;128;0.1;0;19497
671;68;1;175000;128;0.1;0;4317
672;68;2;175000;128;0.1;0;7197
673;68;3;175000;128;0.1;0;9747
674;68;4;175000;128;0.1;0;12633
675;68;5;175000;128;0.1;0;15699
676;68;6;175000;128;0.1;0;4785
677;68;7;175000;128;0.1;0;9075
678;68;8;175000;128;0.1;0;12393
679;68;9;175000;128;0.1;0;15564
680;68;10;175000;128;0.1;0;18711
681;69;1;175000;128;0.1;0;66813
682;69;2;175000;128;0.1;0;70095
683;69;3;175000;128;0.1;0;77694
684;69;4;175000;128;0.1;0;80922
685;69;5;175000;128;0.1;0;67887
686;69;6;175000;128;0.1;0;86412
687;69;7;175000;128;0.1;0;90261
688;69;8;175000;128;0.1;0;101481
689;69;9;175000;128;0.1;0;110865
690;69;10;175000;128;0.1;0;114819
691;70;1;175000;128;0.1;0;4779
692;70;2;175000;128;0.1;0;9636
693;70;3;175000;128;0.1;0;12792
694;70;4;175000;128;0.1;0;15534
695;70;5;175000;128;0.1;0;18477
696;70;6;175000;128;0.1;0;21237
697;70;7;175000;128;0.1;0;24135
698;70;8;175000;128;0.1;0;7581
699;70;9;175000;128;0.1;0;10122
700;70;10;175000;128;0.1;0;12639
701;71;1;175000;128;0.1;0;4140
702;71;2;175000;128;0.1;0;8340
703;71;3;175000;128;0.1;0;12150
704;71;4;175000;128;0.1;0;14838
705;71;5;175000;128;0.1;0;17454
706;71;6;175000;128;0.1;0;20112
707;71;7;175000;128;0.1;0;23412
708;71;8;175000;128;0.1;0;6636
709;71;9;175000;128;0.1;0;9140
710;71;10;175000;128;0.1;0;12262
711;72;1;175000;128;0.1;0;7760
712;72;2;175000;128;0.1;0;11182
713;72;3;175000;128;0.1;0;14824
714;72;4;175000;128;0.1;0;18951
715;72;5;175000;128;0.1;0;4818
716;72;6;175000;128;0.1;0;9507
717;72;7;175000;128;0.1;0;13965
718;72;8;175000;128;0.1;0;22029
719;72;9;175000;128;0.1;0;25530
720;72;10;175000;128;0.1;0;30015
721;73;1;175000;128;0.1;0;7911
722;73;2;175000;128;0.1;0;10866
723;73;3;175000;128;0.1;0;13905
724;73;4;175000;128;0.1;0;16833
725;73;5;175000;128;0.1;0;14814
726;73;6;175000;128;0.1;0;9837
727;73;7;175000;128;0.1;0;8322
728;73;8;175000;128;0.1;0;11265
729;73;9;175000;128;0.1;0;14358
730;73;10;175000;128;0.1;0;17259
731;74;1;175000;128;0.1;0;63082
732;74;2;175000;128;0.1;0;66704
733;74;3;175000;128;0.1;0;72780
734;74;4;175000;128;0.1;0;81168
735;74;5;175000;128;0.1;0;85086
736;74;6;175000;128;0.1;0;88627
737;74;7;175000;128;0.1;0;102036
738;74;8;175000;128;0.1;0;108996
739;74;9;175000;128;0.1;0;90216
740;74;10;175000;128;0.1;0;98106
741;75;1;175000;128;0.1;0;11136
742;75;2;175000;128;0.1;0;14433
743;75;3;175000;128;0.1;0;18135
744;75;4;175000;128;0.1;0;22188
745;75;5;175000;128;0.1;0;4692
746;75;6;175000;128;0.1;0;8307
747;75;7;175000;128;0.1;0;13554
748;75;8;175000;128;0.1;0;17280
749;75;9;175000;128;0.1;0;20511
750;75;10;175000;128;0.1;0;23826
751;76;1;175000;128;0.1;0;52113
752;76;2;175000;128;0.1;0;59143
753;76;3;175000;128;0.1;0;67437
754;76;4;175000;128;0.1;0;37260
755;76;5;175000;128;0.1;0;46059
756;76;6;175000;128;0.1;0;48700
757;76;7;175000;128;0.1;0;55579
758;76;8;175000;128;0.1;0;59373
759;76;9;175000;128;0.1;0;35568
760;76;10;175000;128;0.1;0;42310
761;77;1;175000;128;0.1;0;12795
762;77;2;175000;128;0.1;0;16500
763;77;3;175000;128;0.1;0;19218
764;77;4;175000;128;0.1;0;21918
765;77;5;175000;128;0.1;0;25005
766;77;6;175000;128;0.1;0;22866
767;77;7;175000;128;0.1;0;26103
768;77;8;175000;128;0.1;0;19593
769;77;9;175000;128;0.1;0;22128
770;77;10;175000;128;0.1;0;24978
771;78;1;175000;128;0.1;0;33399
772;78;2;175000;128;0.1;0;39843
773;78;3;175000;128;0.1;0;47616
774;78;4;175000;128;0.1;0;22605
775;78;5;175000;128;0.1;0;21633
776;78;6;175000;128;0.1;0;31134
777;78;7;175000;128;0.1;0;40293
778;78;8;175000;128;0.1;0;43749
779;78;9;175000;128;0.1;0;51012
780;78;10;175000;128;0.1;0;59502
781;79;1;175000;128;0.1;0;8256
782;79;2;175000;128;0.1;0;11223
783;79;3;175000;128;0.1;0;15048
784;79;4;175000;128;0.1;0;18966
785;79;5;175000;128;0.1;0;4869
786;79;6;175000;128;0.1;0;9132
787;79;7;175000;128;0.1;0;14094
788;79;8;175000;128;0.1;0;17574
789;79;9;175000;128;0.1;0;20511
790;79;10;175000;128;0.1;0;23478
791;80;1;175000;128;0.1;0;10182
792;80;2;175000;128;0.1;0;13884
793;80;3;175000;128;0.1;0;20352
794;80;4;175000;128;0.1;0;22944
795;80;5;175000;128;0.1;0;20661
796;80;6;175000;128;0.1;0;23526
797;80;7;175000;128;0.1;0;26229
798;80;8;175000;128;0.1;0;28881
799;80;9;175000;128;0.1;0;18522
800;80;10;175000;128;0.1;0;20907
801;81;1;175000;128;0.1;0;50442
802;81;2;175000;128;0.1;0;56805
803;81;3;175000;128;0.1;0;55893
804;81;4;175000;128;0.1;0;59418
805;81;5;175000;128;0.1;0;63084
806;81;6;175000;128;0.1;0;70659
807;81;7;175000;128;0.1;0;79350
808;81;8;175000;128;0.1;0;82968
809;81;9;175000;128;0.1;0;71094
810;81;10;175000;128;0.1;0;76929
811;82;1;175000;128;0.1;0;20739
812;82;2;175000;128;0.1;0;23694
813;82;3;175000;128;0.1;0;27774
814;82;4;175000;128;0.1;0;6306
815;82;5;175000;128;0.1;0;9330
816;82;6;175000;128;0.1;0;12777
817;82;7;175000;128;0.1;0;16842
818;82;8;175000;128;0.1;0;20967
819;82;9;175000;128;0.1;0;5451
820;82;10;175000;128;0.1;0;9045
821;83;1;175000;128;0.1;0;10322
822;83;2;175000;128;0.1;0;9192
823;83;3;175000;128;0.1;0;12528
824;83;4;175000;128;0.1;0;15308
825;83;5;175000;128;0.1;0;18180
826;83;6;175000;128;0.1;0;21136
827;83;7;175000;128;0.1;0;24044
828;83;8;175000;128;0.1;0;26796
829;83;9;175000;128;0.1;0;11678
830;83;10;175000;128;0.1;0;14572
831;84;1;175000;128;0.1;0;119871
832;84;2;175000;128;0.1;0;123411
833;84;3;175000;128;0.1;0;133462
834;84;4;175000;128;0.1;0;141888
835;84;5;175000;128;0.1;0;122026
836;84;6;175000;128;0.1;0;125728
837;84;7;175000;128;0.1;0;132700
838;84;8;175000;128;0.1;0;140860
839;84;9;175000;128;0.1;0;144736
840;84;10;175000;128;0.1;0;115761
841;85;1;175000;128;0.1;0;51663
842;85;2;175000;128;0.1;0;54837
843;85;3;175000;128;0.1;0;58500
844;85;4;175000;128;0.1;0;65418
845;85;5;175000;128;0.1;0;37668
846;85;6;175000;128;0.1;0;40995
847;85;7;175000;128;0.1;0;44676
848;85;8;175000;128;0.1;0;45879
849;85;9;175000;128;0.1;0;48291
850;85;10;175000;128;0.1;0;63549
851;86;1;175000;128;0.1;0;35688
852;86;2;175000;128;0.1;0;39192
853;86;3;175000;128;0.1;0;42633
854;86;4;175000;128;0.1;0;44142
855;86;5;175000;128;0.1;0;52746
856;86;6;175000;128;0.1;0;56160
857;86;7;175000;128;0.1;0;60651
858;86;8;175000;128;0.1;0;45681
859;86;9;175000;128;0.1;0;53874
860;86;10;175000;128;0.1;0;57786
861;87;1;175000;128;0.1;0;10197
862;87;2;175000;128;0.1;0;13221
863;87;3;175000;128;0.1;0;17676
864;87;4;175000;128;0.1;0;4848
865;87;5;175000;128;0.1;0;9267
866;87;6;175000;128;0.1;0;13380
867;87;7;175000;128;0.1;0;16383
868;87;8;175000;128;0.1;0;19452
869;87;9;175000;128;0.1;0;22602
870;87;10;175000;128;0.1;0;25830
871;88;1;175000;128;0.1;0;13197
872;88;2;175000;128;0.1;0;21102
873;88;3;175000;128;0.1;0;24219
874;88;4;175000;128;0.1;0;28092
875;88;5;175000;128;0.1;0;31017
876;88;6;175000;128;0.1;0;33699
877;88;7;175000;128;0.1;0;36534
878;88;8;175000;128;0.1;0;13332
879;88;9;175000;128;0.1;0;15756
880;88;10;175000;128;0.1;0;18231
881;89;1;175000;128;0.1;0;36606
882;89;2;175000;128;0.1;0;40317
883;89;3;175000;128;0.1;0;39024
884;89;4;175000;128;0.1;0;46608
885;89;5;175000;128;0.1;0;55272
886;89;6;175000;128;0.1;0;59586
887;89;7;175000;128;0.1;0;68784
888;89;8;175000;128;0.1;0;54126
889;89;9;175000;128;0.1;0;57633
890;89;10;175000;128;0.1;0;61416
891;90;1;175000;128;0.1;0;51195
892;90;2;175000;128;0.1;0;55137
893;90;3;175000;128;0.1;0;33867
894;90;4;175000;128;0.1;0;40239
895;90;5;175000;128;0.1;0;48588
896;90;6;175000;128;0.1;0;52314
897;90;7;175000;128;0.1;0;56115
898;90;8;175000;128;0.1;0;28732
899;90;9;175000;128;0.1;0;36802
900;90;10;175000;128;0.1;0;40395
901;91;1;175000;128;0.1;0;4743
902;91;2;175000;128;0.1;0;9054
903;91;3;175000;128;0.1;0;13068
904;91;4;175000;128;0.1;0;16068
905;91;5;175000;128;0.1;0;18747
906;91;6;175000;128;0.1;0;21945
907;91;7;175000;128;0.1;0;25476
908;91;8;175000;128;0.1;0;7650
909;91;9;175000;128;0.1;0;6342
910;91;10;175000;128;0.1;0;10461
911;92;1;175000;128;0.1;0;80049
912;92;2;175000;128;0.1;0;82569
913;92;3;175000;128;0.1;0;90006
914;92;4;175000;128;0.1;0;88980
915;92;5;175000;128;0.1;0;98181
916;92;6;175000;128;0.1;0;111375
917;92;7;175000;128;0.1;0;115413
918;92;8;175000;128;0.1;0;104616
919;92;9;175000;128;0.1;0;110928
920;92;10;175000;128;0.1;0;116184
921;93;1;175000;128;0.1;0;116566
922;93;2;175000;128;0.1;0;123726
923;93;3;175000;128;0.1;0;132897
924;93;4;175000;128;0.1;0;141700
925;93;5;175000;128;0.1;0;147624
926;93;6;175000;128;0.1;0;151561
927;93;7;175000;128;0.1;0;140014
928;93;8;175000;128;0.1;0;143548
929;93;9;175000;128;0.1;0;149430
930;93;10;175000;128;0.1;0;152574
931;94;1;175000;128;0.1;0;47271
932;94;2;175000;128;0.1;0;50832
933;94;3;175000;128;0.1;0;49908
934;94;4;175000;128;0.1;0;55917
935;94;5;175000;128;0.1;0;64281
936;94;6;175000;128;0.1;0;68253
937;94;7;175000;128;0.1;0;72066
938;94;8;175000;128;0.1;0;53298
939;94;9;175000;128;0.1;0;61161
940;94;10;175000;128;0.1;0;65247
941;95;1;175000;128;0.1;0;12921
942;95;2;175000;128;0.1;0;15195
943;95;3;175000;128;0.1;0;26316
944;95;4;175000;128;0.1;0;29604
945;95;5;175000;128;0.1;0;3756
946;95;6;175000;128;0.1;0;7566
947;95;7;175000;128;0.1;0;15009
948;95;8;175000;128;0.1;0;23898
949;95;9;175000;128;0.1;0;27552
950;95;10;175000;128;0.1;0;31257
951;96;1;175000;128;0.1;0;4860
952;96;2;175000;128;0.1;0;8127
953;96;3;175000;128;0.1;0;11613
954;96;4;175000;128;0.1;0;15660
955;96;5;175000;128;0.1;0;20019
956;96;6;175000;128;0.1;0;3903
957;96;7;175000;128;0.1;0;7971
958;96;8;175000;128;0.1;0;11724
959;96;9;175000;128;0.1;0;14379
960;96;10;175000;128;0.1;0;17085
961;97;1;175000;128;0.1;0;12681
962;97;2;175000;128;0.1;0;15828
963;97;3;175000;128;0.1;0;18558
964;97;4;175000;128;0.1;0;21663
965;97;5;175000;128;0.1;0;24546
966;97;6;175000;128;0.1;0;27822
967;97;7;175000;128;0.1;0;6798
968;97;8;175000;128;0.1;0;9639
969;97;9;175000;128;0.1;0;12723
970;97;10;175000;128;0.1;0;16086
971;98;1;175000;128;0.1;0;40365
972;98;2;175000;128;0.1;0;52638
973;98;3;175000;128;0.1;0;61458
974;98;4;175000;128;0.1;0;64848
975;98;5;175000;128;0.1;0;65004
976;98;6;175000;128;0.1;0;70572
977;98;7;175000;128;0.1;0;79104
978;98;8;175000;128;0.1;0;82956
979;98;9;175000;128;0.1;0;65553
980;98;10;175000;128;0.1;0;71622
981;99;1;175000;128;0.1;0;3423
982;99;2;175000;128;0.1;0;6867
983;99;3;175000;128;0.1;0;10155
984;99;4;175000;128;0.1;0;13923
985;99;5;175000;128;0.1;0;17928
986;99;6;175000;128;0.1;0;4215
987;99;7;175000;128;0.1;0;7896
988;99;8;175000;128;0.1;0;12159
989;99;9;175000;128;0.1;0;15483
990;99;10;175000;128;0.1;0;18681
991;100;1;175000;128;0.1;0;13803
992;100;2;175000;128;0.1;0;16651
993;100;3;175000;128;0.1;0;23803
994;100;4;175000;128;0.1;0;27903
995;100;5;175000;128;0.1;0;2907
996;100;6;175000;128;0.1;0;7305
997;100;7;175000;128;0.1;0;16728
998;100;8;175000;128;0.1;0;20181
999;100;9;175000;128;0.1;0;26157
1000;100;10;175000;128;0.1;0;30237
