1;1;1;20000;128;0.1;0;5493
2;1;2;20000;128;0.1;0;5067
3;1;3;20000;128;0.1;0;4908
4;1;4;20000;128;0.1;0;5466
5;1;5;20000;128;0.1;0;4834
6;1;6;20000;128;0.1;0;4881
7;1;7;20000;128;0.1;0;4791
8;1;8;20000;128;0.1;0;4809
9;1;9;20000;128;0.1;0;4773
10;1;10;20000;128;0.1;0;4845
11;2;1;20000;128;0.1;0;4998
12;2;2;20000;128;0.1;0;4185
13;2;3;20000;128;0.1;0;4548
14;2;4;20000;128;0.1;0;4410
15;2;5;20000;128;0.1;0;3600
16;2;6;20000;128;0.1;0;3576
17;2;7;20000;128;0.1;0;3711
18;2;8;20000;128;0.1;0;3813
19;2;9;20000;128;0.1;0;3828
20;2;10;20000;128;0.1;0;3693
21;3;1;20000;128;0.1;0;4725
22;3;2;20000;128;0.1;0;4368
23;3;3;20000;128;0.1;0;4702
24;3;4;20000;128;0.1;0;4286
25;3;5;20000;128;0.1;0;4263
26;3;6;20000;128;0.1;0;4170
27;3;7;20000;128;0.1;0;3981
28;3;8;20000;128;0.1;0;4119
29;3;9;20000;128;0.1;0;3972
30;3;10;20000;128;0.1;0;3939
31;4;1;20000;128;0.1;0;5386
32;4;2;20000;128;0.1;0;4852
33;4;3;20000;128;0.1;0;5058
34;4;4;20000;128;0.1;0;4860
35;4;5;20000;128;0.1;0;4893
36;4;6;20000;128;0.1;0;4695
37;4;7;20000;128;0.1;0;4782
38;4;8;20000;128;0.1;0;4737
39;4;9;20000;128;0.1;0;4806
40;4;10;20000;128;0.1;0;4839
41;5;1;20000;128;0.1;0;5594
42;5;2;20000;128;0.1;0;4734
43;5;3;20000;128;0.1;0;5463
44;5;4;20000;128;0.1;0;4902
45;5;5;20000;128;0.1;0;4422
46;5;6;20000;128;0.1;0;4053
47;5;7;20000;128;0.1;0;4086
48;5;8;20000;128;0.1;0;4071
49;5;9;20000;128;0.1;0;4272
50;5;10;20000;128;0.1;0;3906
51;6;1;20000;128;0.1;0;5193
52;6;2;20000;128;0.1;0;6213
53;6;3;20000;128;0.1;0;10194
54;6;4;20000;128;0.1;0;5073
55;6;5;20000;128;0.1;0;4206
56;6;6;20000;128;0.1;0;4122
57;6;7;20000;128;0.1;0;4110
58;6;8;20000;128;0.1;0;4458
59;6;9;20000;128;0.1;0;4104
60;6;10;20000;128;0.1;0;4575
61;7;1;20000;128;0.1;0;10389
62;7;2;20000;128;0.1;0;4974
63;7;3;20000;128;0.1;0;9699
64;7;4;20000;128;0.1;0;4695
65;7;5;20000;128;0.1;0;4815
66;7;6;20000;128;0.1;0;4689
67;7;7;20000;128;0.1;0;4668
68;7;8;20000;128;0.1;0;4650
69;7;9;20000;128;0.1;0;4746
70;7;10;20000;128;0.1;0;4772
71;8;1;20000;128;0.1;0;4662
72;8;2;20000;128;0.1;0;4185
73;8;3;20000;128;0.1;0;4266
74;8;4;20000;128;0.1;0;4515
75;8;5;20000;128;0.1;0;4242
76;8;6;20000;128;0.1;0;4106
77;8;7;20000;128;0.1;0;4138
78;8;8;20000;128;0.1;0;4239
79;8;9;20000;128;0.1;0;4293
80;8;10;20000;128;0.1;0;4038
81;9;1;20000;128;0.1;0;4526
82;9;2;20000;128;0.1;0;4218
83;9;3;20000;128;0.1;0;4176
84;9;4;20000;128;0.1;0;4716
85;9;5;20000;128;0.1;0;4284
86;9;6;20000;128;0.1;0;10560
87;9;7;20000;128;0.1;0;4062
88;9;8;20000;128;0.1;0;4026
89;9;9;20000;128;0.1;0;4170
90;9;10;20000;128;0.1;0;4068
91;10;1;20000;128;0.1;0;5118
92;10;2;20000;128;0.1;0;4755
93;10;3;20000;128;0.1;0;5061
94;10;4;20000;128;0.1;0;4984
95;10;5;20000;128;0.1;0;4968
96;10;6;20000;128;0.1;0;4095
97;10;7;20000;128;0.1;0;4164
98;10;8;20000;128;0.1;0;4386
99;10;9;20000;128;0.1;0;4293
100;10;10;20000;128;0.1;0;4014
101;11;1;20000;128;0.1;0;4911
102;11;2;20000;128;0.1;0;4911
103;11;3;20000;128;0.1;0;5133
104;11;4;20000;128;0.1;0;4791
105;11;5;20000;128;0.1;0;4918
106;11;6;20000;128;0.1;0;4686
107;11;7;20000;128;0.1;0;4686
108;11;8;20000;128;0.1;0;4740
109;11;9;20000;128;0.1;0;4875
110;11;10;20000;128;0.1;0;4743
111;12;1;20000;128;0.1;0;4896
112;12;2;20000;128;0.1;0;4284
113;12;3;20000;128;0.1;0;4188
114;12;4;20000;128;0.1;0;4452
115;12;5;20000;128;0.1;0;4218
116;12;6;20000;128;0.1;0;4212
117;12;7;20000;128;0.1;0;4110
118;12;8;20000;128;0.1;0;4140
119;12;9;20000;128;0.1;0;4239
120;12;10;20000;128;0.1;0;4125
121;13;1;20000;128;0.1;0;4728
122;13;2;20000;128;0.1;0;4410
123;13;3;20000;128;0.1;0;4458
124;13;4;20000;128;0.1;0;5742
125;13;5;20000;128;0.1;0;4434
126;13;6;20000;128;0.1;0;4113
127;13;7;20000;128;0.1;0;4239
128;13;8;20000;128;0.1;0;4131
129;13;9;20000;128;0.1;0;4329
130;13;10;20000;128;0.1;0;4328
131;14;1;20000;128;0.1;0;5256
132;14;2;20000;128;0.1;0;4806
133;14;3;20000;128;0.1;0;4844
134;14;4;20000;128;0.1;0;4780
135;14;5;20000;128;0.1;0;4848
136;14;6;20000;128;0.1;0;4788
137;14;7;20000;128;0.1;0;4824
138;14;8;20000;128;0.1;0;4677
139;14;9;20000;128;0.1;0;4803
140;14;10;20000;128;0.1;0;4809
141;15;1;20000;128;0.1;0;5130
142;15;2;20000;128;0.1;0;4803
143;15;3;20000;128;0.1;0;5085
144;15;4;20000;128;0.1;0;4761
145;15;5;20000;128;0.1;0;4932
146;15;6;20000;128;0.1;0;5022
147;15;7;20000;128;0.1;0;4834
148;15;8;20000;128;0.1;0;4884
149;15;9;20000;128;0.1;0;4827
150;15;10;20000;128;0.1;0;4824
151;16;1;20000;128;0.1;0;5319
152;16;2;20000;128;0.1;0;4776
153;16;3;20000;128;0.1;0;5409
154;16;4;20000;128;0.1;0;4896
155;16;5;20000;128;0.1;0;4920
156;16;6;20000;128;0.1;0;4725
157;16;7;20000;128;0.1;0;4759
158;16;8;20000;128;0.1;0;4758
159;16;9;20000;128;0.1;0;4934
160;16;10;20000;128;0.1;0;4896
161;17;1;20000;128;0.1;0;5736
162;17;2;20000;128;0.1;0;4263
163;17;3;20000;128;0.1;0;4448
164;17;4;20000;128;0.1;0;4614
165;17;5;20000;128;0.1;0;4188
166;17;6;20000;128;0.1;0;4296
167;17;7;20000;128;0.1;0;4041
168;17;8;20000;128;0.1;0;4371
169;17;9;20000;128;0.1;0;4335
170;17;10;20000;128;0.1;0;4062
171;18;1;20000;128;0.1;0;4968
172;18;2;20000;128;0.1;0;4338
173;18;3;20000;128;0.1;0;4362
174;18;4;20000;128;0.1;0;4245
175;18;5;20000;128;0.1;0;4899
176;18;6;20000;128;0.1;0;4779
177;18;7;20000;128;0.1;0;4794
178;18;8;20000;128;0.1;0;5649
179;18;9;20000;128;0.1;0;5118
180;18;10;20000;128;0.1;0;4788
181;19;1;20000;128;0.1;0;5344
182;19;2;20000;128;0.1;0;4844
183;19;3;20000;128;0.1;0;5070
184;19;4;20000;128;0.1;0;4821
185;19;5;20000;128;0.1;0;4884
186;19;6;20000;128;0.1;0;4653
187;19;7;20000;128;0.1;0;4779
188;19;8;20000;128;0.1;0;4776
189;19;9;20000;128;0.1;0;4728
190;19;10;20000;128;0.1;0;4806
191;20;1;20000;128;0.1;0;5458
192;20;2;20000;128;0.1;0;4824
193;20;3;20000;128;0.1;0;4992
194;20;4;20000;128;0.1;0;4974
195;20;5;20000;128;0.1;0;4974
196;20;6;20000;128;0.1;0;4071
197;20;7;20000;128;0.1;0;4080
198;20;8;20000;128;0.1;0;4368
199;20;9;20000;128;0.1;0;4371
200;20;10;20000;128;0.1;0;4197
201;21;1;20000;128;0.1;0;5118
202;21;2;20000;128;0.1;0;4911
203;21;3;20000;128;0.1;0;4848
204;21;4;20000;128;0.1;0;4836
205;21;5;20000;128;0.1;0;4824
206;21;6;20000;128;0.1;0;4707
207;21;7;20000;128;0.1;0;4719
208;21;8;20000;128;0.1;0;4822
209;21;9;20000;128;0.1;0;4818
210;21;10;20000;128;0.1;0;4686
211;22;1;20000;128;0.1;0;4854
212;22;2;20000;128;0.1;0;4155
213;22;3;20000;128;0.1;0;4497
214;22;4;20000;128;0.1;0;4230
215;22;5;20000;128;0.1;0;4158
216;22;6;20000;128;0.1;0;4038
217;22;7;20000;128;0.1;0;4230
218;22;8;20000;128;0.1;0;4200
219;22;9;20000;128;0.1;0;4206
220;22;10;20000;128;0.1;0;4146
221;23;1;20000;128;0.1;0;4890
222;23;2;20000;128;0.1;0;4245
223;23;3;20000;128;0.1;0;3954
224;23;4;20000;128;0.1;0;4293
225;23;5;20000;128;0.1;0;4791
226;23;6;20000;128;0.1;0;4638
227;23;7;20000;128;0.1;0;4682
228;23;8;20000;128;0.1;0;4782
229;23;9;20000;128;0.1;0;4833
230;23;10;20000;128;0.1;0;4620
231;24;1;20000;128;0.1;0;4764
232;24;2;20000;128;0.1;0;4458
233;24;3;20000;128;0.1;0;4299
234;24;4;20000;128;0.1;0;4914
235;24;5;20000;128;0.1;0;4806
236;24;6;20000;128;0.1;0;4768
237;24;7;20000;128;0.1;0;4713
238;24;8;20000;128;0.1;0;4659
239;24;9;20000;128;0.1;0;4839
240;24;10;20000;128;0.1;0;4761
241;25;1;20000;128;0.1;0;4827
242;25;2;20000;128;0.1;0;4005
243;25;3;20000;128;0.1;0;4521
244;25;4;20000;128;0.1;0;4953
245;25;5;20000;128;0.1;0;4764
246;25;6;20000;128;0.1;0;4764
247;25;7;20000;128;0.1;0;5238
248;25;8;20000;128;0.1;0;4752
249;25;9;20000;128;0.1;0;4830
250;25;10;20000;128;0.1;0;4785
251;26;1;20000;128;0.1;0;5076
252;26;2;20000;128;0.1;0;4815
253;26;3;20000;128;0.1;0;4779
254;26;4;20000;128;0.1;0;5380
255;26;5;20000;128;0.1;0;5062
256;26;6;20000;128;0.1;0;4602
257;26;7;20000;128;0.1;0;4779
258;26;8;20000;128;0.1;0;4671
259;26;9;20000;128;0.1;0;4830
260;26;10;20000;128;0.1;0;4641
261;27;1;20000;128;0.1;0;5499
262;27;2;20000;128;0.1;0;4767
263;27;3;20000;128;0.1;0;5571
264;27;4;20000;128;0.1;0;4790
265;27;5;20000;128;0.1;0;4950
266;27;6;20000;128;0.1;0;4794
267;27;7;20000;128;0.1;0;4818
268;27;8;20000;128;0.1;0;4830
269;27;9;20000;128;0.1;0;4980
270;27;10;20000;128;0.1;0;4797
271;28;1;20000;128;0.1;0;5358
272;28;2;20000;128;0.1;0;4170
273;28;3;20000;128;0.1;0;4770
274;28;4;20000;128;0.1;0;4404
275;28;5;20000;128;0.1;0;4156
276;28;6;20000;128;0.1;0;4036
277;28;7;20000;128;0.1;0;4102
278;28;8;20000;128;0.1;0;4299
279;28;9;20000;128;0.1;0;4221
280;28;10;20000;128;0.1;0;4059
281;29;1;20000;128;0.1;0;5271
282;29;2;20000;128;0.1;0;4863
283;29;3;20000;128;0.1;0;5121
284;29;4;20000;128;0.1;0;4902
285;29;5;20000;128;0.1;0;4864
286;29;6;20000;128;0.1;0;4686
287;29;7;20000;128;0.1;0;4773
288;29;8;20000;128;0.1;0;4794
289;29;9;20000;128;0.1;0;4812
290;29;10;20000;128;0.1;0;4680
291;30;1;20000;128;0.1;0;4977
292;30;2;20000;128;0.1;0;4728
293;30;3;20000;128;0.1;0;4863
294;30;4;20000;128;0.1;0;4806
295;30;5;20000;128;0.1;0;4998
296;30;6;20000;128;0.1;0;4821
297;30;7;20000;128;0.1;0;4600
298;30;8;20000;128;0.1;0;4700
299;30;9;20000;128;0.1;0;4702
300;30;10;20000;128;0.1;0;4683
301;31;1;20000;128;0.1;0;5403
302;31;2;20000;128;0.1;0;4755
303;31;3;20000;128;0.1;0;4767
304;31;4;20000;128;0.1;0;5010
305;31;5;20000;128;0.1;0;4850
306;31;6;20000;128;0.1;0;4764
307;31;7;20000;128;0.1;0;4665
308;31;8;20000;128;0.1;0;4725
309;31;9;20000;128;0.1;0;4944
310;31;10;20000;128;0.1;0;4653
311;32;1;20000;128;0.1;0;5181
312;32;2;20000;128;0.1;0;4107
313;32;3;20000;128;0.1;0;5028
314;32;4;20000;128;0.1;0;4062
315;32;5;20000;128;0.1;0;4161
316;32;6;20000;128;0.1;0;3933
317;32;7;20000;128;0.1;0;3996
318;32;8;20000;128;0.1;0;3942
319;32;9;20000;128;0.1;0;4086
320;32;10;20000;128;0.1;0;3915
321;33;1;20000;128;0.1;0;4432
322;33;2;20000;128;0.1;0;3591
323;33;3;20000;128;0.1;0;3780
324;33;4;20000;128;0.1;0;3888
325;33;5;20000;128;0.1;0;3558
326;33;6;20000;128;0.1;0;4062
327;33;7;20000;128;0.1;0;4056
328;33;8;20000;128;0.1;0;4083
329;33;9;20000;128;0.1;0;4299
330;33;10;20000;128;0.1;0;4104
331;34;1;20000;128;0.1;0;5415
332;34;2;20000;128;0.1;0;4800
333;34;3;20000;128;0.1;0;5100
334;34;4;20000;128;0.1;0;4746
335;34;5;20000;128;0.1;0;4785
336;34;6;20000;128;0.1;0;4665
337;34;7;20000;128;0.1;0;4770
338;34;8;20000;128;0.1;0;4686
339;34;9;20000;128;0.1;0;4755
340;34;10;20000;128;0.1;0;4683
341;35;1;20000;128;0.1;0;5492
342;35;2;20000;128;0.1;0;4780
343;35;3;20000;128;0.1;0;4935
344;35;4;20000;128;0.1;0;5451
345;35;5;20000;128;0.1;0;9375
346;35;6;20000;128;0.1;0;3996
347;35;7;20000;128;0.1;0;4227
348;35;8;20000;128;0.1;0;4035
349;35;9;20000;128;0.1;0;4245
350;35;10;20000;128;0.1;0;4278
351;36;1;20000;128;0.1;0;4893
352;36;2;20000;128;0.1;0;4779
353;36;3;20000;128;0.1;0;5085
354;36;4;20000;128;0.1;0;4638
355;36;5;20000;128;0.1;0;4756
356;36;6;20000;128;0.1;0;4784
357;36;7;20000;128;0.1;0;4770
358;36;8;20000;128;0.1;0;4731
359;36;9;20000;128;0.1;0;4749
360;36;10;20000;128;0.1;0;4605
361;37;1;20000;128;0.1;0;5181
362;37;2;20000;128;0.1;0;4104
363;37;3;20000;128;0.1;0;4266
364;37;4;20000;128;0.1;0;3930
365;37;5;20000;128;0.1;0;4065
366;37;6;20000;128;0.1;0;4026
367;37;7;20000;128;0.1;0;4095
368;37;8;20000;128;0.1;0;4146
369;37;9;20000;128;0.1;0;4060
370;37;10;20000;128;0.1;0;3966
371;38;1;20000;128;0.1;0;5460
372;38;2;20000;128;0.1;0;4803
373;38;3;20000;128;0.1;0;5004
374;38;4;20000;128;0.1;0;5007
375;38;5;20000;128;0.1;0;4998
376;38;6;20000;128;0.1;0;4136
377;38;7;20000;128;0.1;0;4054
378;38;8;20000;128;0.1;0;4206
379;38;9;20000;128;0.1;0;4194
380;38;10;20000;128;0.1;0;4434
381;39;1;20000;128;0.1;0;5040
382;39;2;20000;128;0.1;0;5049
383;39;3;20000;128;0.1;0;4965
384;39;4;20000;128;0.1;0;4602
385;39;5;20000;128;0.1;0;4698
386;39;6;20000;128;0.1;0;4587
387;39;7;20000;128;0.1;0;4668
388;39;8;20000;128;0.1;0;4698
389;39;9;20000;128;0.1;0;4761
390;39;10;20000;128;0.1;0;9543
391;40;1;20000;128;0.1;0;5334
392;40;2;20000;128;0.1;0;5382
393;40;3;20000;128;0.1;0;4578
394;40;4;20000;128;0.1;0;4236
395;40;5;20000;128;0.1;0;4388
396;40;6;20000;128;0.1;0;4080
397;40;7;20000;128;0.1;0;3978
398;40;8;20000;128;0.1;0;4302
399;40;9;20000;128;0.1;0;4353
400;40;10;20000;128;0.1;0;4320
401;41;1;20000;128;0.1;0;4752
402;41;2;20000;128;0.1;0;4436
403;41;3;20000;128;0.1;0;4704
404;41;4;20000;128;0.1;0;4632
405;41;5;20000;128;0.1;0;4371
406;41;6;20000;128;0.1;0;4353
407;41;7;20000;128;0.1;0;4218
408;41;8;20000;128;0.1;0;4392
409;41;9;20000;128;0.1;0;4281
410;41;10;20000;128;0.1;0;4272
411;42;1;20000;128;0.1;0;5124
412;42;2;20000;128;0.1;0;4674
413;42;3;20000;128;0.1;0;5092
414;42;4;20000;128;0.1;0;4677
415;42;5;20000;128;0.1;0;4779
416;42;6;20000;128;0.1;0;4749
417;42;7;20000;128;0.1;0;4698
418;42;8;20000;128;0.1;0;4743
419;42;9;20000;128;0.1;0;4806
420;42;10;20000;128;0.1;0;4707
421;43;1;20000;128;0.1;0;4602
422;43;2;20000;128;0.1;0;3960
423;43;3;20000;128;0.1;0;4314
424;43;4;20000;128;0.1;0;3948
425;43;5;20000;128;0.1;0;4224
426;43;6;20000;128;0.1;0;4140
427;43;7;20000;128;0.1;0;4083
428;43;8;20000;128;0.1;0;3954
429;43;9;20000;128;0.1;0;4032
430;43;10;20000;128;0.1;0;3942
431;44;1;20000;128;0.1;0;4773
432;44;2;20000;128;0.1;0;4536
433;44;3;20000;128;0.1;0;4287
434;44;4;20000;128;0.1;0;4671
435;44;5;20000;128;0.1;0;4272
436;44;6;20000;128;0.1;0;3963
437;44;7;20000;128;0.1;0;3936
438;44;8;20000;128;0.1;0;4290
439;44;9;20000;128;0.1;0;3939
440;44;10;20000;128;0.1;0;3900
441;45;1;20000;128;0.1;0;5619
442;45;2;20000;128;0.1;0;4000
443;45;3;20000;128;0.1;0;4766
444;45;4;20000;128;0.1;0;4203
445;45;5;20000;128;0.1;0;4011
446;45;6;20000;128;0.1;0;4131
447;45;7;20000;128;0.1;0;3996
448;45;8;20000;128;0.1;0;3894
449;45;9;20000;128;0.1;0;4050
450;45;10;20000;128;0.1;0;3852
451;46;1;20000;128;0.1;0;5019
452;46;2;20000;128;0.1;0;4320
453;46;3;20000;128;0.1;0;5450
454;46;4;20000;128;0.1;0;4134
455;46;5;20000;128;0.1;0;4920
456;46;6;20000;128;0.1;0;4713
457;46;7;20000;128;0.1;0;4755
458;46;8;20000;128;0.1;0;4737
459;46;9;20000;128;0.1;0;4896
460;46;10;20000;128;0.1;0;4671
461;47;1;20000;128;0.1;0;4572
462;47;2;20000;128;0.1;0;4176
463;47;3;20000;128;0.1;0;4389
464;47;4;20000;128;0.1;0;3894
465;47;5;20000;128;0.1;0;4869
466;47;6;20000;128;0.1;0;4770
467;47;7;20000;128;0.1;0;4725
468;47;8;20000;128;0.1;0;4803
469;47;9;20000;128;0.1;0;4815
470;47;10;20000;128;0.1;0;4803
471;48;1;20000;128;0.1;0;4791
472;48;2;20000;128;0.1;0;8535
473;48;3;20000;128;0.1;0;4098
474;48;4;20000;128;0.1;0;4374
475;48;5;20000;128;0.1;0;4362
476;48;6;20000;128;0.1;0;4101
477;48;7;20000;128;0.1;0;3870
478;48;8;20000;128;0.1;0;3960
479;48;9;20000;128;0.1;0;4392
480;48;10;20000;128;0.1;0;3903
481;49;1;20000;128;0.1;0;4902
482;49;2;20000;128;0.1;0;3930
483;49;3;20000;128;0.1;0;4362
484;49;4;20000;128;0.1;0;3897
485;49;5;20000;128;0.1;0;4059
486;49;6;20000;128;0.1;0;4008
487;49;7;20000;128;0.1;0;3918
488;49;8;20000;128;0.1;0;4014
489;49;9;20000;128;0.1;0;4035
490;49;10;20000;128;0.1;0;3876
491;50;1;20000;128;0.1;0;4776
492;50;2;20000;128;0.1;0;4173
493;50;3;20000;128;0.1;0;4239
494;50;4;20000;128;0.1;0;4314
495;50;5;20000;128;0.1;0;5154
496;50;6;20000;128;0.1;0;4734
497;50;7;20000;128;0.1;0;4698
498;50;8;20000;128;0.1;0;4874
499;50;9;20000;128;0.1;0;4855
500;50;10;20000;128;0.1;0;4884
501;51;1;20000;128;0.1;0;5536
502;51;2;20000;128;0.1;0;4896
503;51;3;20000;128;0.1;0;5142
504;51;4;20000;128;0.1;0;4869
505;51;5;20000;128;0.1;0;4929
506;51;6;20000;128;0.1;0;4779
507;51;7;20000;128;0.1;0;4773
508;51;8;20000;128;0.1;0;4761
509;51;9;20000;128;0.1;0;4929
510;51;10;20000;128;0.1;0;4884
511;52;1;20000;128;0.1;0;4690
512;52;2;20000;128;0.1;0;4155
513;52;3;20000;128;0.1;0;4680
514;52;4;20000;128;0.1;0;4161
515;52;5;20000;128;0.1;0;4281
516;52;6;20000;128;0.1;0;4053
517;52;7;20000;128;0.1;0;4011
518;52;8;20000;128;0.1;0;4077
519;52;9;20000;128;0.1;0;4062
520;52;10;20000;128;0.1;0;4014
521;53;1;20000;128;0.1;0;4644
522;53;2;20000;128;0.1;0;4230
523;53;3;20000;128;0.1;0;4200
524;53;4;20000;128;0.1;0;3972
525;53;5;20000;128;0.1;0;4104
526;53;6;20000;128;0.1;0;3924
527;53;7;20000;128;0.1;0;3951
528;53;8;20000;128;0.1;0;3999
529;53;9;20000;128;0.1;0;3969
530;53;10;20000;128;0.1;0;4050
531;54;1;20000;128;0.1;0;4932
532;54;2;20000;128;0.1;0;4746
533;54;3;20000;128;0.1;0;4881
534;54;4;20000;128;0.1;0;5055
535;54;5;20000;128;0.1;0;5121
536;54;6;20000;128;0.1;0;4749
537;54;7;20000;128;0.1;0;4716
538;54;8;20000;128;0.1;0;4694
539;54;9;20000;128;0.1;0;4806
540;54;10;20000;128;0.1;0;4677
541;55;1;20000;128;0.1;0;5442
542;55;2;20000;128;0.1;0;4737
543;55;3;20000;128;0.1;0;5301
544;55;4;20000;128;0.1;0;4935
545;55;5;20000;128;0.1;0;4404
546;55;6;20000;128;0.1;0;4143
547;55;7;20000;128;0.1;0;4164
548;55;8;20000;128;0.1;0;4149
549;55;9;20000;128;0.1;0;4434
550;55;10;20000;128;0.1;0;4156
551;56;1;20000;128;0.1;0;4785
552;56;2;20000;128;0.1;0;4203
553;56;3;20000;128;0.1;0;4248
554;56;4;20000;128;0.1;0;4083
555;56;5;20000;128;0.1;0;4086
556;56;6;20000;128;0.1;0;4182
557;56;7;20000;128;0.1;0;4077
558;56;8;20000;128;0.1;0;3903
559;56;9;20000;128;0.1;0;4258
560;56;10;20000;128;0.1;0;4006
561;57;1;20000;128;0.1;0;4338
562;57;2;20000;128;0.1;0;4179
563;57;3;20000;128;0.1;0;4386
564;57;4;20000;128;0.1;0;4386
565;57;5;20000;128;0.1;0;4338
566;57;6;20000;128;0.1;0;3987
567;57;7;20000;128;0.1;0;4138
568;57;8;20000;128;0.1;0;4054
569;57;9;20000;128;0.1;0;4335
570;57;10;20000;128;0.1;0;4077
571;58;1;20000;128;0.1;0;5366
572;58;2;20000;128;0.1;0;4764
573;58;3;20000;128;0.1;0;5049
574;58;4;20000;128;0.1;0;4671
575;58;5;20000;128;0.1;0;4893
576;58;6;20000;128;0.1;0;4680
577;58;7;20000;128;0.1;0;4797
578;58;8;20000;128;0.1;0;4656
579;58;9;20000;128;0.1;0;4722
580;58;10;20000;128;0.1;0;4728
581;59;1;20000;128;0.1;0;5355
582;59;2;20000;128;0.1;0;4812
583;59;3;20000;128;0.1;0;6420
584;59;4;20000;128;0.1;0;4224
585;59;5;20000;128;0.1;0;4215
586;59;6;20000;128;0.1;0;4078
587;59;7;20000;128;0.1;0;4330
588;59;8;20000;128;0.1;0;4053
589;59;9;20000;128;0.1;0;4404
590;59;10;20000;128;0.1;0;4041
591;60;1;20000;128;0.1;0;4508
592;60;2;20000;128;0.1;0;4764
593;60;3;20000;128;0.1;0;5055
594;60;4;20000;128;0.1;0;4740
595;60;5;20000;128;0.1;0;4851
596;60;6;20000;128;0.1;0;4851
597;60;7;20000;128;0.1;0;4680
598;60;8;20000;128;0.1;0;4635
599;60;9;20000;128;0.1;0;4911
600;60;10;20000;128;0.1;0;4707
601;61;1;20000;128;0.1;0;4590
602;61;2;20000;128;0.1;0;4122
603;61;3;20000;128;0.1;0;4287
604;61;4;20000;128;0.1;0;3978
605;61;5;20000;128;0.1;0;4140
606;61;6;20000;128;0.1;0;4128
607;61;7;20000;128;0.1;0;4056
608;61;8;20000;128;0.1;0;4080
609;61;9;20000;128;0.1;0;4124
610;61;10;20000;128;0.1;0;3978
611;62;1;20000;128;0.1;0;4983
612;62;2;20000;128;0.1;0;4794
613;62;3;20000;128;0.1;0;5160
614;62;4;20000;128;0.1;0;4710
615;62;5;20000;128;0.1;0;4890
616;62;6;20000;128;0.1;0;4758
617;62;7;20000;128;0.1;0;4725
618;62;8;20000;128;0.1;0;4671
619;62;9;20000;128;0.1;0;4902
620;62;10;20000;128;0.1;0;4704
621;63;1;20000;128;0.1;0;5313
622;63;2;20000;128;0.1;0;4917
623;63;3;20000;128;0.1;0;5088
624;63;4;20000;128;0.1;0;4650
625;63;5;20000;128;0.1;0;4881
626;63;6;20000;128;0.1;0;4887
627;63;7;20000;128;0.1;0;4695
628;63;8;20000;128;0.1;0;4674
629;63;9;20000;128;0.1;0;4779
630;63;10;20000;128;0.1;0;4731
631;64;1;20000;128;0.1;0;5414
632;64;2;20000;128;0.1;0;4768
633;64;3;20000;128;0.1;0;4776
634;64;4;20000;128;0.1;0;5103
635;64;5;20000;128;0.1;0;4764
636;64;6;20000;128;0.1;0;4665
637;64;7;20000;128;0.1;0;4704
638;64;8;20000;128;0.1;0;4785
639;64;9;20000;128;0.1;0;4782
640;64;10;20000;128;0.1;0;4722
641;65;1;20000;128;0.1;0;5544
642;65;2;20000;128;0.1;0;4936
643;65;3;20000;128;0.1;0;5364
644;65;4;20000;128;0.1;0;4824
645;65;5;20000;128;0.1;0;5067
646;65;6;20000;128;0.1;0;4740
647;65;7;20000;128;0.1;0;4761
648;65;8;20000;128;0.1;0;4740
649;65;9;20000;128;0.1;0;4794
650;65;10;20000;128;0.1;0;4752
651;66;1;20000;128;0.1;0;5307
652;66;2;20000;128;0.1;0;4758
653;66;3;20000;128;0.1;0;4868
654;66;4;20000;128;0.1;0;5082
655;66;5;20000;128;0.1;0;4862
656;66;6;20000;128;0.1;0;4230
657;66;7;20000;128;0.1;0;4068
658;66;8;20000;128;0.1;0;4239
659;66;9;20000;128;0.1;0;4146
660;66;10;20000;128;0.1;0;4104
661;67;1;20000;128;0.1;0;4716
662;67;2;20000;128;0.1;0;4047
663;67;3;20000;128;0.1;0;4323
664;67;4;20000;128;0.1;0;4280
665;67;5;20000;128;0.1;0;4202
666;67;6;20000;128;0.1;0;4038
667;67;7;20000;128;0.1;0;4176
668;67;8;20000;128;0.1;0;3948
669;67;9;20000;128;0.1;0;4005
670;67;10;20000;128;0.1;0;4323
671;68;1;20000;128;0.1;0;4779
672;68;2;20000;128;0.1;0;4146
673;68;3;20000;128;0.1;0;4227
674;68;4;20000;128;0.1;0;4170
675;68;5;20000;128;0.1;0;4131
676;68;6;20000;128;0.1;0;4176
677;68;7;20000;128;0.1;0;4164
678;68;8;20000;128;0.1;0;4242
679;68;9;20000;128;0.1;0;4116
680;68;10;20000;128;0.1;0;4238
681;69;1;20000;128;0.1;0;4488
682;69;2;20000;128;0.1;0;4278
683;69;3;20000;128;0.1;0;4540
684;69;4;20000;128;0.1;0;4203
685;69;5;20000;128;0.1;0;5061
686;69;6;20000;128;0.1;0;4854
687;69;7;20000;128;0.1;0;4716
688;69;8;20000;128;0.1;0;4743
689;69;9;20000;128;0.1;0;4833
690;69;10;20000;128;0.1;0;4770
691;70;1;20000;128;0.1;0;5673
692;70;2;20000;128;0.1;0;4782
693;70;3;20000;128;0.1;0;4890
694;70;4;20000;128;0.1;0;5649
695;70;5;20000;128;0.1;0;4272
696;70;6;20000;128;0.1;0;4059
697;70;7;20000;128;0.1;0;4146
698;70;8;20000;128;0.1;0;4086
699;70;9;20000;128;0.1;0;4362
700;70;10;20000;128;0.1;0;4266
701;71;1;20000;128;0.1;0;5013
702;71;2;20000;128;0.1;0;6639
703;71;3;20000;128;0.1;0;8628
704;71;4;20000;128;0.1;0;4173
705;71;5;20000;128;0.1;0;4185
706;71;6;20000;128;0.1;0;4380
707;71;7;20000;128;0.1;0;4104
708;71;8;20000;128;0.1;0;4106
709;71;9;20000;128;0.1;0;4239
710;71;10;20000;128;0.1;0;4233
711;72;1;20000;128;0.1;0;4392
712;72;2;20000;128;0.1;0;4144
713;72;3;20000;128;0.1;0;4564
714;72;4;20000;128;0.1;0;4147
715;72;5;20000;128;0.1;0;4167
716;72;6;20000;128;0.1;0;4227
717;72;7;20000;128;0.1;0;4080
718;72;8;20000;128;0.1;0;4314
719;72;9;20000;128;0.1;0;4107
720;72;10;20000;128;0.1;0;4071
721;73;1;20000;128;0.1;0;4638
722;73;2;20000;128;0.1;0;4552
723;73;3;20000;128;0.1;0;4221
724;73;4;20000;128;0.1;0;5388
725;73;5;20000;128;0.1;0;4443
726;73;6;20000;128;0.1;0;4098
727;73;7;20000;128;0.1;0;4152
728;73;8;20000;128;0.1;0;4035
729;73;9;20000;128;0.1;0;4437
730;73;10;20000;128;0.1;0;4176
731;74;1;20000;128;0.1;0;4959
732;74;2;20000;128;0.1;0;4689
733;74;3;20000;128;0.1;0;5316
734;74;4;20000;128;0.1;0;4266
735;74;5;20000;128;0.1;0;4143
736;74;6;20000;128;0.1;0;4149
737;74;7;20000;128;0.1;0;4275
738;74;8;20000;128;0.1;0;4344
739;74;9;20000;128;0.1;0;4215
740;74;10;20000;128;0.1;0;4011
741;75;1;20000;128;0.1;0;5106
742;75;2;20000;128;0.1;0;4755
743;75;3;20000;128;0.1;0;4737
744;75;4;20000;128;0.1;0;5313
745;75;5;20000;128;0.1;0;9921
746;75;6;20000;128;0.1;0;4776
747;75;7;20000;128;0.1;0;4668
748;75;8;20000;128;0.1;0;4809
749;75;9;20000;128;0.1;0;4803
750;75;10;20000;128;0.1;0;4617
751;76;1;20000;128;0.1;0;5460
752;76;2;20000;128;0.1;0;4827
753;76;3;20000;128;0.1;0;5091
754;76;4;20000;128;0.1;0;4719
755;76;5;20000;128;0.1;0;4893
756;76;6;20000;128;0.1;0;4806
757;76;7;20000;128;0.1;0;4674
758;76;8;20000;128;0.1;0;4887
759;76;9;20000;128;0.1;0;4809
760;76;10;20000;128;0.1;0;4674
761;77;1;20000;128;0.1;0;5289
762;77;2;20000;128;0.1;0;4845
763;77;3;20000;128;0.1;0;5328
764;77;4;20000;128;0.1;0;4880
765;77;5;20000;128;0.1;0;4290
766;77;6;20000;128;0.1;0;4002
767;77;7;20000;128;0.1;0;4008
768;77;8;20000;128;0.1;0;4149
769;77;9;20000;128;0.1;0;4623
770;77;10;20000;128;0.1;0;4191
771;78;1;20000;128;0.1;0;5307
772;78;2;20000;128;0.1;0;4899
773;78;3;20000;128;0.1;0;5148
774;78;4;20000;128;0.1;0;4800
775;78;5;20000;128;0.1;0;4893
776;78;6;20000;128;0.1;0;4896
777;78;7;20000;128;0.1;0;4758
778;78;8;20000;128;0.1;0;4953
779;78;9;20000;128;0.1;0;4920
780;78;10;20000;128;0.1;0;4740
781;79;1;20000;128;0.1;0;5414
782;79;2;20000;128;0.1;0;4740
783;79;3;20000;128;0.1;0;4986
784;79;4;20000;128;0.1;0;4335
785;79;5;20000;128;0.1;0;4149
786;79;6;20000;128;0.1;0;4224
787;79;7;20000;128;0.1;0;4143
788;79;8;20000;128;0.1;0;4278
789;79;9;20000;128;0.1;0;4407
790;79;10;20000;128;0.1;0;4071
791;80;1;20000;128;0.1;0;4713
792;80;2;20000;128;0.1;0;4166
793;80;3;20000;128;0.1;0;4444
794;80;4;20000;128;0.1;0;5062
795;80;5;20000;128;0.1;0;4869
796;80;6;20000;128;0.1;0;4758
797;80;7;20000;128;0.1;0;4809
798;80;8;20000;128;0.1;0;4758
799;80;9;20000;128;0.1;0;5154
800;80;10;20000;128;0.1;0;4794
801;81;1;20000;128;0.1;0;4240
802;81;2;20000;128;0.1;0;3942
803;81;3;20000;128;0.1;0;4080
804;81;4;20000;128;0.1;0;4857
805;81;5;20000;128;0.1;0;4053
806;81;6;20000;128;0.1;0;4053
807;81;7;20000;128;0.1;0;3978
808;81;8;20000;128;0.1;0;3894
809;81;9;20000;128;0.1;0;4026
810;81;10;20000;128;0.1;0;4155
811;82;1;20000;128;0.1;0;5278
812;82;2;20000;128;0.1;0;4820
813;82;3;20000;128;0.1;0;4956
814;82;4;20000;128;0.1;0;4683
815;82;5;20000;128;0.1;0;4932
816;82;6;20000;128;0.1;0;4680
817;82;7;20000;128;0.1;0;4689
818;82;8;20000;128;0.1;0;4629
819;82;9;20000;128;0.1;0;4800
820;82;10;20000;128;0.1;0;4644
821;83;1;20000;128;0.1;0;5232
822;83;2;20000;128;0.1;0;4797
823;83;3;20000;128;0.1;0;4977
824;83;4;20000;128;0.1;0;4764
825;83;5;20000;128;0.1;0;4875
826;83;6;20000;128;0.1;0;4689
827;83;7;20000;128;0.1;0;4737
828;83;8;20000;128;0.1;0;4746
829;83;9;20000;128;0.1;0;4779
830;83;10;20000;128;0.1;0;4696
831;84;1;20000;128;0.1;0;5334
832;84;2;20000;128;0.1;0;4722
833;84;3;20000;128;0.1;0;4278
834;84;4;20000;128;0.1;0;4134
835;84;5;20000;128;0.1;0;4188
836;84;6;20000;128;0.1;0;4053
837;84;7;20000;128;0.1;0;4377
838;84;8;20000;128;0.1;0;3981
839;84;9;20000;128;0.1;0;4164
840;84;10;20000;128;0.1;0;3930
841;85;1;20000;128;0.1;0;5340
842;85;2;20000;128;0.1;0;4755
843;85;3;20000;128;0.1;0;5031
844;85;4;20000;128;0.1;0;4752
845;85;5;20000;128;0.1;0;4731
846;85;6;20000;128;0.1;0;4683
847;85;7;20000;128;0.1;0;4899
848;85;8;20000;128;0.1;0;4740
849;85;9;20000;128;0.1;0;4962
850;85;10;20000;128;0.1;0;4680
851;86;1;20000;128;0.1;0;5154
852;86;2;20000;128;0.1;0;4776
853;86;3;20000;128;0.1;0;5148
854;86;4;20000;128;0.1;0;4794
855;86;5;20000;128;0.1;0;4839
856;86;6;20000;128;0.1;0;4671
857;86;7;20000;128;0.1;0;4854
858;86;8;20000;128;0.1;0;4794
859;86;9;20000;128;0.1;0;4800
860;86;10;20000;128;0.1;0;4800
861;87;1;20000;128;0.1;0;5330
862;87;2;20000;128;0.1;0;4704
863;87;3;20000;128;0.1;0;9879
864;87;4;20000;128;0.1;0;4818
865;87;5;20000;128;0.1;0;4950
866;87;6;20000;128;0.1;0;4716
867;87;7;20000;128;0.1;0;4731
868;87;8;20000;128;0.1;0;4833
869;87;9;20000;128;0.1;0;4785
870;87;10;20000;128;0.1;0;4773
871;88;1;20000;128;0.1;0;5184
872;88;2;20000;128;0.1;0;4920
873;88;3;20000;128;0.1;0;5194
874;88;4;20000;128;0.1;0;4770
875;88;5;20000;128;0.1;0;4842
876;88;6;20000;128;0.1;0;4848
877;88;7;20000;128;0.1;0;4836
878;88;8;20000;128;0.1;0;4722
879;88;9;20000;128;0.1;0;4857
880;88;10;20000;128;0.1;0;4686
881;89;1;20000;128;0.1;0;5172
882;89;2;20000;128;0.1;0;4164
883;89;3;20000;128;0.1;0;4401
884;89;4;20000;128;0.1;0;4113
885;89;5;20000;128;0.1;0;5205
886;89;6;20000;128;0.1;0;9672
887;89;7;20000;128;0.1;0;4143
888;89;8;20000;128;0.1;0;4182
889;89;9;20000;128;0.1;0;4428
890;89;10;20000;128;0.1;0;4137
891;90;1;20000;128;0.1;0;5427
892;90;2;20000;128;0.1;0;5184
893;90;3;20000;128;0.1;0;4962
894;90;4;20000;128;0.1;0;4839
895;90;5;20000;128;0.1;0;4857
896;90;6;20000;128;0.1;0;4726
897;90;7;20000;128;0.1;0;4734
898;90;8;20000;128;0.1;0;4788
899;90;9;20000;128;0.1;0;5061
900;90;10;20000;128;0.1;0;4866
901;91;1;20000;128;0.1;0;5448
902;91;2;20000;128;0.1;0;4755
903;91;3;20000;128;0.1;0;4527
904;91;4;20000;128;0.1;0;4194
905;91;5;20000;128;0.1;0;4338
906;91;6;20000;128;0.1;0;4088
907;91;7;20000;128;0.1;0;4230
908;91;8;20000;128;0.1;0;4092
909;91;9;20000;128;0.1;0;4302
910;91;10;20000;128;0.1;0;3948
911;92;1;20000;128;0.1;0;5040
912;92;2;20000;128;0.1;0;4797
913;92;3;20000;128;0.1;0;4854
914;92;4;20000;128;0.1;0;4998
915;92;5;20000;128;0.1;0;4854
916;92;6;20000;128;0.1;0;4806
917;92;7;20000;128;0.1;0;4746
918;92;8;20000;128;0.1;0;4680
919;92;9;20000;128;0.1;0;4797
920;92;10;20000;128;0.1;0;4710
921;93;1;20000;128;0.1;0;4890
922;93;2;20000;128;0.1;0;4194
923;93;3;20000;128;0.1;0;4401
924;93;4;20000;128;0.1;0;4896
925;93;5;20000;128;0.1;0;4770
926;93;6;20000;128;0.1;0;4662
927;93;7;20000;128;0.1;0;3888
928;93;8;20000;128;0.1;0;4701
929;93;9;20000;128;0.1;0;4863
930;93;10;20000;128;0.1;0;4767
931;94;1;20000;128;0.1;0;5379
932;94;2;20000;128;0.1;0;4872
933;94;3;20000;128;0.1;0;4845
934;94;4;20000;128;0.1;0;4668
935;94;5;20000;128;0.1;0;4881
936;94;6;20000;128;0.1;0;4656
937;94;7;20000;128;0.1;0;4908
938;94;8;20000;128;0.1;0;4674
939;94;9;20000;128;0.1;0;4809
940;94;10;20000;128;0.1;0;4725
941;95;1;20000;128;0.1;0;5427
942;95;2;20000;128;0.1;0;4902
943;95;3;20000;128;0.1;0;5052
944;95;4;20000;128;0.1;0;4695
945;95;5;20000;128;0.1;0;4839
946;95;6;20000;128;0.1;0;4788
947;95;7;20000;128;0.1;0;4758
948;95;8;20000;128;0.1;0;4710
949;95;9;20000;128;0.1;0;4842
950;95;10;20000;128;0.1;0;4716
951;96;1;20000;128;0.1;0;5571
952;96;2;20000;128;0.1;0;4785
953;96;3;20000;128;0.1;0;4842
954;96;4;20000;128;0.1;0;4784
955;96;5;20000;128;0.1;0;4764
956;96;6;20000;128;0.1;0;6003
957;96;7;20000;128;0.1;0;19521
958;96;8;20000;128;0.1;0;4635
959;96;9;20000;128;0.1;0;4863
960;96;10;20000;128;0.1;0;4698
961;97;1;20000;128;0.1;0;4707
962;97;2;20000;128;0.1;0;4140
963;97;3;20000;128;0.1;0;4188
964;97;4;20000;128;0.1;0;4149
965;97;5;20000;128;0.1;0;4194
966;97;6;20000;128;0.1;0;4098
967;97;7;20000;128;0.1;0;4144
968;97;8;20000;128;0.1;0;4224
969;97;9;20000;128;0.1;0;4242
970;97;10;20000;128;0.1;0;4278
971;98;1;20000;128;0.1;0;4899
972;98;2;20000;128;0.1;0;4677
973;98;3;20000;128;0.1;0;6105
974;98;4;20000;128;0.1;0;4986
975;98;5;20000;128;0.1;0;4767
976;98;6;20000;128;0.1;0;4731
977;98;7;20000;128;0.1;0;4956
978;98;8;20000;128;0.1;0;4611
979;98;9;20000;128;0.1;0;4785
980;98;10;20000;128;0.1;0;4700
981;99;1;20000;128;0.1;0;5334
982;99;2;20000;128;0.1;0;4737
983;99;3;20000;128;0.1;0;5067
984;99;4;20000;128;0.1;0;4821
985;99;5;20000;128;0.1;0;4809
986;99;6;20000;128;0.1;0;4740
987;99;7;20000;128;0.1;0;4761
988;99;8;20000;128;0.1;0;10930
989;99;9;20000;128;0.1;0;4886
990;99;10;20000;128;0.1;0;4689
991;100;1;20000;128;0.1;0;5490
992;100;2;20000;128;0.1;0;4827
993;100;3;20000;128;0.1;0;5328
994;100;4;20000;128;0.1;0;4827
995;100;5;20000;128;0.1;0;9906
996;100;6;20000;128;0.1;0;4104
997;100;7;20000;128;0.1;0;4128
998;100;8;20000;128;0.1;0;4182
999;100;9;20000;128;0.1;0;4496
1000;100;10;20000;128;0.1;0;4017
