1;1;1;70000;128;0.1;0;5013
2;1;2;70000;128;0.1;0;9453
3;1;3;70000;128;0.1;0;12837
4;1;4;70000;128;0.1;0;4071
5;1;5;70000;128;0.1;0;8247
6;1;6;70000;128;0.1;0;11022
7;1;7;70000;128;0.1;0;14214
8;1;8;70000;128;0.1;0;9831
9;1;9;70000;128;0.1;0;24678
10;1;10;70000;128;0.1;0;4383
11;2;1;70000;128;0.1;0;4873
12;2;2;70000;128;0.1;0;13342
13;2;3;70000;128;0.1;0;4176
14;2;4;70000;128;0.1;0;8402
15;2;5;70000;128;0.1;0;11520
16;2;6;70000;128;0.1;0;4206
17;2;7;70000;128;0.1;0;8772
18;2;8;70000;128;0.1;0;12108
19;2;9;70000;128;0.1;0;4128
20;2;10;70000;128;0.1;0;8127
21;3;1;70000;128;0.1;0;5214
22;3;2;70000;128;0.1;0;15570
23;3;3;70000;128;0.1;0;19017
24;3;4;70000;128;0.1;0;4941
25;3;5;70000;128;0.1;0;14256
26;3;6;70000;128;0.1;0;17715
27;3;7;70000;128;0.1;0;21252
28;3;8;70000;128;0.1;0;10519
29;3;9;70000;128;0.1;0;13684
30;3;10;70000;128;0.1;0;9658
31;4;1;70000;128;0.1;0;4647
32;4;2;70000;128;0.1;0;8376
33;4;3;70000;128;0.1;0;11325
34;4;4;70000;128;0.1;0;7113
35;4;5;70000;128;0.1;0;8058
36;4;6;70000;128;0.1;0;14826
37;4;7;70000;128;0.1;0;5031
38;4;8;70000;128;0.1;0;9321
39;4;9;70000;128;0.1;0;12837
40;4;10;70000;128;0.1;0;5085
41;5;1;70000;128;0.1;0;5217
42;5;2;70000;128;0.1;0;10455
43;5;3;70000;128;0.1;0;14787
44;5;4;70000;128;0.1;0;4893
45;5;5;70000;128;0.1;0;9555
46;5;6;70000;128;0.1;0;12987
47;5;7;70000;128;0.1;0;4506
48;5;8;70000;128;0.1;0;8652
49;5;9;70000;128;0.1;0;11703
50;5;10;70000;128;0.1;0;4257
51;6;1;70000;128;0.1;0;9936
52;6;2;70000;128;0.1;0;13102
53;6;3;70000;128;0.1;0;4924
54;6;4;70000;128;0.1;0;9524
55;6;5;70000;128;0.1;0;13128
56;6;6;70000;128;0.1;0;9483
57;6;7;70000;128;0.1;0;13392
58;6;8;70000;128;0.1;0;12300
59;6;9;70000;128;0.1;0;5031
60;6;10;70000;128;0.1;0;9498
61;7;1;70000;128;0.1;0;5466
62;7;2;70000;128;0.1;0;14536
63;7;3;70000;128;0.1;0;18006
64;7;4;70000;128;0.1;0;21212
65;7;5;70000;128;0.1;0;4884
66;7;6;70000;128;0.1;0;10461
67;7;7;70000;128;0.1;0;4710
68;7;8;70000;128;0.1;0;9519
69;7;9;70000;128;0.1;0;12840
70;7;10;70000;128;0.1;0;9540
71;8;1;70000;128;0.1;0;5658
72;8;2;70000;128;0.1;0;11073
73;8;3;70000;128;0.1;0;14166
74;8;4;70000;128;0.1;0;5028
75;8;5;70000;128;0.1;0;14766
76;8;6;70000;128;0.1;0;17871
77;8;7;70000;128;0.1;0;3996
78;8;8;70000;128;0.1;0;7926
79;8;9;70000;128;0.1;0;15273
80;8;10;70000;128;0.1;0;4692
81;9;1;70000;128;0.1;0;10515
82;9;2;70000;128;0.1;0;11442
83;9;3;70000;128;0.1;0;14814
84;9;4;70000;128;0.1;0;18018
85;9;5;70000;128;0.1;0;4272
86;9;6;70000;128;0.1;0;7767
87;9;7;70000;128;0.1;0;4722
88;9;8;70000;128;0.1;0;12462
89;9;9;70000;128;0.1;0;15864
90;9;10;70000;128;0.1;0;4926
91;10;1;70000;128;0.1;0;4362
92;10;2;70000;128;0.1;0;13539
93;10;3;70000;128;0.1;0;4209
94;10;4;70000;128;0.1;0;8235
95;10;5;70000;128;0.1;0;11319
96;10;6;70000;128;0.1;0;4305
97;10;7;70000;128;0.1;0;8433
98;10;8;70000;128;0.1;0;11529
99;10;9;70000;128;0.1;0;4194
100;10;10;70000;128;0.1;0;8094
101;11;1;70000;128;0.1;0;13284
102;11;2;70000;128;0.1;0;4838
103;11;3;70000;128;0.1;0;9318
104;11;4;70000;128;0.1;0;13498
105;11;5;70000;128;0.1;0;5112
106;11;6;70000;128;0.1;0;12432
107;11;7;70000;128;0.1;0;21090
108;11;8;70000;128;0.1;0;4032
109;11;9;70000;128;0.1;0;7770
110;11;10;70000;128;0.1;0;15710
111;12;1;70000;128;0.1;0;9735
112;12;2;70000;128;0.1;0;13515
113;12;3;70000;128;0.1;0;16308
114;12;4;70000;128;0.1;0;18804
115;12;5;70000;128;0.1;0;9624
116;12;6;70000;128;0.1;0;14472
117;12;7;70000;128;0.1;0;4770
118;12;8;70000;128;0.1;0;13752
119;12;9;70000;128;0.1;0;16947
120;12;10;70000;128;0.1;0;5724
121;13;1;70000;128;0.1;0;4839
122;13;2;70000;128;0.1;0;9567
123;13;3;70000;128;0.1;0;5058
124;13;4;70000;128;0.1;0;9042
125;13;5;70000;128;0.1;0;12096
126;13;6;70000;128;0.1;0;9567
127;13;7;70000;128;0.1;0;8049
128;13;8;70000;128;0.1;0;11733
129;13;9;70000;128;0.1;0;4530
130;13;10;70000;128;0.1;0;8142
131;14;1;70000;128;0.1;0;5676
132;14;2;70000;128;0.1;0;15762
133;14;3;70000;128;0.1;0;19848
134;14;4;70000;128;0.1;0;23046
135;14;5;70000;128;0.1;0;4773
136;14;6;70000;128;0.1;0;13557
137;14;7;70000;128;0.1;0;4614
138;14;8;70000;128;0.1;0;4542
139;14;9;70000;128;0.1;0;7872
140;14;10;70000;128;0.1;0;4992
141;15;1;70000;128;0.1;0;4023
142;15;2;70000;128;0.1;0;8070
143;15;3;70000;128;0.1;0;11217
144;15;4;70000;128;0.1;0;3993
145;15;5;70000;128;0.1;0;8001
146;15;6;70000;128;0.1;0;10959
147;15;7;70000;128;0.1;0;17604
148;15;8;70000;128;0.1;0;3756
149;15;9;70000;128;0.1;0;7410
150;15;10;70000;128;0.1;0;4044
151;16;1;70000;128;0.1;0;4302
152;16;2;70000;128;0.1;0;8439
153;16;3;70000;128;0.1;0;11445
154;16;4;70000;128;0.1;0;3909
155;16;5;70000;128;0.1;0;7986
156;16;6;70000;128;0.1;0;11805
157;16;7;70000;128;0.1;0;15147
158;16;8;70000;128;0.1;0;4095
159;16;9;70000;128;0.1;0;8361
160;16;10;70000;128;0.1;0;5052
161;17;1;70000;128;0.1;0;4710
162;17;2;70000;128;0.1;0;8673
163;17;3;70000;128;0.1;0;11583
164;17;4;70000;128;0.1;0;4197
165;17;5;70000;128;0.1;0;11718
166;17;6;70000;128;0.1;0;14655
167;17;7;70000;128;0.1;0;12339
168;17;8;70000;128;0.1;0;9738
169;17;9;70000;128;0.1;0;7839
170;17;10;70000;128;0.1;0;3834
171;18;1;70000;128;0.1;0;5253
172;18;2;70000;128;0.1;0;10080
173;18;3;70000;128;0.1;0;13527
174;18;4;70000;128;0.1;0;4704
175;18;5;70000;128;0.1;0;9423
176;18;6;70000;128;0.1;0;12603
177;18;7;70000;128;0.1;0;4791
178;18;8;70000;128;0.1;0;9330
179;18;9;70000;128;0.1;0;12534
180;18;10;70000;128;0.1;0;5376
181;19;1;70000;128;0.1;0;5424
182;19;2;70000;128;0.1;0;9813
183;19;3;70000;128;0.1;0;12897
184;19;4;70000;128;0.1;0;10404
185;19;5;70000;128;0.1;0;14850
186;19;6;70000;128;0.1;0;13953
187;19;7;70000;128;0.1;0;4899
188;19;8;70000;128;0.1;0;19260
189;19;9;70000;128;0.1;0;22146
190;19;10;70000;128;0.1;0;4872
191;20;1;70000;128;0.1;0;14670
192;20;2;70000;128;0.1;0;18003
193;20;3;70000;128;0.1;0;4869
194;20;4;70000;128;0.1;0;14403
195;20;5;70000;128;0.1;0;18270
196;20;6;70000;128;0.1;0;8349
197;20;7;70000;128;0.1;0;9354
198;20;8;70000;128;0.1;0;16380
199;20;9;70000;128;0.1;0;19491
200;20;10;70000;128;0.1;0;10005
201;21;1;70000;128;0.1;0;5223
202;21;2;70000;128;0.1;0;10617
203;21;3;70000;128;0.1;0;13653
204;21;4;70000;128;0.1;0;4017
205;21;5;70000;128;0.1;0;8049
206;21;6;70000;128;0.1;0;11778
207;21;7;70000;128;0.1;0;14499
208;21;8;70000;128;0.1;0;4596
209;21;9;70000;128;0.1;0;8691
210;21;10;70000;128;0.1;0;3906
211;22;1;70000;128;0.1;0;4869
212;22;2;70000;128;0.1;0;10269
213;22;3;70000;128;0.1;0;4155
214;22;4;70000;128;0.1;0;7821
215;22;5;70000;128;0.1;0;11358
216;22;6;70000;128;0.1;0;4044
217;22;7;70000;128;0.1;0;8103
218;22;8;70000;128;0.1;0;11148
219;22;9;70000;128;0.1;0;4932
220;22;10;70000;128;0.1;0;9393
221;23;1;70000;128;0.1;0;10848
222;23;2;70000;128;0.1;0;14403
223;23;3;70000;128;0.1;0;21240
224;23;4;70000;128;0.1;0;18348
225;23;5;70000;128;0.1;0;9375
226;23;6;70000;128;0.1;0;14556
227;23;7;70000;128;0.1;0;5070
228;23;8;70000;128;0.1;0;13734
229;23;9;70000;128;0.1;0;17328
230;23;10;70000;128;0.1;0;5058
231;24;1;70000;128;0.1;0;4929
232;24;2;70000;128;0.1;0;10119
233;24;3;70000;128;0.1;0;13443
234;24;4;70000;128;0.1;0;4854
235;24;5;70000;128;0.1;0;9369
236;24;6;70000;128;0.1;0;12762
237;24;7;70000;128;0.1;0;4908
238;24;8;70000;128;0.1;0;14469
239;24;9;70000;128;0.1;0;17292
240;24;10;70000;128;0.1;0;4755
241;25;1;70000;128;0.1;0;4566
242;25;2;70000;128;0.1;0;9294
243;25;3;70000;128;0.1;0;12282
244;25;4;70000;128;0.1;0;4821
245;25;5;70000;128;0.1;0;9453
246;25;6;70000;128;0.1;0;12948
247;25;7;70000;128;0.1;0;4827
248;25;8;70000;128;0.1;0;9243
249;25;9;70000;128;0.1;0;12669
250;25;10;70000;128;0.1;0;5214
251;26;1;70000;128;0.1;0;4746
252;26;2;70000;128;0.1;0;12738
253;26;3;70000;128;0.1;0;4413
254;26;4;70000;128;0.1;0;7896
255;26;5;70000;128;0.1;0;11232
256;26;6;70000;128;0.1;0;4905
257;26;7;70000;128;0.1;0;9225
258;26;8;70000;128;0.1;0;12294
259;26;9;70000;128;0.1;0;3873
260;26;10;70000;128;0.1;0;8028
261;27;1;70000;128;0.1;0;10227
262;27;2;70000;128;0.1;0;14445
263;27;3;70000;128;0.1;0;20793
264;27;4;70000;128;0.1;0;17910
265;27;5;70000;128;0.1;0;9450
266;27;6;70000;128;0.1;0;9057
267;27;7;70000;128;0.1;0;4804
268;27;8;70000;128;0.1;0;11768
269;27;9;70000;128;0.1;0;15292
270;27;10;70000;128;0.1;0;5124
271;28;1;70000;128;0.1;0;4932
272;28;2;70000;128;0.1;0;9528
273;28;3;70000;128;0.1;0;12429
274;28;4;70000;128;0.1;0;4113
275;28;5;70000;128;0.1;0;8010
276;28;6;70000;128;0.1;0;11109
277;28;7;70000;128;0.1;0;4107
278;28;8;70000;128;0.1;0;7791
279;28;9;70000;128;0.1;0;10911
280;28;10;70000;128;0.1;0;13878
281;29;1;70000;128;0.1;0;5592
282;29;2;70000;128;0.1;0;16056
283;29;3;70000;128;0.1;0;20226
284;29;4;70000;128;0.1;0;4836
285;29;5;70000;128;0.1;0;14406
286;29;6;70000;128;0.1;0;17409
287;29;7;70000;128;0.1;0;20745
288;29;8;70000;128;0.1;0;15276
289;29;9;70000;128;0.1;0;10269
290;29;10;70000;128;0.1;0;9954
291;30;1;70000;128;0.1;0;15132
292;30;2;70000;128;0.1;0;4464
293;30;3;70000;128;0.1;0;8883
294;30;4;70000;128;0.1;0;4032
295;30;5;70000;128;0.1;0;8115
296;30;6;70000;128;0.1;0;11358
297;30;7;70000;128;0.1;0;9216
298;30;8;70000;128;0.1;0;12918
299;30;9;70000;128;0.1;0;15846
300;30;10;70000;128;0.1;0;4128
301;31;1;70000;128;0.1;0;17913
302;31;2;70000;128;0.1;0;4965
303;31;3;70000;128;0.1;0;9366
304;31;4;70000;128;0.1;0;12837
305;31;5;70000;128;0.1;0;4860
306;31;6;70000;128;0.1;0;9069
307;31;7;70000;128;0.1;0;17169
308;31;8;70000;128;0.1;0;4971
309;31;9;70000;128;0.1;0;9552
310;31;10;70000;128;0.1;0;12846
311;32;1;70000;128;0.1;0;5139
312;32;2;70000;128;0.1;0;9111
313;32;3;70000;128;0.1;0;12141
314;32;4;70000;128;0.1;0;15195
315;32;5;70000;128;0.1;0;4119
316;32;6;70000;128;0.1;0;7758
317;32;7;70000;128;0.1;0;5211
318;32;8;70000;128;0.1;0;8892
319;32;9;70000;128;0.1;0;11931
320;32;10;70000;128;0.1;0;9591
321;33;1;70000;128;0.1;0;5277
322;33;2;70000;128;0.1;0;9576
323;33;3;70000;128;0.1;0;13083
324;33;4;70000;128;0.1;0;4755
325;33;5;70000;128;0.1;0;9177
326;33;6;70000;128;0.1;0;15156
327;33;7;70000;128;0.1;0;4767
328;33;8;70000;128;0.1;0;9207
329;33;9;70000;128;0.1;0;12783
330;33;10;70000;128;0.1;0;4800
331;34;1;70000;128;0.1;0;4941
332;34;2;70000;128;0.1;0;10167
333;34;3;70000;128;0.1;0;13845
334;34;4;70000;128;0.1;0;4614
335;34;5;70000;128;0.1;0;7938
336;34;6;70000;128;0.1;0;10094
337;34;7;70000;128;0.1;0;5070
338;34;8;70000;128;0.1;0;9330
339;34;9;70000;128;0.1;0;19642
340;34;10;70000;128;0.1;0;5112
341;35;1;70000;128;0.1;0;4953
342;35;2;70000;128;0.1;0;13335
343;35;3;70000;128;0.1;0;16809
344;35;4;70000;128;0.1;0;14793
345;35;5;70000;128;0.1;0;4848
346;35;6;70000;128;0.1;0;14343
347;35;7;70000;128;0.1;0;4647
348;35;8;70000;128;0.1;0;10941
349;35;9;70000;128;0.1;0;14409
350;35;10;70000;128;0.1;0;4365
351;36;1;70000;128;0.1;0;11889
352;36;2;70000;128;0.1;0;5022
353;36;3;70000;128;0.1;0;9564
354;36;4;70000;128;0.1;0;12930
355;36;5;70000;128;0.1;0;4944
356;36;6;70000;128;0.1;0;9420
357;36;7;70000;128;0.1;0;12819
358;36;8;70000;128;0.1;0;5175
359;36;9;70000;128;0.1;0;9336
360;36;10;70000;128;0.1;0;12735
361;37;1;70000;128;0.1;0;15357
362;37;2;70000;128;0.1;0;19827
363;37;3;70000;128;0.1;0;22713
364;37;4;70000;128;0.1;0;9069
365;37;5;70000;128;0.1;0;14559
366;37;6;70000;128;0.1;0;18330
367;37;7;70000;128;0.1;0;7974
368;37;8;70000;128;0.1;0;14638
369;37;9;70000;128;0.1;0;18366
370;37;10;70000;128;0.1;0;4728
371;38;1;70000;128;0.1;0;4574
372;38;2;70000;128;0.1;0;9268
373;38;3;70000;128;0.1;0;12270
374;38;4;70000;128;0.1;0;4882
375;38;5;70000;128;0.1;0;13462
376;38;6;70000;128;0.1;0;16900
377;38;7;70000;128;0.1;0;4874
378;38;8;70000;128;0.1;0;14500
379;38;9;70000;128;0.1;0;21748
380;38;10;70000;128;0.1;0;9795
381;39;1;70000;128;0.1;0;5403
382;39;2;70000;128;0.1;0;14106
383;39;3;70000;128;0.1;0;17631
384;39;4;70000;128;0.1;0;5025
385;39;5;70000;128;0.1;0;13749
386;39;6;70000;128;0.1;0;16857
387;39;7;70000;128;0.1;0;4695
388;39;8;70000;128;0.1;0;14490
389;39;9;70000;128;0.1;0;18510
390;39;10;70000;128;0.1;0;22005
391;40;1;70000;128;0.1;0;5290
392;40;2;70000;128;0.1;0;10836
393;40;3;70000;128;0.1;0;14283
394;40;4;70000;128;0.1;0;4785
395;40;5;70000;128;0.1;0;9306
396;40;6;70000;128;0.1;0;12795
397;40;7;70000;128;0.1;0;9819
398;40;8;70000;128;0.1;0;7908
399;40;9;70000;128;0.1;0;10434
400;40;10;70000;128;0.1;0;13059
401;41;1;70000;128;0.1;0;21938
402;41;2;70000;128;0.1;0;9758
403;41;3;70000;128;0.1;0;12800
404;41;4;70000;128;0.1;0;7958
405;41;5;70000;128;0.1;0;8996
406;41;6;70000;128;0.1;0;12344
407;41;7;70000;128;0.1;0;9975
408;41;8;70000;128;0.1;0;14301
409;41;9;70000;128;0.1;0;13185
410;41;10;70000;128;0.1;0;4737
411;42;1;70000;128;0.1;0;5367
412;42;2;70000;128;0.1;0;10830
413;42;3;70000;128;0.1;0;14409
414;42;4;70000;128;0.1;0;3960
415;42;5;70000;128;0.1;0;12423
416;42;6;70000;128;0.1;0;15117
417;42;7;70000;128;0.1;0;4800
418;42;8;70000;128;0.1;0;9435
419;42;9;70000;128;0.1;0;12996
420;42;10;70000;128;0.1;0;4912
421;43;1;70000;128;0.1;0;4998
422;43;2;70000;128;0.1;0;14976
423;43;3;70000;128;0.1;0;19122
424;43;4;70000;128;0.1;0;22461
425;43;5;70000;128;0.1;0;10479
426;43;6;70000;128;0.1;0;13587
427;43;7;70000;128;0.1;0;8511
428;43;8;70000;128;0.1;0;9213
429;43;9;70000;128;0.1;0;17076
430;43;10;70000;128;0.1;0;4830
431;44;1;70000;128;0.1;0;5475
432;44;2;70000;128;0.1;0;14328
433;44;3;70000;128;0.1;0;17676
434;44;4;70000;128;0.1;0;4719
435;44;5;70000;128;0.1;0;13953
436;44;6;70000;128;0.1;0;17400
437;44;7;70000;128;0.1;0;20640
438;44;8;70000;128;0.1;0;10113
439;44;9;70000;128;0.1;0;14709
440;44;10;70000;128;0.1;0;9021
441;45;1;70000;128;0.1;0;4671
442;45;2;70000;128;0.1;0;9291
443;45;3;70000;128;0.1;0;4065
444;45;4;70000;128;0.1;0;7857
445;45;5;70000;128;0.1;0;11640
446;45;6;70000;128;0.1;0;4938
447;45;7;70000;128;0.1;0;10032
448;45;8;70000;128;0.1;0;13353
449;45;9;70000;128;0.1;0;4188
450;45;10;70000;128;0.1;0;7734
451;46;1;70000;128;0.1;0;5346
452;46;2;70000;128;0.1;0;20466
453;46;3;70000;128;0.1;0;24048
454;46;4;70000;128;0.1;0;4893
455;46;5;70000;128;0.1;0;9406
456;46;6;70000;128;0.1;0;12703
457;46;7;70000;128;0.1;0;4688
458;46;8;70000;128;0.1;0;9096
459;46;9;70000;128;0.1;0;12696
460;46;10;70000;128;0.1;0;4986
461;47;1;70000;128;0.1;0;13062
462;47;2;70000;128;0.1;0;15885
463;47;3;70000;128;0.1;0;4797
464;47;4;70000;128;0.1;0;8832
465;47;5;70000;128;0.1;0;12258
466;47;6;70000;128;0.1;0;14883
467;47;7;70000;128;0.1;0;4221
468;47;8;70000;128;0.1;0;8118
469;47;9;70000;128;0.1;0;4503
470;47;10;70000;128;0.1;0;8481
471;48;1;70000;128;0.1;0;5217
472;48;2;70000;128;0.1;0;14934
473;48;3;70000;128;0.1;0;17619
474;48;4;70000;128;0.1;0;4884
475;48;5;70000;128;0.1;0;9453
476;48;6;70000;128;0.1;0;12447
477;48;7;70000;128;0.1;0;4803
478;48;8;70000;128;0.1;0;9384
479;48;9;70000;128;0.1;0;12909
480;48;10;70000;128;0.1;0;4824
481;49;1;70000;128;0.1;0;4608
482;49;2;70000;128;0.1;0;8736
483;49;3;70000;128;0.1;0;12216
484;49;4;70000;128;0.1;0;4014
485;49;5;70000;128;0.1;0;7755
486;49;6;70000;128;0.1;0;10530
487;49;7;70000;128;0.1;0;13551
488;49;8;70000;128;0.1;0;4572
489;49;9;70000;128;0.1;0;8406
490;49;10;70000;128;0.1;0;8949
491;50;1;70000;128;0.1;0;4323
492;50;2;70000;128;0.1;0;10641
493;50;3;70000;128;0.1;0;4203
494;50;4;70000;128;0.1;0;8028
495;50;5;70000;128;0.1;0;11142
496;50;6;70000;128;0.1;0;4082
497;50;7;70000;128;0.1;0;7872
498;50;8;70000;128;0.1;0;11628
499;50;9;70000;128;0.1;0;4154
500;50;10;70000;128;0.1;0;7920
501;51;1;70000;128;0.1;0;4947
502;51;2;70000;128;0.1;0;10059
503;51;3;70000;128;0.1;0;14085
504;51;4;70000;128;0.1;0;4716
505;51;5;70000;128;0.1;0;9147
506;51;6;70000;128;0.1;0;12570
507;51;7;70000;128;0.1;0;4365
508;51;8;70000;128;0.1;0;8172
509;51;9;70000;128;0.1;0;11208
510;51;10;70000;128;0.1;0;4746
511;52;1;70000;128;0.1;0;4962
512;52;2;70000;128;0.1;0;10308
513;52;3;70000;128;0.1;0;13503
514;52;4;70000;128;0.1;0;4896
515;52;5;70000;128;0.1;0;14517
516;52;6;70000;128;0.1;0;17643
517;52;7;70000;128;0.1;0;4785
518;52;8;70000;128;0.1;0;14313
519;52;9;70000;128;0.1;0;17664
520;52;10;70000;128;0.1;0;20844
521;53;1;70000;128;0.1;0;4380
522;53;2;70000;128;0.1;0;12942
523;53;3;70000;128;0.1;0;4251
524;53;4;70000;128;0.1;0;8580
525;53;5;70000;128;0.1;0;10818
526;53;6;70000;128;0.1;0;4104
527;53;7;70000;128;0.1;0;7749
528;53;8;70000;128;0.1;0;14262
529;53;9;70000;128;0.1;0;4017
530;53;10;70000;128;0.1;0;7845
531;54;1;70000;128;0.1;0;4184
532;54;2;70000;128;0.1;0;12468
533;54;3;70000;128;0.1;0;10204
534;54;4;70000;128;0.1;0;12898
535;54;5;70000;128;0.1;0;9450
536;54;6;70000;128;0.1;0;7664
537;54;7;70000;128;0.1;0;3444
538;54;8;70000;128;0.1;0;7366
539;54;9;70000;128;0.1;0;10332
540;54;10;70000;128;0.1;0;3444
541;55;1;70000;128;0.1;0;4605
542;55;2;70000;128;0.1;0;13611
543;55;3;70000;128;0.1;0;16851
544;55;4;70000;128;0.1;0;9861
545;55;5;70000;128;0.1;0;9894
546;55;6;70000;128;0.1;0;12750
547;55;7;70000;128;0.1;0;16278
548;55;8;70000;128;0.1;0;9984
549;55;9;70000;128;0.1;0;8493
550;55;10;70000;128;0.1;0;4377
551;56;1;70000;128;0.1;0;10251
552;56;2;70000;128;0.1;0;13407
553;56;3;70000;128;0.1;0;16950
554;56;4;70000;128;0.1;0;8760
555;56;5;70000;128;0.1;0;14260
556;56;6;70000;128;0.1;0;17578
557;56;7;70000;128;0.1;0;4872
558;56;8;70000;128;0.1;0;14430
559;56;9;70000;128;0.1;0;17786
560;56;10;70000;128;0.1;0;21092
561;57;1;70000;128;0.1;0;10239
562;57;2;70000;128;0.1;0;3972
563;57;3;70000;128;0.1;0;8127
564;57;4;70000;128;0.1;0;10857
565;57;5;70000;128;0.1;0;4842
566;57;6;70000;128;0.1;0;9210
567;57;7;70000;128;0.1;0;12603
568;57;8;70000;128;0.1;0;4647
569;57;9;70000;128;0.1;0;9309
570;57;10;70000;128;0.1;0;13230
571;58;1;70000;128;0.1;0;4671
572;58;2;70000;128;0.1;0;9759
573;58;3;70000;128;0.1;0;12690
574;58;4;70000;128;0.1;0;4776
575;58;5;70000;128;0.1;0;8739
576;58;6;70000;128;0.1;0;12144
577;58;7;70000;128;0.1;0;4263
578;58;8;70000;128;0.1;0;8118
579;58;9;70000;128;0.1;0;11217
580;58;10;70000;128;0.1;0;14274
581;59;1;70000;128;0.1;0;5421
582;59;2;70000;128;0.1;0;11283
583;59;3;70000;128;0.1;0;14985
584;59;4;70000;128;0.1;0;4776
585;59;5;70000;128;0.1;0;9350
586;59;6;70000;128;0.1;0;12694
587;59;7;70000;128;0.1;0;4758
588;59;8;70000;128;0.1;0;9316
589;59;9;70000;128;0.1;0;12620
590;59;10;70000;128;0.1;0;4080
591;60;1;70000;128;0.1;0;4971
592;60;2;70000;128;0.1;0;9891
593;60;3;70000;128;0.1;0;13389
594;60;4;70000;128;0.1;0;4850
595;60;5;70000;128;0.1;0;9196
596;60;6;70000;128;0.1;0;12420
597;60;7;70000;128;0.1;0;4990
598;60;8;70000;128;0.1;0;14340
599;60;9;70000;128;0.1;0;17034
600;60;10;70000;128;0.1;0;4710
601;61;1;70000;128;0.1;0;4692
602;61;2;70000;128;0.1;0;9564
603;61;3;70000;128;0.1;0;12770
604;61;4;70000;128;0.1;0;4078
605;61;5;70000;128;0.1;0;7866
606;61;6;70000;128;0.1;0;11319
607;61;7;70000;128;0.1;0;4017
608;61;8;70000;128;0.1;0;8160
609;61;9;70000;128;0.1;0;11070
610;61;10;70000;128;0.1;0;14043
611;62;1;70000;128;0.1;0;5778
612;62;2;70000;128;0.1;0;11388
613;62;3;70000;128;0.1;0;14721
614;62;4;70000;128;0.1;0;3996
615;62;5;70000;128;0.1;0;7833
616;62;6;70000;128;0.1;0;10518
617;62;7;70000;128;0.1;0;4647
618;62;8;70000;128;0.1;0;9168
619;62;9;70000;128;0.1;0;13239
620;62;10;70000;128;0.1;0;5031
621;63;1;70000;128;0.1;0;4710
622;63;2;70000;128;0.1;0;9873
623;63;3;70000;128;0.1;0;4488
624;63;4;70000;128;0.1;0;8667
625;63;5;70000;128;0.1;0;10764
626;63;6;70000;128;0.1;0;4110
627;63;7;70000;128;0.1;0;11082
628;63;8;70000;128;0.1;0;14665
629;63;9;70000;128;0.1;0;4036
630;63;10;70000;128;0.1;0;7934
631;64;1;70000;128;0.1;0;5496
632;64;2;70000;128;0.1;0;13968
633;64;3;70000;128;0.1;0;17364
634;64;4;70000;128;0.1;0;9546
635;64;5;70000;128;0.1;0;12732
636;64;6;70000;128;0.1;0;15603
637;64;7;70000;128;0.1;0;4392
638;64;8;70000;128;0.1;0;18456
639;64;9;70000;128;0.1;0;23985
640;64;10;70000;128;0.1;0;27243
641;65;1;70000;128;0.1;0;4467
642;65;2;70000;128;0.1;0;5682
643;65;3;70000;128;0.1;0;4647
644;65;4;70000;128;0.1;0;11394
645;65;5;70000;128;0.1;0;14793
646;65;6;70000;128;0.1;0;4815
647;65;7;70000;128;0.1;0;17502
648;65;8;70000;128;0.1;0;21076
649;65;9;70000;128;0.1;0;4812
650;65;10;70000;128;0.1;0;14592
651;66;1;70000;128;0.1;0;5154
652;66;2;70000;128;0.1;0;13125
653;66;3;70000;128;0.1;0;11652
654;66;4;70000;128;0.1;0;15114
655;66;5;70000;128;0.1;0;4053
656;66;6;70000;128;0.1;0;12705
657;66;7;70000;128;0.1;0;4929
658;66;8;70000;128;0.1;0;11889
659;66;9;70000;128;0.1;0;15375
660;66;10;70000;128;0.1;0;5034
661;67;1;70000;128;0.1;0;4968
662;67;2;70000;128;0.1;0;10338
663;67;3;70000;128;0.1;0;13395
664;67;4;70000;128;0.1;0;3951
665;67;5;70000;128;0.1;0;7821
666;67;6;70000;128;0.1;0;10722
667;67;7;70000;128;0.1;0;14010
668;67;8;70000;128;0.1;0;3908
669;67;9;70000;128;0.1;0;8094
670;67;10;70000;128;0.1;0;9060
671;68;1;70000;128;0.1;0;5304
672;68;2;70000;128;0.1;0;14328
673;68;3;70000;128;0.1;0;19143
674;68;4;70000;128;0.1;0;17505
675;68;5;70000;128;0.1;0;4860
676;68;6;70000;128;0.1;0;10752
677;68;7;70000;128;0.1;0;3900
678;68;8;70000;128;0.1;0;7968
679;68;9;70000;128;0.1;0;11160
680;68;10;70000;128;0.1;0;4824
681;69;1;70000;128;0.1;0;4398
682;69;2;70000;128;0.1;0;8356
683;69;3;70000;128;0.1;0;11166
684;69;4;70000;128;0.1;0;4209
685;69;5;70000;128;0.1;0;7656
686;69;6;70000;128;0.1;0;10320
687;69;7;70000;128;0.1;0;4434
688;69;8;70000;128;0.1;0;12168
689;69;9;70000;128;0.1;0;19947
690;69;10;70000;128;0.1;0;8817
691;70;1;70000;128;0.1;0;9087
692;70;2;70000;128;0.1;0;8967
693;70;3;70000;128;0.1;0;11889
694;70;4;70000;128;0.1;0;4230
695;70;5;70000;128;0.1;0;7785
696;70;6;70000;128;0.1;0;11523
697;70;7;70000;128;0.1;0;4101
698;70;8;70000;128;0.1;0;7734
699;70;9;70000;128;0.1;0;10653
700;70;10;70000;128;0.1;0;4359
701;71;1;70000;128;0.1;0;4641
702;71;2;70000;128;0.1;0;13794
703;71;3;70000;128;0.1;0;4191
704;71;4;70000;128;0.1;0;7929
705;71;5;70000;128;0.1;0;11757
706;71;6;70000;128;0.1;0;4130
707;71;7;70000;128;0.1;0;8262
708;71;8;70000;128;0.1;0;11270
709;71;9;70000;128;0.1;0;4416
710;71;10;70000;128;0.1;0;8018
711;72;1;70000;128;0.1;0;4886
712;72;2;70000;128;0.1;0;16404
713;72;3;70000;128;0.1;0;18338
714;72;4;70000;128;0.1;0;4928
715;72;5;70000;128;0.1;0;9204
716;72;6;70000;128;0.1;0;12460
717;72;7;70000;128;0.1;0;4782
718;72;8;70000;128;0.1;0;9381
719;72;9;70000;128;0.1;0;12825
720;72;10;70000;128;0.1;0;4803
721;73;1;70000;128;0.1;0;9708
722;73;2;70000;128;0.1;0;8718
723;73;3;70000;128;0.1;0;11289
724;73;4;70000;128;0.1;0;13803
725;73;5;70000;128;0.1;0;4209
726;73;6;70000;128;0.1;0;7800
727;73;7;70000;128;0.1;0;4142
728;73;8;70000;128;0.1;0;7686
729;73;9;70000;128;0.1;0;10394
730;73;10;70000;128;0.1;0;4442
731;74;1;70000;128;0.1;0;5223
732;74;2;70000;128;0.1;0;14178
733;74;3;70000;128;0.1;0;17451
734;74;4;70000;128;0.1;0;4794
735;74;5;70000;128;0.1;0;13818
736;74;6;70000;128;0.1;0;17223
737;74;7;70000;128;0.1;0;25362
738;74;8;70000;128;0.1;0;10005
739;74;9;70000;128;0.1;0;20556
740;74;10;70000;128;0.1;0;19051
741;75;1;70000;128;0.1;0;8301
742;75;2;70000;128;0.1;0;8007
743;75;3;70000;128;0.1;0;10851
744;75;4;70000;128;0.1;0;4389
745;75;5;70000;128;0.1;0;7842
746;75;6;70000;128;0.1;0;10473
747;75;7;70000;128;0.1;0;4206
748;75;8;70000;128;0.1;0;7911
749;75;9;70000;128;0.1;0;10809
750;75;10;70000;128;0.1;0;4275
751;76;1;70000;128;0.1;0;5145
752;76;2;70000;128;0.1;0;15321
753;76;3;70000;128;0.1;0;18768
754;76;4;70000;128;0.1;0;3960
755;76;5;70000;128;0.1;0;13017
756;76;6;70000;128;0.1;0;16005
757;76;7;70000;128;0.1;0;19116
758;76;8;70000;128;0.1;0;9435
759;76;9;70000;128;0.1;0;8062
760;76;10;70000;128;0.1;0;4746
761;77;1;70000;128;0.1;0;9126
762;77;2;70000;128;0.1;0;9738
763;77;3;70000;128;0.1;0;12462
764;77;4;70000;128;0.1;0;4224
765;77;5;70000;128;0.1;0;7706
766;77;6;70000;128;0.1;0;10590
767;77;7;70000;128;0.1;0;4130
768;77;8;70000;128;0.1;0;8020
769;77;9;70000;128;0.1;0;10948
770;77;10;70000;128;0.1;0;4473
771;78;1;70000;128;0.1;0;4314
772;78;2;70000;128;0.1;0;7983
773;78;3;70000;128;0.1;0;4179
774;78;4;70000;128;0.1;0;8619
775;78;5;70000;128;0.1;0;10713
776;78;6;70000;128;0.1;0;4056
777;78;7;70000;128;0.1;0;8082
778;78;8;70000;128;0.1;0;11757
779;78;9;70000;128;0.1;0;4176
780;78;10;70000;128;0.1;0;8193
781;79;1;70000;128;0.1;0;13482
782;79;2;70000;128;0.1;0;4911
783;79;3;70000;128;0.1;0;9201
784;79;4;70000;128;0.1;0;12672
785;79;5;70000;128;0.1;0;4845
786;79;6;70000;128;0.1;0;9030
787;79;7;70000;128;0.1;0;12255
788;79;8;70000;128;0.1;0;4026
789;79;9;70000;128;0.1;0;7899
790;79;10;70000;128;0.1;0;10830
791;80;1;70000;128;0.1;0;4698
792;80;2;70000;128;0.1;0;8769
793;80;3;70000;128;0.1;0;11847
794;80;4;70000;128;0.1;0;4239
795;80;5;70000;128;0.1;0;3642
796;80;6;70000;128;0.1;0;6381
797;80;7;70000;128;0.1;0;4122
798;80;8;70000;128;0.1;0;7890
799;80;9;70000;128;0.1;0;11106
800;80;10;70000;128;0.1;0;4290
801;81;1;70000;128;0.1;0;5214
802;81;2;70000;128;0.1;0;14517
803;81;3;70000;128;0.1;0;17988
804;81;4;70000;128;0.1;0;21435
805;81;5;70000;128;0.1;0;4089
806;81;6;70000;128;0.1;0;7467
807;81;7;70000;128;0.1;0;4848
808;81;8;70000;128;0.1;0;11625
809;81;9;70000;128;0.1;0;15315
810;81;10;70000;128;0.1;0;4752
811;82;1;70000;128;0.1;0;5226
812;82;2;70000;128;0.1;0;13926
813;82;3;70000;128;0.1;0;17556
814;82;4;70000;128;0.1;0;15744
815;82;5;70000;128;0.1;0;4790
816;82;6;70000;128;0.1;0;10070
817;82;7;70000;128;0.1;0;4776
818;82;8;70000;128;0.1;0;13308
819;82;9;70000;128;0.1;0;21252
820;82;10;70000;128;0.1;0;9939
821;83;1;70000;128;0.1;0;4575
822;83;2;70000;128;0.1;0;9573
823;83;3;70000;128;0.1;0;12429
824;83;4;70000;128;0.1;0;4830
825;83;5;70000;128;0.1;0;9615
826;83;6;70000;128;0.1;0;13053
827;83;7;70000;128;0.1;0;6327
828;83;8;70000;128;0.1;0;12171
829;83;9;70000;128;0.1;0;15663
830;83;10;70000;128;0.1;0;4881
831;84;1;70000;128;0.1;0;5388
832;84;2;70000;128;0.1;0;10893
833;84;3;70000;128;0.1;0;14253
834;84;4;70000;128;0.1;0;4749
835;84;5;70000;128;0.1;0;9129
836;84;6;70000;128;0.1;0;12366
837;84;7;70000;128;0.1;0;5088
838;84;8;70000;128;0.1;0;20088
839;84;9;70000;128;0.1;0;23154
840;84;10;70000;128;0.1;0;9933
841;85;1;70000;128;0.1;0;5097
842;85;2;70000;128;0.1;0;13878
843;85;3;70000;128;0.1;0;21054
844;85;4;70000;128;0.1;0;4770
845;85;5;70000;128;0.1;0;13236
846;85;6;70000;128;0.1;0;17226
847;85;7;70000;128;0.1;0;5028
848;85;8;70000;128;0.1;0;17718
849;85;9;70000;128;0.1;0;20577
850;85;10;70000;128;0.1;0;4851
851;86;1;70000;128;0.1;0;5301
852;86;2;70000;128;0.1;0;10662
853;86;3;70000;128;0.1;0;14079
854;86;4;70000;128;0.1;0;4839
855;86;5;70000;128;0.1;0;9357
856;86;6;70000;128;0.1;0;12687
857;86;7;70000;128;0.1;0;3891
858;86;8;70000;128;0.1;0;7620
859;86;9;70000;128;0.1;0;11028
860;86;10;70000;128;0.1;0;4869
861;87;1;70000;128;0.1;0;4848
862;87;2;70000;128;0.1;0;12576
863;87;3;70000;128;0.1;0;11262
864;87;4;70000;128;0.1;0;14499
865;87;5;70000;128;0.1;0;10221
866;87;6;70000;128;0.1;0;8172
867;87;7;70000;128;0.1;0;4119
868;87;8;70000;128;0.1;0;8136
869;87;9;70000;128;0.1;0;11286
870;87;10;70000;128;0.1;0;4206
871;88;1;70000;128;0.1;0;5240
872;88;2;70000;128;0.1;0;10922
873;88;3;70000;128;0.1;0;15046
874;88;4;70000;128;0.1;0;4806
875;88;5;70000;128;0.1;0;9380
876;88;6;70000;128;0.1;0;12830
877;88;7;70000;128;0.1;0;4518
878;88;8;70000;128;0.1;0;8811
879;88;9;70000;128;0.1;0;12300
880;88;10;70000;128;0.1;0;4203
881;89;1;70000;128;0.1;0;10503
882;89;2;70000;128;0.1;0;9888
883;89;3;70000;128;0.1;0;4173
884;89;4;70000;128;0.1;0;14958
885;89;5;70000;128;0.1;0;12714
886;89;6;70000;128;0.1;0;3933
887;89;7;70000;128;0.1;0;7812
888;89;8;70000;128;0.1;0;10992
889;89;9;70000;128;0.1;0;4008
890;89;10;70000;128;0.1;0;7935
891;90;1;70000;128;0.1;0;5406
892;90;2;70000;128;0.1;0;9381
893;90;3;70000;128;0.1;0;12528
894;90;4;70000;128;0.1;0;10182
895;90;5;70000;128;0.1;0;13803
896;90;6;70000;128;0.1;0;16683
897;90;7;70000;128;0.1;0;13890
898;90;8;70000;128;0.1;0;4764
899;90;9;70000;128;0.1;0;9027
900;90;10;70000;128;0.1;0;4812
901;91;1;70000;128;0.1;0;5355
902;91;2;70000;128;0.1;0;16269
903;91;3;70000;128;0.1;0;19806
904;91;4;70000;128;0.1;0;9159
905;91;5;70000;128;0.1;0;13968
906;91;6;70000;128;0.1;0;17052
907;91;7;70000;128;0.1;0;4944
908;91;8;70000;128;0.1;0;13341
909;91;9;70000;128;0.1;0;17208
910;91;10;70000;128;0.1;0;20988
911;92;1;70000;128;0.1;0;5307
912;92;2;70000;128;0.1;0;10824
913;92;3;70000;128;0.1;0;14037
914;92;4;70000;128;0.1;0;5034
915;92;5;70000;128;0.1;0;9942
916;92;6;70000;128;0.1;0;13251
917;92;7;70000;128;0.1;0;4830
918;92;8;70000;128;0.1;0;9270
919;92;9;70000;128;0.1;0;12519
920;92;10;70000;128;0.1;0;4050
921;93;1;70000;128;0.1;0;5379
922;93;2;70000;128;0.1;0;11037
923;93;3;70000;128;0.1;0;14424
924;93;4;70000;128;0.1;0;4848
925;93;5;70000;128;0.1;0;9330
926;93;6;70000;128;0.1;0;12568
927;93;7;70000;128;0.1;0;5044
928;93;8;70000;128;0.1;0;8508
929;93;9;70000;128;0.1;0;11562
930;93;10;70000;128;0.1;0;4122
931;94;1;70000;128;0.1;0;4455
932;94;2;70000;128;0.1;0;13110
933;94;3;70000;128;0.1;0;16071
934;94;4;70000;128;0.1;0;18738
935;94;5;70000;128;0.1;0;9351
936;94;6;70000;128;0.1;0;9273
937;94;7;70000;128;0.1;0;5409
938;94;8;70000;128;0.1;0;15285
939;94;9;70000;128;0.1;0;17616
940;94;10;70000;128;0.1;0;5016
941;95;1;70000;128;0.1;0;5366
942;95;2;70000;128;0.1;0;9786
943;95;3;70000;128;0.1;0;13184
944;95;4;70000;128;0.1;0;3969
945;95;5;70000;128;0.1;0;7644
946;95;6;70000;128;0.1;0;10509
947;95;7;70000;128;0.1;0;4767
948;95;8;70000;128;0.1;0;9039
949;95;9;70000;128;0.1;0;12927
950;95;10;70000;128;0.1;0;5007
951;96;1;70000;128;0.1;0;5124
952;96;2;70000;128;0.1;0;10002
953;96;3;70000;128;0.1;0;13593
954;96;4;70000;128;0.1;0;4881
955;96;5;70000;128;0.1;0;9159
956;96;6;70000;128;0.1;0;16089
957;96;7;70000;128;0.1;0;4878
958;96;8;70000;128;0.1;0;9624
959;96;9;70000;128;0.1;0;16716
960;96;10;70000;128;0.1;0;4080
961;97;1;70000;128;0.1;0;4774
962;97;2;70000;128;0.1;0;9948
963;97;3;70000;128;0.1;0;13648
964;97;4;70000;128;0.1;0;4086
965;97;5;70000;128;0.1;0;11218
966;97;6;70000;128;0.1;0;14026
967;97;7;70000;128;0.1;0;4104
968;97;8;70000;128;0.1;0;8091
969;97;9;70000;128;0.1;0;11058
970;97;10;70000;128;0.1;0;14070
971;98;1;70000;128;0.1;0;5241
972;98;2;70000;128;0.1;0;10821
973;98;3;70000;128;0.1;0;14385
974;98;4;70000;128;0.1;0;4773
975;98;5;70000;128;0.1;0;9144
976;98;6;70000;128;0.1;0;12339
977;98;7;70000;128;0.1;0;4890
978;98;8;70000;128;0.1;0;14394
979;98;9;70000;128;0.1;0;17856
980;98;10;70000;128;0.1;0;4059
981;99;1;70000;128;0.1;0;5499
982;99;2;70000;128;0.1;0;10284
983;99;3;70000;128;0.1;0;13734
984;99;4;70000;128;0.1;0;4728
985;99;5;70000;128;0.1;0;9204
986;99;6;70000;128;0.1;0;12282
987;99;7;70000;128;0.1;0;4380
988;99;8;70000;128;0.1;0;8481
989;99;9;70000;128;0.1;0;12291
990;99;10;70000;128;0.1;0;4179
991;100;1;70000;128;0.1;0;9873
992;100;2;70000;128;0.1;0;13746
993;100;3;70000;128;0.1;0;4854
994;100;4;70000;128;0.1;0;9300
995;100;5;70000;128;0.1;0;12657
996;100;6;70000;128;0.1;0;14730
997;100;7;70000;128;0.1;0;18084
998;100;8;70000;128;0.1;0;26403
999;100;9;70000;128;0.1;0;31593
1000;100;10;70000;128;0.1;0;7581
