1;1;1;60000;128;0.1;0;5649
2;1;2;60000;128;0.1;0;11175
3;1;3;60000;128;0.1;0;14790
4;1;4;60000;128;0.1;0;5586
5;1;5;60000;128;0.1;0;4158
6;1;6;60000;128;0.1;0;8691
7;1;7;60000;128;0.1;0;13002
8;1;8;60000;128;0.1;0;4101
9;1;9;60000;128;0.1;0;4551
10;1;10;60000;128;0.1;0;9285
11;2;1;60000;128;0.1;0;8136
12;2;2;60000;128;0.1;0;11163
13;2;3;60000;128;0.1;0;4914
14;2;4;60000;128;0.1;0;4662
15;2;5;60000;128;0.1;0;9297
16;2;6;60000;128;0.1;0;12813
17;2;7;60000;128;0.1;0;4863
18;2;8;60000;128;0.1;0;5124
19;2;9;60000;128;0.1;0;9735
20;2;10;60000;128;0.1;0;14352
21;3;1;60000;128;0.1;0;4692
22;3;2;60000;128;0.1;0;9144
23;3;3;60000;128;0.1;0;10074
24;3;4;60000;128;0.1;0;9039
25;3;5;60000;128;0.1;0;10206
26;3;6;60000;128;0.1;0;8379
27;3;7;60000;128;0.1;0;9900
28;3;8;60000;128;0.1;0;8283
29;3;9;60000;128;0.1;0;4341
30;3;10;60000;128;0.1;0;8103
31;4;1;60000;128;0.1;0;10314
32;4;2;60000;128;0.1;0;9195
33;4;3;60000;128;0.1;0;14100
34;4;4;60000;128;0.1;0;12621
35;4;5;60000;128;0.1;0;1644
36;4;6;60000;128;0.1;0;4167
37;4;7;60000;128;0.1;0;8307
38;4;8;60000;128;0.1;0;11640
39;4;9;60000;128;0.1;0;11094
40;4;10;60000;128;0.1;0;4209
41;5;1;60000;128;0.1;0;4776
42;5;2;60000;128;0.1;0;8475
43;5;3;60000;128;0.1;0;4395
44;5;4;60000;128;0.1;0;12870
45;5;5;60000;128;0.1;0;10068
46;5;6;60000;128;0.1;0;8256
47;5;7;60000;128;0.1;0;9909
48;5;8;60000;128;0.1;0;8136
49;5;9;60000;128;0.1;0;9804
50;5;10;60000;128;0.1;0;7953
51;6;1;60000;128;0.1;0;5445
52;6;2;60000;128;0.1;0;4764
53;6;3;60000;128;0.1;0;9885
54;6;4;60000;128;0.1;0;13431
55;6;5;60000;128;0.1;0;4707
56;6;6;60000;128;0.1;0;4791
57;6;7;60000;128;0.1;0;9360
58;6;8;60000;128;0.1;0;13056
59;6;9;60000;128;0.1;0;10146
60;6;10;60000;128;0.1;0;4812
61;7;1;60000;128;0.1;0;4707
62;7;2;60000;128;0.1;0;9600
63;7;3;60000;128;0.1;0;12630
64;7;4;60000;128;0.1;0;9792
65;7;5;60000;128;0.1;0;4104
66;7;6;60000;128;0.1;0;7930
67;7;7;60000;128;0.1;0;10722
68;7;8;60000;128;0.1;0;11448
69;7;9;60000;128;0.1;0;4134
70;7;10;60000;128;0.1;0;9896
71;8;1;60000;128;0.1;0;4605
72;8;2;60000;128;0.1;0;7938
73;8;3;60000;128;0.1;0;9132
74;8;4;60000;128;0.1;0;12567
75;8;5;60000;128;0.1;0;4737
76;8;6;60000;128;0.1;0;4791
77;8;7;60000;128;0.1;0;9894
78;8;8;60000;128;0.1;0;9168
79;8;9;60000;128;0.1;0;8970
80;8;10;60000;128;0.1;0;3927
81;9;1;60000;128;0.1;0;10386
82;9;2;60000;128;0.1;0;14856
83;9;3;60000;128;0.1;0;5064
84;9;4;60000;128;0.1;0;18546
85;9;5;60000;128;0.1;0;3987
86;9;6;60000;128;0.1;0;6648
87;9;7;60000;128;0.1;0;4788
88;9;8;60000;128;0.1;0;10059
89;9;9;60000;128;0.1;0;4734
90;9;10;60000;128;0.1;0;9357
91;10;1;60000;128;0.1;0;5292
92;10;2;60000;128;0.1;0;10698
93;10;3;60000;128;0.1;0;9492
94;10;4;60000;128;0.1;0;7635
95;10;5;60000;128;0.1;0;9708
96;10;6;60000;128;0.1;0;18390
97;10;7;60000;128;0.1;0;4635
98;10;8;60000;128;0.1;0;8427
99;10;9;60000;128;0.1;0;4761
100;10;10;60000;128;0.1;0;11790
101;11;1;60000;128;0.1;0;4362
102;11;2;60000;128;0.1;0;8385
103;11;3;60000;128;0.1;0;4221
104;11;4;60000;128;0.1;0;8886
105;11;5;60000;128;0.1;0;4377
106;11;6;60000;128;0.1;0;8121
107;11;7;60000;128;0.1;0;3950
108;11;8;60000;128;0.1;0;11196
109;11;9;60000;128;0.1;0;10560
110;11;10;60000;128;0.1;0;8510
111;12;1;60000;128;0.1;0;5409
112;12;2;60000;128;0.1;0;10572
113;12;3;60000;128;0.1;0;13845
114;12;4;60000;128;0.1;0;10839
115;12;5;60000;128;0.1;0;4740
116;12;6;60000;128;0.1;0;8997
117;12;7;60000;128;0.1;0;12261
118;12;8;60000;128;0.1;0;4647
119;12;9;60000;128;0.1;0;5098
120;12;10;60000;128;0.1;0;9714
121;13;1;60000;128;0.1;0;9924
122;13;2;60000;128;0.1;0;8202
123;13;3;60000;128;0.1;0;12843
124;13;4;60000;128;0.1;0;16074
125;13;5;60000;128;0.1;0;4622
126;13;6;60000;128;0.1;0;4522
127;13;7;60000;128;0.1;0;10158
128;13;8;60000;128;0.1;0;9180
129;13;9;60000;128;0.1;0;5140
130;13;10;60000;128;0.1;0;9414
131;14;1;60000;128;0.1;0;5004
132;14;2;60000;128;0.1;0;9454
133;14;3;60000;128;0.1;0;10074
134;14;4;60000;128;0.1;0;11680
135;14;5;60000;128;0.1;0;4878
136;14;6;60000;128;0.1;0;8728
137;14;7;60000;128;0.1;0;11796
138;14;8;60000;128;0.1;0;14112
139;14;9;60000;128;0.1;0;4386
140;14;10;60000;128;0.1;0;8076
141;15;1;60000;128;0.1;0;9747
142;15;2;60000;128;0.1;0;15264
143;15;3;60000;128;0.1;0;4878
144;15;4;60000;128;0.1;0;12159
145;15;5;60000;128;0.1;0;4923
146;15;6;60000;128;0.1;0;13470
147;15;7;60000;128;0.1;0;4164
148;15;8;60000;128;0.1;0;13053
149;15;9;60000;128;0.1;0;9906
150;15;10;60000;128;0.1;0;14289
151;16;1;60000;128;0.1;0;4245
152;16;2;60000;128;0.1;0;9003
153;16;3;60000;128;0.1;0;11832
154;16;4;60000;128;0.1;0;10458
155;16;5;60000;128;0.1;0;3585
156;16;6;60000;128;0.1;0;10809
157;16;7;60000;128;0.1;0;14016
158;16;8;60000;128;0.1;0;10440
159;16;9;60000;128;0.1;0;3633
160;16;10;60000;128;0.1;0;7476
161;17;1;60000;128;0.1;0;4743
162;17;2;60000;128;0.1;0;14283
163;17;3;60000;128;0.1;0;3933
164;17;4;60000;128;0.1;0;6675
165;17;5;60000;128;0.1;0;4992
166;17;6;60000;128;0.1;0;9972
167;17;7;60000;128;0.1;0;4683
168;17;8;60000;128;0.1;0;3867
169;17;9;60000;128;0.1;0;4698
170;17;10;60000;128;0.1;0;12180
171;18;1;60000;128;0.1;0;5418
172;18;2;60000;128;0.1;0;10668
173;18;3;60000;128;0.1;0;4848
174;18;4;60000;128;0.1;0;8958
175;18;5;60000;128;0.1;0;9714
176;18;6;60000;128;0.1;0;7824
177;18;7;60000;128;0.1;0;4695
178;18;8;60000;128;0.1;0;9510
179;18;9;60000;128;0.1;0;5172
180;18;10;60000;128;0.1;0;9328
181;19;1;60000;128;0.1;0;5316
182;19;2;60000;128;0.1;0;10366
183;19;3;60000;128;0.1;0;4704
184;19;4;60000;128;0.1;0;9096
185;19;5;60000;128;0.1;0;8776
186;19;6;60000;128;0.1;0;7905
187;19;7;60000;128;0.1;0;10872
188;19;8;60000;128;0.1;0;13392
189;19;9;60000;128;0.1;0;4875
190;19;10;60000;128;0.1;0;9114
191;20;1;60000;128;0.1;0;9690
192;20;2;60000;128;0.1;0;8622
193;20;3;60000;128;0.1;0;11442
194;20;4;60000;128;0.1;0;4764
195;20;5;60000;128;0.1;0;4743
196;20;6;60000;128;0.1;0;9081
197;20;7;60000;128;0.1;0;12417
198;20;8;60000;128;0.1;0;4716
199;20;9;60000;128;0.1;0;4845
200;20;10;60000;128;0.1;0;8898
201;21;1;60000;128;0.1;0;5296
202;21;2;60000;128;0.1;0;14564
203;21;3;60000;128;0.1;0;17742
204;21;4;60000;128;0.1;0;4670
205;21;5;60000;128;0.1;0;9466
206;21;6;60000;128;0.1;0;12552
207;21;7;60000;128;0.1;0;20673
208;21;8;60000;128;0.1;0;5016
209;21;9;60000;128;0.1;0;7848
210;21;10;60000;128;0.1;0;12225
211;22;1;60000;128;0.1;0;9988
212;22;2;60000;128;0.1;0;4728
213;22;3;60000;128;0.1;0;8860
214;22;4;60000;128;0.1;0;11532
215;22;5;60000;128;0.1;0;10851
216;22;6;60000;128;0.1;0;4161
217;22;7;60000;128;0.1;0;11763
218;22;8;60000;128;0.1;0;15276
219;22;9;60000;128;0.1;0;3936
220;22;10;60000;128;0.1;0;3939
221;23;1;60000;128;0.1;0;15657
222;23;2;60000;128;0.1;0;4638
223;23;3;60000;128;0.1;0;3453
224;23;4;60000;128;0.1;0;10014
225;23;5;60000;128;0.1;0;13311
226;23;6;60000;128;0.1;0;4812
227;23;7;60000;128;0.1;0;13749
228;23;8;60000;128;0.1;0;5277
229;23;9;60000;128;0.1;0;10038
230;23;10;60000;128;0.1;0;5234
231;24;1;60000;128;0.1;0;4402
232;24;2;60000;128;0.1;0;8524
233;24;3;60000;128;0.1;0;4644
234;24;4;60000;128;0.1;0;8510
235;24;5;60000;128;0.1;0;4290
236;24;6;60000;128;0.1;0;9480
237;24;7;60000;128;0.1;0;9820
238;24;8;60000;128;0.1;0;8109
239;24;9;60000;128;0.1;0;10167
240;24;10;60000;128;0.1;0;8058
241;25;1;60000;128;0.1;0;5103
242;25;2;60000;128;0.1;0;10509
243;25;3;60000;128;0.1;0;4809
244;25;4;60000;128;0.1;0;8967
245;25;5;60000;128;0.1;0;4878
246;25;6;60000;128;0.1;0;8949
247;25;7;60000;128;0.1;0;4092
248;25;8;60000;128;0.1;0;8058
249;25;9;60000;128;0.1;0;4824
250;25;10;60000;128;0.1;0;9018
251;26;1;60000;128;0.1;0;4542
252;26;2;60000;128;0.1;0;9357
253;26;3;60000;128;0.1;0;12135
254;26;4;60000;128;0.1;0;3939
255;26;5;60000;128;0.1;0;9111
256;26;6;60000;128;0.1;0;13959
257;26;7;60000;128;0.1;0;17292
258;26;8;60000;128;0.1;0;4791
259;26;9;60000;128;0.1;0;9315
260;26;10;60000;128;0.1;0;13344
261;27;1;60000;128;0.1;0;5214
262;27;2;60000;128;0.1;0;4623
263;27;3;60000;128;0.1;0;13410
264;27;4;60000;128;0.1;0;16638
265;27;5;60000;128;0.1;0;4596
266;27;6;60000;128;0.1;0;7830
267;27;7;60000;128;0.1;0;11998
268;27;8;60000;128;0.1;0;14884
269;27;9;60000;128;0.1;0;8826
270;27;10;60000;128;0.1;0;9088
271;28;1;60000;128;0.1;0;5208
272;28;2;60000;128;0.1;0;9780
273;28;3;60000;128;0.1;0;4788
274;28;4;60000;128;0.1;0;8952
275;28;5;60000;128;0.1;0;4149
276;28;6;60000;128;0.1;0;7782
277;28;7;60000;128;0.1;0;5025
278;28;8;60000;128;0.1;0;24297
279;28;9;60000;128;0.1;0;5061
280;28;10;60000;128;0.1;0;8157
281;29;1;60000;128;0.1;0;4578
282;29;2;60000;128;0.1;0;9084
283;29;3;60000;128;0.1;0;12447
284;29;4;60000;128;0.1;0;3900
285;29;5;60000;128;0.1;0;9837
286;29;6;60000;128;0.1;0;13503
287;29;7;60000;128;0.1;0;17037
288;29;8;60000;128;0.1;0;4641
289;29;9;60000;128;0.1;0;9278
290;29;10;60000;128;0.1;0;13516
291;30;1;60000;128;0.1;0;9270
292;30;2;60000;128;0.1;0;4080
293;30;3;60000;128;0.1;0;8475
294;30;4;60000;128;0.1;0;4590
295;30;5;60000;128;0.1;0;8511
296;30;6;60000;128;0.1;0;4017
297;30;7;60000;128;0.1;0;7857
298;30;8;60000;128;0.1;0;4194
299;30;9;60000;128;0.1;0;8751
300;30;10;60000;128;0.1;0;9912
301;31;1;60000;128;0.1;0;4552
302;31;2;60000;128;0.1;0;9118
303;31;3;60000;128;0.1;0;4852
304;31;4;60000;128;0.1;0;9522
305;31;5;60000;128;0.1;0;4882
306;31;6;60000;128;0.1;0;9108
307;31;7;60000;128;0.1;0;8994
308;31;8;60000;128;0.1;0;9292
309;31;9;60000;128;0.1;0;4917
310;31;10;60000;128;0.1;0;8994
311;32;1;60000;128;0.1;0;3843
312;32;2;60000;128;0.1;0;8133
313;32;3;60000;128;0.1;0;10899
314;32;4;60000;128;0.1;0;9408
315;32;5;60000;128;0.1;0;3531
316;32;6;60000;128;0.1;0;7209
317;32;7;60000;128;0.1;0;9969
318;32;8;60000;128;0.1;0;9357
319;32;9;60000;128;0.1;0;3627
320;32;10;60000;128;0.1;0;9666
321;33;1;60000;128;0.1;0;4796
322;33;2;60000;128;0.1;0;10098
323;33;3;60000;128;0.1;0;4914
324;33;4;60000;128;0.1;0;9222
325;33;5;60000;128;0.1;0;4058
326;33;6;60000;128;0.1;0;13137
327;33;7;60000;128;0.1;0;16407
328;33;8;60000;128;0.1;0;19363
329;33;9;60000;128;0.1;0;4737
330;33;10;60000;128;0.1;0;13455
331;34;1;60000;128;0.1;0;10449
332;34;2;60000;128;0.1;0;8310
333;34;3;60000;128;0.1;0;14640
334;34;4;60000;128;0.1;0;17901
335;34;5;60000;128;0.1;0;4878
336;34;6;60000;128;0.1;0;9468
337;34;7;60000;128;0.1;0;12000
338;34;8;60000;128;0.1;0;14745
339;34;9;60000;128;0.1;0;9621
340;34;10;60000;128;0.1;0;4848
341;35;1;60000;128;0.1;0;5460
342;35;2;60000;128;0.1;0;4698
343;35;3;60000;128;0.1;0;9070
344;35;4;60000;128;0.1;0;12498
345;35;5;60000;128;0.1;0;9930
346;35;6;60000;128;0.1;0;5031
347;35;7;60000;128;0.1;0;9510
348;35;8;60000;128;0.1;0;12894
349;35;9;60000;128;0.1;0;4680
350;35;10;60000;128;0.1;0;4977
351;36;1;60000;128;0.1;0;5124
352;36;2;60000;128;0.1;0;9309
353;36;3;60000;128;0.1;0;4833
354;36;4;60000;128;0.1;0;9024
355;36;5;60000;128;0.1;0;4767
356;36;6;60000;128;0.1;0;8985
357;36;7;60000;128;0.1;0;4221
358;36;8;60000;128;0.1;0;7962
359;36;9;60000;128;0.1;0;5070
360;36;10;60000;128;0.1;0;9336
361;37;1;60000;128;0.1;0;5262
362;37;2;60000;128;0.1;0;9654
363;37;3;60000;128;0.1;0;4905
364;37;4;60000;128;0.1;0;9246
365;37;5;60000;128;0.1;0;9504
366;37;6;60000;128;0.1;0;12693
367;37;7;60000;128;0.1;0;4698
368;37;8;60000;128;0.1;0;9150
369;37;9;60000;128;0.1;0;4716
370;37;10;60000;128;0.1;0;9066
371;38;1;60000;128;0.1;0;4818
372;38;2;60000;128;0.1;0;9474
373;38;3;60000;128;0.1;0;9462
374;38;4;60000;128;0.1;0;12237
375;38;5;60000;128;0.1;0;5241
376;38;6;60000;128;0.1;0;9468
377;38;7;60000;128;0.1;0;4659
378;38;8;60000;128;0.1;0;9306
379;38;9;60000;128;0.1;0;4686
380;38;10;60000;128;0.1;0;9147
381;39;1;60000;128;0.1;0;10578
382;39;2;60000;128;0.1;0;4440
383;39;3;60000;128;0.1;0;8274
384;39;4;60000;128;0.1;0;11079
385;39;5;60000;128;0.1;0;10809
386;39;6;60000;128;0.1;0;4137
387;39;7;60000;128;0.1;0;11712
388;39;8;60000;128;0.1;0;14565
389;39;9;60000;128;0.1;0;4122
390;39;10;60000;128;0.1;0;4221
391;40;1;60000;128;0.1;0;9594
392;40;2;60000;128;0.1;0;11271
393;40;3;60000;128;0.1;0;9600
394;40;4;60000;128;0.1;0;13809
395;40;5;60000;128;0.1;0;4986
396;40;6;60000;128;0.1;0;10388
397;40;7;60000;128;0.1;0;4712
398;40;8;60000;128;0.1;0;13696
399;40;9;60000;128;0.1;0;4962
400;40;10;60000;128;0.1;0;14134
401;41;1;60000;128;0.1;0;4659
402;41;2;60000;128;0.1;0;10041
403;41;3;60000;128;0.1;0;10221
404;41;4;60000;128;0.1;0;8250
405;41;5;60000;128;0.1;0;9960
406;41;6;60000;128;0.1;0;7992
407;41;7;60000;128;0.1;0;4176
408;41;8;60000;128;0.1;0;7842
409;41;9;60000;128;0.1;0;4200
410;41;10;60000;128;0.1;0;8007
411;42;1;60000;128;0.1;0;4833
412;42;2;60000;128;0.1;0;8904
413;42;3;60000;128;0.1;0;4200
414;42;4;60000;128;0.1;0;7941
415;42;5;60000;128;0.1;0;4116
416;42;6;60000;128;0.1;0;10197
417;42;7;60000;128;0.1;0;9999
418;42;8;60000;128;0.1;0;8994
419;42;9;60000;128;0.1;0;9750
420;42;10;60000;128;0.1;0;7581
421;43;1;60000;128;0.1;0;5184
422;43;2;60000;128;0.1;0;13521
423;43;3;60000;128;0.1;0;4988
424;43;4;60000;128;0.1;0;14224
425;43;5;60000;128;0.1;0;4770
426;43;6;60000;128;0.1;0;9558
427;43;7;60000;128;0.1;0;9828
428;43;8;60000;128;0.1;0;13170
429;43;9;60000;128;0.1;0;4905
430;43;10;60000;128;0.1;0;13722
431;44;1;60000;128;0.1;0;4983
432;44;2;60000;128;0.1;0;10053
433;44;3;60000;128;0.1;0;9525
434;44;4;60000;128;0.1;0;7524
435;44;5;60000;128;0.1;0;4929
436;44;6;60000;128;0.1;0;8937
437;44;7;60000;128;0.1;0;4893
438;44;8;60000;128;0.1;0;13644
439;44;9;60000;128;0.1;0;4875
440;44;10;60000;128;0.1;0;9030
441;45;1;60000;128;0.1;0;4882
442;45;2;60000;128;0.1;0;4686
443;45;3;60000;128;0.1;0;8775
444;45;4;60000;128;0.1;0;11862
445;45;5;60000;128;0.1;0;4722
446;45;6;60000;128;0.1;0;5049
447;45;7;60000;128;0.1;0;10317
448;45;8;60000;128;0.1;0;13998
449;45;9;60000;128;0.1;0;15312
450;45;10;60000;128;0.1;0;9495
451;46;1;60000;128;0.1;0;10494
452;46;2;60000;128;0.1;0;9999
453;46;3;60000;128;0.1;0;8310
454;46;4;60000;128;0.1;0;11640
455;46;5;60000;128;0.1;0;11031
456;46;6;60000;128;0.1;0;4164
457;46;7;60000;128;0.1;0;7857
458;46;8;60000;128;0.1;0;10737
459;46;9;60000;128;0.1;0;10992
460;46;10;60000;128;0.1;0;4578
461;47;1;60000;128;0.1;0;4371
462;47;2;60000;128;0.1;0;8844
463;47;3;60000;128;0.1;0;11523
464;47;4;60000;128;0.1;0;9996
465;47;5;60000;128;0.1;0;3999
466;47;6;60000;128;0.1;0;10284
467;47;7;60000;128;0.1;0;8178
468;47;8;60000;128;0.1;0;10893
469;47;9;60000;128;0.1;0;9459
470;47;10;60000;128;0.1;0;7890
471;48;1;60000;128;0.1;0;18363
472;48;2;60000;128;0.1;0;4716
473;48;3;60000;128;0.1;0;9153
474;48;4;60000;128;0.1;0;14586
475;48;5;60000;128;0.1;0;18012
476;48;6;60000;128;0.1;0;2445
477;48;7;60000;128;0.1;0;4686
478;48;8;60000;128;0.1;0;9025
479;48;9;60000;128;0.1;0;16044
480;48;10;60000;128;0.1;0;9656
481;49;1;60000;128;0.1;0;9777
482;49;2;60000;128;0.1;0;13290
483;49;3;60000;128;0.1;0;9543
484;49;4;60000;128;0.1;0;13926
485;49;5;60000;128;0.1;0;4914
486;49;6;60000;128;0.1;0;13029
487;49;7;60000;128;0.1;0;4731
488;49;8;60000;128;0.1;0;13485
489;49;9;60000;128;0.1;0;9234
490;49;10;60000;128;0.1;0;13722
491;50;1;60000;128;0.1;0;4131
492;50;2;60000;128;0.1;0;9795
493;50;3;60000;128;0.1;0;13368
494;50;4;60000;128;0.1;0;11016
495;50;5;60000;128;0.1;0;4128
496;50;6;60000;128;0.1;0;7443
497;50;7;60000;128;0.1;0;10047
498;50;8;60000;128;0.1;0;10749
499;50;9;60000;128;0.1;0;4101
500;50;10;60000;128;0.1;0;7695
501;51;1;60000;128;0.1;0;9816
502;51;2;60000;128;0.1;0;15255
503;51;3;60000;128;0.1;0;18939
504;51;4;60000;128;0.1;0;4896
505;51;5;60000;128;0.1;0;9417
506;51;6;60000;128;0.1;0;14199
507;51;7;60000;128;0.1;0;17733
508;51;8;60000;128;0.1;0;4812
509;51;9;60000;128;0.1;0;9704
510;51;10;60000;128;0.1;0;18020
511;52;1;60000;128;0.1;0;5343
512;52;2;60000;128;0.1;0;10404
513;52;3;60000;128;0.1;0;5034
514;52;4;60000;128;0.1;0;9417
515;52;5;60000;128;0.1;0;4812
516;52;6;60000;128;0.1;0;9069
517;52;7;60000;128;0.1;0;8376
518;52;8;60000;128;0.1;0;18486
519;52;9;60000;128;0.1;0;4098
520;52;10;60000;128;0.1;0;7590
521;53;1;60000;128;0.1;0;9976
522;53;2;60000;128;0.1;0;3880
523;53;3;60000;128;0.1;0;7826
524;53;4;60000;128;0.1;0;10784
525;53;5;60000;128;0.1;0;10920
526;53;6;60000;128;0.1;0;3978
527;53;7;60000;128;0.1;0;12423
528;53;8;60000;128;0.1;0;10335
529;53;9;60000;128;0.1;0;4068
530;53;10;60000;128;0.1;0;4041
531;54;1;60000;128;0.1;0;5292
532;54;2;60000;128;0.1;0;4845
533;54;3;60000;128;0.1;0;9210
534;54;4;60000;128;0.1;0;12396
535;54;5;60000;128;0.1;0;4773
536;54;6;60000;128;0.1;0;9204
537;54;7;60000;128;0.1;0;14472
538;54;8;60000;128;0.1;0;18051
539;54;9;60000;128;0.1;0;8334
540;54;10;60000;128;0.1;0;4692
541;55;1;60000;128;0.1;0;5280
542;55;2;60000;128;0.1;0;9564
543;55;3;60000;128;0.1;0;9462
544;55;4;60000;128;0.1;0;7620
545;55;5;60000;128;0.1;0;5004
546;55;6;60000;128;0.1;0;9648
547;55;7;60000;128;0.1;0;5046
548;55;8;60000;128;0.1;0;9447
549;55;9;60000;128;0.1;0;4953
550;55;10;60000;128;0.1;0;9510
551;56;1;60000;128;0.1;0;5157
552;56;2;60000;128;0.1;0;9411
553;56;3;60000;128;0.1;0;12849
554;56;4;60000;128;0.1;0;4671
555;56;5;60000;128;0.1;0;4860
556;56;6;60000;128;0.1;0;9276
557;56;7;60000;128;0.1;0;17871
558;56;8;60000;128;0.1;0;4815
559;56;9;60000;128;0.1;0;9426
560;56;10;60000;128;0.1;0;7488
561;57;1;60000;128;0.1;0;5520
562;57;2;60000;128;0.1;0;9456
563;57;3;60000;128;0.1;0;7653
564;57;4;60000;128;0.1;0;10371
565;57;5;60000;128;0.1;0;4779
566;57;6;60000;128;0.1;0;4818
567;57;7;60000;128;0.1;0;9111
568;57;8;60000;128;0.1;0;12441
569;57;9;60000;128;0.1;0;4710
570;57;10;60000;128;0.1;0;4761
571;58;1;60000;128;0.1;0;9520
572;58;2;60000;128;0.1;0;12804
573;58;3;60000;128;0.1;0;4896
574;58;4;60000;128;0.1;0;4722
575;58;5;60000;128;0.1;0;10602
576;58;6;60000;128;0.1;0;8979
577;58;7;60000;128;0.1;0;4713
578;58;8;60000;128;0.1;0;9516
579;58;9;60000;128;0.1;0;7524
580;58;10;60000;128;0.1;0;10425
581;59;1;60000;128;0.1;0;10317
582;59;2;60000;128;0.1;0;4845
583;59;3;60000;128;0.1;0;8619
584;59;4;60000;128;0.1;0;11364
585;59;5;60000;128;0.1;0;10809
586;59;6;60000;128;0.1;0;4080
587;59;7;60000;128;0.1;0;16464
588;59;8;60000;128;0.1;0;19494
589;59;9;60000;128;0.1;0;7671
590;59;10;60000;128;0.1;0;4020
591;60;1;60000;128;0.1;0;13821
592;60;2;60000;128;0.1;0;9945
593;60;3;60000;128;0.1;0;8451
594;60;4;60000;128;0.1;0;9906
595;60;5;60000;128;0.1;0;11478
596;60;6;60000;128;0.1;0;10023
597;60;7;60000;128;0.1;0;8220
598;60;8;60000;128;0.1;0;9600
599;60;9;60000;128;0.1;0;7875
600;60;10;60000;128;0.1;0;4128
601;61;1;60000;128;0.1;0;5442
602;61;2;60000;128;0.1;0;4683
603;61;3;60000;128;0.1;0;9321
604;61;4;60000;128;0.1;0;12582
605;61;5;60000;128;0.1;0;4722
606;61;6;60000;128;0.1;0;4731
607;61;7;60000;128;0.1;0;10695
608;61;8;60000;128;0.1;0;10107
609;61;9;60000;128;0.1;0;9651
610;61;10;60000;128;0.1;0;4113
611;62;1;60000;128;0.1;0;5031
612;62;2;60000;128;0.1;0;4677
613;62;3;60000;128;0.1;0;12549
614;62;4;60000;128;0.1;0;20019
615;62;5;60000;128;0.1;0;4782
616;62;6;60000;128;0.1;0;4749
617;62;7;60000;128;0.1;0;11592
618;62;8;60000;128;0.1;0;15033
619;62;9;60000;128;0.1;0;5112
620;62;10;60000;128;0.1;0;4398
621;63;1;60000;128;0.1;0;5534
622;63;2;60000;128;0.1;0;15612
623;63;3;60000;128;0.1;0;4864
624;63;4;60000;128;0.1;0;14016
625;63;5;60000;128;0.1;0;4828
626;63;6;60000;128;0.1;0;12394
627;63;7;60000;128;0.1;0;4716
628;63;8;60000;128;0.1;0;9315
629;63;9;60000;128;0.1;0;10215
630;63;10;60000;128;0.1;0;13662
631;64;1;60000;128;0.1;0;5520
632;64;2;60000;128;0.1;0;15348
633;64;3;60000;128;0.1;0;18618
634;64;4;60000;128;0.1;0;5184
635;64;5;60000;128;0.1;0;9510
636;64;6;60000;128;0.1;0;14110
637;64;7;60000;128;0.1;0;35900
638;64;8;60000;128;0.1;0;10650
639;64;9;60000;128;0.1;0;9878
640;64;10;60000;128;0.1;0;7662
641;65;1;60000;128;0.1;0;10383
642;65;2;60000;128;0.1;0;9998
643;65;3;60000;128;0.1;0;8676
644;65;4;60000;128;0.1;0;11450
645;65;5;60000;128;0.1;0;11148
646;65;6;60000;128;0.1;0;9642
647;65;7;60000;128;0.1;0;8046
648;65;8;60000;128;0.1;0;11006
649;65;9;60000;128;0.1;0;11168
650;65;10;60000;128;0.1;0;4086
651;66;1;60000;128;0.1;0;5052
652;66;2;60000;128;0.1;0;8799
653;66;3;60000;128;0.1;0;11688
654;66;4;60000;128;0.1;0;10881
655;66;5;60000;128;0.1;0;4068
656;66;6;60000;128;0.1;0;8061
657;66;7;60000;128;0.1;0;10938
658;66;8;60000;128;0.1;0;10785
659;66;9;60000;128;0.1;0;4224
660;66;10;60000;128;0.1;0;8088
661;67;1;60000;128;0.1;0;4737
662;67;2;60000;128;0.1;0;9363
663;67;3;60000;128;0.1;0;4236
664;67;4;60000;128;0.1;0;7750
665;67;5;60000;128;0.1;0;4194
666;67;6;60000;128;0.1;0;8232
667;67;7;60000;128;0.1;0;4350
668;67;8;60000;128;0.1;0;8428
669;67;9;60000;128;0.1;0;4194
670;67;10;60000;128;0.1;0;7864
671;68;1;60000;128;0.1;0;7946
672;68;2;60000;128;0.1;0;10568
673;68;3;60000;128;0.1;0;9410
674;68;4;60000;128;0.1;0;8424
675;68;5;60000;128;0.1;0;13308
676;68;6;60000;128;0.1;0;16701
677;68;7;60000;128;0.1;0;4671
678;68;8;60000;128;0.1;0;5094
679;68;9;60000;128;0.1;0;9135
680;68;10;60000;128;0.1;0;12324
681;69;1;60000;128;0.1;0;10152
682;69;2;60000;128;0.1;0;9189
683;69;3;60000;128;0.1;0;12372
684;69;4;60000;128;0.1;0;4722
685;69;5;60000;128;0.1;0;4788
686;69;6;60000;128;0.1;0;9393
687;69;7;60000;128;0.1;0;12690
688;69;8;60000;128;0.1;0;8544
689;69;9;60000;128;0.1;0;5078
690;69;10;60000;128;0.1;0;9626
691;70;1;60000;128;0.1;0;4632
692;70;2;60000;128;0.1;0;13602
693;70;3;60000;128;0.1;0;3921
694;70;4;60000;128;0.1;0;6903
695;70;5;60000;128;0.1;0;4821
696;70;6;60000;128;0.1;0;4872
697;70;7;60000;128;0.1;0;9351
698;70;8;60000;128;0.1;0;14274
699;70;9;60000;128;0.1;0;4764
700;70;10;60000;128;0.1;0;10620
701;71;1;60000;128;0.1;0;9732
702;71;2;60000;128;0.1;0;9483
703;71;3;60000;128;0.1;0;12612
704;71;4;60000;128;0.1;0;4710
705;71;5;60000;128;0.1;0;4710
706;71;6;60000;128;0.1;0;8997
707;71;7;60000;128;0.1;0;12078
708;71;8;60000;128;0.1;0;4662
709;71;9;60000;128;0.1;0;4644
710;71;10;60000;128;0.1;0;8994
711;72;1;60000;128;0.1;0;10467
712;72;2;60000;128;0.1;0;4047
713;72;3;60000;128;0.1;0;8409
714;72;4;60000;128;0.1;0;11148
715;72;5;60000;128;0.1;0;10800
716;72;6;60000;128;0.1;0;4023
717;72;7;60000;128;0.1;0;12747
718;72;8;60000;128;0.1;0;15927
719;72;9;60000;128;0.1;0;4065
720;72;10;60000;128;0.1;0;3969
721;73;1;60000;128;0.1;0;4905
722;73;2;60000;128;0.1;0;4773
723;73;3;60000;128;0.1;0;9744
724;73;4;60000;128;0.1;0;13071
725;73;5;60000;128;0.1;0;4974
726;73;6;60000;128;0.1;0;4251
727;73;7;60000;128;0.1;0;8229
728;73;8;60000;128;0.1;0;11394
729;73;9;60000;128;0.1;0;4131
730;73;10;60000;128;0.1;0;4065
731;74;1;60000;128;0.1;0;5268
732;74;2;60000;128;0.1;0;15471
733;74;3;60000;128;0.1;0;4818
734;74;4;60000;128;0.1;0;13308
735;74;5;60000;128;0.1;0;4941
736;74;6;60000;128;0.1;0;14658
737;74;7;60000;128;0.1;0;18579
738;74;8;60000;128;0.1;0;12363
739;74;9;60000;128;0.1;0;5553
740;74;10;60000;128;0.1;0;7593
741;75;1;60000;128;0.1;0;5316
742;75;2;60000;128;0.1;0;4920
743;75;3;60000;128;0.1;0;9618
744;75;4;60000;128;0.1;0;12984
745;75;5;60000;128;0.1;0;10428
746;75;6;60000;128;0.1;0;4728
747;75;7;60000;128;0.1;0;14037
748;75;8;60000;128;0.1;0;22422
749;75;9;60000;128;0.1;0;4740
750;75;10;60000;128;0.1;0;4650
751;76;1;60000;128;0.1;0;10690
752;76;2;60000;128;0.1;0;9690
753;76;3;60000;128;0.1;0;10545
754;76;4;60000;128;0.1;0;8778
755;76;5;60000;128;0.1;0;10206
756;76;6;60000;128;0.1;0;8904
757;76;7;60000;128;0.1;0;9867
758;76;8;60000;128;0.1;0;8166
759;76;9;60000;128;0.1;0;9942
760;76;10;60000;128;0.1;0;8067
761;77;1;60000;128;0.1;0;4422
762;77;2;60000;128;0.1;0;8418
763;77;3;60000;128;0.1;0;4182
764;77;4;60000;128;0.1;0;8022
765;77;5;60000;128;0.1;0;4209
766;77;6;60000;128;0.1;0;8223
767;77;7;60000;128;0.1;0;4012
768;77;8;60000;128;0.1;0;7980
769;77;9;60000;128;0.1;0;9214
770;77;10;60000;128;0.1;0;12780
771;78;1;60000;128;0.1;0;5508
772;78;2;60000;128;0.1;0;14376
773;78;3;60000;128;0.1;0;17868
774;78;4;60000;128;0.1;0;4653
775;78;5;60000;128;0.1;0;9639
776;78;6;60000;128;0.1;0;13794
777;78;7;60000;128;0.1;0;17259
778;78;8;60000;128;0.1;0;4758
779;78;9;60000;128;0.1;0;7683
780;78;10;60000;128;0.1;0;8313
781;79;1;60000;128;0.1;0;4806
782;79;2;60000;128;0.1;0;17724
783;79;3;60000;128;0.1;0;9642
784;79;4;60000;128;0.1;0;14052
785;79;5;60000;128;0.1;0;4767
786;79;6;60000;128;0.1;0;12078
787;79;7;60000;128;0.1;0;4665
788;79;8;60000;128;0.1;0;12717
789;79;9;60000;128;0.1;0;9504
790;79;10;60000;128;0.1;0;13788
791;80;1;60000;128;0.1;0;5178
792;80;2;60000;128;0.1;0;9504
793;80;3;60000;128;0.1;0;9438
794;80;4;60000;128;0.1;0;7626
795;80;5;60000;128;0.1;0;4647
796;80;6;60000;128;0.1;0;9951
797;80;7;60000;128;0.1;0;4803
798;80;8;60000;128;0.1;0;9093
799;80;9;60000;128;0.1;0;5001
800;80;10;60000;128;0.1;0;9048
801;81;1;60000;128;0.1;0;4659
802;81;2;60000;128;0.1;0;4206
803;81;3;60000;128;0.1;0;8204
804;81;4;60000;128;0.1;0;11378
805;81;5;60000;128;0.1;0;4242
806;81;6;60000;128;0.1;0;4060
807;81;7;60000;128;0.1;0;7646
808;81;8;60000;128;0.1;0;10558
809;81;9;60000;128;0.1;0;4233
810;81;10;60000;128;0.1;0;4185
811;82;1;60000;128;0.1;0;10254
812;82;2;60000;128;0.1;0;4122
813;82;3;60000;128;0.1;0;8202
814;82;4;60000;128;0.1;0;11088
815;82;5;60000;128;0.1;0;10770
816;82;6;60000;128;0.1;0;3924
817;82;7;60000;128;0.1;0;11550
818;82;8;60000;128;0.1;0;10014
819;82;9;60000;128;0.1;0;10959
820;82;10;60000;128;0.1;0;14823
821;83;1;60000;128;0.1;0;4308
822;83;2;60000;128;0.1;0;9038
823;83;3;60000;128;0.1;0;9814
824;83;4;60000;128;0.1;0;7908
825;83;5;60000;128;0.1;0;9837
826;83;6;60000;128;0.1;0;7938
827;83;7;60000;128;0.1;0;4035
828;83;8;60000;128;0.1;0;8043
829;83;9;60000;128;0.1;0;4203
830;83;10;60000;128;0.1;0;7932
831;84;1;60000;128;0.1;0;4599
832;84;2;60000;128;0.1;0;7923
833;84;3;60000;128;0.1;0;4335
834;84;4;60000;128;0.1;0;11142
835;84;5;60000;128;0.1;0;4329
836;84;6;60000;128;0.1;0;7728
837;84;7;60000;128;0.1;0;4113
838;84;8;60000;128;0.1;0;7632
839;84;9;60000;128;0.1;0;4524
840;84;10;60000;128;0.1;0;8583
841;85;1;60000;128;0.1;0;4716
842;85;2;60000;128;0.1;0;9189
843;85;3;60000;128;0.1;0;11763
844;85;4;60000;128;0.1;0;4350
845;85;5;60000;128;0.1;0;8775
846;85;6;60000;128;0.1;0;7713
847;85;7;60000;128;0.1;0;10257
848;85;8;60000;128;0.1;0;4176
849;85;9;60000;128;0.1;0;4230
850;85;10;60000;128;0.1;0;7644
851;86;1;60000;128;0.1;0;5116
852;86;2;60000;128;0.1;0;4680
853;86;3;60000;128;0.1;0;10462
854;86;4;60000;128;0.1;0;8870
855;86;5;60000;128;0.1;0;4725
856;86;6;60000;128;0.1;0;14907
857;86;7;60000;128;0.1;0;14007
858;86;8;60000;128;0.1;0;17520
859;86;9;60000;128;0.1;0;4503
860;86;10;60000;128;0.1;0;8301
861;87;1;60000;128;0.1;0;4668
862;87;2;60000;128;0.1;0;10011
863;87;3;60000;128;0.1;0;12810
864;87;4;60000;128;0.1;0;11244
865;87;5;60000;128;0.1;0;4059
866;87;6;60000;128;0.1;0;7653
867;87;7;60000;128;0.1;0;15285
868;87;8;60000;128;0.1;0;3933
869;87;9;60000;128;0.1;0;4725
870;87;10;60000;128;0.1;0;8952
871;88;1;60000;128;0.1;0;5124
872;88;2;60000;128;0.1;0;10308
873;88;3;60000;128;0.1;0;13752
874;88;4;60000;128;0.1;0;4845
875;88;5;60000;128;0.1;0;4956
876;88;6;60000;128;0.1;0;9951
877;88;7;60000;128;0.1;0;15579
878;88;8;60000;128;0.1;0;5331
879;88;9;60000;128;0.1;0;4227
880;88;10;60000;128;0.1;0;8238
881;89;1;60000;128;0.1;0;10491
882;89;2;60000;128;0.1;0;10128
883;89;3;60000;128;0.1;0;8142
884;89;4;60000;128;0.1;0;10887
885;89;5;60000;128;0.1;0;11121
886;89;6;60000;128;0.1;0;4008
887;89;7;60000;128;0.1;0;7860
888;89;8;60000;128;0.1;0;10833
889;89;9;60000;128;0.1;0;10617
890;89;10;60000;128;0.1;0;3864
891;90;1;60000;128;0.1;0;4284
892;90;2;60000;128;0.1;0;10926
893;90;3;60000;128;0.1;0;9534
894;90;4;60000;128;0.1;0;4036
895;90;5;60000;128;0.1;0;4155
896;90;6;60000;128;0.1;0;8475
897;90;7;60000;128;0.1;0;11409
898;90;8;60000;128;0.1;0;10875
899;90;9;60000;128;0.1;0;3990
900;90;10;60000;128;0.1;0;7932
901;91;1;60000;128;0.1;0;4377
902;91;2;60000;128;0.1;0;8967
903;91;3;60000;128;0.1;0;4284
904;91;4;60000;128;0.1;0;12024
905;91;5;60000;128;0.1;0;4102
906;91;6;60000;128;0.1;0;6708
907;91;7;60000;128;0.1;0;4194
908;91;8;60000;128;0.1;0;9648
909;91;9;60000;128;0.1;0;9798
910;91;10;60000;128;0.1;0;8050
911;92;1;60000;128;0.1;0;9363
912;92;2;60000;128;0.1;0;4719
913;92;3;60000;128;0.1;0;4863
914;92;4;60000;128;0.1;0;17694
915;92;5;60000;128;0.1;0;23595
916;92;6;60000;128;0.1;0;3864
917;92;7;60000;128;0.1;0;4710
918;92;8;60000;128;0.1;0;9132
919;92;9;60000;128;0.1;0;12396
920;92;10;60000;128;0.1;0;8175
921;93;1;60000;128;0.1;0;8565
922;93;2;60000;128;0.1;0;11313
923;93;3;60000;128;0.1;0;9528
924;93;4;60000;128;0.1;0;3519
925;93;5;60000;128;0.1;0;7542
926;93;6;60000;128;0.1;0;10344
927;93;7;60000;128;0.1;0;9279
928;93;8;60000;128;0.1;0;3813
929;93;9;60000;128;0.1;0;8838
930;93;10;60000;128;0.1;0;12135
931;94;1;60000;128;0.1;0;4986
932;94;2;60000;128;0.1;0;9285
933;94;3;60000;128;0.1;0;5001
934;94;4;60000;128;0.1;0;9264
935;94;5;60000;128;0.1;0;4911
936;94;6;60000;128;0.1;0;14097
937;94;7;60000;128;0.1;0;4077
938;94;8;60000;128;0.1;0;7698
939;94;9;60000;128;0.1;0;4977
940;94;10;60000;128;0.1;0;9195
941;95;1;60000;128;0.1;0;4533
942;95;2;60000;128;0.1;0;8760
943;95;3;60000;128;0.1;0;4236
944;95;4;60000;128;0.1;0;8205
945;95;5;60000;128;0.1;0;4152
946;95;6;60000;128;0.1;0;7476
947;95;7;60000;128;0.1;0;3957
948;95;8;60000;128;0.1;0;7767
949;95;9;60000;128;0.1;0;4224
950;95;10;60000;128;0.1;0;7896
951;96;1;60000;128;0.1;0;4962
952;96;2;60000;128;0.1;0;10242
953;96;3;60000;128;0.1;0;18915
954;96;4;60000;128;0.1;0;4929
955;96;5;60000;128;0.1;0;4803
956;96;6;60000;128;0.1;0;10968
957;96;7;60000;128;0.1;0;8892
958;96;8;60000;128;0.1;0;4602
959;96;9;60000;128;0.1;0;9468
960;96;10;60000;128;0.1;0;9354
961;97;1;60000;128;0.1;0;4647
962;97;2;60000;128;0.1;0;9234
963;97;3;60000;128;0.1;0;12435
964;97;4;60000;128;0.1;0;4263
965;97;5;60000;128;0.1;0;4161
966;97;6;60000;128;0.1;0;7707
967;97;7;60000;128;0.1;0;10446
968;97;8;60000;128;0.1;0;4143
969;97;9;60000;128;0.1;0;4263
970;97;10;60000;128;0.1;0;7491
971;98;1;60000;128;0.1;0;9027
972;98;2;60000;128;0.1;0;4686
973;98;3;60000;128;0.1;0;14466
974;98;4;60000;128;0.1;0;17856
975;98;5;60000;128;0.1;0;4752
976;98;6;60000;128;0.1;0;8553
977;98;7;60000;128;0.1;0;14103
978;98;8;60000;128;0.1;0;17487
979;98;9;60000;128;0.1;0;10011
980;98;10;60000;128;0.1;0;4704
981;99;1;60000;128;0.1;0;4626
982;99;2;60000;128;0.1;0;4281
983;99;3;60000;128;0.1;0;7710
984;99;4;60000;128;0.1;0;10773
985;99;5;60000;128;0.1;0;4227
986;99;6;60000;128;0.1;0;4137
987;99;7;60000;128;0.1;0;7476
988;99;8;60000;128;0.1;0;10389
989;99;9;60000;128;0.1;0;4230
990;99;10;60000;128;0.1;0;4248
991;100;1;60000;128;0.1;0;4848
992;100;2;60000;128;0.1;0;8355
993;100;3;60000;128;0.1;0;13788
994;100;4;60000;128;0.1;0;4122
995;100;5;60000;128;0.1;0;4215
996;100;6;60000;128;0.1;0;8067
997;100;7;60000;128;0.1;0;11022
998;100;8;60000;128;0.1;0;4041
999;100;9;60000;128;0.1;0;4122
1000;100;10;60000;128;0.1;0;7629
