1;1;1;50000;128;0.1;0;5696
2;1;2;50000;128;0.1;0;10960
3;1;3;50000;128;0.1;0;4968
4;1;4;50000;128;0.1;0;9496
5;1;5;50000;128;0.1;0;4248
6;1;6;50000;128;0.1;0;8386
7;1;7;50000;128;0.1;0;4326
8;1;8;50000;128;0.1;0;16425
9;1;9;50000;128;0.1;0;14199
10;1;10;50000;128;0.1;0;13149
11;2;1;50000;128;0.1;0;14580
12;2;2;50000;128;0.1;0;8436
13;2;3;50000;128;0.1;0;4766
14;2;4;50000;128;0.1;0;11716
15;2;5;50000;128;0.1;0;15410
16;2;6;50000;128;0.1;0;8842
17;2;7;50000;128;0.1;0;5064
18;2;8;50000;128;0.1;0;14302
19;2;9;50000;128;0.1;0;17816
20;2;10;50000;128;0.1;0;5188
21;3;1;50000;128;0.1;0;4362
22;3;2;50000;128;0.1;0;16245
23;3;3;50000;128;0.1;0;10629
24;3;4;50000;128;0.1;0;7878
25;3;5;50000;128;0.1;0;4458
26;3;6;50000;128;0.1;0;8346
27;3;7;50000;128;0.1;0;4308
28;3;8;50000;128;0.1;0;8319
29;3;9;50000;128;0.1;0;4026
30;3;10;50000;128;0.1;0;7878
31;4;1;50000;128;0.1;0;10476
32;4;2;50000;128;0.1;0;4995
33;4;3;50000;128;0.1;0;9648
34;4;4;50000;128;0.1;0;10887
35;4;5;50000;128;0.1;0;8067
36;4;6;50000;128;0.1;0;4824
37;4;7;50000;128;0.1;0;9495
38;4;8;50000;128;0.1;0;5031
39;4;9;50000;128;0.1;0;11745
40;4;10;50000;128;0.1;0;4866
41;5;1;50000;128;0.1;0;4710
42;5;2;50000;128;0.1;0;9252
43;5;3;50000;128;0.1;0;4950
44;5;4;50000;128;0.1;0;9585
45;5;5;50000;128;0.1;0;6402
46;5;6;50000;128;0.1;0;11016
47;5;7;50000;128;0.1;0;4941
48;5;8;50000;128;0.1;0;9711
49;5;9;50000;128;0.1;0;15165
50;5;10;50000;128;0.1;0;18588
51;6;1;50000;128;0.1;0;4737
52;6;2;50000;128;0.1;0;9894
53;6;3;50000;128;0.1;0;12963
54;6;4;50000;128;0.1;0;4182
55;6;5;50000;128;0.1;0;13050
56;6;6;50000;128;0.1;0;8433
57;6;7;50000;128;0.1;0;12252
58;6;8;50000;128;0.1;0;9069
59;6;9;50000;128;0.1;0;9072
60;6;10;50000;128;0.1;0;9429
61;7;1;50000;128;0.1;0;5133
62;7;2;50000;128;0.1;0;14544
63;7;3;50000;128;0.1;0;4824
64;7;4;50000;128;0.1;0;9069
65;7;5;50000;128;0.1;0;4836
66;7;6;50000;128;0.1;0;10014
67;7;7;50000;128;0.1;0;5166
68;7;8;50000;128;0.1;0;9351
69;7;9;50000;128;0.1;0;5199
70;7;10;50000;128;0.1;0;14211
71;8;1;50000;128;0.1;0;9759
72;8;2;50000;128;0.1;0;14622
73;8;3;50000;128;0.1;0;4833
74;8;4;50000;128;0.1;0;14046
75;8;5;50000;128;0.1;0;4794
76;8;6;50000;128;0.1;0;12525
77;8;7;50000;128;0.1;0;4893
78;8;8;50000;128;0.1;0;13680
79;8;9;50000;128;0.1;0;15366
80;8;10;50000;128;0.1;0;18717
81;9;1;50000;128;0.1;0;4416
82;9;2;50000;128;0.1;0;13068
83;9;3;50000;128;0.1;0;9800
84;9;4;50000;128;0.1;0;8136
85;9;5;50000;128;0.1;0;4094
86;9;6;50000;128;0.1;0;7966
87;9;7;50000;128;0.1;0;4134
88;9;8;50000;128;0.1;0;8133
89;9;9;50000;128;0.1;0;4053
90;9;10;50000;128;0.1;0;7977
91;10;1;50000;128;0.1;0;5337
92;10;2;50000;128;0.1;0;10878
93;10;3;50000;128;0.1;0;4866
94;10;4;50000;128;0.1;0;8880
95;10;5;50000;128;0.1;0;5418
96;10;6;50000;128;0.1;0;10110
97;10;7;50000;128;0.1;0;4864
98;10;8;50000;128;0.1;0;18796
99;10;9;50000;128;0.1;0;4464
100;10;10;50000;128;0.1;0;16000
101;11;1;50000;128;0.1;0;4938
102;11;2;50000;128;0.1;0;10827
103;11;3;50000;128;0.1;0;4752
104;11;4;50000;128;0.1;0;11739
105;11;5;50000;128;0.1;0;5394
106;11;6;50000;128;0.1;0;12474
107;11;7;50000;128;0.1;0;4614
108;11;8;50000;128;0.1;0;10947
109;11;9;50000;128;0.1;0;15177
110;11;10;50000;128;0.1;0;13422
111;12;1;50000;128;0.1;0;14133
112;12;2;50000;128;0.1;0;17190
113;12;3;50000;128;0.1;0;9888
114;12;4;50000;128;0.1;0;4134
115;12;5;50000;128;0.1;0;8538
116;12;6;50000;128;0.1;0;11637
117;12;7;50000;128;0.1;0;4130
118;12;8;50000;128;0.1;0;4780
119;12;9;50000;128;0.1;0;8992
120;12;10;50000;128;0.1;0;12066
121;13;1;50000;128;0.1;0;5106
122;13;2;50000;128;0.1;0;9189
123;13;3;50000;128;0.1;0;4752
124;13;4;50000;128;0.1;0;8826
125;13;5;50000;128;0.1;0;5013
126;13;6;50000;128;0.1;0;13983
127;13;7;50000;128;0.1;0;4806
128;13;8;50000;128;0.1;0;9126
129;13;9;50000;128;0.1;0;12480
130;13;10;50000;128;0.1;0;4860
131;14;1;50000;128;0.1;0;4605
132;14;2;50000;128;0.1;0;12756
133;14;3;50000;128;0.1;0;4749
134;14;4;50000;128;0.1;0;10932
135;14;5;50000;128;0.1;0;4722
136;14;6;50000;128;0.1;0;4374
137;14;7;50000;128;0.1;0;7767
138;14;8;50000;128;0.1;0;4872
139;14;9;50000;128;0.1;0;9690
140;14;10;50000;128;0.1;0;13284
141;15;1;50000;128;0.1;0;4977
142;15;2;50000;128;0.1;0;9924
143;15;3;50000;128;0.1;0;4785
144;15;4;50000;128;0.1;0;8994
145;15;5;50000;128;0.1;0;16626
146;15;6;50000;128;0.1;0;20517
147;15;7;50000;128;0.1;0;4263
148;15;8;50000;128;0.1;0;8328
149;15;9;50000;128;0.1;0;15600
150;15;10;50000;128;0.1;0;9900
151;16;1;50000;128;0.1;0;5007
152;16;2;50000;128;0.1;0;8988
153;16;3;50000;128;0.1;0;11820
154;16;4;50000;128;0.1;0;4131
155;16;5;50000;128;0.1;0;4581
156;16;6;50000;128;0.1;0;8697
157;16;7;50000;128;0.1;0;11595
158;16;8;50000;128;0.1;0;3942
159;16;9;50000;128;0.1;0;3942
160;16;10;50000;128;0.1;0;7712
161;17;1;50000;128;0.1;0;5430
162;17;2;50000;128;0.1;0;9996
163;17;3;50000;128;0.1;0;9818
164;17;4;50000;128;0.1;0;7788
165;17;5;50000;128;0.1;0;4844
166;17;6;50000;128;0.1;0;9132
167;17;7;50000;128;0.1;0;5313
168;17;8;50000;128;0.1;0;10284
169;17;9;50000;128;0.1;0;5199
170;17;10;50000;128;0.1;0;9399
171;18;1;50000;128;0.1;0;5007
172;18;2;50000;128;0.1;0;9690
173;18;3;50000;128;0.1;0;4023
174;18;4;50000;128;0.1;0;7515
175;18;5;50000;128;0.1;0;4881
176;18;6;50000;128;0.1;0;9159
177;18;7;50000;128;0.1;0;4653
178;18;8;50000;128;0.1;0;13038
179;18;9;50000;128;0.1;0;4956
180;18;10;50000;128;0.1;0;9489
181;19;1;50000;128;0.1;0;5220
182;19;2;50000;128;0.1;0;9792
183;19;3;50000;128;0.1;0;4902
184;19;4;50000;128;0.1;0;9422
185;19;5;50000;128;0.1;0;5154
186;19;6;50000;128;0.1;0;10092
187;19;7;50000;128;0.1;0;5136
188;19;8;50000;128;0.1;0;14406
189;19;9;50000;128;0.1;0;4122
190;19;10;50000;128;0.1;0;7584
191;20;1;50000;128;0.1;0;4836
192;20;2;50000;128;0.1;0;9753
193;20;3;50000;128;0.1;0;4812
194;20;4;50000;128;0.1;0;9084
195;20;5;50000;128;0.1;0;5036
196;20;6;50000;128;0.1;0;14418
197;20;7;50000;128;0.1;0;5456
198;20;8;50000;128;0.1;0;9102
199;20;9;50000;128;0.1;0;4916
200;20;10;50000;128;0.1;0;9074
201;21;1;50000;128;0.1;0;10443
202;21;2;50000;128;0.1;0;10731
203;21;3;50000;128;0.1;0;14097
204;21;4;50000;128;0.1;0;12999
205;21;5;50000;128;0.1;0;4788
206;21;6;50000;128;0.1;0;11502
207;21;7;50000;128;0.1;0;9693
208;21;8;50000;128;0.1;0;4659
209;21;9;50000;128;0.1;0;4908
210;21;10;50000;128;0.1;0;11169
211;22;1;50000;128;0.1;0;10104
212;22;2;50000;128;0.1;0;10452
213;22;3;50000;128;0.1;0;14232
214;22;4;50000;128;0.1;0;7941
215;22;5;50000;128;0.1;0;4824
216;22;6;50000;128;0.1;0;4341
217;22;7;50000;128;0.1;0;8358
218;22;8;50000;128;0.1;0;15558
219;22;9;50000;128;0.1;0;4080
220;22;10;50000;128;0.1;0;12009
221;23;1;50000;128;0.1;0;4440
222;23;2;50000;128;0.1;0;12807
223;23;3;50000;128;0.1;0;4188
224;23;4;50000;128;0.1;0;11520
225;23;5;50000;128;0.1;0;20140
226;23;6;50000;128;0.1;0;13416
227;23;7;50000;128;0.1;0;14234
228;23;8;50000;128;0.1;0;12690
229;23;9;50000;128;0.1;0;15434
230;23;10;50000;128;0.1;0;3646
231;24;1;50000;128;0.1;0;5454
232;24;2;50000;128;0.1;0;13371
233;24;3;50000;128;0.1;0;11178
234;24;4;50000;128;0.1;0;8385
235;24;5;50000;128;0.1;0;4656
236;24;6;50000;128;0.1;0;10989
237;24;7;50000;128;0.1;0;20391
238;24;8;50000;128;0.1;0;19875
239;24;9;50000;128;0.1;0;14073
240;24;10;50000;128;0.1;0;16920
241;25;1;50000;128;0.1;0;5238
242;25;2;50000;128;0.1;0;9852
243;25;3;50000;128;0.1;0;4914
244;25;4;50000;128;0.1;0;9111
245;25;5;50000;128;0.1;0;4788
246;25;6;50000;128;0.1;0;9022
247;25;7;50000;128;0.1;0;4792
248;25;8;50000;128;0.1;0;9138
249;25;9;50000;128;0.1;0;3988
250;25;10;50000;128;0.1;0;7818
251;26;1;50000;128;0.1;0;5247
252;26;2;50000;128;0.1;0;15978
253;26;3;50000;128;0.1;0;19230
254;26;4;50000;128;0.1;0;4617
255;26;5;50000;128;0.1;0;4863
256;26;6;50000;128;0.1;0;5130
257;26;7;50000;128;0.1;0;8448
258;26;8;50000;128;0.1;0;4626
259;26;9;50000;128;0.1;0;8871
260;26;10;50000;128;0.1;0;12582
261;27;1;50000;128;0.1;0;5355
262;27;2;50000;128;0.1;0;14466
263;27;3;50000;128;0.1;0;4908
264;27;4;50000;128;0.1;0;9243
265;27;5;50000;128;0.1;0;4656
266;27;6;50000;128;0.1;0;9045
267;27;7;50000;128;0.1;0;4605
268;27;8;50000;128;0.1;0;9264
269;27;9;50000;128;0.1;0;4824
270;27;10;50000;128;0.1;0;8955
271;28;1;50000;128;0.1;0;4539
272;28;2;50000;128;0.1;0;9384
273;28;3;50000;128;0.1;0;12306
274;28;4;50000;128;0.1;0;4282
275;28;5;50000;128;0.1;0;4260
276;28;6;50000;128;0.1;0;7962
277;28;7;50000;128;0.1;0;10874
278;28;8;50000;128;0.1;0;13862
279;28;9;50000;128;0.1;0;9972
280;28;10;50000;128;0.1;0;7989
281;29;1;50000;128;0.1;0;4149
282;29;2;50000;128;0.1;0;8205
283;29;3;50000;128;0.1;0;13068
284;29;4;50000;128;0.1;0;16095
285;29;5;50000;128;0.1;0;9996
286;29;6;50000;128;0.1;0;4209
287;29;7;50000;128;0.1;0;8154
288;29;8;50000;128;0.1;0;10893
289;29;9;50000;128;0.1;0;4113
290;29;10;50000;128;0.1;0;4008
291;30;1;50000;128;0.1;0;4329
292;30;2;50000;128;0.1;0;8178
293;30;3;50000;128;0.1;0;17950
294;30;4;50000;128;0.1;0;14500
295;30;5;50000;128;0.1;0;4766
296;30;6;50000;128;0.1;0;7334
297;30;7;50000;128;0.1;0;4098
298;30;8;50000;128;0.1;0;7882
299;30;9;50000;128;0.1;0;6096
300;30;10;50000;128;0.1;0;9597
301;31;1;50000;128;0.1;0;4824
302;31;2;50000;128;0.1;0;12807
303;31;3;50000;128;0.1;0;16135
304;31;4;50000;128;0.1;0;11036
305;31;5;50000;128;0.1;0;4090
306;31;6;50000;128;0.1;0;8006
307;31;7;50000;128;0.1;0;11216
308;31;8;50000;128;0.1;0;4266
309;31;9;50000;128;0.1;0;4212
310;31;10;50000;128;0.1;0;11424
311;32;1;50000;128;0.1;0;4212
312;32;2;50000;128;0.1;0;4161
313;32;3;50000;128;0.1;0;8676
314;32;4;50000;128;0.1;0;11502
315;32;5;50000;128;0.1;0;4194
316;32;6;50000;128;0.1;0;4488
317;32;7;50000;128;0.1;0;8346
318;32;8;50000;128;0.1;0;11802
319;32;9;50000;128;0.1;0;4110
320;32;10;50000;128;0.1;0;4206
321;33;1;50000;128;0.1;0;9498
322;33;2;50000;128;0.1;0;8193
323;33;3;50000;128;0.1;0;4797
324;33;4;50000;128;0.1;0;11607
325;33;5;50000;128;0.1;0;4629
326;33;6;50000;128;0.1;0;9774
327;33;7;50000;128;0.1;0;8790
328;33;8;50000;128;0.1;0;9150
329;33;9;50000;128;0.1;0;4734
330;33;10;50000;128;0.1;0;15888
331;34;1;50000;128;0.1;0;4802
332;34;2;50000;128;0.1;0;13200
333;34;3;50000;128;0.1;0;16578
334;34;4;50000;128;0.1;0;10528
335;34;5;50000;128;0.1;0;4200
336;34;6;50000;128;0.1;0;8160
337;34;7;50000;128;0.1;0;11073
338;34;8;50000;128;0.1;0;3960
339;34;9;50000;128;0.1;0;4140
340;34;10;50000;128;0.1;0;7842
341;35;1;50000;128;0.1;0;5220
342;35;2;50000;128;0.1;0;14499
343;35;3;50000;128;0.1;0;4866
344;35;4;50000;128;0.1;0;9174
345;35;5;50000;128;0.1;0;4746
346;35;6;50000;128;0.1;0;9042
347;35;7;50000;128;0.1;0;4275
348;35;8;50000;128;0.1;0;8106
349;35;9;50000;128;0.1;0;4203
350;35;10;50000;128;0.1;0;7971
351;36;1;50000;128;0.1;0;10138
352;36;2;50000;128;0.1;0;4920
353;36;3;50000;128;0.1;0;14271
354;36;4;50000;128;0.1;0;4671
355;36;5;50000;128;0.1;0;13884
356;36;6;50000;128;0.1;0;4782
357;36;7;50000;128;0.1;0;14172
358;36;8;50000;128;0.1;0;4851
359;36;9;50000;128;0.1;0;14193
360;36;10;50000;128;0.1;0;4089
361;37;1;50000;128;0.1;0;4914
362;37;2;50000;128;0.1;0;4659
363;37;3;50000;128;0.1;0;10467
364;37;4;50000;128;0.1;0;4614
365;37;5;50000;128;0.1;0;4497
366;37;6;50000;128;0.1;0;8232
367;37;7;50000;128;0.1;0;8871
368;37;8;50000;128;0.1;0;12162
369;37;9;50000;128;0.1;0;4707
370;37;10;50000;128;0.1;0;4665
371;38;1;50000;128;0.1;0;4233
372;38;2;50000;128;0.1;0;8013
373;38;3;50000;128;0.1;0;5367
374;38;4;50000;128;0.1;0;8424
375;38;5;50000;128;0.1;0;4862
376;38;6;50000;128;0.1;0;9050
377;38;7;50000;128;0.1;0;4998
378;38;8;50000;128;0.1;0;9964
379;38;9;50000;128;0.1;0;14730
380;38;10;50000;128;0.1;0;7758
381;39;1;50000;128;0.1;0;5343
382;39;2;50000;128;0.1;0;11214
383;39;3;50000;128;0.1;0;4755
384;39;4;50000;128;0.1;0;9141
385;39;5;50000;128;0.1;0;3972
386;39;6;50000;128;0.1;0;7806
387;39;7;50000;128;0.1;0;4683
388;39;8;50000;128;0.1;0;9051
389;39;9;50000;128;0.1;0;4938
390;39;10;50000;128;0.1;0;9507
391;40;1;50000;128;0.1;0;5442
392;40;2;50000;128;0.1;0;11217
393;40;3;50000;128;0.1;0;4856
394;40;4;50000;128;0.1;0;9270
395;40;5;50000;128;0.1;0;11628
396;40;6;50000;128;0.1;0;14718
397;40;7;50000;128;0.1;0;4730
398;40;8;50000;128;0.1;0;13996
399;40;9;50000;128;0.1;0;4827
400;40;10;50000;128;0.1;0;11940
401;41;1;50000;128;0.1;0;5262
402;41;2;50000;128;0.1;0;11100
403;41;3;50000;128;0.1;0;14538
404;41;4;50000;128;0.1;0;4827
405;41;5;50000;128;0.1;0;4842
406;41;6;50000;128;0.1;0;16548
407;41;7;50000;128;0.1;0;4875
408;41;8;50000;128;0.1;0;11721
409;41;9;50000;128;0.1;0;4788
410;41;10;50000;128;0.1;0;11862
411;42;1;50000;128;0.1;0;5283
412;42;2;50000;128;0.1;0;13803
413;42;3;50000;128;0.1;0;4887
414;42;4;50000;128;0.1;0;12072
415;42;5;50000;128;0.1;0;15213
416;42;6;50000;128;0.1;0;4921
417;42;7;50000;128;0.1;0;4648
418;42;8;50000;128;0.1;0;16088
419;42;9;50000;128;0.1;0;5124
420;42;10;50000;128;0.1;0;11958
421;43;1;50000;128;0.1;0;4593
422;43;2;50000;128;0.1;0;13632
423;43;3;50000;128;0.1;0;20505
424;43;4;50000;128;0.1;0;10635
425;43;5;50000;128;0.1;0;4260
426;43;6;50000;128;0.1;0;8121
427;43;7;50000;128;0.1;0;11697
428;43;8;50000;128;0.1;0;4083
429;43;9;50000;128;0.1;0;4110
430;43;10;50000;128;0.1;0;8205
431;44;1;50000;128;0.1;0;4923
432;44;2;50000;128;0.1;0;4263
433;44;3;50000;128;0.1;0;8244
434;44;4;50000;128;0.1;0;10992
435;44;5;50000;128;0.1;0;4149
436;44;6;50000;128;0.1;0;4430
437;44;7;50000;128;0.1;0;8624
438;44;8;50000;128;0.1;0;12166
439;44;9;50000;128;0.1;0;4026
440;44;10;50000;128;0.1;0;4872
441;45;1;50000;128;0.1;0;9696
442;45;2;50000;128;0.1;0;15627
443;45;3;50000;128;0.1;0;19455
444;45;4;50000;128;0.1;0;4908
445;45;5;50000;128;0.1;0;4356
446;45;6;50000;128;0.1;0;8454
447;45;7;50000;128;0.1;0;12099
448;45;8;50000;128;0.1;0;4479
449;45;9;50000;128;0.1;0;4614
450;45;10;50000;128;0.1;0;8661
451;46;1;50000;128;0.1;0;4812
452;46;2;50000;128;0.1;0;9735
453;46;3;50000;128;0.1;0;7833
454;46;4;50000;128;0.1;0;10815
455;46;5;50000;128;0.1;0;4164
456;46;6;50000;128;0.1;0;4266
457;46;7;50000;128;0.1;0;8106
458;46;8;50000;128;0.1;0;10980
459;46;9;50000;128;0.1;0;3972
460;46;10;50000;128;0.1;0;4095
461;47;1;50000;128;0.1;0;4698
462;47;2;50000;128;0.1;0;9602
463;47;3;50000;128;0.1;0;12482
464;47;4;50000;128;0.1;0;4286
465;47;5;50000;128;0.1;0;9891
466;47;6;50000;128;0.1;0;7773
467;47;7;50000;128;0.1;0;10671
468;47;8;50000;128;0.1;0;4176
469;47;9;50000;128;0.1;0;4377
470;47;10;50000;128;0.1;0;8370
471;48;1;50000;128;0.1;0;5368
472;48;2;50000;128;0.1;0;4768
473;48;3;50000;128;0.1;0;9081
474;48;4;50000;128;0.1;0;4710
475;48;5;50000;128;0.1;0;9018
476;48;6;50000;128;0.1;0;4971
477;48;7;50000;128;0.1;0;9429
478;48;8;50000;128;0.1;0;3873
479;48;9;50000;128;0.1;0;7524
480;48;10;50000;128;0.1;0;4632
481;49;1;50000;128;0.1;0;8967
482;49;2;50000;128;0.1;0;13368
483;49;3;50000;128;0.1;0;16137
484;49;4;50000;128;0.1;0;11424
485;49;5;50000;128;0.1;0;4125
486;49;6;50000;128;0.1;0;8256
487;49;7;50000;128;0.1;0;11148
488;49;8;50000;128;0.1;0;4014
489;49;9;50000;128;0.1;0;4005
490;49;10;50000;128;0.1;0;7854
491;50;1;50000;128;0.1;0;5196
492;50;2;50000;128;0.1;0;4599
493;50;3;50000;128;0.1;0;11052
494;50;4;50000;128;0.1;0;4622
495;50;5;50000;128;0.1;0;4620
496;50;6;50000;128;0.1;0;4948
497;50;7;50000;128;0.1;0;9220
498;50;8;50000;128;0.1;0;7840
499;50;9;50000;128;0.1;0;7522
500;50;10;50000;128;0.1;0;4599
501;51;1;50000;128;0.1;0;4404
502;51;2;50000;128;0.1;0;8262
503;51;3;50000;128;0.1;0;11416
504;51;4;50000;128;0.1;0;4096
505;51;5;50000;128;0.1;0;4026
506;51;6;50000;128;0.1;0;11544
507;51;7;50000;128;0.1;0;14358
508;51;8;50000;128;0.1;0;8436
509;51;9;50000;128;0.1;0;4284
510;51;10;50000;128;0.1;0;7875
511;52;1;50000;128;0.1;0;5529
512;52;2;50000;128;0.1;0;10674
513;52;3;50000;128;0.1;0;4731
514;52;4;50000;128;0.1;0;8829
515;52;5;50000;128;0.1;0;4260
516;52;6;50000;128;0.1;0;8295
517;52;7;50000;128;0.1;0;4164
518;52;8;50000;128;0.1;0;7869
519;52;9;50000;128;0.1;0;4173
520;52;10;50000;128;0.1;0;8175
521;53;1;50000;128;0.1;0;4332
522;53;2;50000;128;0.1;0;8097
523;53;3;50000;128;0.1;0;11151
524;53;4;50000;128;0.1;0;3882
525;53;5;50000;128;0.1;0;4318
526;53;6;50000;128;0.1;0;8070
527;53;7;50000;128;0.1;0;11176
528;53;8;50000;128;0.1;0;8464
529;53;9;50000;128;0.1;0;4746
530;53;10;50000;128;0.1;0;9111
531;54;1;50000;128;0.1;0;5064
532;54;2;50000;128;0.1;0;9414
533;54;3;50000;128;0.1;0;4857
534;54;4;50000;128;0.1;0;9078
535;54;5;50000;128;0.1;0;5202
536;54;6;50000;128;0.1;0;9732
537;54;7;50000;128;0.1;0;4839
538;54;8;50000;128;0.1;0;19140
539;54;9;50000;128;0.1;0;4239
540;54;10;50000;128;0.1;0;8187
541;55;1;50000;128;0.1;0;5283
542;55;2;50000;128;0.1;0;13248
543;55;3;50000;128;0.1;0;11187
544;55;4;50000;128;0.1;0;4854
545;55;5;50000;128;0.1;0;4875
546;55;6;50000;128;0.1;0;9999
547;55;7;50000;128;0.1;0;10254
548;55;8;50000;128;0.1;0;13608
549;55;9;50000;128;0.1;0;4875
550;55;10;50000;128;0.1;0;11361
551;56;1;50000;128;0.1;0;5631
552;56;2;50000;128;0.1;0;15534
553;56;3;50000;128;0.1;0;5148
554;56;4;50000;128;0.1;0;14037
555;56;5;50000;128;0.1;0;4989
556;56;6;50000;128;0.1;0;13899
557;56;7;50000;128;0.1;0;5038
558;56;8;50000;128;0.1;0;21702
559;56;9;50000;128;0.1;0;4866
560;56;10;50000;128;0.1;0;9062
561;57;1;50000;128;0.1;0;4602
562;57;2;50000;128;0.1;0;11932
563;57;3;50000;128;0.1;0;4788
564;57;4;50000;128;0.1;0;10388
565;57;5;50000;128;0.1;0;9008
566;57;6;50000;128;0.1;0;9186
567;57;7;50000;128;0.1;0;4761
568;57;8;50000;128;0.1;0;9201
569;57;9;50000;128;0.1;0;4983
570;57;10;50000;128;0.1;0;13998
571;58;1;50000;128;0.1;0;5301
572;58;2;50000;128;0.1;0;9423
573;58;3;50000;128;0.1;0;4833
574;58;4;50000;128;0.1;0;13854
575;58;5;50000;128;0.1;0;4998
576;58;6;50000;128;0.1;0;9378
577;58;7;50000;128;0.1;0;4686
578;58;8;50000;128;0.1;0;9081
579;58;9;50000;128;0.1;0;4884
580;58;10;50000;128;0.1;0;9132
581;59;1;50000;128;0.1;0;5397
582;59;2;50000;128;0.1;0;10578
583;59;3;50000;128;0.1;0;4743
584;59;4;50000;128;0.1;0;9126
585;59;5;50000;128;0.1;0;4839
586;59;6;50000;128;0.1;0;9081
587;59;7;50000;128;0.1;0;4194
588;59;8;50000;128;0.1;0;12450
589;59;9;50000;128;0.1;0;4812
590;59;10;50000;128;0.1;0;9300
591;60;1;50000;128;0.1;0;5169
592;60;2;50000;128;0.1;0;9498
593;60;3;50000;128;0.1;0;4053
594;60;4;50000;128;0.1;0;7857
595;60;5;50000;128;0.1;0;5079
596;60;6;50000;128;0.1;0;9207
597;60;7;50000;128;0.1;0;4647
598;60;8;50000;128;0.1;0;8967
599;60;9;50000;128;0.1;0;5514
600;60;10;50000;128;0.1;0;9060
601;61;1;50000;128;0.1;0;5337
602;61;2;50000;128;0.1;0;7401
603;61;3;50000;128;0.1;0;3900
604;61;4;50000;128;0.1;0;11484
605;61;5;50000;128;0.1;0;9000
606;61;6;50000;128;0.1;0;8931
607;61;7;50000;128;0.1;0;4692
608;61;8;50000;128;0.1;0;11937
609;61;9;50000;128;0.1;0;9474
610;61;10;50000;128;0.1;0;8835
611;62;1;50000;128;0.1;0;5328
612;62;2;50000;128;0.1;0;10752
613;62;3;50000;128;0.1;0;3921
614;62;4;50000;128;0.1;0;7593
615;62;5;50000;128;0.1;0;4848
616;62;6;50000;128;0.1;0;14040
617;62;7;50000;128;0.1;0;4906
618;62;8;50000;128;0.1;0;9510
619;62;9;50000;128;0.1;0;4710
620;62;10;50000;128;0.1;0;9024
621;63;1;50000;128;0.1;0;9384
622;63;2;50000;128;0.1;0;9435
623;63;3;50000;128;0.1;0;4827
624;63;4;50000;128;0.1;0;12867
625;63;5;50000;128;0.1;0;4701
626;63;6;50000;128;0.1;0;11982
627;63;7;50000;128;0.1;0;4797
628;63;8;50000;128;0.1;0;10671
629;63;9;50000;128;0.1;0;3972
630;63;10;50000;128;0.1;0;3852
631;64;1;50000;128;0.1;0;16581
632;64;2;50000;128;0.1;0;9966
633;64;3;50000;128;0.1;0;4065
634;64;4;50000;128;0.1;0;7986
635;64;5;50000;128;0.1;0;10815
636;64;6;50000;128;0.1;0;4137
637;64;7;50000;128;0.1;0;4266
638;64;8;50000;128;0.1;0;8211
639;64;9;50000;128;0.1;0;11571
640;64;10;50000;128;0.1;0;4029
641;65;1;50000;128;0.1;0;11124
642;65;2;50000;128;0.1;0;15474
643;65;3;50000;128;0.1;0;5031
644;65;4;50000;128;0.1;0;13785
645;65;5;50000;128;0.1;0;16902
646;65;6;50000;128;0.1;0;4857
647;65;7;50000;128;0.1;0;5168
648;65;8;50000;128;0.1;0;9652
649;65;9;50000;128;0.1;0;13072
650;65;10;50000;128;0.1;0;5094
651;66;1;50000;128;0.1;0;4677
652;66;2;50000;128;0.1;0;8676
653;66;3;50000;128;0.1;0;4191
654;66;4;50000;128;0.1;0;7566
655;66;5;50000;128;0.1;0;4131
656;66;6;50000;128;0.1;0;7530
657;66;7;50000;128;0.1;0;4317
658;66;8;50000;128;0.1;0;10368
659;66;9;50000;128;0.1;0;9291
660;66;10;50000;128;0.1;0;4458
661;67;1;50000;128;0.1;0;5172
662;67;2;50000;128;0.1;0;9876
663;67;3;50000;128;0.1;0;4860
664;67;4;50000;128;0.1;0;13809
665;67;5;50000;128;0.1;0;4806
666;67;6;50000;128;0.1;0;11877
667;67;7;50000;128;0.1;0;10734
668;67;8;50000;128;0.1;0;9045
669;67;9;50000;128;0.1;0;4239
670;67;10;50000;128;0.1;0;10272
671;68;1;50000;128;0.1;0;4584
672;68;2;50000;128;0.1;0;4161
673;68;3;50000;128;0.1;0;8271
674;68;4;50000;128;0.1;0;10971
675;68;5;50000;128;0.1;0;4026
676;68;6;50000;128;0.1;0;4236
677;68;7;50000;128;0.1;0;8388
678;68;8;50000;128;0.1;0;11220
679;68;9;50000;128;0.1;0;4098
680;68;10;50000;128;0.1;0;4851
681;69;1;50000;128;0.1;0;4830
682;69;2;50000;128;0.1;0;4128
683;69;3;50000;128;0.1;0;8211
684;69;4;50000;128;0.1;0;11523
685;69;5;50000;128;0.1;0;4442
686;69;6;50000;128;0.1;0;4550
687;69;7;50000;128;0.1;0;9390
688;69;8;50000;128;0.1;0;12750
689;69;9;50000;128;0.1;0;8766
690;69;10;50000;128;0.1;0;4287
691;70;1;50000;128;0.1;0;8896
692;70;2;50000;128;0.1;0;13369
693;70;3;50000;128;0.1;0;16593
694;70;4;50000;128;0.1;0;4134
695;70;5;50000;128;0.1;0;4131
696;70;6;50000;128;0.1;0;7458
697;70;7;50000;128;0.1;0;4182
698;70;8;50000;128;0.1;0;7857
699;70;9;50000;128;0.1;0;4353
700;70;10;50000;128;0.1;0;7920
701;71;1;50000;128;0.1;0;4032
702;71;2;50000;128;0.1;0;4848
703;71;3;50000;128;0.1;0;12039
704;71;4;50000;128;0.1;0;9759
705;71;5;50000;128;0.1;0;4752
706;71;6;50000;128;0.1;0;9291
707;71;7;50000;128;0.1;0;12582
708;71;8;50000;128;0.1;0;16164
709;71;9;50000;128;0.1;0;14103
710;71;10;50000;128;0.1;0;4668
711;72;1;50000;128;0.1;0;4896
712;72;2;50000;128;0.1;0;4389
713;72;3;50000;128;0.1;0;8481
714;72;4;50000;128;0.1;0;11601
715;72;5;50000;128;0.1;0;4044
716;72;6;50000;128;0.1;0;4599
717;72;7;50000;128;0.1;0;11424
718;72;8;50000;128;0.1;0;14199
719;72;9;50000;128;0.1;0;4029
720;72;10;50000;128;0.1;0;4116
721;73;1;50000;128;0.1;0;4590
722;73;2;50000;128;0.1;0;8460
723;73;3;50000;128;0.1;0;4161
724;73;4;50000;128;0.1;0;7629
725;73;5;50000;128;0.1;0;4089
726;73;6;50000;128;0.1;0;7680
727;73;7;50000;128;0.1;0;4065
728;73;8;50000;128;0.1;0;7473
729;73;9;50000;128;0.1;0;4089
730;73;10;50000;128;0.1;0;4011
731;74;1;50000;128;0.1;0;10152
732;74;2;50000;128;0.1;0;10002
733;74;3;50000;128;0.1;0;13353
734;74;4;50000;128;0.1;0;4770
735;74;5;50000;128;0.1;0;4857
736;74;6;50000;128;0.1;0;11568
737;74;7;50000;128;0.1;0;14766
738;74;8;50000;128;0.1;0;4509
739;74;9;50000;128;0.1;0;4845
740;74;10;50000;128;0.1;0;11292
741;75;1;50000;128;0.1;0;4623
742;75;2;50000;128;0.1;0;12864
743;75;3;50000;128;0.1;0;16110
744;75;4;50000;128;0.1;0;9960
745;75;5;50000;128;0.1;0;4524
746;75;6;50000;128;0.1;0;8838
747;75;7;50000;128;0.1;0;16050
748;75;8;50000;128;0.1;0;9807
749;75;9;50000;128;0.1;0;4252
750;75;10;50000;128;0.1;0;8232
751;76;1;50000;128;0.1;0;4905
752;76;2;50000;128;0.1;0;18957
753;76;3;50000;128;0.1;0;5043
754;76;4;50000;128;0.1;0;12135
755;76;5;50000;128;0.1;0;5670
756;76;6;50000;128;0.1;0;14409
757;76;7;50000;128;0.1;0;4734
758;76;8;50000;128;0.1;0;11979
759;76;9;50000;128;0.1;0;4716
760;76;10;50000;128;0.1;0;18324
761;77;1;50000;128;0.1;0;4788
762;77;2;50000;128;0.1;0;9372
763;77;3;50000;128;0.1;0;12632
764;77;4;50000;128;0.1;0;9894
765;77;5;50000;128;0.1;0;4335
766;77;6;50000;128;0.1;0;8139
767;77;7;50000;128;0.1;0;11757
768;77;8;50000;128;0.1;0;4353
769;77;9;50000;128;0.1;0;4167
770;77;10;50000;128;0.1;0;7848
771;78;1;50000;128;0.1;0;4569
772;78;2;50000;128;0.1;0;11511
773;78;3;50000;128;0.1;0;9711
774;78;4;50000;128;0.1;0;9174
775;78;5;50000;128;0.1;0;4968
776;78;6;50000;128;0.1;0;11823
777;78;7;50000;128;0.1;0;5268
778;78;8;50000;128;0.1;0;12177
779;78;9;50000;128;0.1;0;13539
780;78;10;50000;128;0.1;0;16890
781;79;1;50000;128;0.1;0;5343
782;79;2;50000;128;0.1;0;4761
783;79;3;50000;128;0.1;0;11574
784;79;4;50000;128;0.1;0;9552
785;79;5;50000;128;0.1;0;9288
786;79;6;50000;128;0.1;0;7098
787;79;7;50000;128;0.1;0;15480
788;79;8;50000;128;0.1;0;14745
789;79;9;50000;128;0.1;0;5034
790;79;10;50000;128;0.1;0;3909
791;80;1;50000;128;0.1;0;4200
792;80;2;50000;128;0.1;0;8595
793;80;3;50000;128;0.1;0;11424
794;80;4;50000;128;0.1;0;4546
795;80;5;50000;128;0.1;0;4128
796;80;6;50000;128;0.1;0;8116
797;80;7;50000;128;0.1;0;10990
798;80;8;50000;128;0.1;0;3978
799;80;9;50000;128;0.1;0;4150
800;80;10;50000;128;0.1;0;7764
801;81;1;50000;128;0.1;0;4650
802;81;2;50000;128;0.1;0;8967
803;81;3;50000;128;0.1;0;12021
804;81;4;50000;128;0.1;0;4764
805;81;5;50000;128;0.1;0;9822
806;81;6;50000;128;0.1;0;18429
807;81;7;50000;128;0.1;0;17274
808;81;8;50000;128;0.1;0;4686
809;81;9;50000;128;0.1;0;4797
810;81;10;50000;128;0.1;0;14025
811;82;1;50000;128;0.1;0;9045
812;82;2;50000;128;0.1;0;15009
813;82;3;50000;128;0.1;0;10137
814;82;4;50000;128;0.1;0;8880
815;82;5;50000;128;0.1;0;4035
816;82;6;50000;128;0.1;0;7938
817;82;7;50000;128;0.1;0;3915
818;82;8;50000;128;0.1;0;7482
819;82;9;50000;128;0.1;0;4107
820;82;10;50000;128;0.1;0;7899
821;83;1;50000;128;0.1;0;5214
822;83;2;50000;128;0.1;0;3954
823;83;3;50000;128;0.1;0;7884
824;83;4;50000;128;0.1;0;10614
825;83;5;50000;128;0.1;0;4563
826;83;6;50000;128;0.1;0;13392
827;83;7;50000;128;0.1;0;3687
828;83;8;50000;128;0.1;0;16083
829;83;9;50000;128;0.1;0;3771
830;83;10;50000;128;0.1;0;4035
831;84;1;50000;128;0.1;0;5001
832;84;2;50000;128;0.1;0;4714
833;84;3;50000;128;0.1;0;10762
834;84;4;50000;128;0.1;0;4722
835;84;5;50000;128;0.1;0;4730
836;84;6;50000;128;0.1;0;9264
837;84;7;50000;128;0.1;0;9288
838;84;8;50000;128;0.1;0;12642
839;84;9;50000;128;0.1;0;4878
840;84;10;50000;128;0.1;0;4602
841;85;1;50000;128;0.1;0;10183
842;85;2;50000;128;0.1;0;10866
843;85;3;50000;128;0.1;0;14304
844;85;4;50000;128;0.1;0;8097
845;85;5;50000;128;0.1;0;9549
846;85;6;50000;128;0.1;0;14478
847;85;7;50000;128;0.1;0;17127
848;85;8;50000;128;0.1;0;4233
849;85;9;50000;128;0.1;0;4077
850;85;10;50000;128;0.1;0;7617
851;86;1;50000;128;0.1;0;4204
852;86;2;50000;128;0.1;0;4174
853;86;3;50000;128;0.1;0;11568
854;86;4;50000;128;0.1;0;14566
855;86;5;50000;128;0.1;0;9696
856;86;6;50000;128;0.1;0;3972
857;86;7;50000;128;0.1;0;7866
858;86;8;50000;128;0.1;0;10809
859;86;9;50000;128;0.1;0;3909
860;86;10;50000;128;0.1;0;4035
861;87;1;50000;128;0.1;0;4950
862;87;2;50000;128;0.1;0;8961
863;87;3;50000;128;0.1;0;6033
864;87;4;50000;128;0.1;0;13407
865;87;5;50000;128;0.1;0;16911
866;87;6;50000;128;0.1;0;19680
867;87;7;50000;128;0.1;0;22956
868;87;8;50000;128;0.1;0;24825
869;87;9;50000;128;0.1;0;27285
870;87;10;50000;128;0.1;0;29952
871;88;1;50000;128;0.1;0;5700
872;88;2;50000;128;0.1;0;10854
873;88;3;50000;128;0.1;0;4737
874;88;4;50000;128;0.1;0;8976
875;88;5;50000;128;0.1;0;5304
876;88;6;50000;128;0.1;0;9729
877;88;7;50000;128;0.1;0;4029
878;88;8;50000;128;0.1;0;7800
879;88;9;50000;128;0.1;0;10974
880;88;10;50000;128;0.1;0;3990
881;89;1;50000;128;0.1;0;4206
882;89;2;50000;128;0.1;0;4046
883;89;3;50000;128;0.1;0;8168
884;89;4;50000;128;0.1;0;11528
885;89;5;50000;128;0.1;0;4098
886;89;6;50000;128;0.1;0;4338
887;89;7;50000;128;0.1;0;8732
888;89;8;50000;128;0.1;0;11752
889;89;9;50000;128;0.1;0;4080
890;89;10;50000;128;0.1;0;4026
891;90;1;50000;128;0.1;0;4798
892;90;2;50000;128;0.1;0;4392
893;90;3;50000;128;0.1;0;8548
894;90;4;50000;128;0.1;0;11454
895;90;5;50000;128;0.1;0;4392
896;90;6;50000;128;0.1;0;4173
897;90;7;50000;128;0.1;0;8301
898;90;8;50000;128;0.1;0;11037
899;90;9;50000;128;0.1;0;4620
900;90;10;50000;128;0.1;0;4071
901;91;1;50000;128;0.1;0;4299
902;91;2;50000;128;0.1;0;12489
903;91;3;50000;128;0.1;0;4161
904;91;4;50000;128;0.1;0;8079
905;91;5;50000;128;0.1;0;4350
906;91;6;50000;128;0.1;0;8184
907;91;7;50000;128;0.1;0;4314
908;91;8;50000;128;0.1;0;8090
909;91;9;50000;128;0.1;0;4180
910;91;10;50000;128;0.1;0;7946
911;92;1;50000;128;0.1;0;5472
912;92;2;50000;128;0.1;0;10503
913;92;3;50000;128;0.1;0;5022
914;92;4;50000;128;0.1;0;18759
915;92;5;50000;128;0.1;0;4326
916;92;6;50000;128;0.1;0;8169
917;92;7;50000;128;0.1;0;3900
918;92;8;50000;128;0.1;0;7707
919;92;9;50000;128;0.1;0;8625
920;92;10;50000;128;0.1;0;11832
921;93;1;50000;128;0.1;0;5076
922;93;2;50000;128;0.1;0;9612
923;93;3;50000;128;0.1;0;4176
924;93;4;50000;128;0.1;0;8268
925;93;5;50000;128;0.1;0;4800
926;93;6;50000;128;0.1;0;8466
927;93;7;50000;128;0.1;0;12585
928;93;8;50000;128;0.1;0;4320
929;93;9;50000;128;0.1;0;9771
930;93;10;50000;128;0.1;0;7719
931;94;1;50000;128;0.1;0;4749
932;94;2;50000;128;0.1;0;12957
933;94;3;50000;128;0.1;0;4128
934;94;4;50000;128;0.1;0;12825
935;94;5;50000;128;0.1;0;4164
936;94;6;50000;128;0.1;0;17352
937;94;7;50000;128;0.1;0;4179
938;94;8;50000;128;0.1;0;13305
939;94;9;50000;128;0.1;0;4878
940;94;10;50000;128;0.1;0;12255
941;95;1;50000;128;0.1;0;5061
942;95;2;50000;128;0.1;0;12756
943;95;3;50000;128;0.1;0;4848
944;95;4;50000;128;0.1;0;13512
945;95;5;50000;128;0.1;0;5082
946;95;6;50000;128;0.1;0;12021
947;95;7;50000;128;0.1;0;4686
948;95;8;50000;128;0.1;0;16794
949;95;9;50000;128;0.1;0;4914
950;95;10;50000;128;0.1;0;18405
951;96;1;50000;128;0.1;0;5427
952;96;2;50000;128;0.1;0;10746
953;96;3;50000;128;0.1;0;4773
954;96;4;50000;128;0.1;0;14310
955;96;5;50000;128;0.1;0;4683
956;96;6;50000;128;0.1;0;8853
957;96;7;50000;128;0.1;0;4668
958;96;8;50000;128;0.1;0;8787
959;96;9;50000;128;0.1;0;4794
960;96;10;50000;128;0.1;0;9165
961;97;1;50000;128;0.1;0;9222
962;97;2;50000;128;0.1;0;14868
963;97;3;50000;128;0.1;0;10036
964;97;4;50000;128;0.1;0;8084
965;97;5;50000;128;0.1;0;4152
966;97;6;50000;128;0.1;0;7972
967;97;7;50000;128;0.1;0;4084
968;97;8;50000;128;0.1;0;7830
969;97;9;50000;128;0.1;0;4284
970;97;10;50000;128;0.1;0;8046
971;98;1;50000;128;0.1;0;5466
972;98;2;50000;128;0.1;0;9708
973;98;3;50000;128;0.1;0;4761
974;98;4;50000;128;0.1;0;21402
975;98;5;50000;128;0.1;0;4224
976;98;6;50000;128;0.1;0;8124
977;98;7;50000;128;0.1;0;4134
978;98;8;50000;128;0.1;0;7977
979;98;9;50000;128;0.1;0;4101
980;98;10;50000;128;0.1;0;7773
981;99;1;50000;128;0.1;0;4950
982;99;2;50000;128;0.1;0;13734
983;99;3;50000;128;0.1;0;4722
984;99;4;50000;128;0.1;0;12585
985;99;5;50000;128;0.1;0;4857
986;99;6;50000;128;0.1;0;10959
987;99;7;50000;128;0.1;0;4716
988;99;8;50000;128;0.1;0;16005
989;99;9;50000;128;0.1;0;4872
990;99;10;50000;128;0.1;0;18693
991;100;1;50000;128;0.1;0;5262
992;100;2;50000;128;0.1;0;10893
993;100;3;50000;128;0.1;0;4053
994;100;4;50000;128;0.1;0;7621
995;100;5;50000;128;0.1;0;4762
996;100;6;50000;128;0.1;0;9234
997;100;7;50000;128;0.1;0;4680
998;100;8;50000;128;0.1;0;8986
999;100;9;50000;128;0.1;0;4731
1000;100;10;50000;128;0.1;0;9114
