1;1;1;30000;128;0.1;0;5640
2;1;2;30000;128;0.1;0;9418
3;1;3;30000;128;0.1;0;4750
4;1;4;30000;128;0.1;0;9144
5;1;5;30000;128;0.1;0;5334
6;1;6;30000;128;0.1;0;4740
7;1;7;30000;128;0.1;0;3990
8;1;8;30000;128;0.1;0;11406
9;1;9;30000;128;0.1;0;4770
10;1;10;30000;128;0.1;0;8874
11;2;1;30000;128;0.1;0;4622
12;2;2;30000;128;0.1;0;8818
13;2;3;30000;128;0.1;0;4275
14;2;4;30000;128;0.1;0;4104
15;2;5;30000;128;0.1;0;4866
16;2;6;30000;128;0.1;0;8583
17;2;7;30000;128;0.1;0;3990
18;2;8;30000;128;0.1;0;4080
19;2;9;30000;128;0.1;0;4209
20;2;10;30000;128;0.1;0;8697
21;3;1;30000;128;0.1;0;5301
22;3;2;30000;128;0.1;0;11886
23;3;3;30000;128;0.1;0;4965
24;3;4;30000;128;0.1;0;5109
25;3;5;30000;128;0.1;0;4137
26;3;6;30000;128;0.1;0;16515
27;3;7;30000;128;0.1;0;4147
28;3;8;30000;128;0.1;0;4074
29;3;9;30000;128;0.1;0;4132
30;3;10;30000;128;0.1;0;7828
31;4;1;30000;128;0.1;0;4311
32;4;2;30000;128;0.1;0;4647
33;4;3;30000;128;0.1;0;9033
34;4;4;30000;128;0.1;0;5037
35;4;5;30000;128;0.1;0;4732
36;4;6;30000;128;0.1;0;4016
37;4;7;30000;128;0.1;0;9742
38;4;8;30000;128;0.1;0;4674
39;4;9;30000;128;0.1;0;8919
40;4;10;30000;128;0.1;0;4626
41;5;1;30000;128;0.1;0;4551
42;5;2;30000;128;0.1;0;4740
43;5;3;30000;128;0.1;0;5172
44;5;4;30000;128;0.1;0;9159
45;5;5;30000;128;0.1;0;5070
46;5;6;30000;128;0.1;0;4134
47;5;7;30000;128;0.1;0;4719
48;5;8;30000;128;0.1;0;9103
49;5;9;30000;128;0.1;0;4894
50;5;10;30000;128;0.1;0;4714
51;6;1;30000;128;0.1;0;4164
52;6;2;30000;128;0.1;0;8493
53;6;3;30000;128;0.1;0;4596
54;6;4;30000;128;0.1;0;4095
55;6;5;30000;128;0.1;0;4380
56;6;6;30000;128;0.1;0;7989
57;6;7;30000;128;0.1;0;4365
58;6;8;30000;128;0.1;0;4077
59;6;9;30000;128;0.1;0;4113
60;6;10;30000;128;0.1;0;12387
61;7;1;30000;128;0.1;0;5163
62;7;2;30000;128;0.1;0;9663
63;7;3;30000;128;0.1;0;4842
64;7;4;30000;128;0.1;0;11004
65;7;5;30000;128;0.1;0;4896
66;7;6;30000;128;0.1;0;8937
67;7;7;30000;128;0.1;0;4788
68;7;8;30000;128;0.1;0;10700
69;7;9;30000;128;0.1;0;10738
70;7;10;30000;128;0.1;0;4656
71;8;1;30000;128;0.1;0;4917
72;8;2;30000;128;0.1;0;9042
73;8;3;30000;128;0.1;0;4287
74;8;4;30000;128;0.1;0;4821
75;8;5;30000;128;0.1;0;10131
76;8;6;30000;128;0.1;0;8352
77;8;7;30000;128;0.1;0;4614
78;8;8;30000;128;0.1;0;3906
79;8;9;30000;128;0.1;0;5002
80;8;10;30000;128;0.1;0;12672
81;9;1;30000;128;0.1;0;5277
82;9;2;30000;128;0.1;0;12651
83;9;3;30000;128;0.1;0;4851
84;9;4;30000;128;0.1;0;9384
85;9;5;30000;128;0.1;0;10107
86;9;6;30000;128;0.1;0;14244
87;9;7;30000;128;0.1;0;10257
88;9;8;30000;128;0.1;0;4743
89;9;9;30000;128;0.1;0;4794
90;9;10;30000;128;0.1;0;11060
91;10;1;30000;128;0.1;0;5014
92;10;2;30000;128;0.1;0;4750
93;10;3;30000;128;0.1;0;4712
94;10;4;30000;128;0.1;0;9022
95;10;5;30000;128;0.1;0;8904
96;10;6;30000;128;0.1;0;4152
97;10;7;30000;128;0.1;0;4161
98;10;8;30000;128;0.1;0;7539
99;10;9;30000;128;0.1;0;4248
100;10;10;30000;128;0.1;0;4110
101;11;1;30000;128;0.1;0;4236
102;11;2;30000;128;0.1;0;5034
103;11;3;30000;128;0.1;0;4260
104;11;4;30000;128;0.1;0;7941
105;11;5;30000;128;0.1;0;4266
106;11;6;30000;128;0.1;0;4281
107;11;7;30000;128;0.1;0;3978
108;11;8;30000;128;0.1;0;12735
109;11;9;30000;128;0.1;0;4848
110;11;10;30000;128;0.1;0;9042
111;12;1;30000;128;0.1;0;4696
112;12;2;30000;128;0.1;0;9276
113;12;3;30000;128;0.1;0;4128
114;12;4;30000;128;0.1;0;4779
115;12;5;30000;128;0.1;0;4014
116;12;6;30000;128;0.1;0;7845
117;12;7;30000;128;0.1;0;4050
118;12;8;30000;128;0.1;0;3915
119;12;9;30000;128;0.1;0;4101
120;12;10;30000;128;0.1;0;7800
121;13;1;30000;128;0.1;0;5559
122;13;2;30000;128;0.1;0;4731
123;13;3;30000;128;0.1;0;4740
124;13;4;30000;128;0.1;0;8823
125;13;5;30000;128;0.1;0;9567
126;13;6;30000;128;0.1;0;4695
127;13;7;30000;128;0.1;0;4749
128;13;8;30000;128;0.1;0;9036
129;13;9;30000;128;0.1;0;4803
130;13;10;30000;128;0.1;0;3948
131;14;1;30000;128;0.1;0;5493
132;14;2;30000;128;0.1;0;4716
133;14;3;30000;128;0.1;0;5055
134;14;4;30000;128;0.1;0;14688
135;14;5;30000;128;0.1;0;4755
136;14;6;30000;128;0.1;0;4713
137;14;7;30000;128;0.1;0;4689
138;14;8;30000;128;0.1;0;10719
139;14;9;30000;128;0.1;0;9507
140;14;10;30000;128;0.1;0;4689
141;15;1;30000;128;0.1;0;4749
142;15;2;30000;128;0.1;0;9171
143;15;3;30000;128;0.1;0;4992
144;15;4;30000;128;0.1;0;4968
145;15;5;30000;128;0.1;0;4842
146;15;6;30000;128;0.1;0;9254
147;15;7;30000;128;0.1;0;4926
148;15;8;30000;128;0.1;0;4689
149;15;9;30000;128;0.1;0;4965
150;15;10;30000;128;0.1;0;9321
151;16;1;30000;128;0.1;0;5238
152;16;2;30000;128;0.1;0;12366
153;16;3;30000;128;0.1;0;4845
154;16;4;30000;128;0.1;0;9282
155;16;5;30000;128;0.1;0;4917
156;16;6;30000;128;0.1;0;16122
157;16;7;30000;128;0.1;0;4114
158;16;8;30000;128;0.1;0;4148
159;16;9;30000;128;0.1;0;4136
160;16;10;30000;128;0.1;0;7924
161;17;1;30000;128;0.1;0;5460
162;17;2;30000;128;0.1;0;4893
163;17;3;30000;128;0.1;0;11055
164;17;4;30000;128;0.1;0;7629
165;17;5;30000;128;0.1;0;5490
166;17;6;30000;128;0.1;0;4698
167;17;7;30000;128;0.1;0;4788
168;17;8;30000;128;0.1;0;9234
169;17;9;30000;128;0.1;0;4152
170;17;10;30000;128;0.1;0;4050
171;18;1;30000;128;0.1;0;5577
172;18;2;30000;128;0.1;0;4812
173;18;3;30000;128;0.1;0;13335
174;18;4;30000;128;0.1;0;4728
175;18;5;30000;128;0.1;0;4206
176;18;6;30000;128;0.1;0;4599
177;18;7;30000;128;0.1;0;11061
178;18;8;30000;128;0.1;0;4872
179;18;9;30000;128;0.1;0;9078
180;18;10;30000;128;0.1;0;3834
181;19;1;30000;128;0.1;0;5544
182;19;2;30000;128;0.1;0;3897
183;19;3;30000;128;0.1;0;4872
184;19;4;30000;128;0.1;0;9171
185;19;5;30000;128;0.1;0;5217
186;19;6;30000;128;0.1;0;4824
187;19;7;30000;128;0.1;0;9396
188;19;8;30000;128;0.1;0;7809
189;19;9;30000;128;0.1;0;4833
190;19;10;30000;128;0.1;0;4690
191;20;1;30000;128;0.1;0;5518
192;20;2;30000;128;0.1;0;4782
193;20;3;30000;128;0.1;0;4894
194;20;4;30000;128;0.1;0;10684
195;20;5;30000;128;0.1;0;9681
196;20;6;30000;128;0.1;0;4791
197;20;7;30000;128;0.1;0;4740
198;20;8;30000;128;0.1;0;11145
199;20;9;30000;128;0.1;0;4890
200;20;10;30000;128;0.1;0;3936
201;21;1;30000;128;0.1;0;5175
202;21;2;30000;128;0.1;0;12519
203;21;3;30000;128;0.1;0;4809
204;21;4;30000;128;0.1;0;4149
205;21;5;30000;128;0.1;0;4248
206;21;6;30000;128;0.1;0;11358
207;21;7;30000;128;0.1;0;4362
208;21;8;30000;128;0.1;0;4170
209;21;9;30000;128;0.1;0;4266
210;21;10;30000;128;0.1;0;8071
211;22;1;30000;128;0.1;0;5607
212;22;2;30000;128;0.1;0;3966
213;22;3;30000;128;0.1;0;4749
214;22;4;30000;128;0.1;0;10935
215;22;5;30000;128;0.1;0;5748
216;22;6;30000;128;0.1;0;5040
217;22;7;30000;128;0.1;0;4353
218;22;8;30000;128;0.1;0;8220
219;22;9;30000;128;0.1;0;4239
220;22;10;30000;128;0.1;0;4197
221;23;1;30000;128;0.1;0;5100
222;23;2;30000;128;0.1;0;3936
223;23;3;30000;128;0.1;0;4830
224;23;4;30000;128;0.1;0;9030
225;23;5;30000;128;0.1;0;5274
226;23;6;30000;128;0.1;0;4977
227;23;7;30000;128;0.1;0;9591
228;23;8;30000;128;0.1;0;8112
229;23;9;30000;128;0.1;0;4842
230;23;10;30000;128;0.1;0;4872
231;24;1;30000;128;0.1;0;4908
232;24;2;30000;128;0.1;0;9116
233;24;3;30000;128;0.1;0;4218
234;24;4;30000;128;0.1;0;4203
235;24;5;30000;128;0.1;0;4506
236;24;6;30000;128;0.1;0;7986
237;24;7;30000;128;0.1;0;4086
238;24;8;30000;128;0.1;0;4149
239;24;9;30000;128;0.1;0;4053
240;24;10;30000;128;0.1;0;8001
241;25;1;30000;128;0.1;0;5355
242;25;2;30000;128;0.1;0;5190
243;25;3;30000;128;0.1;0;4971
244;25;4;30000;128;0.1;0;11814
245;25;5;30000;128;0.1;0;4815
246;25;6;30000;128;0.1;0;9351
247;25;7;30000;128;0.1;0;3900
248;25;8;30000;128;0.1;0;10424
249;25;9;30000;128;0.1;0;4906
250;25;10;30000;128;0.1;0;9570
251;26;1;30000;128;0.1;0;4641
252;26;2;30000;128;0.1;0;10107
253;26;3;30000;128;0.1;0;4305
254;26;4;30000;128;0.1;0;8184
255;26;5;30000;128;0.1;0;5001
256;26;6;30000;128;0.1;0;4362
257;26;7;30000;128;0.1;0;4184
258;26;8;30000;128;0.1;0;8338
259;26;9;30000;128;0.1;0;5052
260;26;10;30000;128;0.1;0;4803
261;27;1;30000;128;0.1;0;5394
262;27;2;30000;128;0.1;0;3948
263;27;3;30000;128;0.1;0;5028
264;27;4;30000;128;0.1;0;11163
265;27;5;30000;128;0.1;0;10476
266;27;6;30000;128;0.1;0;4872
267;27;7;30000;128;0.1;0;4020
268;27;8;30000;128;0.1;0;11772
269;27;9;30000;128;0.1;0;4404
270;27;10;30000;128;0.1;0;4041
271;28;1;30000;128;0.1;0;5184
272;28;2;30000;128;0.1;0;4884
273;28;3;30000;128;0.1;0;12300
274;28;4;30000;128;0.1;0;4710
275;28;5;30000;128;0.1;0;4971
276;28;6;30000;128;0.1;0;4872
277;28;7;30000;128;0.1;0;11301
278;28;8;30000;128;0.1;0;4758
279;28;9;30000;128;0.1;0;8997
280;28;10;30000;128;0.1;0;4060
281;29;1;30000;128;0.1;0;4650
282;29;2;30000;128;0.1;0;11568
283;29;3;30000;128;0.1;0;9078
284;29;4;30000;128;0.1;0;4548
285;29;5;30000;128;0.1;0;4242
286;29;6;30000;128;0.1;0;10785
287;29;7;30000;128;0.1;0;4491
288;29;8;30000;128;0.1;0;3393
289;29;9;30000;128;0.1;0;4140
290;29;10;30000;128;0.1;0;10866
291;30;1;30000;128;0.1;0;4329
292;30;2;30000;128;0.1;0;3777
293;30;3;30000;128;0.1;0;4191
294;30;4;30000;128;0.1;0;8568
295;30;5;30000;128;0.1;0;3855
296;30;6;30000;128;0.1;0;3567
297;30;7;30000;128;0.1;0;4086
298;30;8;30000;128;0.1;0;9429
299;30;9;30000;128;0.1;0;3987
300;30;10;30000;128;0.1;0;3750
301;31;1;30000;128;0.1;0;4995
302;31;2;30000;128;0.1;0;9264
303;31;3;30000;128;0.1;0;4692
304;31;4;30000;128;0.1;0;4074
305;31;5;30000;128;0.1;0;15816
306;31;6;30000;128;0.1;0;10386
307;31;7;30000;128;0.1;0;4590
308;31;8;30000;128;0.1;0;9498
309;31;9;30000;128;0.1;0;9757
310;31;10;30000;128;0.1;0;14097
311;32;1;30000;128;0.1;0;5187
312;32;2;30000;128;0.1;0;4665
313;32;3;30000;128;0.1;0;8928
314;32;4;30000;128;0.1;0;5121
315;32;5;30000;128;0.1;0;5122
316;32;6;30000;128;0.1;0;4922
317;32;7;30000;128;0.1;0;9298
318;32;8;30000;128;0.1;0;4089
319;32;9;30000;128;0.1;0;4077
320;32;10;30000;128;0.1;0;4122
321;33;1;30000;128;0.1;0;14649
322;33;2;30000;128;0.1;0;4746
323;33;3;30000;128;0.1;0;13839
324;33;4;30000;128;0.1;0;4725
325;33;5;30000;128;0.1;0;9510
326;33;6;30000;128;0.1;0;9594
327;33;7;30000;128;0.1;0;7572
328;33;8;30000;128;0.1;0;4650
329;33;9;30000;128;0.1;0;4740
330;33;10;30000;128;0.1;0;4713
331;34;1;30000;128;0.1;0;4977
332;34;2;30000;128;0.1;0;4023
333;34;3;30000;128;0.1;0;5001
334;34;4;30000;128;0.1;0;9723
335;34;5;30000;128;0.1;0;5100
336;34;6;30000;128;0.1;0;4914
337;34;7;30000;128;0.1;0;4170
338;34;8;30000;128;0.1;0;7926
339;34;9;30000;128;0.1;0;4299
340;34;10;30000;128;0.1;0;4113
341;35;1;30000;128;0.1;0;9864
342;35;2;30000;128;0.1;0;4767
343;35;3;30000;128;0.1;0;10617
344;35;4;30000;128;0.1;0;4986
345;35;5;30000;128;0.1;0;8881
346;35;6;30000;128;0.1;0;4750
347;35;7;30000;128;0.1;0;10938
348;35;8;30000;128;0.1;0;4552
349;35;9;30000;128;0.1;0;3954
350;35;10;30000;128;0.1;0;4644
351;36;1;30000;128;0.1;0;4899
352;36;2;30000;128;0.1;0;3873
353;36;3;30000;128;0.1;0;10335
354;36;4;30000;128;0.1;0;14490
355;36;5;30000;128;0.1;0;4917
356;36;6;30000;128;0.1;0;8973
357;36;7;30000;128;0.1;0;3921
358;36;8;30000;128;0.1;0;10374
359;36;9;30000;128;0.1;0;4878
360;36;10;30000;128;0.1;0;9284
361;37;1;30000;128;0.1;0;9888
362;37;2;30000;128;0.1;0;4716
363;37;3;30000;128;0.1;0;11484
364;37;4;30000;128;0.1;0;10102
365;37;5;30000;128;0.1;0;10353
366;37;6;30000;128;0.1;0;4944
367;37;7;30000;128;0.1;0;11535
368;37;8;30000;128;0.1;0;4989
369;37;9;30000;128;0.1;0;4203
370;37;10;30000;128;0.1;0;4089
371;38;1;30000;128;0.1;0;4938
372;38;2;30000;128;0.1;0;4917
373;38;3;30000;128;0.1;0;4956
374;38;4;30000;128;0.1;0;9573
375;38;5;30000;128;0.1;0;4191
376;38;6;30000;128;0.1;0;4116
377;38;7;30000;128;0.1;0;4062
378;38;8;30000;128;0.1;0;8120
379;38;9;30000;128;0.1;0;4194
380;38;10;30000;128;0.1;0;4044
381;39;1;30000;128;0.1;0;3987
382;39;2;30000;128;0.1;0;3588
383;39;3;30000;128;0.1;0;3519
384;39;4;30000;128;0.1;0;7611
385;39;5;30000;128;0.1;0;3678
386;39;6;30000;128;0.1;0;3399
387;39;7;30000;128;0.1;0;3462
388;39;8;30000;128;0.1;0;7290
389;39;9;30000;128;0.1;0;3873
390;39;10;30000;128;0.1;0;3624
391;40;1;30000;128;0.1;0;4866
392;40;2;30000;128;0.1;0;4458
393;40;3;30000;128;0.1;0;4060
394;40;4;30000;128;0.1;0;7837
395;40;5;30000;128;0.1;0;4908
396;40;6;30000;128;0.1;0;3975
397;40;7;30000;128;0.1;0;4101
398;40;8;30000;128;0.1;0;8022
399;40;9;30000;128;0.1;0;4068
400;40;10;30000;128;0.1;0;4035
401;41;1;30000;128;0.1;0;4818
402;41;2;30000;128;0.1;0;4542
403;41;3;30000;128;0.1;0;9342
404;41;4;30000;128;0.1;0;8124
405;41;5;30000;128;0.1;0;4254
406;41;6;30000;128;0.1;0;3884
407;41;7;30000;128;0.1;0;4100
408;41;8;30000;128;0.1;0;8172
409;41;9;30000;128;0.1;0;4168
410;41;10;30000;128;0.1;0;4116
411;42;1;30000;128;0.1;0;4992
412;42;2;30000;128;0.1;0;4452
413;42;3;30000;128;0.1;0;8691
414;42;4;30000;128;0.1;0;4056
415;42;5;30000;128;0.1;0;4404
416;42;6;30000;128;0.1;0;9165
417;42;7;30000;128;0.1;0;8598
418;42;8;30000;128;0.1;0;4263
419;42;9;30000;128;0.1;0;4095
420;42;10;30000;128;0.1;0;4062
421;43;1;30000;128;0.1;0;5001
422;43;2;30000;128;0.1;0;3948
423;43;3;30000;128;0.1;0;11178
424;43;4;30000;128;0.1;0;4770
425;43;5;30000;128;0.1;0;11016
426;43;6;30000;128;0.1;0;4584
427;43;7;30000;128;0.1;0;10764
428;43;8;30000;128;0.1;0;4638
429;43;9;30000;128;0.1;0;8408
430;43;10;30000;128;0.1;0;4792
431;44;1;30000;128;0.1;0;5424
432;44;2;30000;128;0.1;0;4722
433;44;3;30000;128;0.1;0;12381
434;44;4;30000;128;0.1;0;5151
435;44;5;30000;128;0.1;0;9729
436;44;6;30000;128;0.1;0;4692
437;44;7;30000;128;0.1;0;10626
438;44;8;30000;128;0.1;0;10353
439;44;9;30000;128;0.1;0;4707
440;44;10;30000;128;0.1;0;4650
441;45;1;30000;128;0.1;0;5262
442;45;2;30000;128;0.1;0;4780
443;45;3;30000;128;0.1;0;5204
444;45;4;30000;128;0.1;0;9622
445;45;5;30000;128;0.1;0;4890
446;45;6;30000;128;0.1;0;4662
447;45;7;30000;128;0.1;0;4713
448;45;8;30000;128;0.1;0;8874
449;45;9;30000;128;0.1;0;9477
450;45;10;30000;128;0.1;0;4794
451;46;1;30000;128;0.1;0;5502
452;46;2;30000;128;0.1;0;4671
453;46;3;30000;128;0.1;0;9006
454;46;4;30000;128;0.1;0;5472
455;46;5;30000;128;0.1;0;4108
456;46;6;30000;128;0.1;0;9794
457;46;7;30000;128;0.1;0;7988
458;46;8;30000;128;0.1;0;4794
459;46;9;30000;128;0.1;0;4035
460;46;10;30000;128;0.1;0;3996
461;47;1;30000;128;0.1;0;10116
462;47;2;30000;128;0.1;0;9123
463;47;3;30000;128;0.1;0;4854
464;47;4;30000;128;0.1;0;5727
465;47;5;30000;128;0.1;0;4935
466;47;6;30000;128;0.1;0;9201
467;47;7;30000;128;0.1;0;4662
468;47;8;30000;128;0.1;0;4344
469;47;9;30000;128;0.1;0;4206
470;47;10;30000;128;0.1;0;7796
471;48;1;30000;128;0.1;0;5499
472;48;2;30000;128;0.1;0;4764
473;48;3;30000;128;0.1;0;8997
474;48;4;30000;128;0.1;0;5034
475;48;5;30000;128;0.1;0;4678
476;48;6;30000;128;0.1;0;4623
477;48;7;30000;128;0.1;0;9162
478;48;8;30000;128;0.1;0;9348
479;48;9;30000;128;0.1;0;4710
480;48;10;30000;128;0.1;0;4887
481;49;1;30000;128;0.1;0;4683
482;49;2;30000;128;0.1;0;4776
483;49;3;30000;128;0.1;0;8730
484;49;4;30000;128;0.1;0;5382
485;49;5;30000;128;0.1;0;4734
486;49;6;30000;128;0.1;0;4134
487;49;7;30000;128;0.1;0;7932
488;49;8;30000;128;0.1;0;4080
489;49;9;30000;128;0.1;0;4112
490;49;10;30000;128;0.1;0;4102
491;50;1;30000;128;0.1;0;5472
492;50;2;30000;128;0.1;0;4758
493;50;3;30000;128;0.1;0;12027
494;50;4;30000;128;0.1;0;5247
495;50;5;30000;128;0.1;0;4800
496;50;6;30000;128;0.1;0;4911
497;50;7;30000;128;0.1;0;9558
498;50;8;30000;128;0.1;0;4124
499;50;9;30000;128;0.1;0;4064
500;50;10;30000;128;0.1;0;4148
501;51;1;30000;128;0.1;0;4536
502;51;2;30000;128;0.1;0;9126
503;51;3;30000;128;0.1;0;4896
504;51;4;30000;128;0.1;0;5082
505;51;5;30000;128;0.1;0;4713
506;51;6;30000;128;0.1;0;9207
507;51;7;30000;128;0.1;0;10893
508;51;8;30000;128;0.1;0;4788
509;51;9;30000;128;0.1;0;4857
510;51;10;30000;128;0.1;0;9207
511;52;1;30000;128;0.1;0;4410
512;52;2;30000;128;0.1;0;4098
513;52;3;30000;128;0.1;0;4197
514;52;4;30000;128;0.1;0;8229
515;52;5;30000;128;0.1;0;4092
516;52;6;30000;128;0.1;0;4092
517;52;7;30000;128;0.1;0;4002
518;52;8;30000;128;0.1;0;7839
519;52;9;30000;128;0.1;0;4209
520;52;10;30000;128;0.1;0;4014
521;53;1;30000;128;0.1;0;4695
522;53;2;30000;128;0.1;0;4158
523;53;3;30000;128;0.1;0;4041
524;53;4;30000;128;0.1;0;7887
525;53;5;30000;128;0.1;0;4383
526;53;6;30000;128;0.1;0;4158
527;53;7;30000;128;0.1;0;3849
528;53;8;30000;128;0.1;0;7593
529;53;9;30000;128;0.1;0;4113
530;53;10;30000;128;0.1;0;4098
531;54;1;30000;128;0.1;0;5151
532;54;2;30000;128;0.1;0;3906
533;54;3;30000;128;0.1;0;4725
534;54;4;30000;128;0.1;0;11112
535;54;5;30000;128;0.1;0;6912
536;54;6;30000;128;0.1;0;4806
537;54;7;30000;128;0.1;0;4023
538;54;8;30000;128;0.1;0;7962
539;54;9;30000;128;0.1;0;3993
540;54;10;30000;128;0.1;0;4047
541;55;1;30000;128;0.1;0;9939
542;55;2;30000;128;0.1;0;4644
543;55;3;30000;128;0.1;0;4854
544;55;4;30000;128;0.1;0;10548
545;55;5;30000;128;0.1;0;5052
546;55;6;30000;128;0.1;0;4032
547;55;7;30000;128;0.1;0;4650
548;55;8;30000;128;0.1;0;10954
549;55;9;30000;128;0.1;0;4818
550;55;10;30000;128;0.1;0;9054
551;56;1;30000;128;0.1;0;4512
552;56;2;30000;128;0.1;0;4383
553;56;3;30000;128;0.1;0;4258
554;56;4;30000;128;0.1;0;8016
555;56;5;30000;128;0.1;0;4214
556;56;6;30000;128;0.1;0;3912
557;56;7;30000;128;0.1;0;3984
558;56;8;30000;128;0.1;0;7731
559;56;9;30000;128;0.1;0;4182
560;56;10;30000;128;0.1;0;3975
561;57;1;30000;128;0.1;0;5358
562;57;2;30000;128;0.1;0;9423
563;57;3;30000;128;0.1;0;7635
564;57;4;30000;128;0.1;0;5064
565;57;5;30000;128;0.1;0;5073
566;57;6;30000;128;0.1;0;4860
567;57;7;30000;128;0.1;0;9453
568;57;8;30000;128;0.1;0;4326
569;57;9;30000;128;0.1;0;4161
570;57;10;30000;128;0.1;0;4071
571;58;1;30000;128;0.1;0;5067
572;58;2;30000;128;0.1;0;9222
573;58;3;30000;128;0.1;0;4359
574;58;4;30000;128;0.1;0;4116
575;58;5;30000;128;0.1;0;4428
576;58;6;30000;128;0.1;0;8586
577;58;7;30000;128;0.1;0;4262
578;58;8;30000;128;0.1;0;4004
579;58;9;30000;128;0.1;0;4238
580;58;10;30000;128;0.1;0;8210
581;59;1;30000;128;0.1;0;4743
582;59;2;30000;128;0.1;0;9516
583;59;3;30000;128;0.1;0;4188
584;59;4;30000;128;0.1;0;4062
585;59;5;30000;128;0.1;0;4272
586;59;6;30000;128;0.1;0;8064
587;59;7;30000;128;0.1;0;4158
588;59;8;30000;128;0.1;0;4059
589;59;9;30000;128;0.1;0;4260
590;59;10;30000;128;0.1;0;10875
591;60;1;30000;128;0.1;0;5532
592;60;2;30000;128;0.1;0;13065
593;60;3;30000;128;0.1;0;4854
594;60;4;30000;128;0.1;0;3978
595;60;5;30000;128;0.1;0;5181
596;60;6;30000;128;0.1;0;13758
597;60;7;30000;128;0.1;0;4914
598;60;8;30000;128;0.1;0;4773
599;60;9;30000;128;0.1;0;9519
600;60;10;30000;128;0.1;0;7683
601;61;1;30000;128;0.1;0;5196
602;61;2;30000;128;0.1;0;4143
603;61;3;30000;128;0.1;0;4158
604;61;4;30000;128;0.1;0;8136
605;61;5;30000;128;0.1;0;5130
606;61;6;30000;128;0.1;0;4395
607;61;7;30000;128;0.1;0;4461
608;61;8;30000;128;0.1;0;8187
609;61;9;30000;128;0.1;0;4212
610;61;10;30000;128;0.1;0;4140
611;62;1;30000;128;0.1;0;4632
612;62;2;30000;128;0.1;0;8781
613;62;3;30000;128;0.1;0;4218
614;62;4;30000;128;0.1;0;4260
615;62;5;30000;128;0.1;0;4914
616;62;6;30000;128;0.1;0;8337
617;62;7;30000;128;0.1;0;4082
618;62;8;30000;128;0.1;0;4936
619;62;9;30000;128;0.1;0;4806
620;62;10;30000;128;0.1;0;9024
621;63;1;30000;128;0.1;0;5547
622;63;2;30000;128;0.1;0;4746
623;63;3;30000;128;0.1;0;4776
624;63;4;30000;128;0.1;0;10548
625;63;5;30000;128;0.1;0;4515
626;63;6;30000;128;0.1;0;4065
627;63;7;30000;128;0.1;0;4077
628;63;8;30000;128;0.1;0;7788
629;63;9;30000;128;0.1;0;4178
630;63;10;30000;128;0.1;0;4042
631;64;1;30000;128;0.1;0;4964
632;64;2;30000;128;0.1;0;4162
633;64;3;30000;128;0.1;0;8620
634;64;4;30000;128;0.1;0;8004
635;64;5;30000;128;0.1;0;4851
636;64;6;30000;128;0.1;0;4149
637;64;7;30000;128;0.1;0;4116
638;64;8;30000;128;0.1;0;8565
639;64;9;30000;128;0.1;0;4089
640;64;10;30000;128;0.1;0;4059
641;65;1;30000;128;0.1;0;5511
642;65;2;30000;128;0.1;0;12588
643;65;3;30000;128;0.1;0;4872
644;65;4;30000;128;0.1;0;9642
645;65;5;30000;128;0.1;0;4084
646;65;6;30000;128;0.1;0;9813
647;65;7;30000;128;0.1;0;4689
648;65;8;30000;128;0.1;0;8811
649;65;9;30000;128;0.1;0;4800
650;65;10;30000;128;0.1;0;10839
651;66;1;30000;128;0.1;0;5088
652;66;2;30000;128;0.1;0;4122
653;66;3;30000;128;0.1;0;4290
654;66;4;30000;128;0.1;0;8184
655;66;5;30000;128;0.1;0;4928
656;66;6;30000;128;0.1;0;4686
657;66;7;30000;128;0.1;0;4796
658;66;8;30000;128;0.1;0;9304
659;66;9;30000;128;0.1;0;4071
660;66;10;30000;128;0.1;0;4731
661;67;1;30000;128;0.1;0;5442
662;67;2;30000;128;0.1;0;11679
663;67;3;30000;128;0.1;0;11164
664;67;4;30000;128;0.1;0;4666
665;67;5;30000;128;0.1;0;4968
666;67;6;30000;128;0.1;0;10772
667;67;7;30000;128;0.1;0;4791
668;67;8;30000;128;0.1;0;3864
669;67;9;30000;128;0.1;0;4785
670;67;10;30000;128;0.1;0;10695
671;68;1;30000;128;0.1;0;4656
672;68;2;30000;128;0.1;0;4148
673;68;3;30000;128;0.1;0;4086
674;68;4;30000;128;0.1;0;7843
675;68;5;30000;128;0.1;0;4275
676;68;6;30000;128;0.1;0;4800
677;68;7;30000;128;0.1;0;4725
678;68;8;30000;128;0.1;0;9225
679;68;9;30000;128;0.1;0;4773
680;68;10;30000;128;0.1;0;9474
681;69;1;30000;128;0.1;0;5550
682;69;2;30000;128;0.1;0;8706
683;69;3;30000;128;0.1;0;12840
684;69;4;30000;128;0.1;0;4863
685;69;5;30000;128;0.1;0;4263
686;69;6;30000;128;0.1;0;4734
687;69;7;30000;128;0.1;0;14292
688;69;8;30000;128;0.1;0;4707
689;69;9;30000;128;0.1;0;4692
690;69;10;30000;128;0.1;0;9476
691;70;1;30000;128;0.1;0;4500
692;70;2;30000;128;0.1;0;8709
693;70;3;30000;128;0.1;0;13212
694;70;4;30000;128;0.1;0;4659
695;70;5;30000;128;0.1;0;9078
696;70;6;30000;128;0.1;0;10896
697;70;7;30000;128;0.1;0;7380
698;70;8;30000;128;0.1;0;4744
699;70;9;30000;128;0.1;0;9118
700;70;10;30000;128;0.1;0;4752
701;71;1;30000;128;0.1;0;5376
702;71;2;30000;128;0.1;0;4803
703;71;3;30000;128;0.1;0;10335
704;71;4;30000;128;0.1;0;14919
705;71;5;30000;128;0.1;0;4380
706;71;6;30000;128;0.1;0;4224
707;71;7;30000;128;0.1;0;4206
708;71;8;30000;128;0.1;0;7773
709;71;9;30000;128;0.1;0;4251
710;71;10;30000;128;0.1;0;4116
711;72;1;30000;128;0.1;0;5010
712;72;2;30000;128;0.1;0;3990
713;72;3;30000;128;0.1;0;4794
714;72;4;30000;128;0.1;0;8982
715;72;5;30000;128;0.1;0;4974
716;72;6;30000;128;0.1;0;4810
717;72;7;30000;128;0.1;0;9548
718;72;8;30000;128;0.1;0;7942
719;72;9;30000;128;0.1;0;4869
720;72;10;30000;128;0.1;0;4737
721;73;1;30000;128;0.1;0;5322
722;73;2;30000;128;0.1;0;3888
723;73;3;30000;128;0.1;0;11448
724;73;4;30000;128;0.1;0;4713
725;73;5;30000;128;0.1;0;9414
726;73;6;30000;128;0.1;0;4968
727;73;7;30000;128;0.1;0;10434
728;73;8;30000;128;0.1;0;4221
729;73;9;30000;128;0.1;0;4010
730;73;10;30000;128;0.1;0;4136
731;74;1;30000;128;0.1;0;4476
732;74;2;30000;128;0.1;0;4086
733;74;3;30000;128;0.1;0;4281
734;74;4;30000;128;0.1;0;8484
735;74;5;30000;128;0.1;0;4273
736;74;6;30000;128;0.1;0;4282
737;74;7;30000;128;0.1;0;4010
738;74;8;30000;128;0.1;0;7988
739;74;9;30000;128;0.1;0;4038
740;74;10;30000;128;0.1;0;4062
741;75;1;30000;128;0.1;0;5385
742;75;2;30000;128;0.1;0;4677
743;75;3;30000;128;0.1;0;10191
744;75;4;30000;128;0.1;0;7842
745;75;5;30000;128;0.1;0;4852
746;75;6;30000;128;0.1;0;9222
747;75;7;30000;128;0.1;0;4722
748;75;8;30000;128;0.1;0;11290
749;75;9;30000;128;0.1;0;4731
750;75;10;30000;128;0.1;0;8733
751;76;1;30000;128;0.1;0;5457
752;76;2;30000;128;0.1;0;4737
753;76;3;30000;128;0.1;0;5040
754;76;4;30000;128;0.1;0;9405
755;76;5;30000;128;0.1;0;5088
756;76;6;30000;128;0.1;0;4776
757;76;7;30000;128;0.1;0;4701
758;76;8;30000;128;0.1;0;13758
759;76;9;30000;128;0.1;0;9423
760;76;10;30000;128;0.1;0;4728
761;77;1;30000;128;0.1;0;5034
762;77;2;30000;128;0.1;0;4677
763;77;3;30000;128;0.1;0;8868
764;77;4;30000;128;0.1;0;4953
765;77;5;30000;128;0.1;0;3957
766;77;6;30000;128;0.1;0;4830
767;77;7;30000;128;0.1;0;9501
768;77;8;30000;128;0.1;0;4740
769;77;9;30000;128;0.1;0;4918
770;77;10;30000;128;0.1;0;9492
771;78;1;30000;128;0.1;0;4566
772;78;2;30000;128;0.1;0;4203
773;78;3;30000;128;0.1;0;4110
774;78;4;30000;128;0.1;0;7653
775;78;5;30000;128;0.1;0;4299
776;78;6;30000;128;0.1;0;4125
777;78;7;30000;128;0.1;0;4107
778;78;8;30000;128;0.1;0;7899
779;78;9;30000;128;0.1;0;4170
780;78;10;30000;128;0.1;0;4110
781;79;1;30000;128;0.1;0;4527
782;79;2;30000;128;0.1;0;4665
783;79;3;30000;128;0.1;0;8742
784;79;4;30000;128;0.1;0;4119
785;79;5;30000;128;0.1;0;4347
786;79;6;30000;128;0.1;0;5109
787;79;7;30000;128;0.1;0;9042
788;79;8;30000;128;0.1;0;5295
789;79;9;30000;128;0.1;0;4773
790;79;10;30000;128;0.1;0;4713
791;80;1;30000;128;0.1;0;5385
792;80;2;30000;128;0.1;0;13155
793;80;3;30000;128;0.1;0;4806
794;80;4;30000;128;0.1;0;19971
795;80;5;30000;128;0.1;0;9894
796;80;6;30000;128;0.1;0;18702
797;80;7;30000;128;0.1;0;4227
798;80;8;30000;128;0.1;0;4038
799;80;9;30000;128;0.1;0;4338
800;80;10;30000;128;0.1;0;8085
801;81;1;30000;128;0.1;0;5382
802;81;2;30000;128;0.1;0;4800
803;81;3;30000;128;0.1;0;9171
804;81;4;30000;128;0.1;0;15314
805;81;5;30000;128;0.1;0;10078
806;81;6;30000;128;0.1;0;3894
807;81;7;30000;128;0.1;0;4374
808;81;8;30000;128;0.1;0;4188
809;81;9;30000;128;0.1;0;4101
810;81;10;30000;128;0.1;0;4062
811;82;1;30000;128;0.1;0;5274
812;82;2;30000;128;0.1;0;4840
813;82;3;30000;128;0.1;0;4728
814;82;4;30000;128;0.1;0;9069
815;82;5;30000;128;0.1;0;9498
816;82;6;30000;128;0.1;0;4731
817;82;7;30000;128;0.1;0;4668
818;82;8;30000;128;0.1;0;11817
819;82;9;30000;128;0.1;0;4902
820;82;10;30000;128;0.1;0;3903
821;83;1;30000;128;0.1;0;5583
822;83;2;30000;128;0.1;0;4707
823;83;3;30000;128;0.1;0;4860
824;83;4;30000;128;0.1;0;9264
825;83;5;30000;128;0.1;0;10978
826;83;6;30000;128;0.1;0;4704
827;83;7;30000;128;0.1;0;4598
828;83;8;30000;128;0.1;0;9110
829;83;9;30000;128;0.1;0;4740
830;83;10;30000;128;0.1;0;3894
831;84;1;30000;128;0.1;0;4434
832;84;2;30000;128;0.1;0;4185
833;84;3;30000;128;0.1;0;4254
834;84;4;30000;128;0.1;0;8334
835;84;5;30000;128;0.1;0;4886
836;84;6;30000;128;0.1;0;14263
837;84;7;30000;128;0.1;0;13956
838;84;8;30000;128;0.1;0;13008
839;84;9;30000;128;0.1;0;4854
840;84;10;30000;128;0.1;0;4866
841;85;1;30000;128;0.1;0;10311
842;85;2;30000;128;0.1;0;9090
843;85;3;30000;128;0.1;0;4851
844;85;4;30000;128;0.1;0;5067
845;85;5;30000;128;0.1;0;4794
846;85;6;30000;128;0.1;0;9039
847;85;7;30000;128;0.1;0;4806
848;85;8;30000;128;0.1;0;4820
849;85;9;30000;128;0.1;0;4850
850;85;10;30000;128;0.1;0;9001
851;86;1;30000;128;0.1;0;9528
852;86;2;30000;128;0.1;0;4959
853;86;3;30000;128;0.1;0;4857
854;86;4;30000;128;0.1;0;9303
855;86;5;30000;128;0.1;0;4764
856;86;6;30000;128;0.1;0;4014
857;86;7;30000;128;0.1;0;4803
858;86;8;30000;128;0.1;0;9351
859;86;9;30000;128;0.1;0;4740
860;86;10;30000;128;0.1;0;4683
861;87;1;30000;128;0.1;0;4857
862;87;2;30000;128;0.1;0;11976
863;87;3;30000;128;0.1;0;10659
864;87;4;30000;128;0.1;0;4599
865;87;5;30000;128;0.1;0;5088
866;87;6;30000;128;0.1;0;9144
867;87;7;30000;128;0.1;0;4785
868;87;8;30000;128;0.1;0;3942
869;87;9;30000;128;0.1;0;4764
870;87;10;30000;128;0.1;0;8952
871;88;1;30000;128;0.1;0;5223
872;88;2;30000;128;0.1;0;4731
873;88;3;30000;128;0.1;0;5130
874;88;4;30000;128;0.1;0;9373
875;88;5;30000;128;0.1;0;9576
876;88;6;30000;128;0.1;0;4722
877;88;7;30000;128;0.1;0;4671
878;88;8;30000;128;0.1;0;8916
879;88;9;30000;128;0.1;0;4833
880;88;10;30000;128;0.1;0;3879
881;89;1;30000;128;0.1;0;5007
882;89;2;30000;128;0.1;0;12441
883;89;3;30000;128;0.1;0;4758
884;89;4;30000;128;0.1;0;8745
885;89;5;30000;128;0.1;0;4230
886;89;6;30000;128;0.1;0;9507
887;89;7;30000;128;0.1;0;4116
888;89;8;30000;128;0.1;0;4086
889;89;9;30000;128;0.1;0;4110
890;89;10;30000;128;0.1;0;7767
891;90;1;30000;128;0.1;0;5202
892;90;2;30000;128;0.1;0;4250
893;90;3;30000;128;0.1;0;9402
894;90;4;30000;128;0.1;0;4522
895;90;5;30000;128;0.1;0;4080
896;90;6;30000;128;0.1;0;4401
897;90;7;30000;128;0.1;0;8460
898;90;8;30000;128;0.1;0;4032
899;90;9;30000;128;0.1;0;4374
900;90;10;30000;128;0.1;0;8067
901;91;1;30000;128;0.1;0;4590
902;91;2;30000;128;0.1;0;4500
903;91;3;30000;128;0.1;0;4164
904;91;4;30000;128;0.1;0;7866
905;91;5;30000;128;0.1;0;4680
906;91;6;30000;128;0.1;0;4041
907;91;7;30000;128;0.1;0;4797
908;91;8;30000;128;0.1;0;13701
909;91;9;30000;128;0.1;0;4776
910;91;10;30000;128;0.1;0;8997
911;92;1;30000;128;0.1;0;5130
912;92;2;30000;128;0.1;0;8568
913;92;3;30000;128;0.1;0;4140
914;92;4;30000;128;0.1;0;5073
915;92;5;30000;128;0.1;0;7083
916;92;6;30000;128;0.1;0;16053
917;92;7;30000;128;0.1;0;3957
918;92;8;30000;128;0.1;0;3924
919;92;9;30000;128;0.1;0;4833
920;92;10;30000;128;0.1;0;8988
921;93;1;30000;128;0.1;0;5538
922;93;2;30000;128;0.1;0;4764
923;93;3;30000;128;0.1;0;4773
924;93;4;30000;128;0.1;0;10740
925;93;5;30000;128;0.1;0;4740
926;93;6;30000;128;0.1;0;9243
927;93;7;30000;128;0.1;0;4599
928;93;8;30000;128;0.1;0;11130
929;93;9;30000;128;0.1;0;10371
930;93;10;30000;128;0.1;0;4791
931;94;1;30000;128;0.1;0;5325
932;94;2;30000;128;0.1;0;8343
933;94;3;30000;128;0.1;0;4863
934;94;4;30000;128;0.1;0;4110
935;94;5;30000;128;0.1;0;4302
936;94;6;30000;128;0.1;0;6999
937;94;7;30000;128;0.1;0;4884
938;94;8;30000;128;0.1;0;4458
939;94;9;30000;128;0.1;0;4170
940;94;10;30000;128;0.1;0;13092
941;95;1;30000;128;0.1;0;5019
942;95;2;30000;128;0.1;0;4857
943;95;3;30000;128;0.1;0;10593
944;95;4;30000;128;0.1;0;7707
945;95;5;30000;128;0.1;0;5367
946;95;6;30000;128;0.1;0;4695
947;95;7;30000;128;0.1;0;9252
948;95;8;30000;128;0.1;0;8982
949;95;9;30000;128;0.1;0;4875
950;95;10;30000;128;0.1;0;4620
951;96;1;30000;128;0.1;0;5610
952;96;2;30000;128;0.1;0;4794
953;96;3;30000;128;0.1;0;9964
954;96;4;30000;128;0.1;0;8340
955;96;5;30000;128;0.1;0;4842
956;96;6;30000;128;0.1;0;4695
957;96;7;30000;128;0.1;0;4602
958;96;8;30000;128;0.1;0;8973
959;96;9;30000;128;0.1;0;4809
960;96;10;30000;128;0.1;0;4737
961;97;1;30000;128;0.1;0;5097
962;97;2;30000;128;0.1;0;4851
963;97;3;30000;128;0.1;0;9366
964;97;4;30000;128;0.1;0;7686
965;97;5;30000;128;0.1;0;4818
966;97;6;30000;128;0.1;0;4677
967;97;7;30000;128;0.1;0;4653
968;97;8;30000;128;0.1;0;9072
969;97;9;30000;128;0.1;0;4827
970;97;10;30000;128;0.1;0;4701
971;98;1;30000;128;0.1;0;5832
972;98;2;30000;128;0.1;0;4887
973;98;3;30000;128;0.1;0;3999
974;98;4;30000;128;0.1;0;10116
975;98;5;30000;128;0.1;0;5271
976;98;6;30000;128;0.1;0;9747
977;98;7;30000;128;0.1;0;4809
978;98;8;30000;128;0.1;0;9180
979;98;9;30000;128;0.1;0;4244
980;98;10;30000;128;0.1;0;4146
981;99;1;30000;128;0.1;0;4689
982;99;2;30000;128;0.1;0;4158
983;99;3;30000;128;0.1;0;4323
984;99;4;30000;128;0.1;0;8250
985;99;5;30000;128;0.1;0;4425
986;99;6;30000;128;0.1;0;4206
987;99;7;30000;128;0.1;0;4126
988;99;8;30000;128;0.1;0;7936
989;99;9;30000;128;0.1;0;4048
990;99;10;30000;128;0.1;0;4126
991;100;1;30000;128;0.1;0;5331
992;100;2;30000;128;0.1;0;4830
993;100;3;30000;128;0.1;0;4722
994;100;4;30000;128;0.1;0;8972
995;100;5;30000;128;0.1;0;4998
996;100;6;30000;128;0.1;0;4803
997;100;7;30000;128;0.1;0;4614
998;100;8;30000;128;0.1;0;8997
999;100;9;30000;128;0.1;0;9477
1000;100;10;30000;128;0.1;0;10446
