1;1;0;1000;128;0;0;5716
2;1;1;1000;128;0;0;5979
3;1;2;1000;128;0;0;6039
4;1;3;1000;128;0;0;5598
5;1;4;1000;128;0;0;5370
6;1;5;1000;128;0;0;5313
7;1;6;1000;128;0;0;5454
8;1;7;1000;128;0;0;5697
9;1;8;1000;128;0;0;5307
10;1;9;1000;128;0;0;5244
11;2;0;1000;128;0;0;4914
12;2;1;1000;128;0;0;5004
13;2;2;1000;128;0;0;5106
14;2;3;1000;128;0;0;4566
15;2;4;1000;128;0;0;4941
16;2;5;1000;128;0;0;4713
17;2;6;1000;128;0;0;4842
18;2;7;1000;128;0;0;4674
19;2;8;1000;128;0;0;4922
20;2;9;1000;128;0;0;4671
21;3;0;1000;128;0;0;4896
22;3;1;1000;128;0;0;5442
23;3;2;1000;128;0;0;5342
24;3;3;1000;128;0;0;5226
25;3;4;1000;128;0;0;5367
26;3;5;1000;128;0;0;5226
27;3;6;1000;128;0;0;5361
28;3;7;1000;128;0;0;5766
29;3;8;1000;128;0;0;5416
30;3;9;1000;128;0;0;5109
31;4;0;1000;128;0;0;5160
32;4;1;1000;128;0;0;4515
33;4;2;1000;128;0;0;5044
34;4;3;1000;128;0;0;5094
35;4;4;1000;128;0;0;4443
36;4;5;1000;128;0;0;4860
37;4;6;1000;128;0;0;4596
38;4;7;1000;128;0;0;4914
39;4;8;1000;128;0;0;4544
40;4;9;1000;128;0;0;4881
41;5;0;1000;128;0;0;15855
42;5;1;1000;128;0;0;5028
43;5;2;1000;128;0;0;4754
44;5;3;1000;128;0;0;4488
45;5;4;1000;128;0;0;5199
46;5;5;1000;128;0;0;4428
47;5;6;1000;128;0;0;4432
48;5;7;1000;128;0;0;4509
49;5;8;1000;128;0;0;4509
50;5;9;1000;128;0;0;4395
51;6;0;1000;128;0;0;5211
52;6;1;1000;128;0;0;4524
53;6;2;1000;128;0;0;4362
54;6;3;1000;128;0;0;4680
55;6;4;1000;128;0;0;4704
56;6;5;1000;128;0;0;4350
57;6;6;1000;128;0;0;4746
58;6;7;1000;128;0;0;5096
59;6;8;1000;128;0;0;4680
60;6;9;1000;128;0;0;4971
61;7;0;1000;128;0;0;5178
62;7;1;1000;128;0;0;4593
63;7;2;1000;128;0;0;4944
64;7;3;1000;128;0;0;4686
65;7;4;1000;128;0;0;4848
66;7;5;1000;128;0;0;4932
67;7;6;1000;128;0;0;4758
68;7;7;1000;128;0;0;4386
69;7;8;1000;128;0;0;4683
70;7;9;1000;128;0;0;4494
71;8;0;1000;128;0;0;5520
72;8;1;1000;128;0;0;5340
73;8;2;1000;128;0;0;5337
74;8;3;1000;128;0;0;5310
75;8;4;1000;128;0;0;5355
76;8;5;1000;128;0;0;5421
77;8;6;1000;128;0;0;5109
78;8;7;1000;128;0;0;5730
79;8;8;1000;128;0;0;5520
80;8;9;1000;128;0;0;5838
81;9;0;1000;128;0;0;4654
82;9;1;1000;128;0;0;4692
83;9;2;1000;128;0;0;4623
84;9;3;1000;128;0;0;4348
85;9;4;1000;128;0;0;4611
86;9;5;1000;128;0;0;4611
87;9;6;1000;128;0;0;4482
88;9;7;1000;128;0;0;4737
89;9;8;1000;128;0;0;4269
90;9;9;1000;128;0;0;4272
91;10;0;1000;128;0;0;10614
92;10;1;1000;128;0;0;5055
93;10;2;1000;128;0;0;4680
94;10;3;1000;128;0;0;4950
95;10;4;1000;128;0;0;5034
96;10;5;1000;128;0;0;4542
97;10;6;1000;128;0;0;4653
98;10;7;1000;128;0;0;4752
99;10;8;1000;128;0;0;4632
100;10;9;1000;128;0;0;5037
101;11;0;1000;128;0;0;5244
102;11;1;1000;128;0;0;5406
103;11;2;1000;128;0;0;5346
104;11;3;1000;128;0;0;5172
105;11;4;1000;128;0;0;5088
106;11;5;1000;128;0;0;5223
107;11;6;1000;128;0;0;5358
108;11;7;1000;128;0;0;5196
109;11;8;1000;128;0;0;5104
110;11;9;1000;128;0;0;5277
111;12;0;1000;128;0;0;4623
112;12;1;1000;128;0;0;4581
113;12;2;1000;128;0;0;4821
114;12;3;1000;128;0;0;4692
115;12;4;1000;128;0;0;4500
116;12;5;1000;128;0;0;4332
117;12;6;1000;128;0;0;4814
118;12;7;1000;128;0;0;5229
119;12;8;1000;128;0;0;4845
120;12;9;1000;128;0;0;4612
121;13;0;1000;128;0;0;5391
122;13;1;1000;128;0;0;4647
123;13;2;1000;128;0;0;5163
124;13;3;1000;128;0;0;5130
125;13;4;1000;128;0;0;5058
126;13;5;1000;128;0;0;4845
127;13;6;1000;128;0;0;4518
128;13;7;1000;128;0;0;4478
129;13;8;1000;128;0;0;4809
130;13;9;1000;128;0;0;4660
131;14;0;1000;128;0;0;5295
132;14;1;1000;128;0;0;5454
133;14;2;1000;128;0;0;5385
134;14;3;1000;128;0;0;5178
135;14;4;1000;128;0;0;5190
136;14;5;1000;128;0;0;5223
137;14;6;1000;128;0;0;5136
138;14;7;1000;128;0;0;5205
139;14;8;1000;128;0;0;5463
140;14;9;1000;128;0;0;5130
141;15;0;1000;128;0;0;5124
142;15;1;1000;128;0;0;5337
143;15;2;1000;128;0;0;5508
144;15;3;1000;128;0;0;5238
145;15;4;1000;128;0;0;5166
146;15;5;1000;128;0;0;5274
147;15;6;1000;128;0;0;5262
148;15;7;1000;128;0;0;5332
149;15;8;1000;128;0;0;5109
150;15;9;1000;128;0;0;5238
151;16;0;1000;128;0;0;5876
152;16;1;1000;128;0;0;5688
153;16;2;1000;128;0;0;5376
154;16;3;1000;128;0;0;5769
155;16;4;1000;128;0;0;5565
156;16;5;1000;128;0;0;5362
157;16;6;1000;128;0;0;5280
158;16;7;1000;128;0;0;5202
159;16;8;1000;128;0;0;5346
160;16;9;1000;128;0;0;5286
161;17;0;1000;128;0;0;5562
162;17;1;1000;128;0;0;5168
163;17;2;1000;128;0;0;5358
164;17;3;1000;128;0;0;5349
165;17;4;1000;128;0;0;5361
166;17;5;1000;128;0;0;5319
167;17;6;1000;128;0;0;5331
168;17;7;1000;128;0;0;5140
169;17;8;1000;128;0;0;5196
170;17;9;1000;128;0;0;5184
171;18;0;1000;128;0;0;5580
172;18;1;1000;128;0;0;4506
173;18;2;1000;128;0;0;4854
174;18;3;1000;128;0;0;4404
175;18;4;1000;128;0;0;4626
176;18;5;1000;128;0;0;4896
177;18;6;1000;128;0;0;5079
178;18;7;1000;128;0;0;4512
179;18;8;1000;128;0;0;4488
180;18;9;1000;128;0;0;4764
181;19;0;1000;128;0;0;5592
182;19;1;1000;128;0;0;5298
183;19;2;1000;128;0;0;5784
184;19;3;1000;128;0;0;5352
185;19;4;1000;128;0;0;5186
186;19;5;1000;128;0;0;5076
187;19;6;1000;128;0;0;5451
188;19;7;1000;128;0;0;5040
189;19;8;1000;128;0;0;5247
190;19;9;1000;128;0;0;5118
191;20;0;1000;128;0;0;4668
192;20;1;1000;128;0;0;4902
193;20;2;1000;128;0;0;4704
194;20;3;1000;128;0;0;4896
195;20;4;1000;128;0;0;4569
196;20;5;1000;128;0;0;4664
197;20;6;1000;128;0;0;4503
198;20;7;1000;128;0;0;4554
199;20;8;1000;128;0;0;4600
200;20;9;1000;128;0;0;4506
201;21;0;1000;128;0;0;4986
202;21;1;1000;128;0;0;5421
203;21;2;1000;128;0;0;4641
204;21;3;1000;128;0;0;4668
205;21;4;1000;128;0;0;4491
206;21;5;1000;128;0;0;4524
207;21;6;1000;128;0;0;4527
208;21;7;1000;128;0;0;4632
209;21;8;1000;128;0;0;4461
210;21;9;1000;128;0;0;4580
211;22;0;1000;128;0;0;4704
212;22;1;1000;128;0;0;4845
213;22;2;1000;128;0;0;4692
214;22;3;1000;128;0;0;4671
215;22;4;1000;128;0;0;4311
216;22;5;1000;128;0;0;4364
217;22;6;1000;128;0;0;4377
218;22;7;1000;128;0;0;4530
219;22;8;1000;128;0;0;5628
220;22;9;1000;128;0;0;4440
221;23;0;1000;128;0;0;5469
222;23;1;1000;128;0;0;5370
223;23;2;1000;128;0;0;4449
224;23;3;1000;128;0;0;5124
225;23;4;1000;128;0;0;4917
226;23;5;1000;128;0;0;4767
227;23;6;1000;128;0;0;4830
228;23;7;1000;128;0;0;4887
229;23;8;1000;128;0;0;5198
230;23;9;1000;128;0;0;4593
231;24;0;1000;128;0;0;5820
232;24;1;1000;128;0;0;5397
233;24;2;1000;128;0;0;5238
234;24;3;1000;128;0;0;5145
235;24;4;1000;128;0;0;5475
236;24;5;1000;128;0;0;5256
237;24;6;1000;128;0;0;6036
238;24;7;1000;128;0;0;5466
239;24;8;1000;128;0;0;5421
240;24;9;1000;128;0;0;5348
241;25;0;1000;128;0;0;5295
242;25;1;1000;128;0;0;5337
243;25;2;1000;128;0;0;5499
244;25;3;1000;128;0;0;5234
245;25;4;1000;128;0;0;5208
246;25;5;1000;128;0;0;5349
247;25;6;1000;128;0;0;5798
248;25;7;1000;128;0;0;5541
249;25;8;1000;128;0;0;5292
250;25;9;1000;128;0;0;5502
251;26;0;1000;128;0;0;4566
252;26;1;1000;128;0;0;4503
253;26;2;1000;128;0;0;4947
254;26;3;1000;128;0;0;4506
255;26;4;1000;128;0;0;4542
256;26;5;1000;128;0;0;5496
257;26;6;1000;128;0;0;4647
258;26;7;1000;128;0;0;4896
259;26;8;1000;128;0;0;4827
260;26;9;1000;128;0;0;4638
261;27;0;1000;128;0;0;4872
262;27;1;1000;128;0;0;4608
263;27;2;1000;128;0;0;4914
264;27;3;1000;128;0;0;4776
265;27;4;1000;128;0;0;4890
266;27;5;1000;128;0;0;4590
267;27;6;1000;128;0;0;4560
268;27;7;1000;128;0;0;4470
269;27;8;1000;128;0;0;4464
270;27;9;1000;128;0;0;4404
271;28;0;1000;128;0;0;4725
272;28;1;1000;128;0;0;5434
273;28;2;1000;128;0;0;4785
274;28;3;1000;128;0;0;4851
275;28;4;1000;128;0;0;4833
276;28;5;1000;128;0;0;4854
277;28;6;1000;128;0;0;4542
278;28;7;1000;128;0;0;4605
279;28;8;1000;128;0;0;4518
280;28;9;1000;128;0;0;5757
281;29;0;1000;128;0;0;5499
282;29;1;1000;128;0;0;5049
283;29;2;1000;128;0;0;4731
284;29;3;1000;128;0;0;4482
285;29;4;1000;128;0;0;4800
286;29;5;1000;128;0;0;4986
287;29;6;1000;128;0;0;4536
288;29;7;1000;128;0;0;4479
289;29;8;1000;128;0;0;4935
290;29;9;1000;128;0;0;4782
291;30;0;1000;128;0;0;4632
292;30;1;1000;128;0;0;5422
293;30;2;1000;128;0;0;5019
294;30;3;1000;128;0;0;4491
295;30;4;1000;128;0;0;4514
296;30;5;1000;128;0;0;4854
297;30;6;1000;128;0;0;4533
298;30;7;1000;128;0;0;4762
299;30;8;1000;128;0;0;5274
300;30;9;1000;128;0;0;4662
301;31;0;1000;128;0;0;5913
302;31;1;1000;128;0;0;4821
303;31;2;1000;128;0;0;4878
304;31;3;1000;128;0;0;4792
305;31;4;1000;128;0;0;4578
306;31;5;1000;128;0;0;4482
307;31;6;1000;128;0;0;4680
308;31;7;1000;128;0;0;5217
309;31;8;1000;128;0;0;4950
310;31;9;1000;128;0;0;4836
311;32;0;1000;128;0;0;5550
312;32;1;1000;128;0;0;4650
313;32;2;1000;128;0;0;4500
314;32;3;1000;128;0;0;4998
315;32;4;1000;128;0;0;4890
316;32;5;1000;128;0;0;4629
317;32;6;1000;128;0;0;4485
318;32;7;1000;128;0;0;4782
319;32;8;1000;128;0;0;5340
320;32;9;1000;128;0;0;5475
321;33;0;1000;128;0;0;5271
322;33;1;1000;128;0;0;4431
323;33;2;1000;128;0;0;4690
324;33;3;1000;128;0;0;4683
325;33;4;1000;128;0;0;4698
326;33;5;1000;128;0;0;4994
327;33;6;1000;128;0;0;4794
328;33;7;1000;128;0;0;4296
329;33;8;1000;128;0;0;5014
330;33;9;1000;128;0;0;4965
331;34;0;1000;128;0;0;5106
332;34;1;1000;128;0;0;4890
333;34;2;1000;128;0;0;4347
334;34;3;1000;128;0;0;5472
335;34;4;1000;128;0;0;4772
336;34;5;1000;128;0;0;4518
337;34;6;1000;128;0;0;4521
338;34;7;1000;128;0;0;4510
339;34;8;1000;128;0;0;4611
340;34;9;1000;128;0;0;4569
341;35;0;1000;128;0;0;6087
342;35;1;1000;128;0;0;4634
343;35;2;1000;128;0;0;4728
344;35;3;1000;128;0;0;4569
345;35;4;1000;128;0;0;5598
346;35;5;1000;128;0;0;4671
347;35;6;1000;128;0;0;4695
348;35;7;1000;128;0;0;4467
349;35;8;1000;128;0;0;4953
350;35;9;1000;128;0;0;4383
351;36;0;1000;128;0;0;4716
352;36;1;1000;128;0;0;4911
353;36;2;1000;128;0;0;4995
354;36;3;1000;128;0;0;4630
355;36;4;1000;128;0;0;4368
356;36;5;1000;128;0;0;4632
357;36;6;1000;128;0;0;4437
358;36;7;1000;128;0;0;4488
359;36;8;1000;128;0;0;4716
360;36;9;1000;128;0;0;4714
361;37;0;1000;128;0;0;5475
362;37;1;1000;128;0;0;5418
363;37;2;1000;128;0;0;5361
364;37;3;1000;128;0;0;5370
365;37;4;1000;128;0;0;5145
366;37;5;1000;128;0;0;5424
367;37;6;1000;128;0;0;5202
368;37;7;1000;128;0;0;5445
369;37;8;1000;128;0;0;5394
370;37;9;1000;128;0;0;5313
371;38;0;1000;128;0;0;4614
372;38;1;1000;128;0;0;5019
373;38;2;1000;128;0;0;4884
374;38;3;1000;128;0;0;5004
375;38;4;1000;128;0;0;4842
376;38;5;1000;128;0;0;5004
377;38;6;1000;128;0;0;4383
378;38;7;1000;128;0;0;4746
379;38;8;1000;128;0;0;4326
380;38;9;1000;128;0;0;4698
381;39;0;1000;128;0;0;4575
382;39;1;1000;128;0;0;4917
383;39;2;1000;128;0;0;4479
384;39;3;1000;128;0;0;5496
385;39;4;1000;128;0;0;4251
386;39;5;1000;128;0;0;4815
387;39;6;1000;128;0;0;4593
388;39;7;1000;128;0;0;4581
389;39;8;1000;128;0;0;4710
390;39;9;1000;128;0;0;4470
391;40;0;1000;128;0;0;4632
392;40;1;1000;128;0;0;4551
393;40;2;1000;128;0;0;4938
394;40;3;1000;128;0;0;4398
395;40;4;1000;128;0;0;4714
396;40;5;1000;128;0;0;4383
397;40;6;1000;128;0;0;4713
398;40;7;1000;128;0;0;4410
399;40;8;1000;128;0;0;4482
400;40;9;1000;128;0;0;4676
401;41;0;1000;128;0;0;5529
402;41;1;1000;128;0;0;4827
403;41;2;1000;128;0;0;4881
404;41;3;1000;128;0;0;4872
405;41;4;1000;128;0;0;4740
406;41;5;1000;128;0;0;4305
407;41;6;1000;128;0;0;4746
408;41;7;1000;128;0;0;4550
409;41;8;1000;128;0;0;4566
410;41;9;1000;128;0;0;4686
411;42;0;1000;128;0;0;4821
412;42;1;1000;128;0;0;5307
413;42;2;1000;128;0;0;5380
414;42;3;1000;128;0;0;5403
415;42;4;1000;128;0;0;5280
416;42;5;1000;128;0;0;5442
417;42;6;1000;128;0;0;5244
418;42;7;1000;128;0;0;5448
419;42;8;1000;128;0;0;5394
420;42;9;1000;128;0;0;5406
421;43;0;1000;128;0;0;5517
422;43;1;1000;128;0;0;4872
423;43;2;1000;128;0;0;4797
424;43;3;1000;128;0;0;4716
425;43;4;1000;128;0;0;4426
426;43;5;1000;128;0;0;4530
427;43;6;1000;128;0;0;4404
428;43;7;1000;128;0;0;4527
429;43;8;1000;128;0;0;4770
430;43;9;1000;128;0;0;4584
431;44;0;1000;128;0;0;5373
432;44;1;1000;128;0;0;5235
433;44;2;1000;128;0;0;5394
434;44;3;1000;128;0;0;5247
435;44;4;1000;128;0;0;5732
436;44;5;1000;128;0;0;5286
437;44;6;1000;128;0;0;5340
438;44;7;1000;128;0;0;5220
439;44;8;1000;128;0;0;5322
440;44;9;1000;128;0;0;5091
441;45;0;1000;128;0;0;5460
442;45;1;1000;128;0;0;5919
443;45;2;1000;128;0;0;5640
444;45;3;1000;128;0;0;5400
445;45;4;1000;128;0;0;5187
446;45;5;1000;128;0;0;5322
447;45;6;1000;128;0;0;5184
448;45;7;1000;128;0;0;5544
449;45;8;1000;128;0;0;5182
450;45;9;1000;128;0;0;5430
451;46;0;1000;128;0;0;5103
452;46;1;1000;128;0;0;4848
453;46;2;1000;128;0;0;4838
454;46;3;1000;128;0;0;4665
455;46;4;1000;128;0;0;4746
456;46;5;1000;128;0;0;4539
457;46;6;1000;128;0;0;4425
458;46;7;1000;128;0;0;5163
459;46;8;1000;128;0;0;4968
460;46;9;1000;128;0;0;4528
461;47;0;1000;128;0;0;5498
462;47;1;1000;128;0;0;4761
463;47;2;1000;128;0;0;4416
464;47;3;1000;128;0;0;4527
465;47;4;1000;128;0;0;4728
466;47;5;1000;128;0;0;4362
467;47;6;1000;128;0;0;4352
468;47;7;1000;128;0;0;5040
469;47;8;1000;128;0;0;4551
470;47;9;1000;128;0;0;4568
471;48;0;1000;128;0;0;5406
472;48;1;1000;128;0;0;5298
473;48;2;1000;128;0;0;5361
474;48;3;1000;128;0;0;5269
475;48;4;1000;128;0;0;5148
476;48;5;1000;128;0;0;5211
477;48;6;1000;128;0;0;5370
478;48;7;1000;128;0;0;5220
479;48;8;1000;128;0;0;5094
480;48;9;1000;128;0;0;5568
481;49;0;1000;128;0;0;5652
482;49;1;1000;128;0;0;5724
483;49;2;1000;128;0;0;5592
484;49;3;1000;128;0;0;5238
485;49;4;1000;128;0;0;5415
486;49;5;1000;128;0;0;5448
487;49;6;1000;128;0;0;5690
488;49;7;1000;128;0;0;5475
489;49;8;1000;128;0;0;5409
490;49;9;1000;128;0;0;5198
491;50;0;1000;128;0;0;5778
492;50;1;1000;128;0;0;4815
493;50;2;1000;128;0;0;4926
494;50;3;1000;128;0;0;4695
495;50;4;1000;128;0;0;4588
496;50;5;1000;128;0;0;5073
497;50;6;1000;128;0;0;4722
498;50;7;1000;128;0;0;4720
499;50;8;1000;128;0;0;4494
500;50;9;1000;128;0;0;4725
501;51;0;1000;128;0;0;4953
502;51;1;1000;128;0;0;4569
503;51;2;1000;128;0;0;5238
504;51;3;1000;128;0;0;4986
505;51;4;1000;128;0;0;4515
506;51;5;1000;128;0;0;5199
507;51;6;1000;128;0;0;4596
508;51;7;1000;128;0;0;4590
509;51;8;1000;128;0;0;5322
510;51;9;1000;128;0;0;4434
511;52;0;1000;128;0;0;5346
512;52;1;1000;128;0;0;5398
513;52;2;1000;128;0;0;5346
514;52;3;1000;128;0;0;5286
515;52;4;1000;128;0;0;5542
516;52;5;1000;128;0;0;5568
517;52;6;1000;128;0;0;5391
518;52;7;1000;128;0;0;5418
519;52;8;1000;128;0;0;5166
520;52;9;1000;128;0;0;5358
521;53;0;1000;128;0;0;5658
522;53;1;1000;128;0;0;5238
523;53;2;1000;128;0;0;5676
524;53;3;1000;128;0;0;5361
525;53;4;1000;128;0;0;5192
526;53;5;1000;128;0;0;5328
527;53;6;1000;128;0;0;5343
528;53;7;1000;128;0;0;5258
529;53;8;1000;128;0;0;5139
530;53;9;1000;128;0;0;5256
531;54;0;1000;128;0;0;4512
532;54;1;1000;128;0;0;4659
533;54;2;1000;128;0;0;4494
534;54;3;1000;128;0;0;4500
535;54;4;1000;128;0;0;4419
536;54;5;1000;128;0;0;4740
537;54;6;1000;128;0;0;4476
538;54;7;1000;128;0;0;4536
539;54;8;1000;128;0;0;4446
540;54;9;1000;128;0;0;4617
541;55;0;1000;128;0;0;4587
542;55;1;1000;128;0;0;5415
543;55;2;1000;128;0;0;5241
544;55;3;1000;128;0;0;5808
545;55;4;1000;128;0;0;5559
546;55;5;1000;128;0;0;5355
547;55;6;1000;128;0;0;5316
548;55;7;1000;128;0;0;5013
549;55;8;1000;128;0;0;5520
550;55;9;1000;128;0;0;5082
551;56;0;1000;128;0;0;5232
552;56;1;1000;128;0;0;4926
553;56;2;1000;128;0;0;4557
554;56;3;1000;128;0;0;4962
555;56;4;1000;128;0;0;4548
556;56;5;1000;128;0;0;4719
557;56;6;1000;128;0;0;4677
558;56;7;1000;128;0;0;4611
559;56;8;1000;128;0;0;4650
560;56;9;1000;128;0;0;4604
561;57;0;1000;128;0;0;5604
562;57;1;1000;128;0;0;4653
563;57;2;1000;128;0;0;4752
564;57;3;1000;128;0;0;5127
565;57;4;1000;128;0;0;5088
566;57;5;1000;128;0;0;5175
567;57;6;1000;128;0;0;4629
568;57;7;1000;128;0;0;4665
569;57;8;1000;128;0;0;4731
570;57;9;1000;128;0;0;4707
571;58;0;1000;128;0;0;5964
572;58;1;1000;128;0;0;4708
573;58;2;1000;128;0;0;4428
574;58;3;1000;128;0;0;4524
575;58;4;1000;128;0;0;4848
576;58;5;1000;128;0;0;4512
577;58;6;1000;128;0;0;4320
578;58;7;1000;128;0;0;4764
579;58;8;1000;128;0;0;4488
580;58;9;1000;128;0;0;4542
581;59;0;1000;128;0;0;5286
582;59;1;1000;128;0;0;5320
583;59;2;1000;128;0;0;5193
584;59;3;1000;128;0;0;5976
585;59;4;1000;128;0;0;5484
586;59;5;1000;128;0;0;5331
587;59;6;1000;128;0;0;5472
588;59;7;1000;128;0;0;5382
589;59;8;1000;128;0;0;6309
590;59;9;1000;128;0;0;5397
591;60;0;1000;128;0;0;4494
592;60;1;1000;128;0;0;4641
593;60;2;1000;128;0;0;5382
594;60;3;1000;128;0;0;4791
595;60;4;1000;128;0;0;4455
596;60;5;1000;128;0;0;5070
597;60;6;1000;128;0;0;4929
598;60;7;1000;128;0;0;4503
599;60;8;1000;128;0;0;4761
600;60;9;1000;128;0;0;5104
601;61;0;1000;128;0;0;5643
602;61;1;1000;128;0;0;4734
603;61;2;1000;128;0;0;4854
604;61;3;1000;128;0;0;4506
605;61;4;1000;128;0;0;4581
606;61;5;1000;128;0;0;4566
607;61;6;1000;128;0;0;4698
608;61;7;1000;128;0;0;4557
609;61;8;1000;128;0;0;4593
610;61;9;1000;128;0;0;5154
611;62;0;1000;128;0;0;4662
612;62;1;1000;128;0;0;4914
613;62;2;1000;128;0;0;4530
614;62;3;1000;128;0;0;4856
615;62;4;1000;128;0;0;4530
616;62;5;1000;128;0;0;4641
617;62;6;1000;128;0;0;4497
618;62;7;1000;128;0;0;4704
619;62;8;1000;128;0;0;4580
620;62;9;1000;128;0;0;4731
621;63;0;1000;128;0;0;5796
622;63;1;1000;128;0;0;5346
623;63;2;1000;128;0;0;5130
624;63;3;1000;128;0;0;4942
625;63;4;1000;128;0;0;5385
626;63;5;1000;128;0;0;5253
627;63;6;1000;128;0;0;5374
628;63;7;1000;128;0;0;5241
629;63;8;1000;128;0;0;6423
630;63;9;1000;128;0;0;5378
631;64;0;1000;128;0;0;5751
632;64;1;1000;128;0;0;4767
633;64;2;1000;128;0;0;4533
634;64;3;1000;128;0;0;4941
635;64;4;1000;128;0;0;4566
636;64;5;1000;128;0;0;4605
637;64;6;1000;128;0;0;4470
638;64;7;1000;128;0;0;4570
639;64;8;1000;128;0;0;4332
640;64;9;1000;128;0;0;4644
641;65;0;1000;128;0;0;5578
642;65;1;1000;128;0;0;4575
643;65;2;1000;128;0;0;4668
644;65;3;1000;128;0;0;4935
645;65;4;1000;128;0;0;4578
646;65;5;1000;128;0;0;4818
647;65;6;1000;128;0;0;4614
648;65;7;1000;128;0;0;4695
649;65;8;1000;128;0;0;5088
650;65;9;1000;128;0;0;4566
651;66;0;1000;128;0;0;5016
652;66;1;1000;128;0;0;5476
653;66;2;1000;128;0;0;5505
654;66;3;1000;128;0;0;5646
655;66;4;1000;128;0;0;5586
656;66;5;1000;128;0;0;5493
657;66;6;1000;128;0;0;5277
658;66;7;1000;128;0;0;5370
659;66;8;1000;128;0;0;5361
660;66;9;1000;128;0;0;5175
661;67;0;1000;128;0;0;4446
662;67;1;1000;128;0;0;4962
663;67;2;1000;128;0;0;4275
664;67;3;1000;128;0;0;4692
665;67;4;1000;128;0;0;4740
666;67;5;1000;128;0;0;4674
667;67;6;1000;128;0;0;4464
668;67;7;1000;128;0;0;4842
669;67;8;1000;128;0;0;4569
670;67;9;1000;128;0;0;4923
671;68;0;1000;128;0;0;5832
672;68;1;1000;128;0;0;4854
673;68;2;1000;128;0;0;4674
674;68;3;1000;128;0;0;4623
675;68;4;1000;128;0;0;4455
676;68;5;1000;128;0;0;4398
677;68;6;1000;128;0;0;4426
678;68;7;1000;128;0;0;4629
679;68;8;1000;128;0;0;4926
680;68;9;1000;128;0;0;4668
681;69;0;1000;128;0;0;5439
682;69;1;1000;128;0;0;4866
683;69;2;1000;128;0;0;4473
684;69;3;1000;128;0;0;4536
685;69;4;1000;128;0;0;4608
686;69;5;1000;128;0;0;4467
687;69;6;1000;128;0;0;4728
688;69;7;1000;128;0;0;4584
689;69;8;1000;128;0;0;4722
690;69;9;1000;128;0;0;4830
691;70;0;1000;128;0;0;5655
692;70;1;1000;128;0;0;5151
693;70;2;1000;128;0;0;4524
694;70;3;1000;128;0;0;5418
695;70;4;1000;128;0;0;4506
696;70;5;1000;128;0;0;5013
697;70;6;1000;128;0;0;4731
698;70;7;1000;128;0;0;4696
699;70;8;1000;128;0;0;5316
700;70;9;1000;128;0;0;4594
701;71;0;1000;128;0;0;4680
702;71;1;1000;128;0;0;4908
703;71;2;1000;128;0;0;4798
704;71;3;1000;128;0;0;5052
705;71;4;1000;128;0;0;5757
706;71;5;1000;128;0;0;4578
707;71;6;1000;128;0;0;4566
708;71;7;1000;128;0;0;4581
709;71;8;1000;128;0;0;5118
710;71;9;1000;128;0;0;4758
711;72;0;1000;128;0;0;5325
712;72;1;1000;128;0;0;5158
713;72;2;1000;128;0;0;5043
714;72;3;1000;128;0;0;5211
715;72;4;1000;128;0;0;5184
716;72;5;1000;128;0;0;5022
717;72;6;1000;128;0;0;5622
718;72;7;1000;128;0;0;5388
719;72;8;1000;128;0;0;5181
720;72;9;1000;128;0;0;5355
721;73;0;1000;128;0;0;5514
722;73;1;1000;128;0;0;5286
723;73;2;1000;128;0;0;4893
724;73;3;1000;128;0;0;4539
725;73;4;1000;128;0;0;4482
726;73;5;1000;128;0;0;4494
727;73;6;1000;128;0;0;4518
728;73;7;1000;128;0;0;4620
729;73;8;1000;128;0;0;4806
730;73;9;1000;128;0;0;4377
731;74;0;1000;128;0;0;5010
732;74;1;1000;128;0;0;4545
733;74;2;1000;128;0;0;5241
734;74;3;1000;128;0;0;4422
735;74;4;1000;128;0;0;4692
736;74;5;1000;128;0;0;4587
737;74;6;1000;128;0;0;4410
738;74;7;1000;128;0;0;4680
739;74;8;1000;128;0;0;4452
740;74;9;1000;128;0;0;4626
741;75;0;1000;128;0;0;4794
742;75;1;1000;128;0;0;5034
743;75;2;1000;128;0;0;4734
744;75;3;1000;128;0;0;4473
745;75;4;1000;128;0;0;4836
746;75;5;1000;128;0;0;4443
747;75;6;1000;128;0;0;4308
748;75;7;1000;128;0;0;4581
749;75;8;1000;128;0;0;4350
750;75;9;1000;128;0;0;4683
751;76;0;1000;128;0;0;4686
752;76;1;1000;128;0;0;5379
753;76;2;1000;128;0;0;5202
754;76;3;1000;128;0;0;5817
755;76;4;1000;128;0;0;5952
756;76;5;1000;128;0;0;5176
757;76;6;1000;128;0;0;5598
758;76;7;1000;128;0;0;5577
759;76;8;1000;128;0;0;5616
760;76;9;1000;128;0;0;5496
761;77;0;1000;128;0;0;5277
762;77;1;1000;128;0;0;5346
763;77;2;1000;128;0;0;4737
764;77;3;1000;128;0;0;4806
765;77;4;1000;128;0;0;4863
766;77;5;1000;128;0;0;4647
767;77;6;1000;128;0;0;4539
768;77;7;1000;128;0;0;4680
769;77;8;1000;128;0;0;4626
770;77;9;1000;128;0;0;4710
771;78;0;1000;128;0;0;4608
772;78;1;1000;128;0;0;4902
773;78;2;1000;128;0;0;5076
774;78;3;1000;128;0;0;4848
775;78;4;1000;128;0;0;4713
776;78;5;1000;128;0;0;4544
777;78;6;1000;128;0;0;4938
778;78;7;1000;128;0;0;4575
779;78;8;1000;128;0;0;4629
780;78;9;1000;128;0;0;4578
781;79;0;1000;128;0;0;4965
782;79;1;1000;128;0;0;6027
783;79;2;1000;128;0;0;4704
784;79;3;1000;128;0;0;4665
785;79;4;1000;128;0;0;4726
786;79;5;1000;128;0;0;4578
787;79;6;1000;128;0;0;4677
788;79;7;1000;128;0;0;4586
789;79;8;1000;128;0;0;4992
790;79;9;1000;128;0;0;4461
791;80;0;1000;128;0;0;4890
792;80;1;1000;128;0;0;4500
793;80;2;1000;128;0;0;4954
794;80;3;1000;128;0;0;4449
795;80;4;1000;128;0;0;4794
796;80;5;1000;128;0;0;4938
797;80;6;1000;128;0;0;4366
798;80;7;1000;128;0;0;5076
799;80;8;1000;128;0;0;4449
800;80;9;1000;128;0;0;5228
801;81;0;1000;128;0;0;5484
802;81;1;1000;128;0;0;5236
803;81;2;1000;128;0;0;5361
804;81;3;1000;128;0;0;5193
805;81;4;1000;128;0;0;5220
806;81;5;1000;128;0;0;5418
807;81;6;1000;128;0;0;5289
808;81;7;1000;128;0;0;6180
809;81;8;1000;128;0;0;5565
810;81;9;1000;128;0;0;5415
811;82;0;1000;128;0;0;4758
812;82;1;1000;128;0;0;4749
813;82;2;1000;128;0;0;5037
814;82;3;1000;128;0;0;4386
815;82;4;1000;128;0;0;4778
816;82;5;1000;128;0;0;4641
817;82;6;1000;128;0;0;5187
818;82;7;1000;128;0;0;4611
819;82;8;1000;128;0;0;4872
820;82;9;1000;128;0;0;4560
821;83;0;1000;128;0;0;5217
822;83;1;1000;128;0;0;4674
823;83;2;1000;128;0;0;4504
824;83;3;1000;128;0;0;4200
825;83;4;1000;128;0;0;4527
826;83;5;1000;128;0;0;4311
827;83;6;1000;128;0;0;4302
828;83;7;1000;128;0;0;4602
829;83;8;1000;128;0;0;4857
830;83;9;1000;128;0;0;5262
831;84;0;1000;128;0;0;5370
832;84;1;1000;128;0;0;5250
833;84;2;1000;128;0;0;5379
834;84;3;1000;128;0;0;5205
835;84;4;1000;128;0;0;5331
836;84;5;1000;128;0;0;5331
837;84;6;1000;128;0;0;5324
838;84;7;1000;128;0;0;5163
839;84;8;1000;128;0;0;5805
840;84;9;1000;128;0;0;5523
841;85;0;1000;128;0;0;4554
842;85;1;1000;128;0;0;5115
843;85;2;1000;128;0;0;4497
844;85;3;1000;128;0;0;4497
845;85;4;1000;128;0;0;4590
846;85;5;1000;128;0;0;4785
847;85;6;1000;128;0;0;4812
848;85;7;1000;128;0;0;5097
849;85;8;1000;128;0;0;5382
850;85;9;1000;128;0;0;4896
851;86;0;1000;128;0;0;5814
852;86;1;1000;128;0;0;4840
853;86;2;1000;128;0;0;4500
854;86;3;1000;128;0;0;4821
855;86;4;1000;128;0;0;5332
856;86;5;1000;128;0;0;4425
857;86;6;1000;128;0;0;4857
858;86;7;1000;128;0;0;4413
859;86;8;1000;128;0;0;5193
860;86;9;1000;128;0;0;4755
861;87;0;1000;128;0;0;4797
862;87;1;1000;128;0;0;4587
863;87;2;1000;128;0;0;4740
864;87;3;1000;128;0;0;4668
865;87;4;1000;128;0;0;4752
866;87;5;1000;128;0;0;4668
867;87;6;1000;128;0;0;4308
868;87;7;1000;128;0;0;4596
869;87;8;1000;128;0;0;4386
870;87;9;1000;128;0;0;4692
871;88;0;1000;128;0;0;5817
872;88;1;1000;128;0;0;5256
873;88;2;1000;128;0;0;5334
874;88;3;1000;128;0;0;5235
875;88;4;1000;128;0;0;5514
876;88;5;1000;128;0;0;5109
877;88;6;1000;128;0;0;5388
878;88;7;1000;128;0;0;5139
879;88;8;1000;128;0;0;5346
880;88;9;1000;128;0;0;5109
881;89;0;1000;128;0;0;5232
882;89;1;1000;128;0;0;5910
883;89;2;1000;128;0;0;5406
884;89;3;1000;128;0;0;5340
885;89;4;1000;128;0;0;5250
886;89;5;1000;128;0;0;5282
887;89;6;1000;128;0;0;5691
888;89;7;1000;128;0;0;5334
889;89;8;1000;128;0;0;5188
890;89;9;1000;128;0;0;5373
891;90;0;1000;128;0;0;5418
892;90;1;1000;128;0;0;5181
893;90;2;1000;128;0;0;5967
894;90;3;1000;128;0;0;5364
895;90;4;1000;128;0;0;5214
896;90;5;1000;128;0;0;5112
897;90;6;1000;128;0;0;5616
898;90;7;1000;128;0;0;5312
899;90;8;1000;128;0;0;5889
900;90;9;1000;128;0;0;5388
901;91;0;1000;128;0;0;4620
902;91;1;1000;128;0;0;4485
903;91;2;1000;128;0;0;4512
904;91;3;1000;128;0;0;4326
905;91;4;1000;128;0;0;4302
906;91;5;1000;128;0;0;5151
907;91;6;1000;128;0;0;5022
908;91;7;1000;128;0;0;5055
909;91;8;1000;128;0;0;4710
910;91;9;1000;128;0;0;4410
911;92;0;1000;128;0;0;5604
912;92;1;1000;128;0;0;5199
913;92;2;1000;128;0;0;5556
914;92;3;1000;128;0;0;5115
915;92;4;1000;128;0;0;5385
916;92;5;1000;128;0;0;5216
917;92;6;1000;128;0;0;5088
918;92;7;1000;128;0;0;5292
919;92;8;1000;128;0;0;5550
920;92;9;1000;128;0;0;5553
921;93;0;1000;128;0;0;5304
922;93;1;1000;128;0;0;5358
923;93;2;1000;128;0;0;5238
924;93;3;1000;128;0;0;5121
925;93;4;1000;128;0;0;5238
926;93;5;1000;128;0;0;5139
927;93;6;1000;128;0;0;4971
928;93;7;1000;128;0;0;5288
929;93;8;1000;128;0;0;5709
930;93;9;1000;128;0;0;5160
931;94;0;1000;128;0;0;5316
932;94;1;1000;128;0;0;5274
933;94;2;1000;128;0;0;5374
934;94;3;1000;128;0;0;5109
935;94;4;1000;128;0;0;5136
936;94;5;1000;128;0;0;4959
937;94;6;1000;128;0;0;5178
938;94;7;1000;128;0;0;5037
939;94;8;1000;128;0;0;5626
940;94;9;1000;128;0;0;5289
941;95;0;1000;128;0;0;5451
942;95;1;1000;128;0;0;5271
943;95;2;1000;128;0;0;5232
944;95;3;1000;128;0;0;5220
945;95;4;1000;128;0;0;5247
946;95;5;1000;128;0;0;5121
947;95;6;1000;128;0;0;5376
948;95;7;1000;128;0;0;5169
949;95;8;1000;128;0;0;5223
950;95;9;1000;128;0;0;5115
951;96;0;1000;128;0;0;5530
952;96;1;1000;128;0;0;4917
953;96;2;1000;128;0;0;4659
954;96;3;1000;128;0;0;4551
955;96;4;1000;128;0;0;4470
956;96;5;1000;128;0;0;4470
957;96;6;1000;128;0;0;4689
958;96;7;1000;128;0;0;4671
959;96;8;1000;128;0;0;4563
960;96;9;1000;128;0;0;4384
961;97;0;1000;128;0;0;4663
962;97;1;1000;128;0;0;4860
963;97;2;1000;128;0;0;4992
964;97;3;1000;128;0;0;4842
965;97;4;1000;128;0;0;4443
966;97;5;1000;128;0;0;4584
967;97;6;1000;128;0;0;4494
968;97;7;1000;128;0;0;4860
969;97;8;1000;128;0;0;4689
970;97;9;1000;128;0;0;4770
971;98;0;1000;128;0;0;4509
972;98;1;1000;128;0;0;5274
973;98;2;1000;128;0;0;4446
974;98;3;1000;128;0;0;4509
975;98;4;1000;128;0;0;4683
976;98;5;1000;128;0;0;5598
977;98;6;1000;128;0;0;5037
978;98;7;1000;128;0;0;4554
979;98;8;1000;128;0;0;4458
980;98;9;1000;128;0;0;5517
981;99;0;1000;128;0;0;5478
982;99;1;1000;128;0;0;5175
983;99;2;1000;128;0;0;4833
984;99;3;1000;128;0;0;5481
985;99;4;1000;128;0;0;4515
986;99;5;1000;128;0;0;4740
987;99;6;1000;128;0;0;4545
988;99;7;1000;128;0;0;5061
989;99;8;1000;128;0;0;4684
990;99;9;1000;128;0;0;4851
991;100;0;1000;128;0;0;4512
992;100;1;1000;128;0;0;4672
993;100;2;1000;128;0;0;4773
994;100;3;1000;128;0;0;5211
995;100;4;1000;128;0;0;4980
996;100;5;1000;128;0;0;4611
997;100;6;1000;128;0;0;4710
998;100;7;1000;128;0;0;4941
999;100;8;1000;128;0;0;4632
1000;100;9;1000;128;0;0;4875
