1;1;0;70000;128;0;0;20070
2;1;1;70000;128;0;0;8640
3;1;2;70000;128;0;0;2928
4;1;3;70000;128;0;0;2850
5;1;4;70000;128;0;0;2814
6;1;5;70000;128;0;0;2830
7;1;6;70000;128;0;0;9190
8;1;7;70000;128;0;0;3762
9;1;8;70000;128;0;0;8370
10;1;9;70000;128;0;0;8882
11;2;0;70000;128;0;0;3231
12;2;1;70000;128;0;0;4836
13;2;2;70000;128;0;0;3154
14;2;3;70000;128;0;0;2994
15;2;4;70000;128;0;0;4996
16;2;5;70000;128;0;0;3162
17;2;6;70000;128;0;0;3174
18;2;7;70000;128;0;0;12806
19;2;8;70000;128;0;0;4522
20;2;9;70000;128;0;0;3310
21;3;0;70000;128;0;0;4401
22;3;1;70000;128;0;0;3609
23;3;2;70000;128;0;0;3810
24;3;3;70000;128;0;0;2832
25;3;4;70000;128;0;0;2901
26;3;5;70000;128;0;0;2865
27;3;6;70000;128;0;0;11415
28;3;7;70000;128;0;0;3696
29;3;8;70000;128;0;0;3867
30;3;9;70000;128;0;0;9054
31;4;0;70000;128;0;0;3933
32;4;1;70000;128;0;0;9417
33;4;2;70000;128;0;0;6546
34;4;3;70000;128;0;0;7782
35;4;4;70000;128;0;0;9030
36;4;5;70000;128;0;0;9692
37;4;6;70000;128;0;0;2920
38;4;7;70000;128;0;0;2952
39;4;8;70000;128;0;0;9168
40;4;9;70000;128;0;0;3468
41;5;0;70000;128;0;0;3348
42;5;1;70000;128;0;0;4779
43;5;2;70000;128;0;0;2910
44;5;3;70000;128;0;0;2931
45;5;4;70000;128;0;0;2673
46;5;5;70000;128;0;0;4518
47;5;6;70000;128;0;0;3060
48;5;7;70000;128;0;0;9432
49;5;8;70000;128;0;0;2898
50;5;9;70000;128;0;0;2900
51;6;0;70000;128;0;0;4410
52;6;1;70000;128;0;0;9579
53;6;2;70000;128;0;0;9168
54;6;3;70000;128;0;0;4503
55;6;4;70000;128;0;0;5838
56;6;5;70000;128;0;0;5172
57;6;6;70000;128;0;0;3981
58;6;7;70000;128;0;0;3879
59;6;8;70000;128;0;0;9798
60;6;9;70000;128;0;0;2916
61;7;0;70000;128;0;0;10476
62;7;1;70000;128;0;0;3834
63;7;2;70000;128;0;0;6732
64;7;3;70000;128;0;0;9090
65;7;4;70000;128;0;0;10170
66;7;5;70000;128;0;0;9028
67;7;6;70000;128;0;0;4494
68;7;7;70000;128;0;0;2997
69;7;8;70000;128;0;0;2745
70;7;9;70000;128;0;0;8733
71;8;0;70000;128;0;0;3975
72;8;1;70000;128;0;0;5166
73;8;2;70000;128;0;0;8661
74;8;3;70000;128;0;0;9072
75;8;4;70000;128;0;0;8096
76;8;5;70000;128;0;0;6862
77;8;6;70000;128;0;0;8118
78;8;7;70000;128;0;0;10570
79;8;8;70000;128;0;0;3432
80;8;9;70000;128;0;0;3960
81;9;0;70000;128;0;0;3813
82;9;1;70000;128;0;0;10116
83;9;2;70000;128;0;0;3108
84;9;3;70000;128;0;0;2754
85;9;4;70000;128;0;0;9141
86;9;5;70000;128;0;0;2898
87;9;6;70000;128;0;0;3033
88;9;7;70000;128;0;0;4524
89;9;8;70000;128;0;0;2958
90;9;9;70000;128;0;0;3066
91;10;0;70000;128;0;0;4893
92;10;1;70000;128;0;0;3012
93;10;2;70000;128;0;0;2820
94;10;3;70000;128;0;0;4782
95;10;4;70000;128;0;0;3138
96;10;5;70000;128;0;0;2964
97;10;6;70000;128;0;0;4701
98;10;7;70000;128;0;0;3372
99;10;8;70000;128;0;0;3414
100;10;9;70000;128;0;0;3150
101;11;0;70000;128;0;0;5910
102;11;1;70000;128;0;0;4023
103;11;2;70000;128;0;0;4446
104;11;3;70000;128;0;0;7704
105;11;4;70000;128;0;0;8796
106;11;5;70000;128;0;0;4722
107;11;6;70000;128;0;0;7908
108;11;7;70000;128;0;0;3018
109;11;8;70000;128;0;0;2958
110;11;9;70000;128;0;0;8400
111;12;0;70000;128;0;0;4092
112;12;1;70000;128;0;0;4668
113;12;2;70000;128;0;0;3789
114;12;3;70000;128;0;0;3276
115;12;4;70000;128;0;0;4668
116;12;5;70000;128;0;0;2910
117;12;6;70000;128;0;0;3084
118;12;7;70000;128;0;0;8469
119;12;8;70000;128;0;0;3165
120;12;9;70000;128;0;0;2877
121;13;0;70000;128;0;0;5502
122;13;1;70000;128;0;0;3324
123;13;2;70000;128;0;0;3627
124;13;3;70000;128;0;0;4929
125;13;4;70000;128;0;0;4371
126;13;5;70000;128;0;0;3141
127;13;6;70000;128;0;0;4731
128;13;7;70000;128;0;0;3228
129;13;8;70000;128;0;0;2984
130;13;9;70000;128;0;0;2954
131;14;0;70000;128;0;0;5283
132;14;1;70000;128;0;0;3060
133;14;2;70000;128;0;0;3306
134;14;3;70000;128;0;0;4881
135;14;4;70000;128;0;0;3213
136;14;5;70000;128;0;0;2946
137;14;6;70000;128;0;0;2958
138;14;7;70000;128;0;0;10056
139;14;8;70000;128;0;0;2970
140;14;9;70000;128;0;0;4833
141;15;0;70000;128;0;0;4032
142;15;1;70000;128;0;0;9378
143;15;2;70000;128;0;0;3297
144;15;3;70000;128;0;0;3234
145;15;4;70000;128;0;0;3375
146;15;5;70000;128;0;0;3369
147;15;6;70000;128;0;0;3363
148;15;7;70000;128;0;0;5930
149;15;8;70000;128;0;0;2920
150;15;9;70000;128;0;0;2742
151;16;0;70000;128;0;0;5028
152;16;1;70000;128;0;0;3147
153;16;2;70000;128;0;0;4290
154;16;3;70000;128;0;0;5211
155;16;4;70000;128;0;0;3321
156;16;5;70000;128;0;0;3411
157;16;6;70000;128;0;0;5304
158;16;7;70000;128;0;0;3507
159;16;8;70000;128;0;0;3372
160;16;9;70000;128;0;0;5142
161;17;0;70000;128;0;0;4770
162;17;1;70000;128;0;0;3081
163;17;2;70000;128;0;0;2868
164;17;3;70000;128;0;0;4821
165;17;4;70000;128;0;0;3135
166;17;5;70000;128;0;0;3192
167;17;6;70000;128;0;0;7137
168;17;7;70000;128;0;0;6594
169;17;8;70000;128;0;0;2970
170;17;9;70000;128;0;0;2997
171;18;0;70000;128;0;0;5846
172;18;1;70000;128;0;0;4128
173;18;2;70000;128;0;0;4100
174;18;3;70000;128;0;0;10276
175;18;4;70000;128;0;0;2974
176;18;5;70000;128;0;0;3246
177;18;6;70000;128;0;0;5220
178;18;7;70000;128;0;0;3522
179;18;8;70000;128;0;0;3414
180;18;9;70000;128;0;0;5265
181;19;0;70000;128;0;0;4899
182;19;1;70000;128;0;0;3048
183;19;2;70000;128;0;0;7851
184;19;3;70000;128;0;0;3945
185;19;4;70000;128;0;0;8829
186;19;5;70000;128;0;0;8268
187;19;6;70000;128;0;0;3999
188;19;7;70000;128;0;0;3606
189;19;8;70000;128;0;0;10602
190;19;9;70000;128;0;0;3669
191;20;0;70000;128;0;0;5610
192;20;1;70000;128;0;0;3486
193;20;2;70000;128;0;0;3732
194;20;3;70000;128;0;0;5220
195;20;4;70000;128;0;0;3470
196;20;5;70000;128;0;0;3436
197;20;6;70000;128;0;0;4429
198;20;7;70000;128;0;0;2796
199;20;8;70000;128;0;0;2976
200;20;9;70000;128;0;0;5229
201;21;0;70000;128;0;0;5883
202;21;1;70000;128;0;0;3588
203;21;2;70000;128;0;0;4479
204;21;3;70000;128;0;0;15189
205;21;4;70000;128;0;0;3843
206;21;5;70000;128;0;0;3111
207;21;6;70000;128;0;0;4899
208;21;7;70000;128;0;0;2985
209;21;8;70000;128;0;0;3144
210;21;9;70000;128;0;0;8151
211;22;0;70000;128;0;0;6021
212;22;1;70000;128;0;0;3528
213;22;2;70000;128;0;0;4362
214;22;3;70000;128;0;0;8004
215;22;4;70000;128;0;0;8238
216;22;5;70000;128;0;0;20451
217;22;6;70000;128;0;0;2829
218;22;7;70000;128;0;0;2880
219;22;8;70000;128;0;0;3462
220;22;9;70000;128;0;0;3708
221;23;0;70000;128;0;0;9024
222;23;1;70000;128;0;0;3147
223;23;2;70000;128;0;0;3456
224;23;3;70000;128;0;0;4683
225;23;4;70000;128;0;0;2973
226;23;5;70000;128;0;0;2886
227;23;6;70000;128;0;0;4587
228;23;7;70000;128;0;0;3030
229;23;8;70000;128;0;0;2751
230;23;9;70000;128;0;0;4470
231;24;0;70000;128;0;0;4095
232;24;1;70000;128;0;0;5682
233;24;2;70000;128;0;0;3573
234;24;3;70000;128;0;0;3210
235;24;4;70000;128;0;0;4533
236;24;5;70000;128;0;0;2901
237;24;6;70000;128;0;0;2808
238;24;7;70000;128;0;0;5292
239;24;8;70000;128;0;0;4317
240;24;9;70000;128;0;0;3945
241;25;0;70000;128;0;0;3882
242;25;1;70000;128;0;0;9285
243;25;2;70000;128;0;0;2817
244;25;3;70000;128;0;0;2952
245;25;4;70000;128;0;0;5283
246;25;5;70000;128;0;0;3525
247;25;6;70000;128;0;0;3306
248;25;7;70000;128;0;0;5217
249;25;8;70000;128;0;0;4110
250;25;9;70000;128;0;0;3729
251;26;0;70000;128;0;0;4812
252;26;1;70000;128;0;0;3561
253;26;2;70000;128;0;0;4254
254;26;3;70000;128;0;0;4710
255;26;4;70000;128;0;0;3042
256;26;5;70000;128;0;0;3078
257;26;6;70000;128;0;0;7539
258;26;7;70000;128;0;0;3078
259;26;8;70000;128;0;0;3442
260;26;9;70000;128;0;0;3104
261;27;0;70000;128;0;0;5829
262;27;1;70000;128;0;0;3414
263;27;2;70000;128;0;0;3597
264;27;3;70000;128;0;0;5382
265;27;4;70000;128;0;0;3588
266;27;5;70000;128;0;0;3291
267;27;6;70000;128;0;0;8804
268;27;7;70000;128;0;0;3064
269;27;8;70000;128;0;0;2840
270;27;9;70000;128;0;0;2830
271;28;0;70000;128;0;0;5178
272;28;1;70000;128;0;0;3434
273;28;2;70000;128;0;0;3372
274;28;3;70000;128;0;0;3962
275;28;4;70000;128;0;0;2948
276;28;5;70000;128;0;0;3106
277;28;6;70000;128;0;0;4779
278;28;7;70000;128;0;0;3054
279;28;8;70000;128;0;0;2913
280;28;9;70000;128;0;0;8667
281;29;0;70000;128;0;0;5451
282;29;1;70000;128;0;0;3162
283;29;2;70000;128;0;0;3861
284;29;3;70000;128;0;0;4914
285;29;4;70000;128;0;0;2967
286;29;5;70000;128;0;0;3093
287;29;6;70000;128;0;0;5484
288;29;7;70000;128;0;0;3522
289;29;8;70000;128;0;0;4197
290;29;9;70000;128;0;0;2973
291;30;0;70000;128;0;0;8138
292;30;1;70000;128;0;0;3844
293;30;2;70000;128;0;0;4578
294;30;3;70000;128;0;0;2862
295;30;4;70000;128;0;0;3105
296;30;5;70000;128;0;0;4650
297;30;6;70000;128;0;0;3063
298;30;7;70000;128;0;0;2754
299;30;8;70000;128;0;0;4353
300;30;9;70000;128;0;0;3642
301;31;0;70000;128;0;0;5841
302;31;1;70000;128;0;0;3561
303;31;2;70000;128;0;0;4302
304;31;3;70000;128;0;0;9990
305;31;4;70000;128;0;0;3843
306;31;5;70000;128;0;0;2748
307;31;6;70000;128;0;0;5154
308;31;7;70000;128;0;0;3336
309;31;8;70000;128;0;0;3402
310;31;9;70000;128;0;0;5208
311;32;0;70000;128;0;0;4851
312;32;1;70000;128;0;0;7218
313;32;2;70000;128;0;0;3171
314;32;3;70000;128;0;0;8928
315;32;4;70000;128;0;0;8274
316;32;5;70000;128;0;0;3687
317;32;6;70000;128;0;0;10458
318;32;7;70000;128;0;0;3438
319;32;8;70000;128;0;0;3396
320;32;9;70000;128;0;0;8118
321;33;0;70000;128;0;0;15384
322;33;1;70000;128;0;0;8859
323;33;2;70000;128;0;0;3765
324;33;3;70000;128;0;0;2892
325;33;4;70000;128;0;0;2820
326;33;5;70000;128;0;0;2712
327;33;6;70000;128;0;0;5076
328;33;7;70000;128;0;0;3306
329;33;8;70000;128;0;0;3429
330;33;9;70000;128;0;0;5829
331;34;0;70000;128;0;0;5170
332;34;1;70000;128;0;0;3032
333;34;2;70000;128;0;0;3262
334;34;3;70000;128;0;0;4670
335;34;4;70000;128;0;0;2960
336;34;5;70000;128;0;0;3160
337;34;6;70000;128;0;0;4671
338;34;7;70000;128;0;0;2940
339;34;8;70000;128;0;0;2898
340;34;9;70000;128;0;0;4491
341;35;0;70000;128;0;0;3963
342;35;1;70000;128;0;0;9993
343;35;2;70000;128;0;0;5979
344;35;3;70000;128;0;0;3333
345;35;4;70000;128;0;0;3339
346;35;5;70000;128;0;0;4692
347;35;6;70000;128;0;0;6921
348;35;7;70000;128;0;0;10068
349;35;8;70000;128;0;0;3522
350;35;9;70000;128;0;0;3264
351;36;0;70000;128;0;0;6102
352;36;1;70000;128;0;0;4260
353;36;2;70000;128;0;0;4611
354;36;3;70000;128;0;0;5487
355;36;4;70000;128;0;0;3321
356;36;5;70000;128;0;0;3462
357;36;6;70000;128;0;0;4560
358;36;7;70000;128;0;0;3084
359;36;8;70000;128;0;0;2764
360;36;9;70000;128;0;0;5302
361;37;0;70000;128;0;0;5751
362;37;1;70000;128;0;0;3948
363;37;2;70000;128;0;0;4128
364;37;3;70000;128;0;0;5178
365;37;4;70000;128;0;0;3360
366;37;5;70000;128;0;0;3615
367;37;6;70000;128;0;0;19917
368;37;7;70000;128;0;0;2943
369;37;8;70000;128;0;0;2832
370;37;9;70000;128;0;0;5145
371;38;0;70000;128;0;0;20559
372;38;1;70000;128;0;0;6612
373;38;2;70000;128;0;0;12450
374;38;3;70000;128;0;0;8847
375;38;4;70000;128;0;0;3696
376;38;5;70000;128;0;0;8307
377;38;6;70000;128;0;0;7932
378;38;7;70000;128;0;0;3987
379;38;8;70000;128;0;0;8748
380;38;9;70000;128;0;0;3102
381;39;0;70000;128;0;0;10296
382;39;1;70000;128;0;0;3252
383;39;2;70000;128;0;0;8919
384;39;3;70000;128;0;0;6672
385;39;4;70000;128;0;0;7917
386;39;5;70000;128;0;0;10401
387;39;6;70000;128;0;0;3603
388;39;7;70000;128;0;0;3381
389;39;8;70000;128;0;0;10407
390;39;9;70000;128;0;0;3459
391;40;0;70000;128;0;0;3774
392;40;1;70000;128;0;0;4460
393;40;2;70000;128;0;0;2834
394;40;3;70000;128;0;0;3000
395;40;4;70000;128;0;0;5388
396;40;5;70000;128;0;0;3672
397;40;6;70000;128;0;0;3345
398;40;7;70000;128;0;0;5160
399;40;8;70000;128;0;0;3348
400;40;9;70000;128;0;0;3303
401;41;0;70000;128;0;0;5696
402;41;1;70000;128;0;0;3333
403;41;2;70000;128;0;0;4059
404;41;3;70000;128;0;0;10554
405;41;4;70000;128;0;0;2880
406;41;5;70000;128;0;0;2847
407;41;6;70000;128;0;0;5241
408;41;7;70000;128;0;0;4218
409;41;8;70000;128;0;0;3411
410;41;9;70000;128;0;0;5193
411;42;0;70000;128;0;0;3690
412;42;1;70000;128;0;0;4500
413;42;2;70000;128;0;0;3015
414;42;3;70000;128;0;0;2886
415;42;4;70000;128;0;0;2844
416;42;5;70000;128;0;0;4965
417;42;6;70000;128;0;0;3021
418;42;7;70000;128;0;0;4644
419;42;8;70000;128;0;0;2979
420;42;9;70000;128;0;0;2706
421;43;0;70000;128;0;0;4212
422;43;1;70000;128;0;0;10140
423;43;2;70000;128;0;0;8199
424;43;3;70000;128;0;0;3126
425;43;4;70000;128;0;0;8730
426;43;5;70000;128;0;0;9129
427;43;6;70000;128;0;0;4236
428;43;7;70000;128;0;0;3405
429;43;8;70000;128;0;0;9646
430;43;9;70000;128;0;0;3338
431;44;0;70000;128;0;0;5496
432;44;1;70000;128;0;0;3690
433;44;2;70000;128;0;0;3924
434;44;3;70000;128;0;0;21411
435;44;4;70000;128;0;0;2850
436;44;5;70000;128;0;0;2682
437;44;6;70000;128;0;0;10452
438;44;7;70000;128;0;0;3372
439;44;8;70000;128;0;0;3471
440;44;9;70000;128;0;0;8718
441;45;0;70000;128;0;0;9822
442;45;1;70000;128;0;0;3210
443;45;2;70000;128;0;0;2890
444;45;3;70000;128;0;0;4502
445;45;4;70000;128;0;0;3084
446;45;5;70000;128;0;0;2856
447;45;6;70000;128;0;0;6195
448;45;7;70000;128;0;0;2859
449;45;8;70000;128;0;0;3024
450;45;9;70000;128;0;0;4491
451;46;0;70000;128;0;0;7860
452;46;1;70000;128;0;0;4449
453;46;2;70000;128;0;0;4683
454;46;3;70000;128;0;0;3477
455;46;4;70000;128;0;0;3057
456;46;5;70000;128;0;0;4614
457;46;6;70000;128;0;0;3027
458;46;7;70000;128;0;0;2905
459;46;8;70000;128;0;0;4516
460;46;9;70000;128;0;0;2820
461;47;0;70000;128;0;0;5208
462;47;1;70000;128;0;0;2920
463;47;2;70000;128;0;0;2934
464;47;3;70000;128;0;0;4248
465;47;4;70000;128;0;0;4206
466;47;5;70000;128;0;0;2961
467;47;6;70000;128;0;0;4752
468;47;7;70000;128;0;0;3486
469;47;8;70000;128;0;0;3192
470;47;9;70000;128;0;0;7947
471;48;0;70000;128;0;0;3969
472;48;1;70000;128;0;0;4425
473;48;2;70000;128;0;0;5301
474;48;3;70000;128;0;0;3414
475;48;4;70000;128;0;0;3378
476;48;5;70000;128;0;0;5181
477;48;6;70000;128;0;0;4407
478;48;7;70000;128;0;0;3675
479;48;8;70000;128;0;0;4560
480;48;9;70000;128;0;0;2961
481;49;0;70000;128;0;0;5226
482;49;1;70000;128;0;0;3165
483;49;2;70000;128;0;0;3360
484;49;3;70000;128;0;0;4677
485;49;4;70000;128;0;0;2898
486;49;5;70000;128;0;0;2889
487;49;6;70000;128;0;0;5904
488;49;7;70000;128;0;0;2961
489;49;8;70000;128;0;0;2955
490;49;9;70000;128;0;0;4692
491;50;0;70000;128;0;0;5016
492;50;1;70000;128;0;0;3238
493;50;2;70000;128;0;0;4620
494;50;3;70000;128;0;0;3072
495;50;4;70000;128;0;0;2700
496;50;5;70000;128;0;0;4428
497;50;6;70000;128;0;0;2940
498;50;7;70000;128;0;0;2964
499;50;8;70000;128;0;0;4704
500;50;9;70000;128;0;0;2889
501;51;0;70000;128;0;0;5991
502;51;1;70000;128;0;0;3819
503;51;2;70000;128;0;0;4080
504;51;3;70000;128;0;0;10671
505;51;4;70000;128;0;0;2937
506;51;5;70000;128;0;0;7788
507;51;6;70000;128;0;0;5388
508;51;7;70000;128;0;0;3480
509;51;8;70000;128;0;0;3387
510;51;9;70000;128;0;0;5223
511;52;0;70000;128;0;0;13527
512;52;1;70000;128;0;0;9345
513;52;2;70000;128;0;0;5292
514;52;3;70000;128;0;0;3486
515;52;4;70000;128;0;0;22251
516;52;5;70000;128;0;0;9630
517;52;6;70000;128;0;0;9117
518;52;7;70000;128;0;0;4437
519;52;8;70000;128;0;0;8970
520;52;9;70000;128;0;0;8163
521;53;0;70000;128;0;0;3548
522;53;1;70000;128;0;0;3710
523;53;2;70000;128;0;0;4676
524;53;3;70000;128;0;0;2852
525;53;4;70000;128;0;0;3042
526;53;5;70000;128;0;0;4791
527;53;6;70000;128;0;0;3207
528;53;7;70000;128;0;0;2901
529;53;8;70000;128;0;0;3066
530;53;9;70000;128;0;0;9885
531;54;0;70000;128;0;0;4140
532;54;1;70000;128;0;0;4989
533;54;2;70000;128;0;0;3315
534;54;3;70000;128;0;0;2901
535;54;4;70000;128;0;0;4800
536;54;5;70000;128;0;0;2937
537;54;6;70000;128;0;0;3036
538;54;7;70000;128;0;0;8511
539;54;8;70000;128;0;0;3159
540;54;9;70000;128;0;0;2850
541;55;0;70000;128;0;0;3993
542;55;1;70000;128;0;0;8337
543;55;2;70000;128;0;0;6231
544;55;3;70000;128;0;0;8676
545;55;4;70000;128;0;0;8385
546;55;5;70000;128;0;0;22677
547;55;6;70000;128;0;0;2910
548;55;7;70000;128;0;0;2886
549;55;8;70000;128;0;0;8658
550;55;9;70000;128;0;0;3906
551;56;0;70000;128;0;0;4155
552;56;1;70000;128;0;0;24531
553;56;2;70000;128;0;0;7197
554;56;3;70000;128;0;0;2955
555;56;4;70000;128;0;0;2934
556;56;5;70000;128;0;0;2838
557;56;6;70000;128;0;0;2943
558;56;7;70000;128;0;0;5380
559;56;8;70000;128;0;0;4244
560;56;9;70000;128;0;0;3512
561;57;0;70000;128;0;0;15870
562;57;1;70000;128;0;0;3219
563;57;2;70000;128;0;0;3663
564;57;3;70000;128;0;0;5361
565;57;4;70000;128;0;0;3417
566;57;5;70000;128;0;0;3192
567;57;6;70000;128;0;0;8322
568;57;7;70000;128;0;0;3128
569;57;8;70000;128;0;0;2950
570;57;9;70000;128;0;0;4690
571;58;0;70000;128;0;0;6110
572;58;1;70000;128;0;0;4248
573;58;2;70000;128;0;0;4008
574;58;3;70000;128;0;0;5386
575;58;4;70000;128;0;0;3640
576;58;5;70000;128;0;0;3306
577;58;6;70000;128;0;0;19000
578;58;7;70000;128;0;0;2744
579;58;8;70000;128;0;0;2792
580;58;9;70000;128;0;0;8220
581;59;0;70000;128;0;0;5634
582;59;1;70000;128;0;0;3654
583;59;2;70000;128;0;0;4329
584;59;3;70000;128;0;0;4466
585;59;4;70000;128;0;0;2814
586;59;5;70000;128;0;0;2946
587;59;6;70000;128;0;0;5302
588;59;7;70000;128;0;0;3460
589;59;8;70000;128;0;0;3262
590;59;9;70000;128;0;0;5234
591;60;0;70000;128;0;0;5706
592;60;1;70000;128;0;0;3828
593;60;2;70000;128;0;0;3759
594;60;3;70000;128;0;0;5406
595;60;4;70000;128;0;0;3279
596;60;5;70000;128;0;0;3462
597;60;6;70000;128;0;0;20028
598;60;7;70000;128;0;0;3012
599;60;8;70000;128;0;0;2889
600;60;9;70000;128;0;0;5343
601;61;0;70000;128;0;0;5271
602;61;1;70000;128;0;0;3102
603;61;2;70000;128;0;0;3354
604;61;3;70000;128;0;0;4539
605;61;4;70000;128;0;0;2973
606;61;5;70000;128;0;0;2976
607;61;6;70000;128;0;0;8427
608;61;7;70000;128;0;0;3513
609;61;8;70000;128;0;0;3639
610;61;9;70000;128;0;0;3036
611;62;0;70000;128;0;0;5418
612;62;1;70000;128;0;0;2960
613;62;2;70000;128;0;0;4584
614;62;3;70000;128;0;0;3164
615;62;4;70000;128;0;0;2772
616;62;5;70000;128;0;0;4458
617;62;6;70000;128;0;0;2832
618;62;7;70000;128;0;0;2822
619;62;8;70000;128;0;0;4533
620;62;9;70000;128;0;0;3390
621;63;0;70000;128;0;0;5726
622;63;1;70000;128;0;0;3780
623;63;2;70000;128;0;0;4540
624;63;3;70000;128;0;0;4620
625;63;4;70000;128;0;0;3694
626;63;5;70000;128;0;0;3248
627;63;6;70000;128;0;0;4962
628;63;7;70000;128;0;0;3087
629;63;8;70000;128;0;0;2898
630;63;9;70000;128;0;0;2997
631;64;0;70000;128;0;0;3513
632;64;1;70000;128;0;0;3867
633;64;2;70000;128;0;0;4842
634;64;3;70000;128;0;0;3183
635;64;4;70000;128;0;0;2865
636;64;5;70000;128;0;0;4512
637;64;6;70000;128;0;0;3081
638;64;7;70000;128;0;0;3252
639;64;8;70000;128;0;0;3057
640;64;9;70000;128;0;0;4668
641;65;0;70000;128;0;0;9381
642;65;1;70000;128;0;0;3807
643;65;2;70000;128;0;0;6705
644;65;3;70000;128;0;0;6717
645;65;4;70000;128;0;0;7701
646;65;5;70000;128;0;0;7680
647;65;6;70000;128;0;0;9681
648;65;7;70000;128;0;0;2907
649;65;8;70000;128;0;0;2691
650;65;9;70000;128;0;0;9219
651;66;0;70000;128;0;0;4143
652;66;1;70000;128;0;0;6516
653;66;2;70000;128;0;0;5874
654;66;3;70000;128;0;0;8181
655;66;4;70000;128;0;0;8532
656;66;5;70000;128;0;0;18861
657;66;6;70000;128;0;0;5952
658;66;7;70000;128;0;0;10446
659;66;8;70000;128;0;0;3741
660;66;9;70000;128;0;0;3249
661;67;0;70000;128;0;0;5862
662;67;1;70000;128;0;0;3627
663;67;2;70000;128;0;0;4464
664;67;3;70000;128;0;0;4611
665;67;4;70000;128;0;0;2799
666;67;5;70000;128;0;0;2874
667;67;6;70000;128;0;0;5322
668;67;7;70000;128;0;0;3498
669;67;8;70000;128;0;0;3321
670;67;9;70000;128;0;0;5229
671;68;0;70000;128;0;0;9015
672;68;1;70000;128;0;0;3483
673;68;2;70000;128;0;0;7104
674;68;3;70000;128;0;0;4620
675;68;4;70000;128;0;0;3078
676;68;5;70000;128;0;0;2817
677;68;6;70000;128;0;0;10473
678;68;7;70000;128;0;0;3408
679;68;8;70000;128;0;0;3378
680;68;9;70000;128;0;0;10197
681;69;0;70000;128;0;0;3852
682;69;1;70000;128;0;0;4818
683;69;2;70000;128;0;0;6495
684;69;3;70000;128;0;0;3489
685;69;4;70000;128;0;0;3180
686;69;5;70000;128;0;0;9675
687;69;6;70000;128;0;0;2838
688;69;7;70000;128;0;0;2949
689;69;8;70000;128;0;0;10545
690;69;9;70000;128;0;0;3417
691;70;0;70000;128;0;0;8892
692;70;1;70000;128;0;0;10008
693;70;2;70000;128;0;0;9666
694;70;3;70000;128;0;0;7983
695;70;4;70000;128;0;0;7392
696;70;5;70000;128;0;0;6855
697;70;6;70000;128;0;0;2925
698;70;7;70000;128;0;0;2757
699;70;8;70000;128;0;0;3180
700;70;9;70000;128;0;0;3352
701;71;0;70000;128;0;0;5514
702;71;1;70000;128;0;0;3147
703;71;2;70000;128;0;0;3525
704;71;3;70000;128;0;0;3786
705;71;4;70000;128;0;0;3342
706;71;5;70000;128;0;0;3084
707;71;6;70000;128;0;0;5764
708;71;7;70000;128;0;0;2976
709;71;8;70000;128;0;0;2724
710;71;9;70000;128;0;0;4576
711;72;0;70000;128;0;0;3783
712;72;1;70000;128;0;0;4731
713;72;2;70000;128;0;0;5343
714;72;3;70000;128;0;0;7068
715;72;4;70000;128;0;0;4041
716;72;5;70000;128;0;0;4545
717;72;6;70000;128;0;0;2781
718;72;7;70000;128;0;0;2925
719;72;8;70000;128;0;0;5559
720;72;9;70000;128;0;0;3504
721;73;0;70000;128;0;0;11124
722;73;1;70000;128;0;0;3615
723;73;2;70000;128;0;0;8448
724;73;3;70000;128;0;0;9645
725;73;4;70000;128;0;0;6177
726;73;5;70000;128;0;0;4038
727;73;6;70000;128;0;0;8625
728;73;7;70000;128;0;0;3516
729;73;8;70000;128;0;0;3330
730;73;9;70000;128;0;0;8955
731;74;0;70000;128;0;0;4353
732;74;1;70000;128;0;0;3303
733;74;2;70000;128;0;0;3303
734;74;3;70000;128;0;0;4062
735;74;4;70000;128;0;0;2778
736;74;5;70000;128;0;0;4686
737;74;6;70000;128;0;0;2946
738;74;7;70000;128;0;0;3153
739;74;8;70000;128;0;0;9750
740;74;9;70000;128;0;0;6261
741;75;0;70000;128;0;0;9717
742;75;1;70000;128;0;0;3270
743;75;2;70000;128;0;0;2844
744;75;3;70000;128;0;0;13212
745;75;4;70000;128;0;0;2820
746;75;5;70000;128;0;0;2862
747;75;6;70000;128;0;0;4623
748;75;7;70000;128;0;0;4059
749;75;8;70000;128;0;0;2721
750;75;9;70000;128;0;0;4434
751;76;0;70000;128;0;0;10884
752;76;1;70000;128;0;0;3627
753;76;2;70000;128;0;0;8574
754;76;3;70000;128;0;0;8157
755;76;4;70000;128;0;0;2853
756;76;5;70000;128;0;0;2976
757;76;6;70000;128;0;0;10314
758;76;7;70000;128;0;0;3582
759;76;8;70000;128;0;0;3795
760;76;9;70000;128;0;0;10407
761;77;0;70000;128;0;0;5583
762;77;1;70000;128;0;0;3057
763;77;2;70000;128;0;0;4851
764;77;3;70000;128;0;0;3048
765;77;4;70000;128;0;0;2844
766;77;5;70000;128;0;0;8838
767;77;6;70000;128;0;0;3078
768;77;7;70000;128;0;0;2898
769;77;8;70000;128;0;0;4710
770;77;9;70000;128;0;0;3099
771;78;0;70000;128;0;0;4752
772;78;1;70000;128;0;0;2970
773;78;2;70000;128;0;0;2979
774;78;3;70000;128;0;0;4725
775;78;4;70000;128;0;0;2973
776;78;5;70000;128;0;0;2928
777;78;6;70000;128;0;0;7977
778;78;7;70000;128;0;0;2946
779;78;8;70000;128;0;0;2841
780;78;9;70000;128;0;0;4755
781;79;0;70000;128;0;0;9693
782;79;1;70000;128;0;0;2910
783;79;2;70000;128;0;0;2991
784;79;3;70000;128;0;0;9684
785;79;4;70000;128;0;0;3057
786;79;5;70000;128;0;0;2817
787;79;6;70000;128;0;0;9927
788;79;7;70000;128;0;0;3063
789;79;8;70000;128;0;0;3081
790;79;9;70000;128;0;0;3495
791;80;0;70000;128;0;0;5340
792;80;1;70000;128;0;0;3735
793;80;2;70000;128;0;0;8769
794;80;3;70000;128;0;0;10491
795;80;4;70000;128;0;0;3660
796;80;5;70000;128;0;0;3345
797;80;6;70000;128;0;0;5595
798;80;7;70000;128;0;0;16819
799;80;8;70000;128;0;0;3972
800;80;9;70000;128;0;0;9492
801;81;0;70000;128;0;0;5878
802;81;1;70000;128;0;0;3734
803;81;2;70000;128;0;0;4452
804;81;3;70000;128;0;0;4488
805;81;4;70000;128;0;0;2940
806;81;5;70000;128;0;0;2826
807;81;6;70000;128;0;0;5244
808;81;7;70000;128;0;0;3459
809;81;8;70000;128;0;0;3282
810;81;9;70000;128;0;0;5262
811;82;0;70000;128;0;0;5745
812;82;1;70000;128;0;0;3660
813;82;2;70000;128;0;0;9567
814;82;3;70000;128;0;0;9633
815;82;4;70000;128;0;0;2715
816;82;5;70000;128;0;0;2979
817;82;6;70000;128;0;0;10494
818;82;7;70000;128;0;0;3516
819;82;8;70000;128;0;0;3333
820;82;9;70000;128;0;0;6907
821;83;0;70000;128;0;0;4149
822;83;1;70000;128;0;0;5481
823;83;2;70000;128;0;0;3597
824;83;3;70000;128;0;0;3186
825;83;4;70000;128;0;0;5127
826;83;5;70000;128;0;0;3468
827;83;6;70000;128;0;0;3276
828;83;7;70000;128;0;0;4623
829;83;8;70000;128;0;0;3531
830;83;9;70000;128;0;0;3054
831;84;0;70000;128;0;0;3645
832;84;1;70000;128;0;0;4281
833;84;2;70000;128;0;0;4254
834;84;3;70000;128;0;0;4089
835;84;4;70000;128;0;0;4029
836;84;5;70000;128;0;0;4938
837;84;6;70000;128;0;0;3012
838;84;7;70000;128;0;0;3012
839;84;8;70000;128;0;0;2922
840;84;9;70000;128;0;0;8988
841;85;0;70000;128;0;0;5138
842;85;1;70000;128;0;0;3176
843;85;2;70000;128;0;0;4766
844;85;3;70000;128;0;0;3094
845;85;4;70000;128;0;0;3186
846;85;5;70000;128;0;0;4596
847;85;6;70000;128;0;0;3026
848;85;7;70000;128;0;0;2880
849;85;8;70000;128;0;0;5193
850;85;9;70000;128;0;0;3114
851;86;0;70000;128;0;0;3741
852;86;1;70000;128;0;0;6798
853;86;2;70000;128;0;0;5997
854;86;3;70000;128;0;0;3303
855;86;4;70000;128;0;0;5448
856;86;5;70000;128;0;0;10530
857;86;6;70000;128;0;0;9153
858;86;7;70000;128;0;0;9771
859;86;8;70000;128;0;0;6318
860;86;9;70000;128;0;0;8286
861;87;0;70000;128;0;0;3963
862;87;1;70000;128;0;0;4728
863;87;2;70000;128;0;0;4404
864;87;3;70000;128;0;0;2853
865;87;4;70000;128;0;0;2901
866;87;5;70000;128;0;0;5268
867;87;6;70000;128;0;0;3630
868;87;7;70000;128;0;0;3279
869;87;8;70000;128;0;0;5130
870;87;9;70000;128;0;0;4266
871;88;0;70000;128;0;0;5892
872;88;1;70000;128;0;0;9318
873;88;2;70000;128;0;0;3249
874;88;3;70000;128;0;0;3390
875;88;4;70000;128;0;0;3291
876;88;5;70000;128;0;0;3393
877;88;6;70000;128;0;0;9513
878;88;7;70000;128;0;0;3504
879;88;8;70000;128;0;0;3075
880;88;9;70000;128;0;0;2928
881;89;0;70000;128;0;0;3309
882;89;1;70000;128;0;0;5241
883;89;2;70000;128;0;0;3561
884;89;3;70000;128;0;0;3183
885;89;4;70000;128;0;0;4776
886;89;5;70000;128;0;0;3303
887;89;6;70000;128;0;0;3085
888;89;7;70000;128;0;0;2902
889;89;8;70000;128;0;0;9602
890;89;9;70000;128;0;0;2992
891;90;0;70000;128;0;0;5835
892;90;1;70000;128;0;0;3861
893;90;2;70000;128;0;0;4494
894;90;3;70000;128;0;0;4482
895;90;4;70000;128;0;0;2982
896;90;5;70000;128;0;0;2946
897;90;6;70000;128;0;0;5289
898;90;7;70000;128;0;0;4143
899;90;8;70000;128;0;0;3909
900;90;9;70000;128;0;0;5481
901;91;0;70000;128;0;0;5510
902;91;1;70000;128;0;0;3666
903;91;2;70000;128;0;0;4410
904;91;3;70000;128;0;0;10400
905;91;4;70000;128;0;0;2838
906;91;5;70000;128;0;0;11174
907;91;6;70000;128;0;0;7068
908;91;7;70000;128;0;0;3484
909;91;8;70000;128;0;0;3264
910;91;9;70000;128;0;0;3264
911;92;0;70000;128;0;0;5610
912;92;1;70000;128;0;0;3825
913;92;2;70000;128;0;0;4296
914;92;3;70000;128;0;0;5379
915;92;4;70000;128;0;0;3618
916;92;5;70000;128;0;0;8169
917;92;6;70000;128;0;0;6279
918;92;7;70000;128;0;0;7182
919;92;8;70000;128;0;0;3018
920;92;9;70000;128;0;0;2868
921;93;0;70000;128;0;0;5220
922;93;1;70000;128;0;0;3285
923;93;2;70000;128;0;0;3714
924;93;3;70000;128;0;0;4500
925;93;4;70000;128;0;0;3888
926;93;5;70000;128;0;0;2898
927;93;6;70000;128;0;0;5265
928;93;7;70000;128;0;0;3447
929;93;8;70000;128;0;0;3432
930;93;9;70000;128;0;0;5247
931;94;0;70000;128;0;0;5046
932;94;1;70000;128;0;0;3480
933;94;2;70000;128;0;0;3897
934;94;3;70000;128;0;0;4269
935;94;4;70000;128;0;0;2871
936;94;5;70000;128;0;0;3762
937;94;6;70000;128;0;0;5012
938;94;7;70000;128;0;0;3138
939;94;8;70000;128;0;0;2878
940;94;9;70000;128;0;0;8544
941;95;0;70000;128;0;0;6102
942;95;1;70000;128;0;0;3792
943;95;2;70000;128;0;0;4390
944;95;3;70000;128;0;0;4758
945;95;4;70000;128;0;0;3010
946;95;5;70000;128;0;0;3066
947;95;6;70000;128;0;0;4690
948;95;7;70000;128;0;0;3108
949;95;8;70000;128;0;0;2706
950;95;9;70000;128;0;0;3676
951;96;0;70000;128;0;0;5661
952;96;1;70000;128;0;0;3484
953;96;2;70000;128;0;0;4186
954;96;3;70000;128;0;0;4586
955;96;4;70000;128;0;0;3456
956;96;5;70000;128;0;0;2916
957;96;6;70000;128;0;0;5356
958;96;7;70000;128;0;0;3506
959;96;8;70000;128;0;0;3260
960;96;9;70000;128;0;0;5337
961;97;0;70000;128;0;0;5580
962;97;1;70000;128;0;0;3507
963;97;2;70000;128;0;0;4047
964;97;3;70000;128;0;0;5328
965;97;4;70000;128;0;0;3546
966;97;5;70000;128;0;0;3393
967;97;6;70000;128;0;0;4752
968;97;7;70000;128;0;0;2841
969;97;8;70000;128;0;0;2880
970;97;9;70000;128;0;0;5316
971;98;0;70000;128;0;0;2988
972;98;1;70000;128;0;0;4875
973;98;2;70000;128;0;0;3204
974;98;3;70000;128;0;0;2853
975;98;4;70000;128;0;0;4869
976;98;5;70000;128;0;0;3129
977;98;6;70000;128;0;0;3222
978;98;7;70000;128;0;0;3144
979;98;8;70000;128;0;0;9645
980;98;9;70000;128;0;0;2860
981;99;0;70000;128;0;0;7964
982;99;1;70000;128;0;0;3532
983;99;2;70000;128;0;0;6876
984;99;3;70000;128;0;0;8346
985;99;4;70000;128;0;0;6204
986;99;5;70000;128;0;0;3318
987;99;6;70000;128;0;0;5691
988;99;7;70000;128;0;0;8886
989;99;8;70000;128;0;0;8214
990;99;9;70000;128;0;0;6642
991;100;0;70000;128;0;0;4792
992;100;1;70000;128;0;0;3228
993;100;2;70000;128;0;0;3012
994;100;3;70000;128;0;0;4608
995;100;4;70000;128;0;0;2914
996;100;5;70000;128;0;0;3054
997;100;6;70000;128;0;0;7293
998;100;7;70000;128;0;0;2928
999;100;8;70000;128;0;0;2757
1000;100;9;70000;128;0;0;4497
1001;101;0;70000;128;0;0;15321
1002;101;1;70000;128;0;0;3447
1003;101;2;70000;128;0;0;3447
1004;101;3;70000;128;0;0;3270
1005;101;4;70000;128;0;0;3420
1006;101;5;70000;128;0;0;3411
1007;101;6;70000;128;0;0;5304
1008;101;7;70000;128;0;0;3410
1009;101;8;70000;128;0;0;3468
1010;101;9;70000;128;0;0;5178
1011;102;0;70000;128;0;0;4674
1012;102;1;70000;128;0;0;2888
1013;102;2;70000;128;0;0;2904
1014;102;3;70000;128;0;0;4516
1015;102;4;70000;128;0;0;3060
1016;102;5;70000;128;0;0;3264
1017;102;6;70000;128;0;0;3550
1018;102;7;70000;128;0;0;4786
1019;102;8;70000;128;0;0;2948
1020;102;9;70000;128;0;0;4749
