1;1;0;75000;128;0;0;5.721000
2;2;0;75000;128;0;0;3.033000
3;3;0;75000;128;0;0;5.778000
4;4;0;75000;128;0;0;9.684000
5;5;0;75000;128;0;0;3.696000
6;6;0;75000;128;0;0;3.459000
7;7;0;75000;128;0;0;4.833000
8;8;0;75000;128;0;0;5.229000
9;9;0;75000;128;0;0;3.567000
10;10;0;75000;128;0;0;4.737000
11;11;0;75000;128;0;0;5.582000
12;12;0;75000;128;0;0;4.578000
13;13;0;75000;128;0;0;4.320000
14;14;0;75000;128;0;0;7.638000
15;15;0;75000;128;0;0;5.505000
16;16;0;75000;128;0;0;5.358000
17;17;0;75000;128;0;0;3.168000
18;18;0;75000;128;0;0;5.490000
19;19;0;75000;128;0;0;4.428000
20;20;0;75000;128;0;0;2.940000
21;21;0;75000;128;0;0;5.494000
22;22;0;75000;128;0;0;3.525000
23;23;0;75000;128;0;0;4.353000
24;24;0;75000;128;0;0;4.167000
25;25;0;75000;128;0;0;3.636000
26;26;0;75000;128;0;0;4.767000
27;27;0;75000;128;0;0;3.543000
28;28;0;75000;128;0;0;3.912000
29;29;0;75000;128;0;0;3.585000
30;30;0;75000;128;0;0;4.755000
31;31;0;75000;128;0;0;3.774000
32;32;0;75000;128;0;0;4.647000
33;33;0;75000;128;0;0;5.328000
34;34;0;75000;128;0;0;2.811000
35;35;0;75000;128;0;0;3.510000
36;36;0;75000;128;0;0;5.529000
37;37;0;75000;128;0;0;5.598000
38;38;0;75000;128;0;0;4.914000
39;39;0;75000;128;0;0;5.676000
40;40;0;75000;128;0;0;3.129000
41;41;0;75000;128;0;0;4.546000
42;42;0;75000;128;0;0;3.114000
43;43;0;75000;128;0;0;3.045000
44;44;0;75000;128;0;0;5.256000
45;45;0;75000;128;0;0;2.898000
46;46;0;75000;128;0;0;2.946000
47;47;0;75000;128;0;0;5.598000
48;48;0;75000;128;0;0;5.247000
49;49;0;75000;128;0;0;5.598000
50;50;0;75000;128;0;0;8.076000
51;51;0;75000;128;0;0;2.988000
52;52;0;75000;128;0;0;4.923000
53;53;0;75000;128;0;0;4.520000
54;54;0;75000;128;0;0;4.953000
55;55;0;75000;128;0;0;5.451000
56;56;0;75000;128;0;0;4.572000
57;57;0;75000;128;0;0;5.421000
58;58;0;75000;128;0;0;2.886000
59;59;0;75000;128;0;0;5.262000
60;60;0;75000;128;0;0;4.482000
61;61;0;75000;128;0;0;4.800000
62;62;0;75000;128;0;0;9.507000
63;63;0;75000;128;0;0;4.575000
64;64;0;75000;128;0;0;3.555000
65;65;0;75000;128;0;0;3.189000
66;66;0;75000;128;0;0;5.274000
67;67;0;75000;128;0;0;4.629000
68;68;0;75000;128;0;0;4.422000
69;69;0;75000;128;0;0;3.495000
70;70;0;75000;128;0;0;4.458000
71;71;0;75000;128;0;0;4.719000
72;72;0;75000;128;0;0;4.863000
73;73;0;75000;128;0;0;3.588000
74;74;0;75000;128;0;0;3.714000
75;75;0;75000;128;0;0;5.272000
76;76;0;75000;128;0;0;2.808000
77;77;0;75000;128;0;0;3.681000
78;78;0;75000;128;0;0;4.742000
79;79;0;75000;128;0;0;4.623000
80;80;0;75000;128;0;0;4.545000
81;81;0;75000;128;0;0;4.896000
82;82;0;75000;128;0;0;4.251000
83;83;0;75000;128;0;0;10.155000
84;84;0;75000;128;0;0;4.839000
85;85;0;75000;128;0;0;4.644000
86;86;0;75000;128;0;0;10.384000
87;87;0;75000;128;0;0;5.478000
88;88;0;75000;128;0;0;4.761000
89;89;0;75000;128;0;0;3.612000
90;90;0;75000;128;0;0;4.800000
91;91;0;75000;128;0;0;12.600000
92;92;0;75000;128;0;0;3.084000
93;93;0;75000;128;0;0;10.818000
94;94;0;75000;128;0;0;5.511000
95;95;0;75000;128;0;0;5.310000
96;96;0;75000;128;0;0;3.042000
97;97;0;75000;128;0;0;5.679000
98;98;0;75000;128;0;0;5.532000
99;99;0;75000;128;0;0;5.486000
100;100;0;75000;128;0;0;5.304000
101;101;0;75000;128;0;0;3.558000
102;102;0;75000;128;0;0;5.697000
103;103;0;75000;128;0;0;3.324000
104;104;0;75000;128;0;0;4.338000
105;105;0;75000;128;0;0;3.606000
106;106;0;75000;128;0;0;5.349000
107;107;0;75000;128;0;0;2.850000
108;108;0;75000;128;0;0;15.840000
109;109;0;75000;128;0;0;4.662000
110;110;0;75000;128;0;0;5.280000
111;111;0;75000;128;0;0;3.459000
112;112;0;75000;128;0;0;3.543000
113;113;0;75000;128;0;0;4.509000
114;114;0;75000;128;0;0;5.421000
115;115;0;75000;128;0;0;4.872000
116;116;0;75000;128;0;0;5.152000
117;117;0;75000;128;0;0;3.684000
118;118;0;75000;128;0;0;4.569000
119;119;0;75000;128;0;0;3.573000
120;120;0;75000;128;0;0;3.496000
121;121;0;75000;128;0;0;5.136000
122;122;0;75000;128;0;0;5.258000
123;123;0;75000;128;0;0;4.677000
124;124;0;75000;128;0;0;3.710000
125;125;0;75000;128;0;0;2.799000
126;126;0;75000;128;0;0;3.429000
127;127;0;75000;128;0;0;3.687000
128;128;0;75000;128;0;0;4.953000
129;129;0;75000;128;0;0;4.557000
130;130;0;75000;128;0;0;5.211000
131;131;0;75000;128;0;0;10.466000
132;132;0;75000;128;0;0;4.752000
133;133;0;75000;128;0;0;3.720000
134;134;0;75000;128;0;0;3.762000
135;135;0;75000;128;0;0;5.301000
136;136;0;75000;128;0;0;5.544000
137;137;0;75000;128;0;0;3.852000
138;138;0;75000;128;0;0;3.555000
139;139;0;75000;128;0;0;5.268000
140;140;0;75000;128;0;0;10.302000
141;141;0;75000;128;0;0;5.325000
142;142;0;75000;128;0;0;4.533000
143;143;0;75000;128;0;0;4.710000
144;144;0;75000;128;0;0;5.421000
145;145;0;75000;128;0;0;4.593000
146;146;0;75000;128;0;0;3.666000
147;147;0;75000;128;0;0;3.516000
148;148;0;75000;128;0;0;4.668000
149;149;0;75000;128;0;0;25.629000
150;150;0;75000;128;0;0;4.398000
151;151;0;75000;128;0;0;4.899000
152;152;0;75000;128;0;0;4.500000
153;153;0;75000;128;0;0;4.605000
154;154;0;75000;128;0;0;4.440000
155;155;0;75000;128;0;0;5.610000
156;156;0;75000;128;0;0;3.412000
157;157;0;75000;128;0;0;3.552000
158;158;0;75000;128;0;0;4.815000
159;159;0;75000;128;0;0;5.364000
160;160;0;75000;128;0;0;4.364000
161;161;0;75000;128;0;0;4.575000
162;162;0;75000;128;0;0;8.988000
163;163;0;75000;128;0;0;5.229000
164;164;0;75000;128;0;0;5.577000
165;165;0;75000;128;0;0;4.743000
166;166;0;75000;128;0;0;5.832000
167;167;0;75000;128;0;0;3.009000
168;168;0;75000;128;0;0;4.662000
169;169;0;75000;128;0;0;3.756000
170;170;0;75000;128;0;0;3.762000
171;171;0;75000;128;0;0;3.930000
172;172;0;75000;128;0;0;4.719000
173;173;0;75000;128;0;0;4.152000
174;174;0;75000;128;0;0;3.156000
175;175;0;75000;128;0;0;9.780000
176;176;0;75000;128;0;0;5.379000
177;177;0;75000;128;0;0;5.322000
178;178;0;75000;128;0;0;4.980000
179;179;0;75000;128;0;0;2.925000
180;180;0;75000;128;0;0;3.804000
181;181;0;75000;128;0;0;3.513000
182;182;0;75000;128;0;0;4.779000
183;183;0;75000;128;0;0;3.660000
184;184;0;75000;128;0;0;3.066000
185;185;0;75000;128;0;0;5.214000
186;186;0;75000;128;0;0;4.626000
187;187;0;75000;128;0;0;3.606000
188;188;0;75000;128;0;0;5.394000
189;189;0;75000;128;0;0;5.018000
190;190;0;75000;128;0;0;5.451000
191;191;0;75000;128;0;0;4.614000
192;192;0;75000;128;0;0;5.416000
193;193;0;75000;128;0;0;8.529000
194;194;0;75000;128;0;0;2.934000
195;195;0;75000;128;0;0;3.624000
196;196;0;75000;128;0;0;10.687000
197;197;0;75000;128;0;0;3.808000
198;198;0;75000;128;0;0;5.234000
199;199;0;75000;128;0;0;5.448000
200;200;0;75000;128;0;0;5.289000
201;201;0;75000;128;0;0;4.389000
202;202;0;75000;128;0;0;5.373000
203;203;0;75000;128;0;0;3.774000
204;204;0;75000;128;0;0;9.312000
205;205;0;75000;128;0;0;4.449000
206;206;0;75000;128;0;0;4.986000
207;207;0;75000;128;0;0;3.870000
208;208;0;75000;128;0;0;3.778000
209;209;0;75000;128;0;0;3.549000
210;210;0;75000;128;0;0;5.166000
211;211;0;75000;128;0;0;3.072000
212;212;0;75000;128;0;0;2.994000
213;213;0;75000;128;0;0;4.482000
214;214;0;75000;128;0;0;4.527000
215;215;0;75000;128;0;0;5.283000
216;216;0;75000;128;0;0;5.619000
217;217;0;75000;128;0;0;5.502000
218;218;0;75000;128;0;0;4.798000
219;219;0;75000;128;0;0;5.286000
220;220;0;75000;128;0;0;4.665000
221;221;0;75000;128;0;0;5.454000
222;222;0;75000;128;0;0;3.152000
223;223;0;75000;128;0;0;4.750000
224;224;0;75000;128;0;0;4.563000
225;225;0;75000;128;0;0;4.974000
226;226;0;75000;128;0;0;3.438000
227;227;0;75000;128;0;0;5.754000
228;228;0;75000;128;0;0;4.950000
229;229;0;75000;128;0;0;16.106000
230;230;0;75000;128;0;0;4.854000
231;231;0;75000;128;0;0;5.499000
232;232;0;75000;128;0;0;5.424000
233;233;0;75000;128;0;0;3.063000
234;234;0;75000;128;0;0;2.976000
235;235;0;75000;128;0;0;5.469000
236;236;0;75000;128;0;0;3.150000
237;237;0;75000;128;0;0;5.472000
238;238;0;75000;128;0;0;3.838000
239;239;0;75000;128;0;0;4.686000
240;240;0;75000;128;0;0;5.391000
241;241;0;75000;128;0;0;4.779000
242;242;0;75000;128;0;0;5.394000
243;243;0;75000;128;0;0;4.653000
244;244;0;75000;128;0;0;4.470000
245;245;0;75000;128;0;0;4.947000
246;246;0;75000;128;0;0;5.349000
247;247;0;75000;128;0;0;10.605000
248;248;0;75000;128;0;0;5.316000
249;249;0;75000;128;0;0;5.202000
250;250;0;75000;128;0;0;4.719000
251;251;0;75000;128;0;0;3.600000
252;252;0;75000;128;0;0;5.472000
253;253;0;75000;128;0;0;9.987000
254;254;0;75000;128;0;0;3.993000
255;255;0;75000;128;0;0;4.518000
256;256;0;75000;128;0;0;3.536000
257;257;0;75000;128;0;0;5.343000
258;258;0;75000;128;0;0;3.702000
259;259;0;75000;128;0;0;4.456000
260;260;0;75000;128;0;0;4.557000
261;261;0;75000;128;0;0;5.386000
262;262;0;75000;128;0;0;4.254000
263;263;0;75000;128;0;0;4.491000
264;264;0;75000;128;0;0;5.550000
265;265;0;75000;128;0;0;4.821000
266;266;0;75000;128;0;0;4.701000
267;267;0;75000;128;0;0;5.445000
268;268;0;75000;128;0;0;4.732000
269;269;0;75000;128;0;0;3.618000
270;270;0;75000;128;0;0;5.691000
271;271;0;75000;128;0;0;5.502000
272;272;0;75000;128;0;0;4.788000
273;273;0;75000;128;0;0;5.625000
274;274;0;75000;128;0;0;4.857000
275;275;0;75000;128;0;0;5.487000
276;276;0;75000;128;0;0;3.768000
277;277;0;75000;128;0;0;3.882000
278;278;0;75000;128;0;0;2.865000
279;279;0;75000;128;0;0;3.453000
280;280;0;75000;128;0;0;3.579000
281;281;0;75000;128;0;0;2.769000
282;282;0;75000;128;0;0;7.707000
283;283;0;75000;128;0;0;2.922000
284;284;0;75000;128;0;0;5.238000
285;285;0;75000;128;0;0;5.433000
286;286;0;75000;128;0;0;5.451000
287;287;0;75000;128;0;0;2.955000
288;288;0;75000;128;0;0;2.892000
289;289;0;75000;128;0;0;5.346000
290;290;0;75000;128;0;0;3.471000
291;291;0;75000;128;0;0;3.744000
292;292;0;75000;128;0;0;3.612000
293;293;0;75000;128;0;0;3.603000
294;294;0;75000;128;0;0;5.160000
295;295;0;75000;128;0;0;4.332000
296;296;0;75000;128;0;0;10.638000
297;297;0;75000;128;0;0;4.791000
298;298;0;75000;128;0;0;4.803000
299;299;0;75000;128;0;0;5.260000
300;300;0;75000;128;0;0;5.250000
301;301;0;75000;128;0;0;4.464000
302;302;0;75000;128;0;0;4.107000
303;303;0;75000;128;0;0;2.952000
304;304;0;75000;128;0;0;4.550000
305;305;0;75000;128;0;0;3.447000
306;306;0;75000;128;0;0;5.127000
307;307;0;75000;128;0;0;4.356000
308;308;0;75000;128;0;0;4.659000
309;309;0;75000;128;0;0;4.569000
310;310;0;75000;128;0;0;4.602000
311;311;0;75000;128;0;0;3.918000
312;312;0;75000;128;0;0;5.292000
313;313;0;75000;128;0;0;4.770000
314;314;0;75000;128;0;0;4.281000
315;315;0;75000;128;0;0;3.537000
316;316;0;75000;128;0;0;3.408000
317;317;0;75000;128;0;0;2.826000
318;318;0;75000;128;0;0;5.181000
319;319;0;75000;128;0;0;4.944000
320;320;0;75000;128;0;0;4.749000
321;321;0;75000;128;0;0;4.623000
322;322;0;75000;128;0;0;4.620000
323;323;0;75000;128;0;0;10.026000
324;324;0;75000;128;0;0;5.475000
325;325;0;75000;128;0;0;5.580000
326;326;0;75000;128;0;0;4.581000
327;327;0;75000;128;0;0;5.334000
328;328;0;75000;128;0;0;5.426000
329;329;0;75000;128;0;0;3.726000
330;330;0;75000;128;0;0;9.330000
331;331;0;75000;128;0;0;4.314000
332;332;0;75000;128;0;0;3.561000
333;333;0;75000;128;0;0;5.294000
334;334;0;75000;128;0;0;4.656000
335;335;0;75000;128;0;0;2.871000
336;336;0;75000;128;0;0;5.298000
337;337;0;75000;128;0;0;3.645000
338;338;0;75000;128;0;0;2.793000
339;339;0;75000;128;0;0;3.438000
340;340;0;75000;128;0;0;5.514000
341;341;0;75000;128;0;0;2.838000
342;342;0;75000;128;0;0;5.514000
343;343;0;75000;128;0;0;9.207000
344;344;0;75000;128;0;0;10.344000
345;345;0;75000;128;0;0;3.468000
346;346;0;75000;128;0;0;3.008000
347;347;0;75000;128;0;0;5.739000
348;348;0;75000;128;0;0;4.680000
349;349;0;75000;128;0;0;9.465000
350;350;0;75000;128;0;0;4.760000
351;351;0;75000;128;0;0;4.713000
352;352;0;75000;128;0;0;5.496000
353;353;0;75000;128;0;0;2.928000
354;354;0;75000;128;0;0;5.355000
355;355;0;75000;128;0;0;4.758000
356;356;0;75000;128;0;0;5.259000
357;357;0;75000;128;0;0;4.390000
358;358;0;75000;128;0;0;5.541000
359;359;0;75000;128;0;0;4.521000
360;360;0;75000;128;0;0;5.604000
361;361;0;75000;128;0;0;5.397000
362;362;0;75000;128;0;0;5.490000
363;363;0;75000;128;0;0;5.211000
364;364;0;75000;128;0;0;4.620000
365;365;0;75000;128;0;0;4.698000
366;366;0;75000;128;0;0;3.580000
367;367;0;75000;128;0;0;5.403000
368;368;0;75000;128;0;0;3.492000
369;369;0;75000;128;0;0;4.802000
370;370;0;75000;128;0;0;5.535000
371;371;0;75000;128;0;0;4.650000
372;372;0;75000;128;0;0;4.392000
373;373;0;75000;128;0;0;4.596000
374;374;0;75000;128;0;0;4.443000
375;375;0;75000;128;0;0;3.648000
376;376;0;75000;128;0;0;5.592000
377;377;0;75000;128;0;0;3.438000
378;378;0;75000;128;0;0;5.064000
379;379;0;75000;128;0;0;5.418000
380;380;0;75000;128;0;0;4.317000
381;381;0;75000;128;0;0;15.576000
382;382;0;75000;128;0;0;4.668000
383;383;0;75000;128;0;0;2.976000
384;384;0;75000;128;0;0;5.328000
385;385;0;75000;128;0;0;4.530000
386;386;0;75000;128;0;0;5.514000
387;387;0;75000;128;0;0;16.173000
388;388;0;75000;128;0;0;3.843000
389;389;0;75000;128;0;0;5.355000
390;390;0;75000;128;0;0;9.428000
391;391;0;75000;128;0;0;5.532000
392;392;0;75000;128;0;0;3.699000
393;393;0;75000;128;0;0;5.337000
394;394;0;75000;128;0;0;5.793000
395;395;0;75000;128;0;0;2.862000
396;396;0;75000;128;0;0;4.368000
397;397;0;75000;128;0;0;5.160000
398;398;0;75000;128;0;0;5.310000
399;399;0;75000;128;0;0;2.940000
400;400;0;75000;128;0;0;9.639000
401;401;0;75000;128;0;0;3.660000
402;402;0;75000;128;0;0;4.204000
403;403;0;75000;128;0;0;5.124000
404;404;0;75000;128;0;0;4.680000
405;405;0;75000;128;0;0;3.489000
406;406;0;75000;128;0;0;5.253000
407;407;0;75000;128;0;0;4.644000
408;408;0;75000;128;0;0;18.342000
409;409;0;75000;128;0;0;10.128000
410;410;0;75000;128;0;0;3.051000
411;411;0;75000;128;0;0;5.478000
412;412;0;75000;128;0;0;5.406000
413;413;0;75000;128;0;0;4.449000
414;414;0;75000;128;0;0;5.376000
415;415;0;75000;128;0;0;3.054000
416;416;0;75000;128;0;0;4.566000
417;417;0;75000;128;0;0;2.904000
418;418;0;75000;128;0;0;10.824000
419;419;0;75000;128;0;0;2.874000
420;420;0;75000;128;0;0;5.391000
421;421;0;75000;128;0;0;4.422000
422;422;0;75000;128;0;0;4.293000
423;423;0;75000;128;0;0;5.400000
424;424;0;75000;128;0;0;5.595000
425;425;0;75000;128;0;0;3.669000
426;426;0;75000;128;0;0;3.624000
427;427;0;75000;128;0;0;5.384000
428;428;0;75000;128;0;0;4.764000
429;429;0;75000;128;0;0;4.425000
430;430;0;75000;128;0;0;5.472000
431;431;0;75000;128;0;0;4.690000
432;432;0;75000;128;0;0;3.426000
433;433;0;75000;128;0;0;3.102000
434;434;0;75000;128;0;0;3.324000
435;435;0;75000;128;0;0;4.674000
436;436;0;75000;128;0;0;5.523000
437;437;0;75000;128;0;0;4.509000
438;438;0;75000;128;0;0;5.430000
439;439;0;75000;128;0;0;3.633000
440;440;0;75000;128;0;0;3.564000
441;441;0;75000;128;0;0;3.879000
442;442;0;75000;128;0;0;4.623000
443;443;0;75000;128;0;0;3.072000
444;444;0;75000;128;0;0;4.401000
445;445;0;75000;128;0;0;3.459000
446;446;0;75000;128;0;0;4.785000
447;447;0;75000;128;0;0;4.566000
448;448;0;75000;128;0;0;4.590000
449;449;0;75000;128;0;0;4.752000
450;450;0;75000;128;0;0;4.698000
451;451;0;75000;128;0;0;3.004000
452;452;0;75000;128;0;0;14.643000
453;453;0;75000;128;0;0;5.472000
454;454;0;75000;128;0;0;5.508000
455;455;0;75000;128;0;0;3.639000
456;456;0;75000;128;0;0;5.448000
457;457;0;75000;128;0;0;5.406000
458;458;0;75000;128;0;0;3.540000
459;459;0;75000;128;0;0;5.234000
460;460;0;75000;128;0;0;5.384000
461;461;0;75000;128;0;0;3.498000
462;462;0;75000;128;0;0;5.406000
463;463;0;75000;128;0;0;4.485000
464;464;0;75000;128;0;0;5.538000
465;465;0;75000;128;0;0;14.562000
466;466;0;75000;128;0;0;5.418000
467;467;0;75000;128;0;0;5.493000
468;468;0;75000;128;0;0;13.194000
469;469;0;75000;128;0;0;3.555000
470;470;0;75000;128;0;0;5.058000
471;471;0;75000;128;0;0;5.295000
472;472;0;75000;128;0;0;5.286000
473;473;0;75000;128;0;0;5.583000
474;474;0;75000;128;0;0;14.514000
475;475;0;75000;128;0;0;5.268000
476;476;0;75000;128;0;0;2.964000
477;477;0;75000;128;0;0;5.388000
478;478;0;75000;128;0;0;2.820000
479;479;0;75000;128;0;0;5.247000
480;480;0;75000;128;0;0;3.174000
481;481;0;75000;128;0;0;3.480000
482;482;0;75000;128;0;0;3.432000
483;483;0;75000;128;0;0;4.566000
484;484;0;75000;128;0;0;4.462000
485;485;0;75000;128;0;0;2.904000
486;486;0;75000;128;0;0;2.859000
487;487;0;75000;128;0;0;5.340000
488;488;0;75000;128;0;0;5.262000
489;489;0;75000;128;0;0;2.997000
490;490;0;75000;128;0;0;5.265000
491;491;0;75000;128;0;0;3.471000
492;492;0;75000;128;0;0;5.769000
493;493;0;75000;128;0;0;4.614000
494;494;0;75000;128;0;0;2.940000
495;495;0;75000;128;0;0;5.424000
496;496;0;75000;128;0;0;9.330000
497;497;0;75000;128;0;0;5.394000
498;498;0;75000;128;0;0;5.394000
499;499;0;75000;128;0;0;4.431000
500;500;0;75000;128;0;0;4.920000
501;501;0;75000;128;0;0;4.656000
502;502;0;75000;128;0;0;4.470000
503;503;0;75000;128;0;0;4.782000
504;504;0;75000;128;0;0;3.528000
505;505;0;75000;128;0;0;8.664000
506;506;0;75000;128;0;0;11.427000
507;507;0;75000;128;0;0;5.592000
508;508;0;75000;128;0;0;4.353000
509;509;0;75000;128;0;0;4.260000
510;510;0;75000;128;0;0;5.016000
511;511;0;75000;128;0;0;4.467000
512;512;0;75000;128;0;0;2.901000
513;513;0;75000;128;0;0;5.506000
514;514;0;75000;128;0;0;5.481000
515;515;0;75000;128;0;0;5.121000
516;516;0;75000;128;0;0;4.491000
517;517;0;75000;128;0;0;5.172000
518;518;0;75000;128;0;0;3.435000
519;519;0;75000;128;0;0;29.406000
520;520;0;75000;128;0;0;4.020000
521;521;0;75000;128;0;0;3.408000
522;522;0;75000;128;0;0;15.777000
523;523;0;75000;128;0;0;5.379000
524;524;0;75000;128;0;0;3.543000
525;525;0;75000;128;0;0;5.982000
526;526;0;75000;128;0;0;4.761000
527;527;0;75000;128;0;0;4.878000
528;528;0;75000;128;0;0;3.555000
529;529;0;75000;128;0;0;4.530000
530;530;0;75000;128;0;0;4.836000
531;531;0;75000;128;0;0;3.963000
532;532;0;75000;128;0;0;5.373000
533;533;0;75000;128;0;0;5.451000
534;534;0;75000;128;0;0;4.614000
535;535;0;75000;128;0;0;3.422000
536;536;0;75000;128;0;0;5.634000
537;537;0;75000;128;0;0;3.628000
538;538;0;75000;128;0;0;5.318000
539;539;0;75000;128;0;0;10.966000
540;540;0;75000;128;0;0;4.854000
541;541;0;75000;128;0;0;5.052000
542;542;0;75000;128;0;0;3.312000
543;543;0;75000;128;0;0;5.685000
544;544;0;75000;128;0;0;4.149000
545;545;0;75000;128;0;0;3.966000
546;546;0;75000;128;0;0;3.858000
547;547;0;75000;128;0;0;5.655000
548;548;0;75000;128;0;0;3.168000
549;549;0;75000;128;0;0;5.631000
550;550;0;75000;128;0;0;2.955000
551;551;0;75000;128;0;0;4.086000
552;552;0;75000;128;0;0;3.795000
553;553;0;75000;128;0;0;4.836000
554;554;0;75000;128;0;0;7.602000
555;555;0;75000;128;0;0;5.280000
556;556;0;75000;128;0;0;3.880000
557;557;0;75000;128;0;0;3.216000
558;558;0;75000;128;0;0;9.198000
559;559;0;75000;128;0;0;4.473000
560;560;0;75000;128;0;0;5.370000
561;561;0;75000;128;0;0;5.448000
562;562;0;75000;128;0;0;5.271000
563;563;0;75000;128;0;0;5.283000
564;564;0;75000;128;0;0;4.224000
565;565;0;75000;128;0;0;5.598000
566;566;0;75000;128;0;0;2.793000
567;567;0;75000;128;0;0;5.460000
568;568;0;75000;128;0;0;5.403000
569;569;0;75000;128;0;0;5.331000
570;570;0;75000;128;0;0;3.672000
571;571;0;75000;128;0;0;4.635000
572;572;0;75000;128;0;0;9.885000
573;573;0;75000;128;0;0;3.532000
574;574;0;75000;128;0;0;3.561000
575;575;0;75000;128;0;0;4.785000
576;576;0;75000;128;0;0;5.256000
577;577;0;75000;128;0;0;5.475000
578;578;0;75000;128;0;0;3.669000
579;579;0;75000;128;0;0;9.528000
580;580;0;75000;128;0;0;4.638000
581;581;0;75000;128;0;0;5.634000
582;582;0;75000;128;0;0;5.316000
583;583;0;75000;128;0;0;4.713000
584;584;0;75000;128;0;0;3.438000
585;585;0;75000;128;0;0;9.843000
586;586;0;75000;128;0;0;16.098000
587;587;0;75000;128;0;0;4.737000
588;588;0;75000;128;0;0;3.009000
589;589;0;75000;128;0;0;4.305000
590;590;0;75000;128;0;0;3.141000
591;591;0;75000;128;0;0;3.462000
592;592;0;75000;128;0;0;4.884000
593;593;0;75000;128;0;0;5.142000
594;594;0;75000;128;0;0;5.199000
595;595;0;75000;128;0;0;4.731000
596;596;0;75000;128;0;0;4.914000
597;597;0;75000;128;0;0;3.918000
598;598;0;75000;128;0;0;3.054000
599;599;0;75000;128;0;0;5.541000
600;600;0;75000;128;0;0;4.563000
601;601;0;75000;128;0;0;5.223000
602;602;0;75000;128;0;0;4.644000
603;603;0;75000;128;0;0;5.358000
604;604;0;75000;128;0;0;3.645000
605;605;0;75000;128;0;0;4.551000
606;606;0;75000;128;0;0;5.368000
607;607;0;75000;128;0;0;3.514000
608;608;0;75000;128;0;0;5.502000
609;609;0;75000;128;0;0;3.024000
610;610;0;75000;128;0;0;5.322000
611;611;0;75000;128;0;0;5.319000
612;612;0;75000;128;0;0;5.644000
613;613;0;75000;128;0;0;2.907000
614;614;0;75000;128;0;0;10.281000
615;615;0;75000;128;0;0;3.429000
616;616;0;75000;128;0;0;16.194000
617;617;0;75000;128;0;0;4.644000
618;618;0;75000;128;0;0;5.502000
619;619;0;75000;128;0;0;5.388000
620;620;0;75000;128;0;0;10.671000
621;621;0;75000;128;0;0;3.438000
622;622;0;75000;128;0;0;4.467000
623;623;0;75000;128;0;0;3.855000
624;624;0;75000;128;0;0;4.806000
625;625;0;75000;128;0;0;2.922000
626;626;0;75000;128;0;0;3.552000
627;627;0;75000;128;0;0;3.588000
628;628;0;75000;128;0;0;2.961000
629;629;0;75000;128;0;0;5.406000
630;630;0;75000;128;0;0;10.514000
631;631;0;75000;128;0;0;3.618000
632;632;0;75000;128;0;0;4.482000
633;633;0;75000;128;0;0;3.438000
634;634;0;75000;128;0;0;4.575000
635;635;0;75000;128;0;0;2.943000
636;636;0;75000;128;0;0;2.835000
637;637;0;75000;128;0;0;12.855000
638;638;0;75000;128;0;0;4.242000
639;639;0;75000;128;0;0;5.376000
640;640;0;75000;128;0;0;3.549000
641;641;0;75000;128;0;0;5.424000
642;642;0;75000;128;0;0;5.475000
643;643;0;75000;128;0;0;4.719000
644;644;0;75000;128;0;0;4.647000
645;645;0;75000;128;0;0;5.574000
646;646;0;75000;128;0;0;4.740000
647;647;0;75000;128;0;0;5.409000
648;648;0;75000;128;0;0;4.584000
649;649;0;75000;128;0;0;5.322000
650;650;0;75000;128;0;0;5.334000
651;651;0;75000;128;0;0;5.313000
652;652;0;75000;128;0;0;5.266000
653;653;0;75000;128;0;0;5.682000
654;654;0;75000;128;0;0;3.792000
655;655;0;75000;128;0;0;9.285000
656;656;0;75000;128;0;0;9.442000
657;657;0;75000;128;0;0;5.370000
658;658;0;75000;128;0;0;5.160000
659;659;0;75000;128;0;0;3.765000
660;660;0;75000;128;0;0;12.990000
661;661;0;75000;128;0;0;3.614000
662;662;0;75000;128;0;0;4.761000
663;663;0;75000;128;0;0;5.445000
664;664;0;75000;128;0;0;4.707000
665;665;0;75000;128;0;0;8.412000
666;666;0;75000;128;0;0;4.680000
667;667;0;75000;128;0;0;3.056000
668;668;0;75000;128;0;0;4.581000
669;669;0;75000;128;0;0;3.426000
670;670;0;75000;128;0;0;3.933000
671;671;0;75000;128;0;0;4.509000
672;672;0;75000;128;0;0;5.301000
673;673;0;75000;128;0;0;4.449000
674;674;0;75000;128;0;0;13.380000
675;675;0;75000;128;0;0;5.476000
676;676;0;75000;128;0;0;4.752000
677;677;0;75000;128;0;0;4.353000
678;678;0;75000;128;0;0;5.592000
679;679;0;75000;128;0;0;3.910000
680;680;0;75000;128;0;0;5.268000
681;681;0;75000;128;0;0;5.325000
682;682;0;75000;128;0;0;3.753000
683;683;0;75000;128;0;0;5.342000
684;684;0;75000;128;0;0;2.922000
685;685;0;75000;128;0;0;4.467000
686;686;0;75000;128;0;0;4.503000
687;687;0;75000;128;0;0;15.450000
688;688;0;75000;128;0;0;7.878000
689;689;0;75000;128;0;0;4.671000
690;690;0;75000;128;0;0;4.029000
691;691;0;75000;128;0;0;3.921000
692;692;0;75000;128;0;0;5.505000
693;693;0;75000;128;0;0;3.624000
694;694;0;75000;128;0;0;3.615000
695;695;0;75000;128;0;0;3.699000
696;696;0;75000;128;0;0;4.437000
697;697;0;75000;128;0;0;3.627000
698;698;0;75000;128;0;0;5.274000
699;699;0;75000;128;0;0;4.662000
700;700;0;75000;128;0;0;5.577000
701;701;0;75000;128;0;0;5.522000
702;702;0;75000;128;0;0;5.085000
703;703;0;75000;128;0;0;3.927000
704;704;0;75000;128;0;0;5.025000
705;705;0;75000;128;0;0;5.445000
706;706;0;75000;128;0;0;13.878000
707;707;0;75000;128;0;0;3.003000
708;708;0;75000;128;0;0;5.628000
709;709;0;75000;128;0;0;4.800000
710;710;0;75000;128;0;0;3.528000
711;711;0;75000;128;0;0;3.552000
712;712;0;75000;128;0;0;4.752000
713;713;0;75000;128;0;0;9.681000
714;714;0;75000;128;0;0;5.523000
715;715;0;75000;128;0;0;4.701000
716;716;0;75000;128;0;0;4.431000
717;717;0;75000;128;0;0;5.406000
718;718;0;75000;128;0;0;10.107000
719;719;0;75000;128;0;0;2.892000
720;720;0;75000;128;0;0;6.261000
721;721;0;75000;128;0;0;5.466000
722;722;0;75000;128;0;0;4.413000
723;723;0;75000;128;0;0;3.126000
724;724;0;75000;128;0;0;5.457000
725;725;0;75000;128;0;0;3.192000
726;726;0;75000;128;0;0;5.463000
727;727;0;75000;128;0;0;5.418000
728;728;0;75000;128;0;0;4.854000
729;729;0;75000;128;0;0;5.088000
730;730;0;75000;128;0;0;3.702000
731;731;0;75000;128;0;0;5.865000
732;732;0;75000;128;0;0;3.450000
733;733;0;75000;128;0;0;3.394000
734;734;0;75000;128;0;0;5.172000
735;735;0;75000;128;0;0;3.513000
736;736;0;75000;128;0;0;3.660000
737;737;0;75000;128;0;0;4.848000
738;738;0;75000;128;0;0;3.846000
739;739;0;75000;128;0;0;9.012000
740;740;0;75000;128;0;0;5.244000
741;741;0;75000;128;0;0;4.581000
742;742;0;75000;128;0;0;5.022000
743;743;0;75000;128;0;0;3.450000
744;744;0;75000;128;0;0;5.544000
745;745;0;75000;128;0;0;3.528000
746;746;0;75000;128;0;0;5.424000
747;747;0;75000;128;0;0;5.706000
748;748;0;75000;128;0;0;5.205000
749;749;0;75000;128;0;0;5.508000
750;750;0;75000;128;0;0;5.556000
751;751;0;75000;128;0;0;3.519000
752;752;0;75000;128;0;0;5.241000
753;753;0;75000;128;0;0;4.725000
754;754;0;75000;128;0;0;5.802000
755;755;0;75000;128;0;0;3.003000
756;756;0;75000;128;0;0;4.737000
757;757;0;75000;128;0;0;5.502000
758;758;0;75000;128;0;0;5.187000
759;759;0;75000;128;0;0;2.970000
760;760;0;75000;128;0;0;5.886000
761;761;0;75000;128;0;0;5.406000
762;762;0;75000;128;0;0;5.352000
763;763;0;75000;128;0;0;5.496000
764;764;0;75000;128;0;0;4.887000
765;765;0;75000;128;0;0;4.707000
766;766;0;75000;128;0;0;5.462000
767;767;0;75000;128;0;0;10.419000
768;768;0;75000;128;0;0;4.632000
769;769;0;75000;128;0;0;2.814000
770;770;0;75000;128;0;0;4.964000
771;771;0;75000;128;0;0;24.504000
772;772;0;75000;128;0;0;3.054000
773;773;0;75000;128;0;0;4.707000
774;774;0;75000;128;0;0;3.093000
775;775;0;75000;128;0;0;2.931000
776;776;0;75000;128;0;0;5.378000
777;777;0;75000;128;0;0;5.298000
778;778;0;75000;128;0;0;2.697000
779;779;0;75000;128;0;0;4.890000
780;780;0;75000;128;0;0;5.064000
781;781;0;75000;128;0;0;3.480000
782;782;0;75000;128;0;0;3.534000
783;783;0;75000;128;0;0;5.430000
784;784;0;75000;128;0;0;4.623000
785;785;0;75000;128;0;0;5.292000
786;786;0;75000;128;0;0;2.985000
787;787;0;75000;128;0;0;5.187000
788;788;0;75000;128;0;0;3.390000
789;789;0;75000;128;0;0;4.350000
790;790;0;75000;128;0;0;5.202000
791;791;0;75000;128;0;0;2.913000
792;792;0;75000;128;0;0;4.932000
793;793;0;75000;128;0;0;3.735000
794;794;0;75000;128;0;0;4.599000
795;795;0;75000;128;0;0;3.039000
796;796;0;75000;128;0;0;5.205000
797;797;0;75000;128;0;0;4.692000
798;798;0;75000;128;0;0;5.754000
799;799;0;75000;128;0;0;4.545000
800;800;0;75000;128;0;0;5.304000
801;801;0;75000;128;0;0;3.516000
802;802;0;75000;128;0;0;5.310000
803;803;0;75000;128;0;0;4.758000
804;804;0;75000;128;0;0;5.481000
805;805;0;75000;128;0;0;4.731000
806;806;0;75000;128;0;0;5.514000
807;807;0;75000;128;0;0;4.839000
808;808;0;75000;128;0;0;4.479000
809;809;0;75000;128;0;0;2.976000
810;810;0;75000;128;0;0;5.439000
811;811;0;75000;128;0;0;5.358000
812;812;0;75000;128;0;0;4.665000
813;813;0;75000;128;0;0;4.692000
814;814;0;75000;128;0;0;5.430000
815;815;0;75000;128;0;0;9.876000
816;816;0;75000;128;0;0;10.734000
817;817;0;75000;128;0;0;10.596000
818;818;0;75000;128;0;0;5.708000
819;819;0;75000;128;0;0;3.486000
820;820;0;75000;128;0;0;3.084000
821;821;0;75000;128;0;0;3.039000
822;822;0;75000;128;0;0;3.465000
823;823;0;75000;128;0;0;5.746000
824;824;0;75000;128;0;0;5.325000
825;825;0;75000;128;0;0;5.256000
826;826;0;75000;128;0;0;4.698000
827;827;0;75000;128;0;0;3.753000
828;828;0;75000;128;0;0;4.818000
829;829;0;75000;128;0;0;4.512000
830;830;0;75000;128;0;0;2.982000
831;831;0;75000;128;0;0;6.795000
832;832;0;75000;128;0;0;4.785000
833;833;0;75000;128;0;0;4.950000
834;834;0;75000;128;0;0;10.272000
835;835;0;75000;128;0;0;10.416000
836;836;0;75000;128;0;0;4.578000
837;837;0;75000;128;0;0;4.857000
838;838;0;75000;128;0;0;3.382000
839;839;0;75000;128;0;0;9.594000
840;840;0;75000;128;0;0;3.573000
841;841;0;75000;128;0;0;5.319000
842;842;0;75000;128;0;0;5.310000
843;843;0;75000;128;0;0;3.522000
844;844;0;75000;128;0;0;4.707000
845;845;0;75000;128;0;0;2.919000
846;846;0;75000;128;0;0;5.925000
847;847;0;75000;128;0;0;3.723000
848;848;0;75000;128;0;0;4.962000
849;849;0;75000;128;0;0;3.513000
850;850;0;75000;128;0;0;9.546000
851;851;0;75000;128;0;0;3.410000
852;852;0;75000;128;0;0;5.223000
853;853;0;75000;128;0;0;4.410000
854;854;0;75000;128;0;0;10.212000
855;855;0;75000;128;0;0;5.226000
856;856;0;75000;128;0;0;4.260000
857;857;0;75000;128;0;0;5.718000
858;858;0;75000;128;0;0;5.028000
859;859;0;75000;128;0;0;3.276000
860;860;0;75000;128;0;0;5.238000
861;861;0;75000;128;0;0;13.086000
862;862;0;75000;128;0;0;5.583000
863;863;0;75000;128;0;0;9.030000
864;864;0;75000;128;0;0;4.443000
865;865;0;75000;128;0;0;7.218000
866;866;0;75000;128;0;0;4.812000
867;867;0;75000;128;0;0;2.844000
868;868;0;75000;128;0;0;3.494000
869;869;0;75000;128;0;0;9.456000
870;870;0;75000;128;0;0;2.877000
871;871;0;75000;128;0;0;4.449000
872;872;0;75000;128;0;0;10.500000
873;873;0;75000;128;0;0;2.736000
874;874;0;75000;128;0;0;4.584000
875;875;0;75000;128;0;0;3.813000
876;876;0;75000;128;0;0;5.676000
877;877;0;75000;128;0;0;4.821000
878;878;0;75000;128;0;0;3.486000
879;879;0;75000;128;0;0;3.360000
880;880;0;75000;128;0;0;10.833000
881;881;0;75000;128;0;0;3.165000
882;882;0;75000;128;0;0;4.584000
883;883;0;75000;128;0;0;3.009000
884;884;0;75000;128;0;0;3.050000
885;885;0;75000;128;0;0;5.616000
886;886;0;75000;128;0;0;3.519000
887;887;0;75000;128;0;0;3.117000
888;888;0;75000;128;0;0;5.517000
889;889;0;75000;128;0;0;4.623000
890;890;0;75000;128;0;0;3.342000
891;891;0;75000;128;0;0;3.525000
892;892;0;75000;128;0;0;4.998000
893;893;0;75000;128;0;0;5.434000
894;894;0;75000;128;0;0;5.448000
895;895;0;75000;128;0;0;3.679000
896;896;0;75000;128;0;0;8.271000
897;897;0;75000;128;0;0;5.331000
898;898;0;75000;128;0;0;4.713000
899;899;0;75000;128;0;0;4.887000
900;900;0;75000;128;0;0;5.181000
901;901;0;75000;128;0;0;10.881000
902;902;0;75000;128;0;0;3.774000
903;903;0;75000;128;0;0;4.320000
904;904;0;75000;128;0;0;4.672000
905;905;0;75000;128;0;0;3.030000
906;906;0;75000;128;0;0;4.713000
907;907;0;75000;128;0;0;5.700000
908;908;0;75000;128;0;0;5.226000
909;909;0;75000;128;0;0;4.839000
910;910;0;75000;128;0;0;5.358000
911;911;0;75000;128;0;0;5.181000
912;912;0;75000;128;0;0;15.291000
913;913;0;75000;128;0;0;4.437000
914;914;0;75000;128;0;0;5.844000
915;915;0;75000;128;0;0;5.061000
916;916;0;75000;128;0;0;3.414000
917;917;0;75000;128;0;0;5.096000
918;918;0;75000;128;0;0;2.871000
919;919;0;75000;128;0;0;3.042000
920;920;0;75000;128;0;0;4.608000
921;921;0;75000;128;0;0;3.429000
922;922;0;75000;128;0;0;15.642000
923;923;0;75000;128;0;0;4.677000
924;924;0;75000;128;0;0;5.277000
925;925;0;75000;128;0;0;4.380000
926;926;0;75000;128;0;0;4.809000
927;927;0;75000;128;0;0;10.395000
928;928;0;75000;128;0;0;5.334000
929;929;0;75000;128;0;0;4.335000
930;930;0;75000;128;0;0;5.523000
931;931;0;75000;128;0;0;5.442000
932;932;0;75000;128;0;0;5.610000
933;933;0;75000;128;0;0;5.204000
934;934;0;75000;128;0;0;5.340000
935;935;0;75000;128;0;0;4.456000
936;936;0;75000;128;0;0;3.513000
937;937;0;75000;128;0;0;4.942000
938;938;0;75000;128;0;0;5.436000
939;939;0;75000;128;0;0;5.433000
940;940;0;75000;128;0;0;5.301000
941;941;0;75000;128;0;0;5.568000
942;942;0;75000;128;0;0;4.839000
943;943;0;75000;128;0;0;5.430000
944;944;0;75000;128;0;0;5.079000
945;945;0;75000;128;0;0;3.945000
946;946;0;75000;128;0;0;3.453000
947;947;0;75000;128;0;0;4.050000
948;948;0;75000;128;0;0;3.606000
949;949;0;75000;128;0;0;5.560000
950;950;0;75000;128;0;0;3.465000
951;951;0;75000;128;0;0;5.481000
952;952;0;75000;128;0;0;5.373000
953;953;0;75000;128;0;0;3.471000
954;954;0;75000;128;0;0;3.552000
955;955;0;75000;128;0;0;5.472000
956;956;0;75000;128;0;0;4.560000
957;957;0;75000;128;0;0;5.583000
958;958;0;75000;128;0;0;5.409000
959;959;0;75000;128;0;0;5.298000
960;960;0;75000;128;0;0;4.908000
961;961;0;75000;128;0;0;4.788000
962;962;0;75000;128;0;0;2.985000
963;963;0;75000;128;0;0;4.296000
964;964;0;75000;128;0;0;2.940000
965;965;0;75000;128;0;0;5.175000
966;966;0;75000;128;0;0;4.941000
967;967;0;75000;128;0;0;3.513000
968;968;0;75000;128;0;0;4.788000
969;969;0;75000;128;0;0;4.644000
970;970;0;75000;128;0;0;5.400000
971;971;0;75000;128;0;0;4.419000
972;972;0;75000;128;0;0;3.597000
973;973;0;75000;128;0;0;3.132000
974;974;0;75000;128;0;0;4.377000
975;975;0;75000;128;0;0;3.819000
976;976;0;75000;128;0;0;3.687000
977;977;0;75000;128;0;0;5.541000
978;978;0;75000;128;0;0;5.259000
979;979;0;75000;128;0;0;3.192000
980;980;0;75000;128;0;0;5.400000
981;981;0;75000;128;0;0;4.830000
982;982;0;75000;128;0;0;4.068000
983;983;0;75000;128;0;0;3.744000
984;984;0;75000;128;0;0;4.785000
985;985;0;75000;128;0;0;4.683000
986;986;0;75000;128;0;0;10.092000
987;987;0;75000;128;0;0;5.490000
988;988;0;75000;128;0;0;10.274000
989;989;0;75000;128;0;0;4.860000
990;990;0;75000;128;0;0;4.665000
991;991;0;75000;128;0;0;5.586000
992;992;0;75000;128;0;0;3.861000
993;993;0;75000;128;0;0;3.132000
994;994;0;75000;128;0;0;3.300000
995;995;0;75000;128;0;0;3.693000
996;996;0;75000;128;0;0;5.622000
997;997;0;75000;128;0;0;2.985000
998;998;0;75000;128;0;0;3.016000
999;999;0;75000;128;0;0;2.967000
1000;1000;0;75000;128;0;0;4.731000
