1;1;0;50000;128;0;0;4.098000
2;2;0;50000;128;0;0;5.760000
3;3;0;50000;128;0;0;5.541000
4;4;0;50000;128;0;0;5.457000
5;5;0;50000;128;0;0;5.502000
6;6;0;50000;128;0;0;5.403000
7;7;0;50000;128;0;0;4.767000
8;8;0;50000;128;0;0;4.671000
9;9;0;50000;128;0;0;3.486000
10;10;0;50000;128;0;0;4.872000
11;11;0;50000;128;0;0;5.481000
12;12;0;50000;128;0;0;4.866000
13;13;0;50000;128;0;0;4.680000
14;14;0;50000;128;0;0;5.466000
15;15;0;50000;128;0;0;5.478000
16;16;0;50000;128;0;0;4.778000
17;17;0;50000;128;0;0;9.627000
18;18;0;50000;128;0;0;4.551000
19;19;0;50000;128;0;0;4.712000
20;20;0;50000;128;0;0;3.312000
21;21;0;50000;128;0;0;10.530000
22;22;0;50000;128;0;0;5.259000
23;23;0;50000;128;0;0;4.491000
24;24;0;50000;128;0;0;5.049000
25;25;0;50000;128;0;0;5.235000
26;26;0;50000;128;0;0;5.715000
27;27;0;50000;128;0;0;5.499000
28;28;0;50000;128;0;0;3.783000
29;29;0;50000;128;0;0;5.469000
30;30;0;50000;128;0;0;4.593000
31;31;0;50000;128;0;0;4.650000
32;32;0;50000;128;0;0;5.235000
33;33;0;50000;128;0;0;3.798000
34;34;0;50000;128;0;0;5.652000
35;35;0;50000;128;0;0;4.974000
36;36;0;50000;128;0;0;10.089000
37;37;0;50000;128;0;0;2.967000
38;38;0;50000;128;0;0;5.391000
39;39;0;50000;128;0;0;3.555000
40;40;0;50000;128;0;0;5.300000
41;41;0;50000;128;0;0;4.245000
42;42;0;50000;128;0;0;9.903000
43;43;0;50000;128;0;0;4.146000
44;44;0;50000;128;0;0;4.623000
45;45;0;50000;128;0;0;4.602000
46;46;0;50000;128;0;0;5.469000
47;47;0;50000;128;0;0;10.020000
48;48;0;50000;128;0;0;5.097000
49;49;0;50000;128;0;0;5.178000
50;50;0;50000;128;0;0;5.031000
51;51;0;50000;128;0;0;5.460000
52;52;0;50000;128;0;0;10.554000
53;53;0;50000;128;0;0;4.935000
54;54;0;50000;128;0;0;5.241000
55;55;0;50000;128;0;0;4.593000
56;56;0;50000;128;0;0;3.267000
57;57;0;50000;128;0;0;3.477000
58;58;0;50000;128;0;0;3.150000
59;59;0;50000;128;0;0;5.526000
60;60;0;50000;128;0;0;5.520000
61;61;0;50000;128;0;0;2.952000
62;62;0;50000;128;0;0;4.932000
63;63;0;50000;128;0;0;5.538000
64;64;0;50000;128;0;0;3.618000
65;65;0;50000;128;0;0;4.635000
66;66;0;50000;128;0;0;5.565000
67;67;0;50000;128;0;0;5.400000
68;68;0;50000;128;0;0;5.474000
69;69;0;50000;128;0;0;5.568000
70;70;0;50000;128;0;0;5.442000
71;71;0;50000;128;0;0;4.872000
72;72;0;50000;128;0;0;5.438000
73;73;0;50000;128;0;0;10.305000
74;74;0;50000;128;0;0;3.471000
75;75;0;50000;128;0;0;3.900000
76;76;0;50000;128;0;0;4.650000
77;77;0;50000;128;0;0;5.202000
78;78;0;50000;128;0;0;10.695000
79;79;0;50000;128;0;0;3.110000
80;80;0;50000;128;0;0;9.783000
81;81;0;50000;128;0;0;4.632000
82;82;0;50000;128;0;0;4.179000
83;83;0;50000;128;0;0;9.462000
84;84;0;50000;128;0;0;5.247000
85;85;0;50000;128;0;0;5.562000
86;86;0;50000;128;0;0;5.187000
87;87;0;50000;128;0;0;2.864000
88;88;0;50000;128;0;0;4.410000
89;89;0;50000;128;0;0;4.776000
90;90;0;50000;128;0;0;5.202000
91;91;0;50000;128;0;0;5.535000
92;92;0;50000;128;0;0;4.266000
93;93;0;50000;128;0;0;4.680000
94;94;0;50000;128;0;0;5.379000
95;95;0;50000;128;0;0;3.612000
96;96;0;50000;128;0;0;4.566000
97;97;0;50000;128;0;0;5.055000
98;98;0;50000;128;0;0;4.692000
99;99;0;50000;128;0;0;5.478000
100;100;0;50000;128;0;0;4.894000
101;101;0;50000;128;0;0;5.472000
102;102;0;50000;128;0;0;10.314000
103;103;0;50000;128;0;0;3.519000
104;104;0;50000;128;0;0;5.622000
105;105;0;50000;128;0;0;3.546000
106;106;0;50000;128;0;0;5.676000
107;107;0;50000;128;0;0;4.641000
108;108;0;50000;128;0;0;4.872000
109;109;0;50000;128;0;0;4.680000
110;110;0;50000;128;0;0;5.613000
111;111;0;50000;128;0;0;5.400000
112;112;0;50000;128;0;0;4.332000
113;113;0;50000;128;0;0;5.604000
114;114;0;50000;128;0;0;3.021000
115;115;0;50000;128;0;0;5.463000
116;116;0;50000;128;0;0;5.373000
117;117;0;50000;128;0;0;5.211000
118;118;0;50000;128;0;0;3.456000
119;119;0;50000;128;0;0;5.436000
120;120;0;50000;128;0;0;5.427000
121;121;0;50000;128;0;0;10.134000
122;122;0;50000;128;0;0;4.599000
123;123;0;50000;128;0;0;4.746000
124;124;0;50000;128;0;0;3.411000
125;125;0;50000;128;0;0;5.550000
126;126;0;50000;128;0;0;4.605000
127;127;0;50000;128;0;0;3.621000
128;128;0;50000;128;0;0;4.398000
129;129;0;50000;128;0;0;3.588000
130;130;0;50000;128;0;0;3.669000
131;131;0;50000;128;0;0;4.539000
132;132;0;50000;128;0;0;3.652000
133;133;0;50000;128;0;0;10.366000
134;134;0;50000;128;0;0;4.491000
135;135;0;50000;128;0;0;4.632000
136;136;0;50000;128;0;0;3.117000
137;137;0;50000;128;0;0;3.657000
138;138;0;50000;128;0;0;5.298000
139;139;0;50000;128;0;0;4.686000
140;140;0;50000;128;0;0;2.980000
141;141;0;50000;128;0;0;9.207000
142;142;0;50000;128;0;0;5.511000
143;143;0;50000;128;0;0;4.545000
144;144;0;50000;128;0;0;5.238000
145;145;0;50000;128;0;0;4.803000
146;146;0;50000;128;0;0;15.759000
147;147;0;50000;128;0;0;4.674000
148;148;0;50000;128;0;0;2.961000
149;149;0;50000;128;0;0;5.565000
150;150;0;50000;128;0;0;4.820000
151;151;0;50000;128;0;0;3.888000
152;152;0;50000;128;0;0;4.959000
153;153;0;50000;128;0;0;3.111000
154;154;0;50000;128;0;0;5.422000
155;155;0;50000;128;0;0;4.894000
156;156;0;50000;128;0;0;5.508000
157;157;0;50000;128;0;0;4.620000
158;158;0;50000;128;0;0;4.746000
159;159;0;50000;128;0;0;7.440000
160;160;0;50000;128;0;0;6.351000
161;161;0;50000;128;0;0;5.310000
162;162;0;50000;128;0;0;5.142000
163;163;0;50000;128;0;0;5.475000
164;164;0;50000;128;0;0;5.055000
165;165;0;50000;128;0;0;4.797000
166;166;0;50000;128;0;0;10.206000
167;167;0;50000;128;0;0;5.355000
168;168;0;50000;128;0;0;4.944000
169;169;0;50000;128;0;0;5.553000
170;170;0;50000;128;0;0;5.454000
171;171;0;50000;128;0;0;4.680000
172;172;0;50000;128;0;0;5.466000
173;173;0;50000;128;0;0;4.833000
174;174;0;50000;128;0;0;3.324000
175;175;0;50000;128;0;0;3.090000
176;176;0;50000;128;0;0;3.180000
177;177;0;50000;128;0;0;5.284000
178;178;0;50000;128;0;0;5.492000
179;179;0;50000;128;0;0;3.156000
180;180;0;50000;128;0;0;4.818000
181;181;0;50000;128;0;0;4.275000
182;182;0;50000;128;0;0;5.832000
183;183;0;50000;128;0;0;4.824000
184;184;0;50000;128;0;0;5.211000
185;185;0;50000;128;0;0;5.388000
186;186;0;50000;128;0;0;9.204000
187;187;0;50000;128;0;0;2.916000
188;188;0;50000;128;0;0;4.842000
189;189;0;50000;128;0;0;5.640000
190;190;0;50000;128;0;0;5.385000
191;191;0;50000;128;0;0;3.646000
192;192;0;50000;128;0;0;5.373000
193;193;0;50000;128;0;0;7.866000
194;194;0;50000;128;0;0;3.693000
195;195;0;50000;128;0;0;3.774000
196;196;0;50000;128;0;0;5.568000
197;197;0;50000;128;0;0;5.604000
198;198;0;50000;128;0;0;10.135000
199;199;0;50000;128;0;0;3.780000
200;200;0;50000;128;0;0;5.460000
201;201;0;50000;128;0;0;4.566000
202;202;0;50000;128;0;0;4.620000
203;203;0;50000;128;0;0;5.640000
204;204;0;50000;128;0;0;9.897000
205;205;0;50000;128;0;0;5.624000
206;206;0;50000;128;0;0;5.670000
207;207;0;50000;128;0;0;5.439000
208;208;0;50000;128;0;0;7.593000
209;209;0;50000;128;0;0;3.354000
210;210;0;50000;128;0;0;3.668000
211;211;0;50000;128;0;0;9.693000
212;212;0;50000;128;0;0;4.974000
213;213;0;50000;128;0;0;5.508000
214;214;0;50000;128;0;0;5.229000
215;215;0;50000;128;0;0;4.602000
216;216;0;50000;128;0;0;4.611000
217;217;0;50000;128;0;0;4.908000
218;218;0;50000;128;0;0;5.412000
219;219;0;50000;128;0;0;5.481000
220;220;0;50000;128;0;0;19.236000
221;221;0;50000;128;0;0;5.202000
222;222;0;50000;128;0;0;4.256000
223;223;0;50000;128;0;0;10.722000
224;224;0;50000;128;0;0;4.635000
225;225;0;50000;128;0;0;5.502000
226;226;0;50000;128;0;0;4.593000
227;227;0;50000;128;0;0;5.362000
228;228;0;50000;128;0;0;3.495000
229;229;0;50000;128;0;0;5.052000
230;230;0;50000;128;0;0;4.653000
231;231;0;50000;128;0;0;2.934000
232;232;0;50000;128;0;0;8.394000
233;233;0;50000;128;0;0;5.973000
234;234;0;50000;128;0;0;4.689000
235;235;0;50000;128;0;0;5.496000
236;236;0;50000;128;0;0;3.807000
237;237;0;50000;128;0;0;3.393000
238;238;0;50000;128;0;0;4.785000
239;239;0;50000;128;0;0;4.887000
240;240;0;50000;128;0;0;3.650000
241;241;0;50000;128;0;0;4.678000
242;242;0;50000;128;0;0;10.200000
243;243;0;50000;128;0;0;5.310000
244;244;0;50000;128;0;0;2.848000
245;245;0;50000;128;0;0;3.502000
246;246;0;50000;128;0;0;5.523000
247;247;0;50000;128;0;0;3.924000
248;248;0;50000;128;0;0;4.770000
249;249;0;50000;128;0;0;4.491000
250;250;0;50000;128;0;0;5.181000
251;251;0;50000;128;0;0;3.048000
252;252;0;50000;128;0;0;5.292000
253;253;0;50000;128;0;0;5.115000
254;254;0;50000;128;0;0;9.765000
255;255;0;50000;128;0;0;4.542000
256;256;0;50000;128;0;0;5.226000
257;257;0;50000;128;0;0;5.373000
258;258;0;50000;128;0;0;5.266000
259;259;0;50000;128;0;0;4.875000
260;260;0;50000;128;0;0;4.848000
261;261;0;50000;128;0;0;3.510000
262;262;0;50000;128;0;0;2.874000
263;263;0;50000;128;0;0;5.622000
264;264;0;50000;128;0;0;10.110000
265;265;0;50000;128;0;0;5.490000
266;266;0;50000;128;0;0;5.376000
267;267;0;50000;128;0;0;5.571000
268;268;0;50000;128;0;0;5.478000
269;269;0;50000;128;0;0;5.661000
270;270;0;50000;128;0;0;5.426000
271;271;0;50000;128;0;0;5.688000
272;272;0;50000;128;0;0;3.702000
273;273;0;50000;128;0;0;3.351000
274;274;0;50000;128;0;0;5.439000
275;275;0;50000;128;0;0;3.777000
276;276;0;50000;128;0;0;9.501000
277;277;0;50000;128;0;0;10.257000
278;278;0;50000;128;0;0;5.421000
279;279;0;50000;128;0;0;5.742000
280;280;0;50000;128;0;0;11.751000
281;281;0;50000;128;0;0;5.574000
282;282;0;50000;128;0;0;4.926000
283;283;0;50000;128;0;0;6.099000
284;284;0;50000;128;0;0;4.242000
285;285;0;50000;128;0;0;5.472000
286;286;0;50000;128;0;0;9.870000
287;287;0;50000;128;0;0;3.063000
288;288;0;50000;128;0;0;4.992000
289;289;0;50000;128;0;0;5.650000
290;290;0;50000;128;0;0;4.680000
291;291;0;50000;128;0;0;5.520000
292;292;0;50000;128;0;0;5.738000
293;293;0;50000;128;0;0;3.048000
294;294;0;50000;128;0;0;4.908000
295;295;0;50000;128;0;0;4.788000
296;296;0;50000;128;0;0;4.776000
297;297;0;50000;128;0;0;4.683000
298;298;0;50000;128;0;0;4.677000
299;299;0;50000;128;0;0;4.689000
300;300;0;50000;128;0;0;5.397000
301;301;0;50000;128;0;0;3.452000
302;302;0;50000;128;0;0;4.584000
303;303;0;50000;128;0;0;5.307000
304;304;0;50000;128;0;0;4.395000
305;305;0;50000;128;0;0;4.875000
306;306;0;50000;128;0;0;5.517000
307;307;0;50000;128;0;0;10.860000
308;308;0;50000;128;0;0;5.619000
309;309;0;50000;128;0;0;4.512000
310;310;0;50000;128;0;0;5.502000
311;311;0;50000;128;0;0;5.487000
312;312;0;50000;128;0;0;4.761000
313;313;0;50000;128;0;0;5.328000
314;314;0;50000;128;0;0;3.927000
315;315;0;50000;128;0;0;4.926000
316;316;0;50000;128;0;0;5.256000
317;317;0;50000;128;0;0;4.563000
318;318;0;50000;128;0;0;5.592000
319;319;0;50000;128;0;0;4.856000
320;320;0;50000;128;0;0;5.433000
321;321;0;50000;128;0;0;5.700000
322;322;0;50000;128;0;0;3.158000
323;323;0;50000;128;0;0;11.862000
324;324;0;50000;128;0;0;4.239000
325;325;0;50000;128;0;0;4.878000
326;326;0;50000;128;0;0;5.438000
327;327;0;50000;128;0;0;5.298000
328;328;0;50000;128;0;0;5.406000
329;329;0;50000;128;0;0;4.596000
330;330;0;50000;128;0;0;5.472000
331;331;0;50000;128;0;0;5.481000
332;332;0;50000;128;0;0;5.385000
333;333;0;50000;128;0;0;5.070000
334;334;0;50000;128;0;0;2.922000
335;335;0;50000;128;0;0;3.033000
336;336;0;50000;128;0;0;5.523000
337;337;0;50000;128;0;0;4.984000
338;338;0;50000;128;0;0;4.833000
339;339;0;50000;128;0;0;5.622000
340;340;0;50000;128;0;0;10.476000
341;341;0;50000;128;0;0;3.519000
342;342;0;50000;128;0;0;8.520000
343;343;0;50000;128;0;0;3.210000
344;344;0;50000;128;0;0;5.304000
345;345;0;50000;128;0;0;5.526000
346;346;0;50000;128;0;0;5.292000
347;347;0;50000;128;0;0;4.914000
348;348;0;50000;128;0;0;5.602000
349;349;0;50000;128;0;0;5.691000
350;350;0;50000;128;0;0;5.302000
351;351;0;50000;128;0;0;5.374000
352;352;0;50000;128;0;0;10.602000
353;353;0;50000;128;0;0;5.025000
354;354;0;50000;128;0;0;5.763000
355;355;0;50000;128;0;0;5.457000
356;356;0;50000;128;0;0;5.301000
357;357;0;50000;128;0;0;5.544000
358;358;0;50000;128;0;0;4.344000
359;359;0;50000;128;0;0;5.322000
360;360;0;50000;128;0;0;4.212000
361;361;0;50000;128;0;0;5.370000
362;362;0;50000;128;0;0;4.731000
363;363;0;50000;128;0;0;5.352000
364;364;0;50000;128;0;0;4.611000
365;365;0;50000;128;0;0;5.040000
366;366;0;50000;128;0;0;11.160000
367;367;0;50000;128;0;0;4.682000
368;368;0;50000;128;0;0;9.456000
369;369;0;50000;128;0;0;4.656000
370;370;0;50000;128;0;0;3.597000
371;371;0;50000;128;0;0;10.254000
372;372;0;50000;128;0;0;4.581000
373;373;0;50000;128;0;0;4.692000
374;374;0;50000;128;0;0;5.463000
375;375;0;50000;128;0;0;5.403000
376;376;0;50000;128;0;0;3.516000
377;377;0;50000;128;0;0;5.490000
378;378;0;50000;128;0;0;4.677000
379;379;0;50000;128;0;0;14.472000
380;380;0;50000;128;0;0;5.028000
381;381;0;50000;128;0;0;4.620000
382;382;0;50000;128;0;0;5.384000
383;383;0;50000;128;0;0;5.625000
384;384;0;50000;128;0;0;3.816000
385;385;0;50000;128;0;0;4.695000
386;386;0;50000;128;0;0;5.673000
387;387;0;50000;128;0;0;5.598000
388;388;0;50000;128;0;0;5.460000
389;389;0;50000;128;0;0;3.795000
390;390;0;50000;128;0;0;3.264000
391;391;0;50000;128;0;0;2.958000
392;392;0;50000;128;0;0;5.589000
393;393;0;50000;128;0;0;5.442000
394;394;0;50000;128;0;0;4.851000
395;395;0;50000;128;0;0;4.614000
396;396;0;50000;128;0;0;4.908000
397;397;0;50000;128;0;0;4.584000
398;398;0;50000;128;0;0;5.442000
399;399;0;50000;128;0;0;5.601000
400;400;0;50000;128;0;0;4.806000
401;401;0;50000;128;0;0;4.518000
402;402;0;50000;128;0;0;3.716000
403;403;0;50000;128;0;0;10.056000
404;404;0;50000;128;0;0;4.515000
405;405;0;50000;128;0;0;5.433000
406;406;0;50000;128;0;0;9.552000
407;407;0;50000;128;0;0;4.854000
408;408;0;50000;128;0;0;5.334000
409;409;0;50000;128;0;0;5.418000
410;410;0;50000;128;0;0;4.533000
411;411;0;50000;128;0;0;9.000000
412;412;0;50000;128;0;0;4.758000
413;413;0;50000;128;0;0;4.677000
414;414;0;50000;128;0;0;5.526000
415;415;0;50000;128;0;0;3.330000
416;416;0;50000;128;0;0;5.346000
417;417;0;50000;128;0;0;5.463000
418;418;0;50000;128;0;0;5.295000
419;419;0;50000;128;0;0;5.634000
420;420;0;50000;128;0;0;3.219000
421;421;0;50000;128;0;0;4.932000
422;422;0;50000;128;0;0;3.447000
423;423;0;50000;128;0;0;3.525000
424;424;0;50000;128;0;0;5.212000
425;425;0;50000;128;0;0;4.953000
426;426;0;50000;128;0;0;5.397000
427;427;0;50000;128;0;0;5.496000
428;428;0;50000;128;0;0;5.718000
429;429;0;50000;128;0;0;4.630000
430;430;0;50000;128;0;0;4.770000
431;431;0;50000;128;0;0;11.118000
432;432;0;50000;128;0;0;5.418000
433;433;0;50000;128;0;0;4.899000
434;434;0;50000;128;0;0;15.813000
435;435;0;50000;128;0;0;3.714000
436;436;0;50000;128;0;0;3.086000
437;437;0;50000;128;0;0;5.922000
438;438;0;50000;128;0;0;5.004000
439;439;0;50000;128;0;0;5.556000
440;440;0;50000;128;0;0;5.580000
441;441;0;50000;128;0;0;11.142000
442;442;0;50000;128;0;0;6.111000
443;443;0;50000;128;0;0;3.936000
444;444;0;50000;128;0;0;5.469000
445;445;0;50000;128;0;0;5.673000
446;446;0;50000;128;0;0;4.668000
447;447;0;50000;128;0;0;3.189000
448;448;0;50000;128;0;0;5.151000
449;449;0;50000;128;0;0;5.499000
450;450;0;50000;128;0;0;4.650000
451;451;0;50000;128;0;0;10.092000
452;452;0;50000;128;0;0;5.382000
453;453;0;50000;128;0;0;5.082000
454;454;0;50000;128;0;0;3.669000
455;455;0;50000;128;0;0;3.075000
456;456;0;50000;128;0;0;4.875000
457;457;0;50000;128;0;0;5.349000
458;458;0;50000;128;0;0;3.420000
459;459;0;50000;128;0;0;5.451000
460;460;0;50000;128;0;0;5.334000
461;461;0;50000;128;0;0;5.205000
462;462;0;50000;128;0;0;3.999000
463;463;0;50000;128;0;0;5.382000
464;464;0;50000;128;0;0;14.082000
465;465;0;50000;128;0;0;4.851000
466;466;0;50000;128;0;0;5.358000
467;467;0;50000;128;0;0;5.553000
468;468;0;50000;128;0;0;5.427000
469;469;0;50000;128;0;0;5.595000
470;470;0;50000;128;0;0;4.521000
471;471;0;50000;128;0;0;5.481000
472;472;0;50000;128;0;0;5.415000
473;473;0;50000;128;0;0;5.241000
474;474;0;50000;128;0;0;5.544000
475;475;0;50000;128;0;0;4.704000
476;476;0;50000;128;0;0;3.612000
477;477;0;50000;128;0;0;3.609000
478;478;0;50000;128;0;0;4.668000
479;479;0;50000;128;0;0;4.824000
480;480;0;50000;128;0;0;4.713000
481;481;0;50000;128;0;0;4.731000
482;482;0;50000;128;0;0;5.634000
483;483;0;50000;128;0;0;4.002000
484;484;0;50000;128;0;0;5.574000
485;485;0;50000;128;0;0;3.915000
486;486;0;50000;128;0;0;3.261000
487;487;0;50000;128;0;0;3.501000
488;488;0;50000;128;0;0;10.785000
489;489;0;50000;128;0;0;5.958000
490;490;0;50000;128;0;0;3.186000
491;491;0;50000;128;0;0;5.532000
492;492;0;50000;128;0;0;5.655000
493;493;0;50000;128;0;0;4.572000
494;494;0;50000;128;0;0;5.286000
495;495;0;50000;128;0;0;5.595000
496;496;0;50000;128;0;0;9.132000
497;497;0;50000;128;0;0;10.533000
498;498;0;50000;128;0;0;5.619000
499;499;0;50000;128;0;0;5.415000
500;500;0;50000;128;0;0;4.572000
501;501;0;50000;128;0;0;4.950000
502;502;0;50000;128;0;0;4.722000
503;503;0;50000;128;0;0;4.998000
504;504;0;50000;128;0;0;5.469000
505;505;0;50000;128;0;0;5.991000
506;506;0;50000;128;0;0;5.590000
507;507;0;50000;128;0;0;5.415000
508;508;0;50000;128;0;0;10.962000
509;509;0;50000;128;0;0;5.358000
510;510;0;50000;128;0;0;5.817000
511;511;0;50000;128;0;0;4.662000
512;512;0;50000;128;0;0;5.586000
513;513;0;50000;128;0;0;5.733000
514;514;0;50000;128;0;0;5.343000
515;515;0;50000;128;0;0;3.742000
516;516;0;50000;128;0;0;5.070000
517;517;0;50000;128;0;0;4.485000
518;518;0;50000;128;0;0;10.125000
519;519;0;50000;128;0;0;3.880000
520;520;0;50000;128;0;0;5.352000
521;521;0;50000;128;0;0;3.687000
522;522;0;50000;128;0;0;5.670000
523;523;0;50000;128;0;0;3.909000
524;524;0;50000;128;0;0;5.475000
525;525;0;50000;128;0;0;4.968000
526;526;0;50000;128;0;0;5.338000
527;527;0;50000;128;0;0;4.638000
528;528;0;50000;128;0;0;4.788000
529;529;0;50000;128;0;0;5.370000
530;530;0;50000;128;0;0;3.492000
531;531;0;50000;128;0;0;5.346000
532;532;0;50000;128;0;0;5.282000
533;533;0;50000;128;0;0;4.416000
534;534;0;50000;128;0;0;4.110000
535;535;0;50000;128;0;0;3.567000
536;536;0;50000;128;0;0;5.280000
537;537;0;50000;128;0;0;5.355000
538;538;0;50000;128;0;0;4.821000
539;539;0;50000;128;0;0;10.164000
540;540;0;50000;128;0;0;3.594000
541;541;0;50000;128;0;0;5.442000
542;542;0;50000;128;0;0;5.427000
543;543;0;50000;128;0;0;5.415000
544;544;0;50000;128;0;0;5.448000
545;545;0;50000;128;0;0;4.515000
546;546;0;50000;128;0;0;5.498000
547;547;0;50000;128;0;0;3.579000
548;548;0;50000;128;0;0;4.434000
549;549;0;50000;128;0;0;5.427000
550;550;0;50000;128;0;0;5.301000
551;551;0;50000;128;0;0;4.920000
552;552;0;50000;128;0;0;3.192000
553;553;0;50000;128;0;0;5.337000
554;554;0;50000;128;0;0;4.614000
555;555;0;50000;128;0;0;5.421000
556;556;0;50000;128;0;0;4.926000
557;557;0;50000;128;0;0;4.636000
558;558;0;50000;128;0;0;4.653000
559;559;0;50000;128;0;0;3.657000
560;560;0;50000;128;0;0;5.367000
561;561;0;50000;128;0;0;5.556000
562;562;0;50000;128;0;0;4.866000
563;563;0;50000;128;0;0;5.232000
564;564;0;50000;128;0;0;5.394000
565;565;0;50000;128;0;0;5.130000
566;566;0;50000;128;0;0;10.491000
567;567;0;50000;128;0;0;5.301000
568;568;0;50000;128;0;0;5.388000
569;569;0;50000;128;0;0;5.502000
570;570;0;50000;128;0;0;5.355000
571;571;0;50000;128;0;0;3.180000
572;572;0;50000;128;0;0;5.313000
573;573;0;50000;128;0;0;5.310000
574;574;0;50000;128;0;0;3.786000
575;575;0;50000;128;0;0;5.637000
576;576;0;50000;128;0;0;9.519000
577;577;0;50000;128;0;0;5.436000
578;578;0;50000;128;0;0;3.678000
579;579;0;50000;128;0;0;5.430000
580;580;0;50000;128;0;0;5.200000
581;581;0;50000;128;0;0;5.676000
582;582;0;50000;128;0;0;4.752000
583;583;0;50000;128;0;0;10.136000
584;584;0;50000;128;0;0;5.421000
585;585;0;50000;128;0;0;5.223000
586;586;0;50000;128;0;0;5.422000
587;587;0;50000;128;0;0;4.674000
588;588;0;50000;128;0;0;5.312000
589;589;0;50000;128;0;0;3.639000
590;590;0;50000;128;0;0;5.262000
591;591;0;50000;128;0;0;4.545000
592;592;0;50000;128;0;0;4.830000
593;593;0;50000;128;0;0;5.322000
594;594;0;50000;128;0;0;5.418000
595;595;0;50000;128;0;0;5.766000
596;596;0;50000;128;0;0;5.559000
597;597;0;50000;128;0;0;8.589000
598;598;0;50000;128;0;0;8.493000
599;599;0;50000;128;0;0;5.361000
600;600;0;50000;128;0;0;4.788000
601;601;0;50000;128;0;0;5.376000
602;602;0;50000;128;0;0;4.078000
603;603;0;50000;128;0;0;2.880000
604;604;0;50000;128;0;0;2.886000
605;605;0;50000;128;0;0;5.490000
606;606;0;50000;128;0;0;4.617000
607;607;0;50000;128;0;0;3.708000
608;608;0;50000;128;0;0;10.737000
609;609;0;50000;128;0;0;2.844000
610;610;0;50000;128;0;0;5.400000
611;611;0;50000;128;0;0;4.833000
612;612;0;50000;128;0;0;5.349000
613;613;0;50000;128;0;0;4.632000
614;614;0;50000;128;0;0;9.045000
615;615;0;50000;128;0;0;3.888000
616;616;0;50000;128;0;0;5.397000
617;617;0;50000;128;0;0;3.150000
618;618;0;50000;128;0;0;5.280000
619;619;0;50000;128;0;0;5.283000
620;620;0;50000;128;0;0;5.466000
621;621;0;50000;128;0;0;2.895000
622;622;0;50000;128;0;0;4.665000
623;623;0;50000;128;0;0;4.926000
624;624;0;50000;128;0;0;5.526000
625;625;0;50000;128;0;0;4.506000
626;626;0;50000;128;0;0;4.932000
627;627;0;50000;128;0;0;8.967000
628;628;0;50000;128;0;0;4.533000
629;629;0;50000;128;0;0;3.573000
630;630;0;50000;128;0;0;5.406000
631;631;0;50000;128;0;0;5.301000
632;632;0;50000;128;0;0;5.338000
633;633;0;50000;128;0;0;5.499000
634;634;0;50000;128;0;0;3.015000
635;635;0;50000;128;0;0;9.864000
636;636;0;50000;128;0;0;14.289000
637;637;0;50000;128;0;0;5.529000
638;638;0;50000;128;0;0;5.604000
639;639;0;50000;128;0;0;5.511000
640;640;0;50000;128;0;0;5.376000
641;641;0;50000;128;0;0;5.670000
642;642;0;50000;128;0;0;3.069000
643;643;0;50000;128;0;0;15.015000
644;644;0;50000;128;0;0;4.902000
645;645;0;50000;128;0;0;3.078000
646;646;0;50000;128;0;0;5.472000
647;647;0;50000;128;0;0;5.361000
648;648;0;50000;128;0;0;5.457000
649;649;0;50000;128;0;0;5.403000
650;650;0;50000;128;0;0;3.024000
651;651;0;50000;128;0;0;9.429000
652;652;0;50000;128;0;0;9.507000
653;653;0;50000;128;0;0;5.523000
654;654;0;50000;128;0;0;5.547000
655;655;0;50000;128;0;0;5.367000
656;656;0;50000;128;0;0;5.388000
657;657;0;50000;128;0;0;5.154000
658;658;0;50000;128;0;0;5.490000
659;659;0;50000;128;0;0;5.226000
660;660;0;50000;128;0;0;3.165000
661;661;0;50000;128;0;0;5.466000
662;662;0;50000;128;0;0;4.731000
663;663;0;50000;128;0;0;3.588000
664;664;0;50000;128;0;0;5.094000
665;665;0;50000;128;0;0;4.965000
666;666;0;50000;128;0;0;2.958000
667;667;0;50000;128;0;0;5.127000
668;668;0;50000;128;0;0;5.529000
669;669;0;50000;128;0;0;5.337000
670;670;0;50000;128;0;0;5.394000
671;671;0;50000;128;0;0;5.409000
672;672;0;50000;128;0;0;4.833000
673;673;0;50000;128;0;0;5.230000
674;674;0;50000;128;0;0;3.216000
675;675;0;50000;128;0;0;4.704000
676;676;0;50000;128;0;0;5.072000
677;677;0;50000;128;0;0;5.607000
678;678;0;50000;128;0;0;5.418000
679;679;0;50000;128;0;0;5.523000
680;680;0;50000;128;0;0;10.377000
681;681;0;50000;128;0;0;5.664000
682;682;0;50000;128;0;0;4.620000
683;683;0;50000;128;0;0;6.018000
684;684;0;50000;128;0;0;5.334000
685;685;0;50000;128;0;0;3.549000
686;686;0;50000;128;0;0;3.712000
687;687;0;50000;128;0;0;4.052000
688;688;0;50000;128;0;0;4.686000
689;689;0;50000;128;0;0;5.442000
690;690;0;50000;128;0;0;4.593000
691;691;0;50000;128;0;0;4.452000
692;692;0;50000;128;0;0;3.309000
693;693;0;50000;128;0;0;5.370000
694;694;0;50000;128;0;0;4.677000
695;695;0;50000;128;0;0;3.492000
696;696;0;50000;128;0;0;4.478000
697;697;0;50000;128;0;0;4.506000
698;698;0;50000;128;0;0;3.699000
699;699;0;50000;128;0;0;5.430000
700;700;0;50000;128;0;0;10.962000
701;701;0;50000;128;0;0;4.383000
702;702;0;50000;128;0;0;4.580000
703;703;0;50000;128;0;0;4.326000
704;704;0;50000;128;0;0;5.397000
705;705;0;50000;128;0;0;2.964000
706;706;0;50000;128;0;0;5.343000
707;707;0;50000;128;0;0;5.496000
708;708;0;50000;128;0;0;3.678000
709;709;0;50000;128;0;0;5.280000
710;710;0;50000;128;0;0;6.150000
711;711;0;50000;128;0;0;4.929000
712;712;0;50000;128;0;0;5.618000
713;713;0;50000;128;0;0;5.667000
714;714;0;50000;128;0;0;10.827000
715;715;0;50000;128;0;0;4.851000
716;716;0;50000;128;0;0;5.547000
717;717;0;50000;128;0;0;5.631000
718;718;0;50000;128;0;0;5.019000
719;719;0;50000;128;0;0;5.544000
720;720;0;50000;128;0;0;9.288000
721;721;0;50000;128;0;0;4.518000
722;722;0;50000;128;0;0;3.534000
723;723;0;50000;128;0;0;4.641000
724;724;0;50000;128;0;0;3.231000
725;725;0;50000;128;0;0;4.509000
726;726;0;50000;128;0;0;4.686000
727;727;0;50000;128;0;0;5.400000
728;728;0;50000;128;0;0;5.574000
729;729;0;50000;128;0;0;4.737000
730;730;0;50000;128;0;0;4.908000
731;731;0;50000;128;0;0;4.689000
732;732;0;50000;128;0;0;4.474000
733;733;0;50000;128;0;0;5.358000
734;734;0;50000;128;0;0;11.277000
735;735;0;50000;128;0;0;5.280000
736;736;0;50000;128;0;0;5.944000
737;737;0;50000;128;0;0;5.478000
738;738;0;50000;128;0;0;5.487000
739;739;0;50000;128;0;0;10.161000
740;740;0;50000;128;0;0;5.682000
741;741;0;50000;128;0;0;5.416000
742;742;0;50000;128;0;0;4.482000
743;743;0;50000;128;0;0;3.582000
744;744;0;50000;128;0;0;9.957000
745;745;0;50000;128;0;0;4.551000
746;746;0;50000;128;0;0;5.046000
747;747;0;50000;128;0;0;5.388000
748;748;0;50000;128;0;0;5.862000
749;749;0;50000;128;0;0;5.430000
750;750;0;50000;128;0;0;5.208000
751;751;0;50000;128;0;0;3.708000
752;752;0;50000;128;0;0;5.654000
753;753;0;50000;128;0;0;9.366000
754;754;0;50000;128;0;0;3.924000
755;755;0;50000;128;0;0;5.460000
756;756;0;50000;128;0;0;4.347000
757;757;0;50000;128;0;0;5.490000
758;758;0;50000;128;0;0;5.529000
759;759;0;50000;128;0;0;4.917000
760;760;0;50000;128;0;0;5.498000
761;761;0;50000;128;0;0;10.854000
762;762;0;50000;128;0;0;3.780000
763;763;0;50000;128;0;0;5.235000
764;764;0;50000;128;0;0;5.024000
765;765;0;50000;128;0;0;3.788000
766;766;0;50000;128;0;0;5.158000
767;767;0;50000;128;0;0;3.861000
768;768;0;50000;128;0;0;5.574000
769;769;0;50000;128;0;0;5.163000
770;770;0;50000;128;0;0;3.042000
771;771;0;50000;128;0;0;4.864000
772;772;0;50000;128;0;0;5.718000
773;773;0;50000;128;0;0;4.905000
774;774;0;50000;128;0;0;5.616000
775;775;0;50000;128;0;0;11.167000
776;776;0;50000;128;0;0;5.220000
777;777;0;50000;128;0;0;3.747000
778;778;0;50000;128;0;0;5.829000
779;779;0;50000;128;0;0;5.469000
780;780;0;50000;128;0;0;4.143000
781;781;0;50000;128;0;0;4.731000
782;782;0;50000;128;0;0;5.349000
783;783;0;50000;128;0;0;4.911000
784;784;0;50000;128;0;0;5.697000
785;785;0;50000;128;0;0;5.307000
786;786;0;50000;128;0;0;5.685000
787;787;0;50000;128;0;0;5.385000
788;788;0;50000;128;0;0;2.847000
789;789;0;50000;128;0;0;2.946000
790;790;0;50000;128;0;0;5.307000
791;791;0;50000;128;0;0;5.364000
792;792;0;50000;128;0;0;5.355000
793;793;0;50000;128;0;0;2.973000
794;794;0;50000;128;0;0;9.759000
795;795;0;50000;128;0;0;5.590000
796;796;0;50000;128;0;0;4.506000
797;797;0;50000;128;0;0;3.735000
798;798;0;50000;128;0;0;4.326000
799;799;0;50000;128;0;0;5.319000
800;800;0;50000;128;0;0;5.496000
801;801;0;50000;128;0;0;4.380000
802;802;0;50000;128;0;0;5.031000
803;803;0;50000;128;0;0;5.307000
804;804;0;50000;128;0;0;5.604000
805;805;0;50000;128;0;0;16.536000
806;806;0;50000;128;0;0;5.514000
807;807;0;50000;128;0;0;5.604000
808;808;0;50000;128;0;0;5.472000
809;809;0;50000;128;0;0;5.632000
810;810;0;50000;128;0;0;4.917000
811;811;0;50000;128;0;0;5.326000
812;812;0;50000;128;0;0;4.875000
813;813;0;50000;128;0;0;5.706000
814;814;0;50000;128;0;0;5.466000
815;815;0;50000;128;0;0;10.053000
816;816;0;50000;128;0;0;5.604000
817;817;0;50000;128;0;0;5.238000
818;818;0;50000;128;0;0;4.719000
819;819;0;50000;128;0;0;4.629000
820;820;0;50000;128;0;0;5.337000
821;821;0;50000;128;0;0;4.125000
822;822;0;50000;128;0;0;5.451000
823;823;0;50000;128;0;0;5.322000
824;824;0;50000;128;0;0;5.115000
825;825;0;50000;128;0;0;5.691000
826;826;0;50000;128;0;0;4.683000
827;827;0;50000;128;0;0;4.926000
828;828;0;50000;128;0;0;3.804000
829;829;0;50000;128;0;0;3.684000
830;830;0;50000;128;0;0;5.406000
831;831;0;50000;128;0;0;5.163000
832;832;0;50000;128;0;0;4.671000
833;833;0;50000;128;0;0;2.862000
834;834;0;50000;128;0;0;5.460000
835;835;0;50000;128;0;0;5.451000
836;836;0;50000;128;0;0;5.613000
837;837;0;50000;128;0;0;5.601000
838;838;0;50000;128;0;0;5.394000
839;839;0;50000;128;0;0;2.874000
840;840;0;50000;128;0;0;15.384000
841;841;0;50000;128;0;0;9.855000
842;842;0;50000;128;0;0;5.430000
843;843;0;50000;128;0;0;5.764000
844;844;0;50000;128;0;0;4.584000
845;845;0;50000;128;0;0;5.199000
846;846;0;50000;128;0;0;5.433000
847;847;0;50000;128;0;0;10.863000
848;848;0;50000;128;0;0;5.517000
849;849;0;50000;128;0;0;5.034000
850;850;0;50000;128;0;0;5.475000
851;851;0;50000;128;0;0;3.128000
852;852;0;50000;128;0;0;10.644000
853;853;0;50000;128;0;0;5.706000
854;854;0;50000;128;0;0;5.541000
855;855;0;50000;128;0;0;5.187000
856;856;0;50000;128;0;0;3.456000
857;857;0;50000;128;0;0;15.244000
858;858;0;50000;128;0;0;10.866000
859;859;0;50000;128;0;0;5.559000
860;860;0;50000;128;0;0;15.159000
861;861;0;50000;128;0;0;4.788000
862;862;0;50000;128;0;0;3.729000
863;863;0;50000;128;0;0;5.499000
864;864;0;50000;128;0;0;5.544000
865;865;0;50000;128;0;0;5.349000
866;866;0;50000;128;0;0;3.651000
867;867;0;50000;128;0;0;3.711000
868;868;0;50000;128;0;0;6.276000
869;869;0;50000;128;0;0;5.022000
870;870;0;50000;128;0;0;4.851000
871;871;0;50000;128;0;0;4.836000
872;872;0;50000;128;0;0;4.713000
873;873;0;50000;128;0;0;4.658000
874;874;0;50000;128;0;0;15.240000
875;875;0;50000;128;0;0;5.577000
876;876;0;50000;128;0;0;4.822000
877;877;0;50000;128;0;0;5.403000
878;878;0;50000;128;0;0;5.592000
879;879;0;50000;128;0;0;8.984000
880;880;0;50000;128;0;0;3.975000
881;881;0;50000;128;0;0;3.531000
882;882;0;50000;128;0;0;4.848000
883;883;0;50000;128;0;0;5.769000
884;884;0;50000;128;0;0;4.851000
885;885;0;50000;128;0;0;3.136000
886;886;0;50000;128;0;0;4.582000
887;887;0;50000;128;0;0;4.602000
888;888;0;50000;128;0;0;5.259000
889;889;0;50000;128;0;0;4.740000
890;890;0;50000;128;0;0;4.704000
891;891;0;50000;128;0;0;5.439000
892;892;0;50000;128;0;0;5.526000
893;893;0;50000;128;0;0;5.324000
894;894;0;50000;128;0;0;4.437000
895;895;0;50000;128;0;0;5.001000
896;896;0;50000;128;0;0;5.316000
897;897;0;50000;128;0;0;5.391000
898;898;0;50000;128;0;0;4.653000
899;899;0;50000;128;0;0;5.517000
900;900;0;50000;128;0;0;5.496000
901;901;0;50000;128;0;0;5.389000
902;902;0;50000;128;0;0;2.871000
903;903;0;50000;128;0;0;5.436000
904;904;0;50000;128;0;0;5.820000
905;905;0;50000;128;0;0;10.539000
906;906;0;50000;128;0;0;5.558000
907;907;0;50000;128;0;0;5.172000
908;908;0;50000;128;0;0;4.803000
909;909;0;50000;128;0;0;3.628000
910;910;0;50000;128;0;0;10.654000
911;911;0;50000;128;0;0;3.723000
912;912;0;50000;128;0;0;5.424000
913;913;0;50000;128;0;0;2.970000
914;914;0;50000;128;0;0;5.066000
915;915;0;50000;128;0;0;11.040000
916;916;0;50000;128;0;0;5.658000
917;917;0;50000;128;0;0;2.950000
918;918;0;50000;128;0;0;4.602000
919;919;0;50000;128;0;0;3.636000
920;920;0;50000;128;0;0;5.310000
921;921;0;50000;128;0;0;5.403000
922;922;0;50000;128;0;0;5.916000
923;923;0;50000;128;0;0;10.347000
924;924;0;50000;128;0;0;4.203000
925;925;0;50000;128;0;0;5.418000
926;926;0;50000;128;0;0;10.344000
927;927;0;50000;128;0;0;4.724000
928;928;0;50000;128;0;0;4.761000
929;929;0;50000;128;0;0;5.469000
930;930;0;50000;128;0;0;4.488000
931;931;0;50000;128;0;0;5.472000
932;932;0;50000;128;0;0;4.728000
933;933;0;50000;128;0;0;3.033000
934;934;0;50000;128;0;0;4.821000
935;935;0;50000;128;0;0;5.061000
936;936;0;50000;128;0;0;4.536000
937;937;0;50000;128;0;0;4.968000
938;938;0;50000;128;0;0;5.304000
939;939;0;50000;128;0;0;5.192000
940;940;0;50000;128;0;0;4.698000
941;941;0;50000;128;0;0;3.807000
942;942;0;50000;128;0;0;4.580000
943;943;0;50000;128;0;0;5.337000
944;944;0;50000;128;0;0;5.352000
945;945;0;50000;128;0;0;5.292000
946;946;0;50000;128;0;0;9.705000
947;947;0;50000;128;0;0;5.052000
948;948;0;50000;128;0;0;10.665000
949;949;0;50000;128;0;0;5.718000
950;950;0;50000;128;0;0;5.562000
951;951;0;50000;128;0;0;4.424000
952;952;0;50000;128;0;0;5.445000
953;953;0;50000;128;0;0;5.385000
954;954;0;50000;128;0;0;10.212000
955;955;0;50000;128;0;0;5.646000
956;956;0;50000;128;0;0;5.928000
957;957;0;50000;128;0;0;9.798000
958;958;0;50000;128;0;0;4.653000
959;959;0;50000;128;0;0;5.427000
960;960;0;50000;128;0;0;3.516000
961;961;0;50000;128;0;0;4.725000
962;962;0;50000;128;0;0;5.403000
963;963;0;50000;128;0;0;4.545000
964;964;0;50000;128;0;0;4.602000
965;965;0;50000;128;0;0;5.508000
966;966;0;50000;128;0;0;5.346000
967;967;0;50000;128;0;0;5.583000
968;968;0;50000;128;0;0;4.764000
969;969;0;50000;128;0;0;5.466000
970;970;0;50000;128;0;0;4.860000
971;971;0;50000;128;0;0;3.477000
972;972;0;50000;128;0;0;5.880000
973;973;0;50000;128;0;0;5.436000
974;974;0;50000;128;0;0;3.058000
975;975;0;50000;128;0;0;5.563000
976;976;0;50000;128;0;0;5.436000
977;977;0;50000;128;0;0;3.555000
978;978;0;50000;128;0;0;3.184000
979;979;0;50000;128;0;0;3.018000
980;980;0;50000;128;0;0;3.312000
981;981;0;50000;128;0;0;11.046000
982;982;0;50000;128;0;0;5.607000
983;983;0;50000;128;0;0;5.553000
984;984;0;50000;128;0;0;4.426000
985;985;0;50000;128;0;0;5.226000
986;986;0;50000;128;0;0;5.379000
987;987;0;50000;128;0;0;3.904000
988;988;0;50000;128;0;0;5.481000
989;989;0;50000;128;0;0;5.502000
990;990;0;50000;128;0;0;4.521000
991;991;0;50000;128;0;0;15.135000
992;992;0;50000;128;0;0;4.998000
993;993;0;50000;128;0;0;5.290000
994;994;0;50000;128;0;0;3.555000
995;995;0;50000;128;0;0;10.503000
996;996;0;50000;128;0;0;8.988000
997;997;0;50000;128;0;0;4.692000
998;998;0;50000;128;0;0;3.525000
999;999;0;50000;128;0;0;5.418000
1000;1000;0;50000;128;0;0;3.372000
