1;1;0;40000;128;0;0;5742
2;1;1;40000;128;0;0;5172
3;1;2;40000;128;0;0;3118
4;1;3;40000;128;0;0;3122
5;1;4;40000;128;0;0;8784
6;1;5;40000;128;0;0;3060
7;1;6;40000;128;0;0;4833
8;1;7;40000;128;0;0;3780
9;1;8;40000;128;0;0;5073
10;1;9;40000;128;0;0;3207
11;2;0;40000;128;0;0;3960
12;2;1;40000;128;0;0;5421
13;2;2;40000;128;0;0;3435
14;2;3;40000;128;0;0;5460
15;2;4;40000;128;0;0;3894
16;2;5;40000;128;0;0;5442
17;2;6;40000;128;0;0;3612
18;2;7;40000;128;0;0;5414
19;2;8;40000;128;0;0;3416
20;2;9;40000;128;0;0;5430
21;3;0;40000;128;0;0;4557
22;3;1;40000;128;0;0;3189
23;3;2;40000;128;0;0;4626
24;3;3;40000;128;0;0;3036
25;3;4;40000;128;0;0;4650
26;3;5;40000;128;0;0;3051
27;3;6;40000;128;0;0;4671
28;3;7;40000;128;0;0;3192
29;3;8;40000;128;0;0;4776
30;3;9;40000;128;0;0;3354
31;4;0;40000;128;0;0;4665
32;4;1;40000;128;0;0;4575
33;4;2;40000;128;0;0;5247
34;4;3;40000;128;0;0;3753
35;4;4;40000;128;0;0;5904
36;4;5;40000;128;0;0;3390
37;4;6;40000;128;0;0;5322
38;4;7;40000;128;0;0;3546
39;4;8;40000;128;0;0;4584
40;4;9;40000;128;0;0;3078
41;5;0;40000;128;0;0;5757
42;5;1;40000;128;0;0;2985
43;5;2;40000;128;0;0;3093
44;5;3;40000;128;0;0;4578
45;5;4;40000;128;0;0;2994
46;5;5;40000;128;0;0;2775
47;5;6;40000;128;0;0;2955
48;5;7;40000;128;0;0;2763
49;5;8;40000;128;0;0;2853
50;5;9;40000;128;0;0;3333
51;6;0;40000;128;0;0;5190
52;6;1;40000;128;0;0;3988
53;6;2;40000;128;0;0;5454
54;6;3;40000;128;0;0;3416
55;6;4;40000;128;0;0;5388
56;6;5;40000;128;0;0;3663
57;6;6;40000;128;0;0;5394
58;6;7;40000;128;0;0;3459
59;6;8;40000;128;0;0;5310
60;6;9;40000;128;0;0;3603
61;7;0;40000;128;0;0;4008
62;7;1;40000;128;0;0;5064
63;7;2;40000;128;0;0;3348
64;7;3;40000;128;0;0;5532
65;7;4;40000;128;0;0;3351
66;7;5;40000;128;0;0;5439
67;7;6;40000;128;0;0;3327
68;7;7;40000;128;0;0;5421
69;7;8;40000;128;0;0;3354
70;7;9;40000;128;0;0;5190
71;8;0;40000;128;0;0;4971
72;8;1;40000;128;0;0;3735
73;8;2;40000;128;0;0;4974
74;8;3;40000;128;0;0;3165
75;8;4;40000;128;0;0;8992
76;8;5;40000;128;0;0;3028
77;8;6;40000;128;0;0;4626
78;8;7;40000;128;0;0;3068
79;8;8;40000;128;0;0;4768
80;8;9;40000;128;0;0;3042
81;9;0;40000;128;0;0;4665
82;9;1;40000;128;0;0;2946
83;9;2;40000;128;0;0;4833
84;9;3;40000;128;0;0;2997
85;9;4;40000;128;0;0;4884
86;9;5;40000;128;0;0;2814
87;9;6;40000;128;0;0;4743
88;9;7;40000;128;0;0;2982
89;9;8;40000;128;0;0;4710
90;9;9;40000;128;0;0;2874
91;10;0;40000;128;0;0;4602
92;10;1;40000;128;0;0;3237
93;10;2;40000;128;0;0;4563
94;10;3;40000;128;0;0;3063
95;10;4;40000;128;0;0;4479
96;10;5;40000;128;0;0;2868
97;10;6;40000;128;0;0;4245
98;10;7;40000;128;0;0;2712
99;10;8;40000;128;0;0;4741
100;10;9;40000;128;0;0;3014
101;11;0;40000;128;0;0;4602
102;11;1;40000;128;0;0;2931
103;11;2;40000;128;0;0;4494
104;11;3;40000;128;0;0;2889
105;11;4;40000;128;0;0;4371
106;11;5;40000;128;0;0;3495
107;11;6;40000;128;0;0;4824
108;11;7;40000;128;0;0;3126
109;11;8;40000;128;0;0;4629
110;11;9;40000;128;0;0;2898
111;12;0;40000;128;0;0;5343
112;12;1;40000;128;0;0;3573
113;12;2;40000;128;0;0;5241
114;12;3;40000;128;0;0;3495
115;12;4;40000;128;0;0;4287
116;12;5;40000;128;0;0;2865
117;12;6;40000;128;0;0;5259
118;12;7;40000;128;0;0;3861
119;12;8;40000;128;0;0;5178
120;12;9;40000;128;0;0;3384
121;13;0;40000;128;0;0;3132
122;13;1;40000;128;0;0;10431
123;13;2;40000;128;0;0;3387
124;13;3;40000;128;0;0;5199
125;13;4;40000;128;0;0;3390
126;13;5;40000;128;0;0;5277
127;13;6;40000;128;0;0;3435
128;13;7;40000;128;0;0;5199
129;13;8;40000;128;0;0;3990
130;13;9;40000;128;0;0;5316
131;14;0;40000;128;0;0;4767
132;14;1;40000;128;0;0;3030
133;14;2;40000;128;0;0;4620
134;14;3;40000;128;0;0;2904
135;14;4;40000;128;0;0;4863
136;14;5;40000;128;0;0;3516
137;14;6;40000;128;0;0;4839
138;14;7;40000;128;0;0;3063
139;14;8;40000;128;0;0;4855
140;14;9;40000;128;0;0;2970
141;15;0;40000;128;0;0;5166
142;15;1;40000;128;0;0;4503
143;15;2;40000;128;0;0;4938
144;15;3;40000;128;0;0;3180
145;15;4;40000;128;0;0;8994
146;15;5;40000;128;0;0;2778
147;15;6;40000;128;0;0;4776
148;15;7;40000;128;0;0;3519
149;15;8;40000;128;0;0;4935
150;15;9;40000;128;0;0;3051
151;16;0;40000;128;0;0;5324
152;16;1;40000;128;0;0;3406
153;16;2;40000;128;0;0;5212
154;16;3;40000;128;0;0;3446
155;16;4;40000;128;0;0;5151
156;16;5;40000;128;0;0;3318
157;16;6;40000;128;0;0;5103
158;16;7;40000;128;0;0;3237
159;16;8;40000;128;0;0;5229
160;16;9;40000;128;0;0;4275
161;17;0;40000;128;0;0;4458
162;17;1;40000;128;0;0;3342
163;17;2;40000;128;0;0;4611
164;17;3;40000;128;0;0;3024
165;17;4;40000;128;0;0;4812
166;17;5;40000;128;0;0;2961
167;17;6;40000;128;0;0;4380
168;17;7;40000;128;0;0;2817
169;17;8;40000;128;0;0;4686
170;17;9;40000;128;0;0;2958
171;18;0;40000;128;0;0;3591
172;18;1;40000;128;0;0;6519
173;18;2;40000;128;0;0;3393
174;18;3;40000;128;0;0;5418
175;18;4;40000;128;0;0;3378
176;18;5;40000;128;0;0;5127
177;18;6;40000;128;0;0;3382
178;18;7;40000;128;0;0;5308
179;18;8;40000;128;0;0;3280
180;18;9;40000;128;0;0;5016
181;19;0;40000;128;0;0;8214
182;19;1;40000;128;0;0;3387
183;19;2;40000;128;0;0;5288
184;19;3;40000;128;0;0;3552
185;19;4;40000;128;0;0;5268
186;19;5;40000;128;0;0;3356
187;19;6;40000;128;0;0;5100
188;19;7;40000;128;0;0;4095
189;19;8;40000;128;0;0;5493
190;19;9;40000;128;0;0;3444
191;20;0;40000;128;0;0;4557
192;20;1;40000;128;0;0;2928
193;20;2;40000;128;0;0;5004
194;20;3;40000;128;0;0;3051
195;20;4;40000;128;0;0;4671
196;20;5;40000;128;0;0;3426
197;20;6;40000;128;0;0;4572
198;20;7;40000;128;0;0;3022
199;20;8;40000;128;0;0;4712
200;20;9;40000;128;0;0;2852
201;21;0;40000;128;0;0;3627
202;21;1;40000;128;0;0;5148
203;21;2;40000;128;0;0;3396
204;21;3;40000;128;0;0;5517
205;21;4;40000;128;0;0;3474
206;21;5;40000;128;0;0;5193
207;21;6;40000;128;0;0;3405
208;21;7;40000;128;0;0;5226
209;21;8;40000;128;0;0;3321
210;21;9;40000;128;0;0;4412
211;22;0;40000;128;0;0;5268
212;22;1;40000;128;0;0;3375
213;22;2;40000;128;0;0;4582
214;22;3;40000;128;0;0;3042
215;22;4;40000;128;0;0;4744
216;22;5;40000;128;0;0;3342
217;22;6;40000;128;0;0;4842
218;22;7;40000;128;0;0;2968
219;22;8;40000;128;0;0;5181
220;22;9;40000;128;0;0;3087
221;23;0;40000;128;0;0;5025
222;23;1;40000;128;0;0;3045
223;23;2;40000;128;0;0;9868
224;23;3;40000;128;0;0;6918
225;23;4;40000;128;0;0;4938
226;23;5;40000;128;0;0;3234
227;23;6;40000;128;0;0;4790
228;23;7;40000;128;0;0;3288
229;23;8;40000;128;0;0;4728
230;23;9;40000;128;0;0;3099
231;24;0;40000;128;0;0;5744
232;24;1;40000;128;0;0;3706
233;24;2;40000;128;0;0;4818
234;24;3;40000;128;0;0;3136
235;24;4;40000;128;0;0;9882
236;24;5;40000;128;0;0;7620
237;24;6;40000;128;0;0;4827
238;24;7;40000;128;0;0;3165
239;24;8;40000;128;0;0;4851
240;24;9;40000;128;0;0;2976
241;25;0;40000;128;0;0;5125
242;25;1;40000;128;0;0;2976
243;25;2;40000;128;0;0;4546
244;25;3;40000;128;0;0;3568
245;25;4;40000;128;0;0;4702
246;25;5;40000;128;0;0;3146
247;25;6;40000;128;0;0;4872
248;25;7;40000;128;0;0;2940
249;25;8;40000;128;0;0;4428
250;25;9;40000;128;0;0;3189
251;26;0;40000;128;0;0;3570
252;26;1;40000;128;0;0;5286
253;26;2;40000;128;0;0;3501
254;26;3;40000;128;0;0;5160
255;26;4;40000;128;0;0;3438
256;26;5;40000;128;0;0;5358
257;26;6;40000;128;0;0;3516
258;26;7;40000;128;0;0;5088
259;26;8;40000;128;0;0;3477
260;26;9;40000;128;0;0;5265
261;27;0;40000;128;0;0;5580
262;27;1;40000;128;0;0;3747
263;27;2;40000;128;0;0;5175
264;27;3;40000;128;0;0;16398
265;27;4;40000;128;0;0;8577
266;27;5;40000;128;0;0;4059
267;27;6;40000;128;0;0;5427
268;27;7;40000;128;0;0;3714
269;27;8;40000;128;0;0;5415
270;27;9;40000;128;0;0;3402
271;28;0;40000;128;0;0;5304
272;28;1;40000;128;0;0;6423
273;28;2;40000;128;0;0;5454
274;28;3;40000;128;0;0;3558
275;28;4;40000;128;0;0;5271
276;28;5;40000;128;0;0;3567
277;28;6;40000;128;0;0;5262
278;28;7;40000;128;0;0;3492
279;28;8;40000;128;0;0;5340
280;28;9;40000;128;0;0;3458
281;29;0;40000;128;0;0;3306
282;29;1;40000;128;0;0;5046
283;29;2;40000;128;0;0;2937
284;29;3;40000;128;0;0;4758
285;29;4;40000;128;0;0;2964
286;29;5;40000;128;0;0;4572
287;29;6;40000;128;0;0;2880
288;29;7;40000;128;0;0;4986
289;29;8;40000;128;0;0;2976
290;29;9;40000;128;0;0;4710
291;30;0;40000;128;0;0;4608
292;30;1;40000;128;0;0;3018
293;30;2;40000;128;0;0;4908
294;30;3;40000;128;0;0;3031
295;30;4;40000;128;0;0;9080
296;30;5;40000;128;0;0;3788
297;30;6;40000;128;0;0;4036
298;30;7;40000;128;0;0;3598
299;30;8;40000;128;0;0;4797
300;30;9;40000;128;0;0;2811
301;31;0;40000;128;0;0;5496
302;31;1;40000;128;0;0;3822
303;31;2;40000;128;0;0;5202
304;31;3;40000;128;0;0;4092
305;31;4;40000;128;0;0;5289
306;31;5;40000;128;0;0;3501
307;31;6;40000;128;0;0;5025
308;31;7;40000;128;0;0;3354
309;31;8;40000;128;0;0;5166
310;31;9;40000;128;0;0;3318
311;32;0;40000;128;0;0;3684
312;32;1;40000;128;0;0;5346
313;32;2;40000;128;0;0;3398
314;32;3;40000;128;0;0;5217
315;32;4;40000;128;0;0;3360
316;32;5;40000;128;0;0;5457
317;32;6;40000;128;0;0;4089
318;32;7;40000;128;0;0;5361
319;32;8;40000;128;0;0;3309
320;32;9;40000;128;0;0;5310
321;33;0;40000;128;0;0;3172
322;33;1;40000;128;0;0;4752
323;33;2;40000;128;0;0;2944
324;33;3;40000;128;0;0;7296
325;33;4;40000;128;0;0;6375
326;33;5;40000;128;0;0;4668
327;33;6;40000;128;0;0;2910
328;33;7;40000;128;0;0;4764
329;33;8;40000;128;0;0;2895
330;33;9;40000;128;0;0;4710
331;34;0;40000;128;0;0;5085
332;34;1;40000;128;0;0;2886
333;34;2;40000;128;0;0;4689
334;34;3;40000;128;0;0;2910
335;34;4;40000;128;0;0;8865
336;34;5;40000;128;0;0;3054
337;34;6;40000;128;0;0;4710
338;34;7;40000;128;0;0;3021
339;34;8;40000;128;0;0;4710
340;34;9;40000;128;0;0;2964
341;35;0;40000;128;0;0;3099
342;35;1;40000;128;0;0;4755
343;35;2;40000;128;0;0;3537
344;35;3;40000;128;0;0;4791
345;35;4;40000;128;0;0;2850
346;35;5;40000;128;0;0;4548
347;35;6;40000;128;0;0;2874
348;35;7;40000;128;0;0;6990
349;35;8;40000;128;0;0;3522
350;35;9;40000;128;0;0;4950
351;36;0;40000;128;0;0;3528
352;36;1;40000;128;0;0;5436
353;36;2;40000;128;0;0;6690
354;36;3;40000;128;0;0;5154
355;36;4;40000;128;0;0;4119
356;36;5;40000;128;0;0;5469
357;36;6;40000;128;0;0;3465
358;36;7;40000;128;0;0;5156
359;36;8;40000;128;0;0;3420
360;36;9;40000;128;0;0;5412
361;37;0;40000;128;0;0;5355
362;37;1;40000;128;0;0;6012
363;37;2;40000;128;0;0;5223
364;37;3;40000;128;0;0;3387
365;37;4;40000;128;0;0;5118
366;37;5;40000;128;0;0;3369
367;37;6;40000;128;0;0;5223
368;37;7;40000;128;0;0;3438
369;37;8;40000;128;0;0;5451
370;37;9;40000;128;0;0;2853
371;38;0;40000;128;0;0;5046
372;38;1;40000;128;0;0;3084
373;38;2;40000;128;0;0;4839
374;38;3;40000;128;0;0;2994
375;38;4;40000;128;0;0;4680
376;38;5;40000;128;0;0;2952
377;38;6;40000;128;0;0;4724
378;38;7;40000;128;0;0;2946
379;38;8;40000;128;0;0;4798
380;38;9;40000;128;0;0;2924
381;39;0;40000;128;0;0;4863
382;39;1;40000;128;0;0;3000
383;39;2;40000;128;0;0;4773
384;39;3;40000;128;0;0;3258
385;39;4;40000;128;0;0;9654
386;39;5;40000;128;0;0;7899
387;39;6;40000;128;0;0;4875
388;39;7;40000;128;0;0;2946
389;39;8;40000;128;0;0;4659
390;39;9;40000;128;0;0;3489
391;40;0;40000;128;0;0;3622
392;40;1;40000;128;0;0;5064
393;40;2;40000;128;0;0;3870
394;40;3;40000;128;0;0;4689
395;40;4;40000;128;0;0;8343
396;40;5;40000;128;0;0;4623
397;40;6;40000;128;0;0;2862
398;40;7;40000;128;0;0;4830
399;40;8;40000;128;0;0;3024
400;40;9;40000;128;0;0;4806
401;41;0;40000;128;0;0;4584
402;41;1;40000;128;0;0;3111
403;41;2;40000;128;0;0;4416
404;41;3;40000;128;0;0;3468
405;41;4;40000;128;0;0;4593
406;41;5;40000;128;0;0;2955
407;41;6;40000;128;0;0;4440
408;41;7;40000;128;0;0;2859
409;41;8;40000;128;0;0;4554
410;41;9;40000;128;0;0;2838
411;42;0;40000;128;0;0;5418
412;42;1;40000;128;0;0;3608
413;42;2;40000;128;0;0;5361
414;42;3;40000;128;0;0;3318
415;42;4;40000;128;0;0;4545
416;42;5;40000;128;0;0;3072
417;42;6;40000;128;0;0;5163
418;42;7;40000;128;0;0;3462
419;42;8;40000;128;0;0;5175
420;42;9;40000;128;0;0;3384
421;43;0;40000;128;0;0;5703
422;43;1;40000;128;0;0;3720
423;43;2;40000;128;0;0;10425
424;43;3;40000;128;0;0;3504
425;43;4;40000;128;0;0;5235
426;43;5;40000;128;0;0;3540
427;43;6;40000;128;0;0;5343
428;43;7;40000;128;0;0;3477
429;43;8;40000;128;0;0;5319
430;43;9;40000;128;0;0;3603
431;44;0;40000;128;0;0;5436
432;44;1;40000;128;0;0;3426
433;44;2;40000;128;0;0;5229
434;44;3;40000;128;0;0;3474
435;44;4;40000;128;0;0;5511
436;44;5;40000;128;0;0;3444
437;44;6;40000;128;0;0;5328
438;44;7;40000;128;0;0;3258
439;44;8;40000;128;0;0;5184
440;44;9;40000;128;0;0;3399
441;45;0;40000;128;0;0;5472
442;45;1;40000;128;0;0;6711
443;45;2;40000;128;0;0;4698
444;45;3;40000;128;0;0;2958
445;45;4;40000;128;0;0;5166
446;45;5;40000;128;0;0;3465
447;45;6;40000;128;0;0;5217
448;45;7;40000;128;0;0;3549
449;45;8;40000;128;0;0;5229
450;45;9;40000;128;0;0;3384
451;46;0;40000;128;0;0;5280
452;46;1;40000;128;0;0;3468
453;46;2;40000;128;0;0;7530
454;46;3;40000;128;0;0;3579
455;46;4;40000;128;0;0;4437
456;46;5;40000;128;0;0;3324
457;46;6;40000;128;0;0;5346
458;46;7;40000;128;0;0;3492
459;46;8;40000;128;0;0;9708
460;46;9;40000;128;0;0;3453
461;47;0;40000;128;0;0;4491
462;47;1;40000;128;0;0;2886
463;47;2;40000;128;0;0;4491
464;47;3;40000;128;0;0;3102
465;47;4;40000;128;0;0;4512
466;47;5;40000;128;0;0;2850
467;47;6;40000;128;0;0;4752
468;47;7;40000;128;0;0;3006
469;47;8;40000;128;0;0;5310
470;47;9;40000;128;0;0;4125
471;48;0;40000;128;0;0;5688
472;48;1;40000;128;0;0;3769
473;48;2;40000;128;0;0;5354
474;48;3;40000;128;0;0;3562
475;48;4;40000;128;0;0;7706
476;48;5;40000;128;0;0;3378
477;48;6;40000;128;0;0;5139
478;48;7;40000;128;0;0;3456
479;48;8;40000;128;0;0;5421
480;48;9;40000;128;0;0;3531
481;49;0;40000;128;0;0;5520
482;49;1;40000;128;0;0;3342
483;49;2;40000;128;0;0;5220
484;49;3;40000;128;0;0;3334
485;49;4;40000;128;0;0;5360
486;49;5;40000;128;0;0;3478
487;49;6;40000;128;0;0;5196
488;49;7;40000;128;0;0;3309
489;49;8;40000;128;0;0;5313
490;49;9;40000;128;0;0;3585
491;50;0;40000;128;0;0;4167
492;50;1;40000;128;0;0;5121
493;50;2;40000;128;0;0;4164
494;50;3;40000;128;0;0;5508
495;50;4;40000;128;0;0;3447
496;50;5;40000;128;0;0;5190
497;50;6;40000;128;0;0;3504
498;50;7;40000;128;0;0;5340
499;50;8;40000;128;0;0;3615
500;50;9;40000;128;0;0;4554
501;51;0;40000;128;0;0;5025
502;51;1;40000;128;0;0;3930
503;51;2;40000;128;0;0;5106
504;51;3;40000;128;0;0;3033
505;51;4;40000;128;0;0;6525
506;51;5;40000;128;0;0;3021
507;51;6;40000;128;0;0;4860
508;51;7;40000;128;0;0;3219
509;51;8;40000;128;0;0;4755
510;51;9;40000;128;0;0;3084
511;52;0;40000;128;0;0;5586
512;52;1;40000;128;0;0;3519
513;52;2;40000;128;0;0;4851
514;52;3;40000;128;0;0;3090
515;52;4;40000;128;0;0;8748
516;52;5;40000;128;0;0;2940
517;52;6;40000;128;0;0;4806
518;52;7;40000;128;0;0;3054
519;52;8;40000;128;0;0;4752
520;52;9;40000;128;0;0;3174
521;53;0;40000;128;0;0;5610
522;53;1;40000;128;0;0;6471
523;53;2;40000;128;0;0;5184
524;53;3;40000;128;0;0;3651
525;53;4;40000;128;0;0;5238
526;53;5;40000;128;0;0;3534
527;53;6;40000;128;0;0;5214
528;53;7;40000;128;0;0;3624
529;53;8;40000;128;0;0;4674
530;53;9;40000;128;0;0;2896
531;54;0;40000;128;0;0;5208
532;54;1;40000;128;0;0;3933
533;54;2;40000;128;0;0;5265
534;54;3;40000;128;0;0;3522
535;54;4;40000;128;0;0;5604
536;54;5;40000;128;0;0;3444
537;54;6;40000;128;0;0;5422
538;54;7;40000;128;0;0;3466
539;54;8;40000;128;0;0;5268
540;54;9;40000;128;0;0;3618
541;55;0;40000;128;0;0;3510
542;55;1;40000;128;0;0;5244
543;55;2;40000;128;0;0;3513
544;55;3;40000;128;0;0;5298
545;55;4;40000;128;0;0;3498
546;55;5;40000;128;0;0;5319
547;55;6;40000;128;0;0;3570
548;55;7;40000;128;0;0;5133
549;55;8;40000;128;0;0;3540
550;55;9;40000;128;0;0;5349
551;56;0;40000;128;0;0;5498
552;56;1;40000;128;0;0;3654
553;56;2;40000;128;0;0;5334
554;56;3;40000;128;0;0;3567
555;56;4;40000;128;0;0;5121
556;56;5;40000;128;0;0;3498
557;56;6;40000;128;0;0;5163
558;56;7;40000;128;0;0;3447
559;56;8;40000;128;0;0;5232
560;56;9;40000;128;0;0;3339
561;57;0;40000;128;0;0;5163
562;57;1;40000;128;0;0;3711
563;57;2;40000;128;0;0;5298
564;57;3;40000;128;0;0;3510
565;57;4;40000;128;0;0;5454
566;57;5;40000;128;0;0;3438
567;57;6;40000;128;0;0;5280
568;57;7;40000;128;0;0;3558
569;57;8;40000;128;0;0;5244
570;57;9;40000;128;0;0;4023
571;58;0;40000;128;0;0;4736
572;58;1;40000;128;0;0;3042
573;58;2;40000;128;0;0;5116
574;58;3;40000;128;0;0;3178
575;58;4;40000;128;0;0;4698
576;58;5;40000;128;0;0;3135
577;58;6;40000;128;0;0;4776
578;58;7;40000;128;0;0;3072
579;58;8;40000;128;0;0;4902
580;58;9;40000;128;0;0;3075
581;59;0;40000;128;0;0;5466
582;59;1;40000;128;0;0;4269
583;59;2;40000;128;0;0;4851
584;59;3;40000;128;0;0;3096
585;59;4;40000;128;0;0;4830
586;59;5;40000;128;0;0;3162
587;59;6;40000;128;0;0;4710
588;59;7;40000;128;0;0;3144
589;59;8;40000;128;0;0;4785
590;59;9;40000;128;0;0;2913
591;60;0;40000;128;0;0;5370
592;60;1;40000;128;0;0;3402
593;60;2;40000;128;0;0;8721
594;60;3;40000;128;0;0;3624
595;60;4;40000;128;0;0;4458
596;60;5;40000;128;0;0;2916
597;60;6;40000;128;0;0;5121
598;60;7;40000;128;0;0;4584
599;60;8;40000;128;0;0;5505
600;60;9;40000;128;0;0;3387
601;61;0;40000;128;0;0;3810
602;61;1;40000;128;0;0;5457
603;61;2;40000;128;0;0;3609
604;61;3;40000;128;0;0;5343
605;61;4;40000;128;0;0;3576
606;61;5;40000;128;0;0;5217
607;61;6;40000;128;0;0;3447
608;61;7;40000;128;0;0;5157
609;61;8;40000;128;0;0;3525
610;61;9;40000;128;0;0;4506
611;62;0;40000;128;0;0;5385
612;62;1;40000;128;0;0;3672
613;62;2;40000;128;0;0;10272
614;62;3;40000;128;0;0;3531
615;62;4;40000;128;0;0;5271
616;62;5;40000;128;0;0;3303
617;62;6;40000;128;0;0;5352
618;62;7;40000;128;0;0;3435
619;62;8;40000;128;0;0;5382
620;62;9;40000;128;0;0;3504
621;63;0;40000;128;0;0;4888
622;63;1;40000;128;0;0;3290
623;63;2;40000;128;0;0;4782
624;63;3;40000;128;0;0;3172
625;63;4;40000;128;0;0;9018
626;63;5;40000;128;0;0;3780
627;63;6;40000;128;0;0;4962
628;63;7;40000;128;0;0;3045
629;63;8;40000;128;0;0;4677
630;63;9;40000;128;0;0;2883
631;64;0;40000;128;0;0;3465
632;64;1;40000;128;0;0;5562
633;64;2;40000;128;0;0;3738
634;64;3;40000;128;0;0;4548
635;64;4;40000;128;0;0;2940
636;64;5;40000;128;0;0;5277
637;64;6;40000;128;0;0;3462
638;64;7;40000;128;0;0;5304
639;64;8;40000;128;0;0;3471
640;64;9;40000;128;0;0;5286
641;65;0;40000;128;0;0;5541
642;65;1;40000;128;0;0;9090
643;65;2;40000;128;0;0;8550
644;65;3;40000;128;0;0;3504
645;65;4;40000;128;0;0;5216
646;65;5;40000;128;0;0;3570
647;65;6;40000;128;0;0;5232
648;65;7;40000;128;0;0;3674
649;65;8;40000;128;0;0;5271
650;65;9;40000;128;0;0;3441
651;66;0;40000;128;0;0;3750
652;66;1;40000;128;0;0;5388
653;66;2;40000;128;0;0;3495
654;66;3;40000;128;0;0;5385
655;66;4;40000;128;0;0;3483
656;66;5;40000;128;0;0;5187
657;66;6;40000;128;0;0;3633
658;66;7;40000;128;0;0;5316
659;66;8;40000;128;0;0;3447
660;66;9;40000;128;0;0;5307
661;67;0;40000;128;0;0;5316
662;67;1;40000;128;0;0;3513
663;67;2;40000;128;0;0;5307
664;67;3;40000;128;0;0;18231
665;67;4;40000;128;0;0;8661
666;67;5;40000;128;0;0;3330
667;67;6;40000;128;0;0;5307
668;67;7;40000;128;0;0;3450
669;67;8;40000;128;0;0;5464
670;67;9;40000;128;0;0;3366
671;68;0;40000;128;0;0;4887
672;68;1;40000;128;0;0;2946
673;68;2;40000;128;0;0;4722
674;68;3;40000;128;0;0;3036
675;68;4;40000;128;0;0;8841
676;68;5;40000;128;0;0;2838
677;68;6;40000;128;0;0;4641
678;68;7;40000;128;0;0;3468
679;68;8;40000;128;0;0;4902
680;68;9;40000;128;0;0;2919
681;69;0;40000;128;0;0;4164
682;69;1;40000;128;0;0;5220
683;69;2;40000;128;0;0;3356
684;69;3;40000;128;0;0;4658
685;69;4;40000;128;0;0;2760
686;69;5;40000;128;0;0;5148
687;69;6;40000;128;0;0;3384
688;69;7;40000;128;0;0;5136
689;69;8;40000;128;0;0;3381
690;69;9;40000;128;0;0;5250
691;70;0;40000;128;0;0;4584
692;70;1;40000;128;0;0;3744
693;70;2;40000;128;0;0;4959
694;70;3;40000;128;0;0;2994
695;70;4;40000;128;0;0;6498
696;70;5;40000;128;0;0;6264
697;70;6;40000;128;0;0;4674
698;70;7;40000;128;0;0;2970
699;70;8;40000;128;0;0;4812
700;70;9;40000;128;0;0;2856
701;71;0;40000;128;0;0;5448
702;71;1;40000;128;0;0;9246
703;71;2;40000;128;0;0;8160
704;71;3;40000;128;0;0;3297
705;71;4;40000;128;0;0;5088
706;71;5;40000;128;0;0;3570
707;71;6;40000;128;0;0;5205
708;71;7;40000;128;0;0;3462
709;71;8;40000;128;0;0;14208
710;71;9;40000;128;0;0;9498
711;72;0;40000;128;0;0;4833
712;72;1;40000;128;0;0;3093
713;72;2;40000;128;0;0;8019
714;72;3;40000;128;0;0;6411
715;72;4;40000;128;0;0;4455
716;72;5;40000;128;0;0;3612
717;72;6;40000;128;0;0;4662
718;72;7;40000;128;0;0;3033
719;72;8;40000;128;0;0;4926
720;72;9;40000;128;0;0;3573
721;73;0;40000;128;0;0;3444
722;73;1;40000;128;0;0;5106
723;73;2;40000;128;0;0;3453
724;73;3;40000;128;0;0;5070
725;73;4;40000;128;0;0;3315
726;73;5;40000;128;0;0;5049
727;73;6;40000;128;0;0;4290
728;73;7;40000;128;0;0;5205
729;73;8;40000;128;0;0;4221
730;73;9;40000;128;0;0;5397
731;74;0;40000;128;0;0;5346
732;74;1;40000;128;0;0;3297
733;74;2;40000;128;0;0;5448
734;74;3;40000;128;0;0;3366
735;74;4;40000;128;0;0;9540
736;74;5;40000;128;0;0;3918
737;74;6;40000;128;0;0;3111
738;74;7;40000;128;0;0;2895
739;74;8;40000;128;0;0;2892
740;74;9;40000;128;0;0;2955
741;75;0;40000;128;0;0;4653
742;75;1;40000;128;0;0;15399
743;75;2;40000;128;0;0;2862
744;75;3;40000;128;0;0;8523
745;75;4;40000;128;0;0;3321
746;75;5;40000;128;0;0;5388
747;75;6;40000;128;0;0;3384
748;75;7;40000;128;0;0;5265
749;75;8;40000;128;0;0;3351
750;75;9;40000;128;0;0;5097
751;76;0;40000;128;0;0;3615
752;76;1;40000;128;0;0;5397
753;76;2;40000;128;0;0;8886
754;76;3;40000;128;0;0;6486
755;76;4;40000;128;0;0;5952
756;76;5;40000;128;0;0;5229
757;76;6;40000;128;0;0;3453
758;76;7;40000;128;0;0;5379
759;76;8;40000;128;0;0;3399
760;76;9;40000;128;0;0;5148
761;77;0;40000;128;0;0;7740
762;77;1;40000;128;0;0;5256
763;77;2;40000;128;0;0;3423
764;77;3;40000;128;0;0;5181
765;77;4;40000;128;0;0;3594
766;77;5;40000;128;0;0;5193
767;77;6;40000;128;0;0;3399
768;77;7;40000;128;0;0;5367
769;77;8;40000;128;0;0;3897
770;77;9;40000;128;0;0;5316
771;78;0;40000;128;0;0;7194
772;78;1;40000;128;0;0;3051
773;78;2;40000;128;0;0;4644
774;78;3;40000;128;0;0;2934
775;78;4;40000;128;0;0;4662
776;78;5;40000;128;0;0;2868
777;78;6;40000;128;0;0;4536
778;78;7;40000;128;0;0;2862
779;78;8;40000;128;0;0;4455
780;78;9;40000;128;0;0;2841
781;79;0;40000;128;0;0;5586
782;79;1;40000;128;0;0;3423
783;79;2;40000;128;0;0;5412
784;79;3;40000;128;0;0;4020
785;79;4;40000;128;0;0;5504
786;79;5;40000;128;0;0;3370
787;79;6;40000;128;0;0;5410
788;79;7;40000;128;0;0;3464
789;79;8;40000;128;0;0;5542
790;79;9;40000;128;0;0;3504
791;80;0;40000;128;0;0;4875
792;80;1;40000;128;0;0;2973
793;80;2;40000;128;0;0;4917
794;80;3;40000;128;0;0;3195
795;80;4;40000;128;0;0;8184
796;80;5;40000;128;0;0;3600
797;80;6;40000;128;0;0;4746
798;80;7;40000;128;0;0;3015
799;80;8;40000;128;0;0;4592
800;80;9;40000;128;0;0;2934
801;81;0;40000;128;0;0;5226
802;81;1;40000;128;0;0;3402
803;81;2;40000;128;0;0;5523
804;81;3;40000;128;0;0;3462
805;81;4;40000;128;0;0;5358
806;81;5;40000;128;0;0;3975
807;81;6;40000;128;0;0;5499
808;81;7;40000;128;0;0;3402
809;81;8;40000;128;0;0;5208
810;81;9;40000;128;0;0;3375
811;82;0;40000;128;0;0;4389
812;82;1;40000;128;0;0;3156
813;82;2;40000;128;0;0;9828
814;82;3;40000;128;0;0;7341
815;82;4;40000;128;0;0;4674
816;82;5;40000;128;0;0;3108
817;82;6;40000;128;0;0;4821
818;82;7;40000;128;0;0;2931
819;82;8;40000;128;0;0;4464
820;82;9;40000;128;0;0;2994
821;83;0;40000;128;0;0;3024
822;83;1;40000;128;0;0;4436
823;83;2;40000;128;0;0;2950
824;83;3;40000;128;0;0;4602
825;83;4;40000;128;0;0;2784
826;83;5;40000;128;0;0;4500
827;83;6;40000;128;0;0;2913
828;83;7;40000;128;0;0;4515
829;83;8;40000;128;0;0;2877
830;83;9;40000;128;0;0;4404
831;84;0;40000;128;0;0;5640
832;84;1;40000;128;0;0;3534
833;84;2;40000;128;0;0;5586
834;84;3;40000;128;0;0;3429
835;84;4;40000;128;0;0;5436
836;84;5;40000;128;0;0;4002
837;84;6;40000;128;0;0;5277
838;84;7;40000;128;0;0;3672
839;84;8;40000;128;0;0;5412
840;84;9;40000;128;0;0;3447
841;85;0;40000;128;0;0;5295
842;85;1;40000;128;0;0;3534
843;85;2;40000;128;0;0;5607
844;85;3;40000;128;0;0;3432
845;85;4;40000;128;0;0;5409
846;85;5;40000;128;0;0;3408
847;85;6;40000;128;0;0;5379
848;85;7;40000;128;0;0;3993
849;85;8;40000;128;0;0;5454
850;85;9;40000;128;0;0;3690
851;86;0;40000;128;0;0;5367
852;86;1;40000;128;0;0;14424
853;86;2;40000;128;0;0;10560
854;86;3;40000;128;0;0;3372
855;86;4;40000;128;0;0;5100
856;86;5;40000;128;0;0;3456
857;86;6;40000;128;0;0;5253
858;86;7;40000;128;0;0;3372
859;86;8;40000;128;0;0;5379
860;86;9;40000;128;0;0;3465
861;87;0;40000;128;0;0;5379
862;87;1;40000;128;0;0;3558
863;87;2;40000;128;0;0;5367
864;87;3;40000;128;0;0;3549
865;87;4;40000;128;0;0;5394
866;87;5;40000;128;0;0;3984
867;87;6;40000;128;0;0;5553
868;87;7;40000;128;0;0;3531
869;87;8;40000;128;0;0;5256
870;87;9;40000;128;0;0;3405
871;88;0;40000;128;0;0;3828
872;88;1;40000;128;0;0;8379
873;88;2;40000;128;0;0;4386
874;88;3;40000;128;0;0;8628
875;88;4;40000;128;0;0;9528
876;88;5;40000;128;0;0;5250
877;88;6;40000;128;0;0;3507
878;88;7;40000;128;0;0;5097
879;88;8;40000;128;0;0;3426
880;88;9;40000;128;0;0;4536
881;89;0;40000;128;0;0;5643
882;89;1;40000;128;0;0;3003
883;89;2;40000;128;0;0;4752
884;89;3;40000;128;0;0;2976
885;89;4;40000;128;0;0;4752
886;89;5;40000;128;0;0;3006
887;89;6;40000;128;0;0;4750
888;89;7;40000;128;0;0;3094
889;89;8;40000;128;0;0;4962
890;89;9;40000;128;0;0;3026
891;90;0;40000;128;0;0;5154
892;90;1;40000;128;0;0;3510
893;90;2;40000;128;0;0;5421
894;90;3;40000;128;0;0;3408
895;90;4;40000;128;0;0;5184
896;90;5;40000;128;0;0;3458
897;90;6;40000;128;0;0;5310
898;90;7;40000;128;0;0;3372
899;90;8;40000;128;0;0;5184
900;90;9;40000;128;0;0;3566
901;91;0;40000;128;0;0;5391
902;91;1;40000;128;0;0;3504
903;91;2;40000;128;0;0;5448
904;91;3;40000;128;0;0;3441
905;91;4;40000;128;0;0;5109
906;91;5;40000;128;0;0;3489
907;91;6;40000;128;0;0;5385
908;91;7;40000;128;0;0;3546
909;91;8;40000;128;0;0;5181
910;91;9;40000;128;0;0;3567
911;92;0;40000;128;0;0;4542
912;92;1;40000;128;0;0;2928
913;92;2;40000;128;0;0;4500
914;92;3;40000;128;0;0;2808
915;92;4;40000;128;0;0;4512
916;92;5;40000;128;0;0;2886
917;92;6;40000;128;0;0;4380
918;92;7;40000;128;0;0;2817
919;92;8;40000;128;0;0;4527
920;92;9;40000;128;0;0;3063
921;93;0;40000;128;0;0;4689
922;93;1;40000;128;0;0;2916
923;93;2;40000;128;0;0;4482
924;93;3;40000;128;0;0;2967
925;93;4;40000;128;0;0;4515
926;93;5;40000;128;0;0;2817
927;93;6;40000;128;0;0;4533
928;93;7;40000;128;0;0;3405
929;93;8;40000;128;0;0;4596
930;93;9;40000;128;0;0;2979
931;94;0;40000;128;0;0;5636
932;94;1;40000;128;0;0;3606
933;94;2;40000;128;0;0;4917
934;94;3;40000;128;0;0;3000
935;94;4;40000;128;0;0;4743
936;94;5;40000;128;0;0;4005
937;94;6;40000;128;0;0;4830
938;94;7;40000;128;0;0;3174
939;94;8;40000;128;0;0;4977
940;94;9;40000;128;0;0;2949
941;95;0;40000;128;0;0;4710
942;95;1;40000;128;0;0;3042
943;95;2;40000;128;0;0;4803
944;95;3;40000;128;0;0;3009
945;95;4;40000;128;0;0;4644
946;95;5;40000;128;0;0;3042
947;95;6;40000;128;0;0;4746
948;95;7;40000;128;0;0;2970
949;95;8;40000;128;0;0;4806
950;95;9;40000;128;0;0;3069
951;96;0;40000;128;0;0;3648
952;96;1;40000;128;0;0;5310
953;96;2;40000;128;0;0;3426
954;96;3;40000;128;0;0;6411
955;96;4;40000;128;0;0;3474
956;96;5;40000;128;0;0;5502
957;96;6;40000;128;0;0;3390
958;96;7;40000;128;0;0;5100
959;96;8;40000;128;0;0;3549
960;96;9;40000;128;0;0;5178
961;97;0;40000;128;0;0;5127
962;97;1;40000;128;0;0;3039
963;97;2;40000;128;0;0;4586
964;97;3;40000;128;0;0;3126
965;97;4;40000;128;0;0;8788
966;97;5;40000;128;0;0;3774
967;97;6;40000;128;0;0;4713
968;97;7;40000;128;0;0;3015
969;97;8;40000;128;0;0;4914
970;97;9;40000;128;0;0;3048
971;98;0;40000;128;0;0;5277
972;98;1;40000;128;0;0;8709
973;98;2;40000;128;0;0;5181
974;98;3;40000;128;0;0;3312
975;98;4;40000;128;0;0;5259
976;98;5;40000;128;0;0;3372
977;98;6;40000;128;0;0;5247
978;98;7;40000;128;0;0;3264
979;98;8;40000;128;0;0;5151
980;98;9;40000;128;0;0;3294
981;99;0;40000;128;0;0;5325
982;99;1;40000;128;0;0;3387
983;99;2;40000;128;0;0;5346
984;99;3;40000;128;0;0;4002
985;99;4;40000;128;0;0;5169
986;99;5;40000;128;0;0;3669
987;99;6;40000;128;0;0;5295
988;99;7;40000;128;0;0;3411
989;99;8;40000;128;0;0;5370
990;99;9;40000;128;0;0;3486
991;100;0;40000;128;0;0;4599
992;100;1;40000;128;0;0;2880
993;100;2;40000;128;0;0;7968
994;100;3;40000;128;0;0;3354
995;100;4;40000;128;0;0;5199
996;100;5;40000;128;0;0;3714
997;100;6;40000;128;0;0;5271
998;100;7;40000;128;0;0;3990
999;100;8;40000;128;0;0;5283
1000;100;9;40000;128;0;0;3435
