1;1;0;150000;128;0;0;4.764000
2;2;0;150000;128;0;0;4.854000
3;3;0;150000;128;0;0;3.560000
4;4;0;150000;128;0;0;5.064000
5;5;0;150000;128;0;0;5.481000
6;6;0;150000;128;0;0;3.045000
7;7;0;150000;128;0;0;4.536000
8;8;0;150000;128;0;0;5.637000
9;9;0;150000;128;0;0;4.302000
10;10;0;150000;128;0;0;5.259000
11;11;0;150000;128;0;0;3.624000
12;12;0;150000;128;0;0;5.388000
13;13;0;150000;128;0;0;3.705000
14;14;0;150000;128;0;0;4.509000
15;15;0;150000;128;0;0;5.448000
16;16;0;150000;128;0;0;4.485000
17;17;0;150000;128;0;0;5.456000
18;18;0;150000;128;0;0;3.384000
19;19;0;150000;128;0;0;3.120000
20;20;0;150000;128;0;0;4.707000
21;21;0;150000;128;0;0;3.864000
22;22;0;150000;128;0;0;4.569000
23;23;0;150000;128;0;0;4.215000
24;24;0;150000;128;0;0;3.120000
25;25;0;150000;128;0;0;3.666000
26;26;0;150000;128;0;0;37.056000
27;27;0;150000;128;0;0;5.052000
28;28;0;150000;128;0;0;4.842000
29;29;0;150000;128;0;0;2.799000
30;30;0;150000;128;0;0;3.549000
31;31;0;150000;128;0;0;3.498000
32;32;0;150000;128;0;0;3.600000
33;33;0;150000;128;0;0;3.108000
34;34;0;150000;128;0;0;3.729000
35;35;0;150000;128;0;0;4.134000
36;36;0;150000;128;0;0;3.066000
37;37;0;150000;128;0;0;21.891000
38;38;0;150000;128;0;0;5.058000
39;39;0;150000;128;0;0;5.553000
40;40;0;150000;128;0;0;3.912000
41;41;0;150000;128;0;0;4.785000
42;42;0;150000;128;0;0;3.090000
43;43;0;150000;128;0;0;5.808000
44;44;0;150000;128;0;0;3.582000
45;45;0;150000;128;0;0;4.731000
46;46;0;150000;128;0;0;3.186000
47;47;0;150000;128;0;0;3.870000
48;48;0;150000;128;0;0;3.447000
49;49;0;150000;128;0;0;4.725000
50;50;0;150000;128;0;0;4.671000
51;51;0;150000;128;0;0;3.378000
52;52;0;150000;128;0;0;4.371000
53;53;0;150000;128;0;0;5.064000
54;54;0;150000;128;0;0;3.264000
55;55;0;150000;128;0;0;2.865000
56;56;0;150000;128;0;0;3.654000
57;57;0;150000;128;0;0;3.645000
58;58;0;150000;128;0;0;2.922000
59;59;0;150000;128;0;0;8.745000
60;60;0;150000;128;0;0;5.264000
61;61;0;150000;128;0;0;27.948000
62;62;0;150000;128;0;0;3.074000
63;63;0;150000;128;0;0;10.464000
64;64;0;150000;128;0;0;3.075000
65;65;0;150000;128;0;0;3.435000
66;66;0;150000;128;0;0;3.657000
67;67;0;150000;128;0;0;3.030000
68;68;0;150000;128;0;0;8.463000
69;69;0;150000;128;0;0;18.438000
70;70;0;150000;128;0;0;4.701000
71;71;0;150000;128;0;0;28.287000
72;72;0;150000;128;0;0;3.498000
73;73;0;150000;128;0;0;3.030000
74;74;0;150000;128;0;0;6.152000
75;75;0;150000;128;0;0;4.533000
76;76;0;150000;128;0;0;3.489000
77;77;0;150000;128;0;0;5.619000
78;78;0;150000;128;0;0;4.848000
79;79;0;150000;128;0;0;4.965000
80;80;0;150000;128;0;0;3.780000
81;81;0;150000;128;0;0;7.974000
82;82;0;150000;128;0;0;2.934000
83;83;0;150000;128;0;0;3.684000
84;84;0;150000;128;0;0;10.818000
85;85;0;150000;128;0;0;3.760000
86;86;0;150000;128;0;0;3.597000
87;87;0;150000;128;0;0;3.492000
88;88;0;150000;128;0;0;4.857000
89;89;0;150000;128;0;0;4.308000
90;90;0;150000;128;0;0;3.873000
91;91;0;150000;128;0;0;3.420000
92;92;0;150000;128;0;0;14.148000
93;93;0;150000;128;0;0;5.370000
94;94;0;150000;128;0;0;2.817000
95;95;0;150000;128;0;0;18.189000
96;96;0;150000;128;0;0;5.178000
97;97;0;150000;128;0;0;12.804000
98;98;0;150000;128;0;0;14.136000
99;99;0;150000;128;0;0;5.628000
100;100;0;150000;128;0;0;4.968000
101;101;0;150000;128;0;0;8.823000
102;102;0;150000;128;0;0;3.075000
103;103;0;150000;128;0;0;3.483000
104;104;0;150000;128;0;0;3.528000
105;105;0;150000;128;0;0;2.862000
106;106;0;150000;128;0;0;3.552000
107;107;0;150000;128;0;0;13.161000
108;108;0;150000;128;0;0;4.323000
109;109;0;150000;128;0;0;2.848000
110;110;0;150000;128;0;0;3.006000
111;111;0;150000;128;0;0;3.290000
112;112;0;150000;128;0;0;4.836000
113;113;0;150000;128;0;0;5.496000
114;114;0;150000;128;0;0;4.728000
115;115;0;150000;128;0;0;3.753000
116;116;0;150000;128;0;0;3.048000
117;117;0;150000;128;0;0;4.743000
118;118;0;150000;128;0;0;3.567000
119;119;0;150000;128;0;0;3.624000
120;120;0;150000;128;0;0;3.534000
121;121;0;150000;128;0;0;15.738000
122;122;0;150000;128;0;0;19.167000
123;123;0;150000;128;0;0;3.012000
124;124;0;150000;128;0;0;4.455000
125;125;0;150000;128;0;0;11.256000
126;126;0;150000;128;0;0;22.497000
127;127;0;150000;128;0;0;5.208000
128;128;0;150000;128;0;0;5.361000
129;129;0;150000;128;0;0;2.896000
130;130;0;150000;128;0;0;3.657000
131;131;0;150000;128;0;0;4.929000
132;132;0;150000;128;0;0;4.767000
133;133;0;150000;128;0;0;3.147000
134;134;0;150000;128;0;0;3.588000
135;135;0;150000;128;0;0;3.594000
136;136;0;150000;128;0;0;3.608000
137;137;0;150000;128;0;0;4.422000
138;138;0;150000;128;0;0;4.670000
139;139;0;150000;128;0;0;2.922000
140;140;0;150000;128;0;0;15.621000
141;141;0;150000;128;0;0;5.217000
142;142;0;150000;128;0;0;3.856000
143;143;0;150000;128;0;0;3.237000
144;144;0;150000;128;0;0;27.453000
145;145;0;150000;128;0;0;18.241000
146;146;0;150000;128;0;0;4.419000
147;147;0;150000;128;0;0;2.970000
148;148;0;150000;128;0;0;3.342000
149;149;0;150000;128;0;0;3.597000
150;150;0;150000;128;0;0;3.006000
151;151;0;150000;128;0;0;17.280000
152;152;0;150000;128;0;0;4.299000
153;153;0;150000;128;0;0;3.290000
154;154;0;150000;128;0;0;2.961000
155;155;0;150000;128;0;0;4.851000
156;156;0;150000;128;0;0;4.836000
157;157;0;150000;128;0;0;39.840000
158;158;0;150000;128;0;0;4.899000
159;159;0;150000;128;0;0;3.957000
160;160;0;150000;128;0;0;9.330000
161;161;0;150000;128;0;0;4.464000
162;162;0;150000;128;0;0;4.710000
163;163;0;150000;128;0;0;5.547000
164;164;0;150000;128;0;0;4.875000
165;165;0;150000;128;0;0;4.392000
166;166;0;150000;128;0;0;3.940000
167;167;0;150000;128;0;0;3.549000
168;168;0;150000;128;0;0;5.019000
169;169;0;150000;128;0;0;5.721000
170;170;0;150000;128;0;0;3.807000
171;171;0;150000;128;0;0;4.191000
172;172;0;150000;128;0;0;4.974000
173;173;0;150000;128;0;0;21.546000
174;174;0;150000;128;0;0;5.511000
175;175;0;150000;128;0;0;3.166000
176;176;0;150000;128;0;0;4.782000
177;177;0;150000;128;0;0;3.402000
178;178;0;150000;128;0;0;20.133000
179;179;0;150000;128;0;0;3.626000
180;180;0;150000;128;0;0;3.718000
181;181;0;150000;128;0;0;3.736000
182;182;0;150000;128;0;0;4.710000
183;183;0;150000;128;0;0;20.802000
184;184;0;150000;128;0;0;5.484000
185;185;0;150000;128;0;0;5.469000
186;186;0;150000;128;0;0;3.504000
187;187;0;150000;128;0;0;4.926000
188;188;0;150000;128;0;0;5.546000
189;189;0;150000;128;0;0;3.006000
190;190;0;150000;128;0;0;3.192000
191;191;0;150000;128;0;0;3.238000
192;192;0;150000;128;0;0;4.851000
193;193;0;150000;128;0;0;3.138000
194;194;0;150000;128;0;0;3.918000
195;195;0;150000;128;0;0;3.600000
196;196;0;150000;128;0;0;3.126000
197;197;0;150000;128;0;0;2.880000
198;198;0;150000;128;0;0;3.378000
199;199;0;150000;128;0;0;3.408000
200;200;0;150000;128;0;0;3.633000
201;201;0;150000;128;0;0;3.084000
202;202;0;150000;128;0;0;13.467000
203;203;0;150000;128;0;0;3.108000
204;204;0;150000;128;0;0;5.487000
205;205;0;150000;128;0;0;17.940000
206;206;0;150000;128;0;0;5.457000
207;207;0;150000;128;0;0;4.443000
208;208;0;150000;128;0;0;3.198000
209;209;0;150000;128;0;0;3.246000
210;210;0;150000;128;0;0;2.778000
211;211;0;150000;128;0;0;9.117000
212;212;0;150000;128;0;0;4.686000
213;213;0;150000;128;0;0;4.773000
214;214;0;150000;128;0;0;4.872000
215;215;0;150000;128;0;0;4.426000
216;216;0;150000;128;0;0;4.920000
217;217;0;150000;128;0;0;10.824000
218;218;0;150000;128;0;0;4.875000
219;219;0;150000;128;0;0;3.126000
220;220;0;150000;128;0;0;4.584000
221;221;0;150000;128;0;0;2.940000
222;222;0;150000;128;0;0;3.843000
223;223;0;150000;128;0;0;4.014000
224;224;0;150000;128;0;0;2.958000
225;225;0;150000;128;0;0;12.618000
226;226;0;150000;128;0;0;5.115000
227;227;0;150000;128;0;0;2.874000
228;228;0;150000;128;0;0;3.297000
229;229;0;150000;128;0;0;4.827000
230;230;0;150000;128;0;0;5.685000
231;231;0;150000;128;0;0;8.366000
232;232;0;150000;128;0;0;21.090000
233;233;0;150000;128;0;0;3.018000
234;234;0;150000;128;0;0;3.468000
235;235;0;150000;128;0;0;4.224000
236;236;0;150000;128;0;0;5.558000
237;237;0;150000;128;0;0;4.887000
238;238;0;150000;128;0;0;4.118000
239;239;0;150000;128;0;0;3.321000
240;240;0;150000;128;0;0;3.357000
241;241;0;150000;128;0;0;5.856000
242;242;0;150000;128;0;0;4.704000
243;243;0;150000;128;0;0;5.064000
244;244;0;150000;128;0;0;5.340000
245;245;0;150000;128;0;0;5.142000
246;246;0;150000;128;0;0;5.700000
247;247;0;150000;128;0;0;4.014000
248;248;0;150000;128;0;0;4.899000
249;249;0;150000;128;0;0;3.108000
250;250;0;150000;128;0;0;3.546000
251;251;0;150000;128;0;0;2.997000
252;252;0;150000;128;0;0;4.674000
253;253;0;150000;128;0;0;4.784000
254;254;0;150000;128;0;0;6.363000
255;255;0;150000;128;0;0;2.904000
256;256;0;150000;128;0;0;3.444000
257;257;0;150000;128;0;0;3.969000
258;258;0;150000;128;0;0;4.072000
259;259;0;150000;128;0;0;30.375000
260;260;0;150000;128;0;0;3.084000
261;261;0;150000;128;0;0;3.432000
262;262;0;150000;128;0;0;4.743000
263;263;0;150000;128;0;0;5.013000
264;264;0;150000;128;0;0;3.033000
265;265;0;150000;128;0;0;3.225000
266;266;0;150000;128;0;0;27.984000
267;267;0;150000;128;0;0;13.311000
268;268;0;150000;128;0;0;23.302000
269;269;0;150000;128;0;0;4.776000
270;270;0;150000;128;0;0;4.716000
271;271;0;150000;128;0;0;3.006000
272;272;0;150000;128;0;0;4.383000
273;273;0;150000;128;0;0;3.522000
274;274;0;150000;128;0;0;4.578000
275;275;0;150000;128;0;0;3.417000
276;276;0;150000;128;0;0;4.632000
277;277;0;150000;128;0;0;4.698000
278;278;0;150000;128;0;0;5.466000
279;279;0;150000;128;0;0;4.622000
280;280;0;150000;128;0;0;3.156000
281;281;0;150000;128;0;0;5.523000
282;282;0;150000;128;0;0;2.816000
283;283;0;150000;128;0;0;34.251000
284;284;0;150000;128;0;0;25.929000
285;285;0;150000;128;0;0;21.795000
286;286;0;150000;128;0;0;4.392000
287;287;0;150000;128;0;0;5.259000
288;288;0;150000;128;0;0;5.726000
289;289;0;150000;128;0;0;4.497000
290;290;0;150000;128;0;0;5.523000
291;291;0;150000;128;0;0;2.556000
292;292;0;150000;128;0;0;4.563000
293;293;0;150000;128;0;0;3.621000
294;294;0;150000;128;0;0;4.281000
295;295;0;150000;128;0;0;5.274000
296;296;0;150000;128;0;0;13.704000
297;297;0;150000;128;0;0;4.804000
298;298;0;150000;128;0;0;3.435000
299;299;0;150000;128;0;0;4.498000
300;300;0;150000;128;0;0;2.895000
301;301;0;150000;128;0;0;4.626000
302;302;0;150000;128;0;0;5.658000
303;303;0;150000;128;0;0;14.784000
304;304;0;150000;128;0;0;5.616000
305;305;0;150000;128;0;0;19.299000
306;306;0;150000;128;0;0;3.183000
307;307;0;150000;128;0;0;5.142000
308;308;0;150000;128;0;0;4.614000
309;309;0;150000;128;0;0;4.515000
310;310;0;150000;128;0;0;26.820000
311;311;0;150000;128;0;0;2.758000
312;312;0;150000;128;0;0;9.660000
313;313;0;150000;128;0;0;5.136000
314;314;0;150000;128;0;0;30.711000
315;315;0;150000;128;0;0;4.452000
316;316;0;150000;128;0;0;13.602000
317;317;0;150000;128;0;0;4.590000
318;318;0;150000;128;0;0;4.701000
319;319;0;150000;128;0;0;22.128000
320;320;0;150000;128;0;0;4.323000
321;321;0;150000;128;0;0;20.466000
322;322;0;150000;128;0;0;3.360000
323;323;0;150000;128;0;0;3.030000
324;324;0;150000;128;0;0;4.545000
325;325;0;150000;128;0;0;2.979000
326;326;0;150000;128;0;0;5.136000
327;327;0;150000;128;0;0;5.016000
328;328;0;150000;128;0;0;4.794000
329;329;0;150000;128;0;0;3.597000
330;330;0;150000;128;0;0;4.320000
331;331;0;150000;128;0;0;17.892000
332;332;0;150000;128;0;0;2.931000
333;333;0;150000;128;0;0;2.991000
334;334;0;150000;128;0;0;4.659000
335;335;0;150000;128;0;0;7.419000
336;336;0;150000;128;0;0;2.835000
337;337;0;150000;128;0;0;3.390000
338;338;0;150000;128;0;0;3.573000
339;339;0;150000;128;0;0;3.600000
340;340;0;150000;128;0;0;3.177000
341;341;0;150000;128;0;0;5.160000
342;342;0;150000;128;0;0;2.808000
343;343;0;150000;128;0;0;5.841000
344;344;0;150000;128;0;0;3.447000
345;345;0;150000;128;0;0;4.368000
346;346;0;150000;128;0;0;5.715000
347;347;0;150000;128;0;0;3.249000
348;348;0;150000;128;0;0;4.215000
349;349;0;150000;128;0;0;3.165000
350;350;0;150000;128;0;0;5.106000
351;351;0;150000;128;0;0;3.168000
352;352;0;150000;128;0;0;4.455000
353;353;0;150000;128;0;0;5.358000
354;354;0;150000;128;0;0;17.104000
355;355;0;150000;128;0;0;5.526000
356;356;0;150000;128;0;0;2.994000
357;357;0;150000;128;0;0;5.352000
358;358;0;150000;128;0;0;3.573000
359;359;0;150000;128;0;0;3.327000
360;360;0;150000;128;0;0;4.152000
361;361;0;150000;128;0;0;3.084000
362;362;0;150000;128;0;0;4.965000
363;363;0;150000;128;0;0;4.773000
364;364;0;150000;128;0;0;4.434000
365;365;0;150000;128;0;0;3.033000
366;366;0;150000;128;0;0;2.922000
367;367;0;150000;128;0;0;2.973000
368;368;0;150000;128;0;0;3.069000
369;369;0;150000;128;0;0;3.075000
370;370;0;150000;128;0;0;16.704000
371;371;0;150000;128;0;0;3.570000
372;372;0;150000;128;0;0;4.944000
373;373;0;150000;128;0;0;2.928000
374;374;0;150000;128;0;0;4.527000
375;375;0;150000;128;0;0;5.514000
376;376;0;150000;128;0;0;5.700000
377;377;0;150000;128;0;0;15.960000
378;378;0;150000;128;0;0;3.498000
379;379;0;150000;128;0;0;4.362000
380;380;0;150000;128;0;0;6.015000
381;381;0;150000;128;0;0;3.225000
382;382;0;150000;128;0;0;3.360000
383;383;0;150000;128;0;0;4.762000
384;384;0;150000;128;0;0;3.540000
385;385;0;150000;128;0;0;5.652000
386;386;0;150000;128;0;0;5.574000
387;387;0;150000;128;0;0;6.018000
388;388;0;150000;128;0;0;6.620000
389;389;0;150000;128;0;0;4.482000
390;390;0;150000;128;0;0;3.945000
391;391;0;150000;128;0;0;4.848000
392;392;0;150000;128;0;0;5.412000
393;393;0;150000;128;0;0;4.686000
394;394;0;150000;128;0;0;3.432000
395;395;0;150000;128;0;0;3.864000
396;396;0;150000;128;0;0;3.429000
397;397;0;150000;128;0;0;3.537000
398;398;0;150000;128;0;0;6.222000
399;399;0;150000;128;0;0;4.641000
400;400;0;150000;128;0;0;3.279000
401;401;0;150000;128;0;0;5.262000
402;402;0;150000;128;0;0;4.461000
403;403;0;150000;128;0;0;3.111000
404;404;0;150000;128;0;0;26.631000
405;405;0;150000;128;0;0;10.086000
406;406;0;150000;128;0;0;3.066000
407;407;0;150000;128;0;0;4.482000
408;408;0;150000;128;0;0;2.976000
409;409;0;150000;128;0;0;3.066000
410;410;0;150000;128;0;0;4.176000
411;411;0;150000;128;0;0;17.541000
412;412;0;150000;128;0;0;5.400000
413;413;0;150000;128;0;0;19.584000
414;414;0;150000;128;0;0;3.564000
415;415;0;150000;128;0;0;4.698000
416;416;0;150000;128;0;0;3.438000
417;417;0;150000;128;0;0;3.390000
418;418;0;150000;128;0;0;18.426000
419;419;0;150000;128;0;0;4.164000
420;420;0;150000;128;0;0;3.399000
421;421;0;150000;128;0;0;2.922000
422;422;0;150000;128;0;0;27.294000
423;423;0;150000;128;0;0;5.394000
424;424;0;150000;128;0;0;4.749000
425;425;0;150000;128;0;0;3.606000
426;426;0;150000;128;0;0;5.556000
427;427;0;150000;128;0;0;18.903000
428;428;0;150000;128;0;0;3.609000
429;429;0;150000;128;0;0;3.606000
430;430;0;150000;128;0;0;3.549000
431;431;0;150000;128;0;0;4.482000
432;432;0;150000;128;0;0;4.683000
433;433;0;150000;128;0;0;3.063000
434;434;0;150000;128;0;0;3.138000
435;435;0;150000;128;0;0;5.256000
436;436;0;150000;128;0;0;5.529000
437;437;0;150000;128;0;0;3.384000
438;438;0;150000;128;0;0;4.989000
439;439;0;150000;128;0;0;3.759000
440;440;0;150000;128;0;0;3.621000
441;441;0;150000;128;0;0;5.241000
442;442;0;150000;128;0;0;3.006000
443;443;0;150000;128;0;0;4.776000
444;444;0;150000;128;0;0;5.409000
445;445;0;150000;128;0;0;3.984000
446;446;0;150000;128;0;0;4.326000
447;447;0;150000;128;0;0;3.705000
448;448;0;150000;128;0;0;3.402000
449;449;0;150000;128;0;0;3.426000
450;450;0;150000;128;0;0;3.454000
451;451;0;150000;128;0;0;4.809000
452;452;0;150000;128;0;0;4.092000
453;453;0;150000;128;0;0;5.457000
454;454;0;150000;128;0;0;4.083000
455;455;0;150000;128;0;0;5.349000
456;456;0;150000;128;0;0;4.974000
457;457;0;150000;128;0;0;4.542000
458;458;0;150000;128;0;0;3.096000
459;459;0;150000;128;0;0;4.194000
460;460;0;150000;128;0;0;9.438000
461;461;0;150000;128;0;0;3.468000
462;462;0;150000;128;0;0;15.722000
463;463;0;150000;128;0;0;3.666000
464;464;0;150000;128;0;0;4.320000
465;465;0;150000;128;0;0;3.003000
466;466;0;150000;128;0;0;3.330000
467;467;0;150000;128;0;0;5.738000
468;468;0;150000;128;0;0;4.326000
469;469;0;150000;128;0;0;5.583000
470;470;0;150000;128;0;0;4.233000
471;471;0;150000;128;0;0;3.630000
472;472;0;150000;128;0;0;3.381000
473;473;0;150000;128;0;0;4.614000
474;474;0;150000;128;0;0;3.132000
475;475;0;150000;128;0;0;3.246000
476;476;0;150000;128;0;0;5.229000
477;477;0;150000;128;0;0;3.576000
478;478;0;150000;128;0;0;4.974000
479;479;0;150000;128;0;0;16.740000
480;480;0;150000;128;0;0;10.467000
481;481;0;150000;128;0;0;3.024000
482;482;0;150000;128;0;0;3.000000
483;483;0;150000;128;0;0;3.132000
484;484;0;150000;128;0;0;17.976000
485;485;0;150000;128;0;0;3.057000
486;486;0;150000;128;0;0;35.145000
487;487;0;150000;128;0;0;3.099000
488;488;0;150000;128;0;0;3.549000
489;489;0;150000;128;0;0;4.353000
490;490;0;150000;128;0;0;5.157000
491;491;0;150000;128;0;0;3.975000
492;492;0;150000;128;0;0;2.880000
493;493;0;150000;128;0;0;2.832000
494;494;0;150000;128;0;0;2.772000
495;495;0;150000;128;0;0;3.153000
496;496;0;150000;128;0;0;4.372000
497;497;0;150000;128;0;0;3.897000
498;498;0;150000;128;0;0;2.925000
499;499;0;150000;128;0;0;4.278000
500;500;0;150000;128;0;0;4.089000
501;501;0;150000;128;0;0;3.564000
502;502;0;150000;128;0;0;4.701000
503;503;0;150000;128;0;0;4.200000
504;504;0;150000;128;0;0;3.240000
505;505;0;150000;128;0;0;2.820000
506;506;0;150000;128;0;0;4.212000
507;507;0;150000;128;0;0;4.820000
508;508;0;150000;128;0;0;3.645000
509;509;0;150000;128;0;0;5.600000
510;510;0;150000;128;0;0;4.899000
511;511;0;150000;128;0;0;3.564000
512;512;0;150000;128;0;0;3.921000
513;513;0;150000;128;0;0;3.524000
514;514;0;150000;128;0;0;4.836000
515;515;0;150000;128;0;0;3.096000
516;516;0;150000;128;0;0;4.546000
517;517;0;150000;128;0;0;3.732000
518;518;0;150000;128;0;0;3.009000
519;519;0;150000;128;0;0;3.180000
520;520;0;150000;128;0;0;4.293000
521;521;0;150000;128;0;0;3.588000
522;522;0;150000;128;0;0;3.108000
523;523;0;150000;128;0;0;3.150000
524;524;0;150000;128;0;0;4.185000
525;525;0;150000;128;0;0;34.245000
526;526;0;150000;128;0;0;3.268000
527;527;0;150000;128;0;0;4.617000
528;528;0;150000;128;0;0;3.540000
529;529;0;150000;128;0;0;31.278000
530;530;0;150000;128;0;0;2.868000
531;531;0;150000;128;0;0;3.801000
532;532;0;150000;128;0;0;3.178000
533;533;0;150000;128;0;0;4.194000
534;534;0;150000;128;0;0;30.054000
535;535;0;150000;128;0;0;3.414000
536;536;0;150000;128;0;0;19.935000
537;537;0;150000;128;0;0;3.369000
538;538;0;150000;128;0;0;2.907000
539;539;0;150000;128;0;0;4.848000
540;540;0;150000;128;0;0;3.111000
541;541;0;150000;128;0;0;4.539000
542;542;0;150000;128;0;0;3.360000
543;543;0;150000;128;0;0;2.976000
544;544;0;150000;128;0;0;5.574000
545;545;0;150000;128;0;0;4.776000
546;546;0;150000;128;0;0;2.859000
547;547;0;150000;128;0;0;5.169000
548;548;0;150000;128;0;0;2.976000
549;549;0;150000;128;0;0;3.506000
550;550;0;150000;128;0;0;10.347000
551;551;0;150000;128;0;0;4.236000
552;552;0;150000;128;0;0;4.746000
553;553;0;150000;128;0;0;19.707000
554;554;0;150000;128;0;0;3.195000
555;555;0;150000;128;0;0;3.612000
556;556;0;150000;128;0;0;4.944000
557;557;0;150000;128;0;0;3.600000
558;558;0;150000;128;0;0;3.588000
559;559;0;150000;128;0;0;4.722000
560;560;0;150000;128;0;0;5.511000
561;561;0;150000;128;0;0;2.988000
562;562;0;150000;128;0;0;5.283000
563;563;0;150000;128;0;0;3.468000
564;564;0;150000;128;0;0;4.620000
565;565;0;150000;128;0;0;16.608000
566;566;0;150000;128;0;0;2.864000
567;567;0;150000;128;0;0;4.728000
568;568;0;150000;128;0;0;4.206000
569;569;0;150000;128;0;0;4.629000
570;570;0;150000;128;0;0;3.423000
571;571;0;150000;128;0;0;2.925000
572;572;0;150000;128;0;0;4.986000
573;573;0;150000;128;0;0;3.033000
574;574;0;150000;128;0;0;2.919000
575;575;0;150000;128;0;0;3.138000
576;576;0;150000;128;0;0;3.518000
577;577;0;150000;128;0;0;4.236000
578;578;0;150000;128;0;0;3.213000
579;579;0;150000;128;0;0;22.677000
580;580;0;150000;128;0;0;3.033000
581;581;0;150000;128;0;0;18.582000
582;582;0;150000;128;0;0;2.918000
583;583;0;150000;128;0;0;3.396000
584;584;0;150000;128;0;0;4.400000
585;585;0;150000;128;0;0;5.652000
586;586;0;150000;128;0;0;13.656000
587;587;0;150000;128;0;0;3.483000
588;588;0;150000;128;0;0;3.288000
589;589;0;150000;128;0;0;2.744000
590;590;0;150000;128;0;0;9.699000
591;591;0;150000;128;0;0;4.431000
592;592;0;150000;128;0;0;3.358000
593;593;0;150000;128;0;0;4.839000
594;594;0;150000;128;0;0;4.316000
595;595;0;150000;128;0;0;5.193000
596;596;0;150000;128;0;0;3.060000
597;597;0;150000;128;0;0;3.330000
598;598;0;150000;128;0;0;4.761000
599;599;0;150000;128;0;0;2.958000
600;600;0;150000;128;0;0;7.866000
601;601;0;150000;128;0;0;4.056000
602;602;0;150000;128;0;0;4.449000
603;603;0;150000;128;0;0;26.976000
604;604;0;150000;128;0;0;4.974000
605;605;0;150000;128;0;0;3.183000
606;606;0;150000;128;0;0;3.387000
607;607;0;150000;128;0;0;5.505000
608;608;0;150000;128;0;0;4.278000
609;609;0;150000;128;0;0;3.294000
610;610;0;150000;128;0;0;4.503000
611;611;0;150000;128;0;0;3.015000
612;612;0;150000;128;0;0;4.716000
613;613;0;150000;128;0;0;3.018000
614;614;0;150000;128;0;0;3.471000
615;615;0;150000;128;0;0;3.387000
616;616;0;150000;128;0;0;3.940000
617;617;0;150000;128;0;0;4.914000
618;618;0;150000;128;0;0;4.788000
619;619;0;150000;128;0;0;5.592000
620;620;0;150000;128;0;0;2.976000
621;621;0;150000;128;0;0;4.326000
622;622;0;150000;128;0;0;3.291000
623;623;0;150000;128;0;0;3.418000
624;624;0;150000;128;0;0;4.818000
625;625;0;150000;128;0;0;10.376000
626;626;0;150000;128;0;0;3.027000
627;627;0;150000;128;0;0;3.420000
628;628;0;150000;128;0;0;3.554000
629;629;0;150000;128;0;0;2.994000
630;630;0;150000;128;0;0;5.436000
631;631;0;150000;128;0;0;5.746000
632;632;0;150000;128;0;0;3.981000
633;633;0;150000;128;0;0;5.385000
634;634;0;150000;128;0;0;2.850000
635;635;0;150000;128;0;0;5.124000
636;636;0;150000;128;0;0;4.665000
637;637;0;150000;128;0;0;3.681000
638;638;0;150000;128;0;0;5.430000
639;639;0;150000;128;0;0;3.231000
640;640;0;150000;128;0;0;3.519000
641;641;0;150000;128;0;0;2.920000
642;642;0;150000;128;0;0;9.210000
643;643;0;150000;128;0;0;6.021000
644;644;0;150000;128;0;0;3.117000
645;645;0;150000;128;0;0;3.429000
646;646;0;150000;128;0;0;3.519000
647;647;0;150000;128;0;0;3.651000
648;648;0;150000;128;0;0;3.318000
649;649;0;150000;128;0;0;4.866000
650;650;0;150000;128;0;0;4.935000
651;651;0;150000;128;0;0;4.362000
652;652;0;150000;128;0;0;3.327000
653;653;0;150000;128;0;0;5.919000
654;654;0;150000;128;0;0;3.582000
655;655;0;150000;128;0;0;4.136000
656;656;0;150000;128;0;0;2.868000
657;657;0;150000;128;0;0;3.849000
658;658;0;150000;128;0;0;3.984000
659;659;0;150000;128;0;0;4.935000
660;660;0;150000;128;0;0;3.615000
661;661;0;150000;128;0;0;3.570000
662;662;0;150000;128;0;0;3.063000
663;663;0;150000;128;0;0;4.156000
664;664;0;150000;128;0;0;2.796000
665;665;0;150000;128;0;0;4.809000
666;666;0;150000;128;0;0;4.551000
667;667;0;150000;128;0;0;3.441000
668;668;0;150000;128;0;0;3.000000
669;669;0;150000;128;0;0;3.246000
670;670;0;150000;128;0;0;4.572000
671;671;0;150000;128;0;0;3.003000
672;672;0;150000;128;0;0;4.704000
673;673;0;150000;128;0;0;2.883000
674;674;0;150000;128;0;0;3.908000
675;675;0;150000;128;0;0;4.080000
676;676;0;150000;128;0;0;4.398000
677;677;0;150000;128;0;0;3.430000
678;678;0;150000;128;0;0;4.236000
679;679;0;150000;128;0;0;4.407000
680;680;0;150000;128;0;0;3.466000
681;681;0;150000;128;0;0;29.820000
682;682;0;150000;128;0;0;31.416000
683;683;0;150000;128;0;0;9.326000
684;684;0;150000;128;0;0;3.684000
685;685;0;150000;128;0;0;3.024000
686;686;0;150000;128;0;0;3.864000
687;687;0;150000;128;0;0;5.427000
688;688;0;150000;128;0;0;4.701000
689;689;0;150000;128;0;0;3.126000
690;690;0;150000;128;0;0;2.973000
691;691;0;150000;128;0;0;2.876000
692;692;0;150000;128;0;0;4.122000
693;693;0;150000;128;0;0;2.949000
694;694;0;150000;128;0;0;4.812000
695;695;0;150000;128;0;0;3.624000
696;696;0;150000;128;0;0;3.183000
697;697;0;150000;128;0;0;3.789000
698;698;0;150000;128;0;0;3.114000
699;699;0;150000;128;0;0;4.593000
700;700;0;150000;128;0;0;3.441000
701;701;0;150000;128;0;0;3.568000
702;702;0;150000;128;0;0;3.267000
703;703;0;150000;128;0;0;5.778000
704;704;0;150000;128;0;0;3.120000
705;705;0;150000;128;0;0;5.892000
706;706;0;150000;128;0;0;2.895000
707;707;0;150000;128;0;0;2.856000
708;708;0;150000;128;0;0;19.146000
709;709;0;150000;128;0;0;10.683000
710;710;0;150000;128;0;0;2.997000
711;711;0;150000;128;0;0;3.234000
712;712;0;150000;128;0;0;3.303000
713;713;0;150000;128;0;0;5.574000
714;714;0;150000;128;0;0;3.693000
715;715;0;150000;128;0;0;3.108000
716;716;0;150000;128;0;0;3.696000
717;717;0;150000;128;0;0;2.916000
718;718;0;150000;128;0;0;4.905000
719;719;0;150000;128;0;0;5.007000
720;720;0;150000;128;0;0;2.880000
721;721;0;150000;128;0;0;4.500000
722;722;0;150000;128;0;0;5.613000
723;723;0;150000;128;0;0;4.143000
724;724;0;150000;128;0;0;2.817000
725;725;0;150000;128;0;0;4.836000
726;726;0;150000;128;0;0;3.240000
727;727;0;150000;128;0;0;3.042000
728;728;0;150000;128;0;0;4.143000
729;729;0;150000;128;0;0;3.414000
730;730;0;150000;128;0;0;2.829000
731;731;0;150000;128;0;0;3.481000
732;732;0;150000;128;0;0;4.944000
733;733;0;150000;128;0;0;5.676000
734;734;0;150000;128;0;0;3.132000
735;735;0;150000;128;0;0;3.489000
736;736;0;150000;128;0;0;3.261000
737;737;0;150000;128;0;0;5.442000
738;738;0;150000;128;0;0;7.773000
739;739;0;150000;128;0;0;5.061000
740;740;0;150000;128;0;0;3.282000
741;741;0;150000;128;0;0;2.978000
742;742;0;150000;128;0;0;17.445000
743;743;0;150000;128;0;0;5.148000
744;744;0;150000;128;0;0;9.306000
745;745;0;150000;128;0;0;5.058000
746;746;0;150000;128;0;0;3.048000
747;747;0;150000;128;0;0;17.400000
748;748;0;150000;128;0;0;18.879000
749;749;0;150000;128;0;0;9.510000
750;750;0;150000;128;0;0;9.774000
751;751;0;150000;128;0;0;4.116000
752;752;0;150000;128;0;0;5.148000
753;753;0;150000;128;0;0;5.174000
754;754;0;150000;128;0;0;3.504000
755;755;0;150000;128;0;0;3.441000
756;756;0;150000;128;0;0;3.156000
757;757;0;150000;128;0;0;28.974000
758;758;0;150000;128;0;0;20.808000
759;759;0;150000;128;0;0;4.842000
760;760;0;150000;128;0;0;20.810000
761;761;0;150000;128;0;0;3.576000
762;762;0;150000;128;0;0;5.841000
763;763;0;150000;128;0;0;3.411000
764;764;0;150000;128;0;0;5.139000
765;765;0;150000;128;0;0;3.066000
766;766;0;150000;128;0;0;4.866000
767;767;0;150000;128;0;0;5.307000
768;768;0;150000;128;0;0;3.159000
769;769;0;150000;128;0;0;4.070000
770;770;0;150000;128;0;0;22.026000
771;771;0;150000;128;0;0;4.422000
772;772;0;150000;128;0;0;4.410000
773;773;0;150000;128;0;0;3.354000
774;774;0;150000;128;0;0;5.511000
775;775;0;150000;128;0;0;3.530000
776;776;0;150000;128;0;0;3.012000
777;777;0;150000;128;0;0;3.330000
778;778;0;150000;128;0;0;4.263000
779;779;0;150000;128;0;0;3.018000
780;780;0;150000;128;0;0;3.222000
781;781;0;150000;128;0;0;4.470000
782;782;0;150000;128;0;0;4.572000
783;783;0;150000;128;0;0;3.132000
784;784;0;150000;128;0;0;2.802000
785;785;0;150000;128;0;0;3.987000
786;786;0;150000;128;0;0;4.659000
787;787;0;150000;128;0;0;3.099000
788;788;0;150000;128;0;0;4.599000
789;789;0;150000;128;0;0;3.204000
790;790;0;150000;128;0;0;3.288000
791;791;0;150000;128;0;0;2.901000
792;792;0;150000;128;0;0;3.555000
793;793;0;150000;128;0;0;2.790000
794;794;0;150000;128;0;0;4.701000
795;795;0;150000;128;0;0;30.846000
796;796;0;150000;128;0;0;19.134000
797;797;0;150000;128;0;0;5.542000
798;798;0;150000;128;0;0;3.933000
799;799;0;150000;128;0;0;8.772000
800;800;0;150000;128;0;0;3.050000
801;801;0;150000;128;0;0;3.729000
802;802;0;150000;128;0;0;5.736000
803;803;0;150000;128;0;0;5.469000
804;804;0;150000;128;0;0;3.342000
805;805;0;150000;128;0;0;3.900000
806;806;0;150000;128;0;0;6.699000
807;807;0;150000;128;0;0;3.555000
808;808;0;150000;128;0;0;4.215000
809;809;0;150000;128;0;0;4.491000
810;810;0;150000;128;0;0;4.992000
811;811;0;150000;128;0;0;3.510000
812;812;0;150000;128;0;0;3.771000
813;813;0;150000;128;0;0;2.868000
814;814;0;150000;128;0;0;4.404000
815;815;0;150000;128;0;0;18.303000
816;816;0;150000;128;0;0;3.534000
817;817;0;150000;128;0;0;2.784000
818;818;0;150000;128;0;0;5.523000
819;819;0;150000;128;0;0;4.263000
820;820;0;150000;128;0;0;5.385000
821;821;0;150000;128;0;0;3.768000
822;822;0;150000;128;0;0;2.925000
823;823;0;150000;128;0;0;2.910000
824;824;0;150000;128;0;0;31.305000
825;825;0;150000;128;0;0;4.737000
826;826;0;150000;128;0;0;4.794000
827;827;0;150000;128;0;0;4.749000
828;828;0;150000;128;0;0;4.728000
829;829;0;150000;128;0;0;3.512000
830;830;0;150000;128;0;0;3.393000
831;831;0;150000;128;0;0;3.666000
832;832;0;150000;128;0;0;4.386000
833;833;0;150000;128;0;0;3.152000
834;834;0;150000;128;0;0;4.623000
835;835;0;150000;128;0;0;2.949000
836;836;0;150000;128;0;0;4.098000
837;837;0;150000;128;0;0;3.999000
838;838;0;150000;128;0;0;24.879000
839;839;0;150000;128;0;0;3.993000
840;840;0;150000;128;0;0;4.863000
841;841;0;150000;128;0;0;4.491000
842;842;0;150000;128;0;0;4.812000
843;843;0;150000;128;0;0;2.844000
844;844;0;150000;128;0;0;5.322000
845;845;0;150000;128;0;0;21.519000
846;846;0;150000;128;0;0;4.773000
847;847;0;150000;128;0;0;5.391000
848;848;0;150000;128;0;0;3.075000
849;849;0;150000;128;0;0;4.302000
850;850;0;150000;128;0;0;5.097000
851;851;0;150000;128;0;0;4.893000
852;852;0;150000;128;0;0;5.341000
853;853;0;150000;128;0;0;5.006000
854;854;0;150000;128;0;0;22.044000
855;855;0;150000;128;0;0;15.192000
856;856;0;150000;128;0;0;5.535000
857;857;0;150000;128;0;0;5.256000
858;858;0;150000;128;0;0;4.935000
859;859;0;150000;128;0;0;3.009000
860;860;0;150000;128;0;0;3.798000
861;861;0;150000;128;0;0;5.043000
862;862;0;150000;128;0;0;2.955000
863;863;0;150000;128;0;0;4.716000
864;864;0;150000;128;0;0;5.703000
865;865;0;150000;128;0;0;5.652000
866;866;0;150000;128;0;0;3.072000
867;867;0;150000;128;0;0;3.033000
868;868;0;150000;128;0;0;4.470000
869;869;0;150000;128;0;0;2.958000
870;870;0;150000;128;0;0;19.014000
871;871;0;150000;128;0;0;30.264000
872;872;0;150000;128;0;0;3.642000
873;873;0;150000;128;0;0;17.928000
874;874;0;150000;128;0;0;4.053000
875;875;0;150000;128;0;0;3.022000
876;876;0;150000;128;0;0;4.484000
877;877;0;150000;128;0;0;2.991000
878;878;0;150000;128;0;0;4.956000
879;879;0;150000;128;0;0;15.069000
880;880;0;150000;128;0;0;4.600000
881;881;0;150000;128;0;0;3.192000
882;882;0;150000;128;0;0;3.672000
883;883;0;150000;128;0;0;2.997000
884;884;0;150000;128;0;0;4.162000
885;885;0;150000;128;0;0;9.199000
886;886;0;150000;128;0;0;4.605000
887;887;0;150000;128;0;0;3.348000
888;888;0;150000;128;0;0;4.899000
889;889;0;150000;128;0;0;4.446000
890;890;0;150000;128;0;0;3.327000
891;891;0;150000;128;0;0;3.378000
892;892;0;150000;128;0;0;4.365000
893;893;0;150000;128;0;0;3.222000
894;894;0;150000;128;0;0;3.501000
895;895;0;150000;128;0;0;5.613000
896;896;0;150000;128;0;0;4.566000
897;897;0;150000;128;0;0;4.992000
898;898;0;150000;128;0;0;4.680000
899;899;0;150000;128;0;0;3.987000
900;900;0;150000;128;0;0;2.958000
901;901;0;150000;128;0;0;4.440000
902;902;0;150000;128;0;0;5.001000
903;903;0;150000;128;0;0;5.010000
904;904;0;150000;128;0;0;3.096000
905;905;0;150000;128;0;0;4.390000
906;906;0;150000;128;0;0;5.616000
907;907;0;150000;128;0;0;5.223000
908;908;0;150000;128;0;0;4.076000
909;909;0;150000;128;0;0;4.557000
910;910;0;150000;128;0;0;5.403000
911;911;0;150000;128;0;0;3.468000
912;912;0;150000;128;0;0;3.018000
913;913;0;150000;128;0;0;4.539000
914;914;0;150000;128;0;0;3.306000
915;915;0;150000;128;0;0;4.944000
916;916;0;150000;128;0;0;19.944000
917;917;0;150000;128;0;0;4.698000
918;918;0;150000;128;0;0;3.102000
919;919;0;150000;128;0;0;5.367000
920;920;0;150000;128;0;0;29.707000
921;921;0;150000;128;0;0;19.845000
922;922;0;150000;128;0;0;19.302000
923;923;0;150000;128;0;0;8.772000
924;924;0;150000;128;0;0;2.985000
925;925;0;150000;128;0;0;3.897000
926;926;0;150000;128;0;0;4.392000
927;927;0;150000;128;0;0;3.441000
928;928;0;150000;128;0;0;7.224000
929;929;0;150000;128;0;0;23.709000
930;930;0;150000;128;0;0;5.259000
931;931;0;150000;128;0;0;4.272000
932;932;0;150000;128;0;0;3.237000
933;933;0;150000;128;0;0;4.572000
934;934;0;150000;128;0;0;5.808000
935;935;0;150000;128;0;0;4.698000
936;936;0;150000;128;0;0;2.964000
937;937;0;150000;128;0;0;3.906000
938;938;0;150000;128;0;0;4.638000
939;939;0;150000;128;0;0;5.883000
940;940;0;150000;128;0;0;2.811000
941;941;0;150000;128;0;0;4.774000
942;942;0;150000;128;0;0;3.327000
943;943;0;150000;128;0;0;2.859000
944;944;0;150000;128;0;0;2.862000
945;945;0;150000;128;0;0;3.213000
946;946;0;150000;128;0;0;4.041000
947;947;0;150000;128;0;0;3.396000
948;948;0;150000;128;0;0;3.183000
949;949;0;150000;128;0;0;5.774000
950;950;0;150000;128;0;0;4.734000
951;951;0;150000;128;0;0;3.144000
952;952;0;150000;128;0;0;3.477000
953;953;0;150000;128;0;0;2.865000
954;954;0;150000;128;0;0;2.850000
955;955;0;150000;128;0;0;3.354000
956;956;0;150000;128;0;0;4.544000
957;957;0;150000;128;0;0;4.422000
958;958;0;150000;128;0;0;5.306000
959;959;0;150000;128;0;0;5.523000
960;960;0;150000;128;0;0;28.712000
961;961;0;150000;128;0;0;3.399000
962;962;0;150000;128;0;0;5.505000
963;963;0;150000;128;0;0;5.565000
964;964;0;150000;128;0;0;4.362000
965;965;0;150000;128;0;0;3.144000
966;966;0;150000;128;0;0;4.826000
967;967;0;150000;128;0;0;3.198000
968;968;0;150000;128;0;0;4.872000
969;969;0;150000;128;0;0;5.100000
970;970;0;150000;128;0;0;4.752000
971;971;0;150000;128;0;0;5.265000
972;972;0;150000;128;0;0;4.275000
973;973;0;150000;128;0;0;4.713000
974;974;0;150000;128;0;0;5.526000
975;975;0;150000;128;0;0;5.598000
976;976;0;150000;128;0;0;3.129000
977;977;0;150000;128;0;0;3.348000
978;978;0;150000;128;0;0;18.714000
979;979;0;150000;128;0;0;2.802000
980;980;0;150000;128;0;0;3.312000
981;981;0;150000;128;0;0;4.218000
982;982;0;150000;128;0;0;17.514000
983;983;0;150000;128;0;0;5.078000
984;984;0;150000;128;0;0;5.181000
985;985;0;150000;128;0;0;9.477000
986;986;0;150000;128;0;0;3.198000
987;987;0;150000;128;0;0;4.326000
988;988;0;150000;128;0;0;3.471000
989;989;0;150000;128;0;0;4.758000
990;990;0;150000;128;0;0;5.668000
991;991;0;150000;128;0;0;3.828000
992;992;0;150000;128;0;0;3.129000
993;993;0;150000;128;0;0;3.838000
994;994;0;150000;128;0;0;3.452000
995;995;0;150000;128;0;0;3.549000
996;996;0;150000;128;0;0;3.147000
997;997;0;150000;128;0;0;3.132000
998;998;0;150000;128;0;0;7.203000
999;999;0;150000;128;0;0;4.232000
1000;1000;0;150000;128;0;0;4.473000
