1;1;0;30000;128;0;0;5337
2;1;1;30000;128;0;0;5526
3;1;2;30000;128;0;0;10065
4;1;3;30000;128;0;0;9660
5;1;4;30000;128;0;0;5304
6;1;5;30000;128;0;0;5271
7;1;6;30000;128;0;0;7527
8;1;7;30000;128;0;0;3333
9;1;8;30000;128;0;0;4446
10;1;9;30000;128;0;0;7428
11;2;0;30000;128;0;0;3070
12;2;1;30000;128;0;0;4680
13;2;2;30000;128;0;0;4648
14;2;3;30000;128;0;0;4707
15;2;4;30000;128;0;0;2985
16;2;5;30000;128;0;0;4824
17;2;6;30000;128;0;0;4611
18;2;7;30000;128;0;0;4773
19;2;8;30000;128;0;0;2886
20;2;9;30000;128;0;0;4515
21;3;0;30000;128;0;0;4608
22;3;1;30000;128;0;0;4634
23;3;2;30000;128;0;0;2890
24;3;3;30000;128;0;0;4476
25;3;4;30000;128;0;0;4476
26;3;5;30000;128;0;0;4554
27;3;6;30000;128;0;0;2964
28;3;7;30000;128;0;0;4500
29;3;8;30000;128;0;0;4725
30;3;9;30000;128;0;0;4563
31;4;0;30000;128;0;0;5416
32;4;1;30000;128;0;0;5198
33;4;2;30000;128;0;0;3332
34;4;3;30000;128;0;0;5322
35;4;4;30000;128;0;0;6894
36;4;5;30000;128;0;0;6051
37;4;6;30000;128;0;0;4089
38;4;7;30000;128;0;0;4650
39;4;8;30000;128;0;0;7731
40;4;9;30000;128;0;0;7101
41;5;0;30000;128;0;0;5379
42;5;1;30000;128;0;0;4548
43;5;2;30000;128;0;0;5310
44;5;3;30000;128;0;0;3522
45;5;4;30000;128;0;0;5166
46;5;5;30000;128;0;0;5112
47;5;6;30000;128;0;0;4452
48;5;7;30000;128;0;0;3417
49;5;8;30000;128;0;0;5274
50;5;9;30000;128;0;0;5376
51;6;0;30000;128;0;0;4989
52;6;1;30000;128;0;0;4680
53;6;2;30000;128;0;0;9120
54;6;3;30000;128;0;0;3111
55;6;4;30000;128;0;0;4803
56;6;5;30000;128;0;0;4572
57;6;6;30000;128;0;0;4809
58;6;7;30000;128;0;0;2988
59;6;8;30000;128;0;0;4582
60;6;9;30000;128;0;0;4570
61;7;0;30000;128;0;0;5076
62;7;1;30000;128;0;0;8064
63;7;2;30000;128;0;0;6726
64;7;3;30000;128;0;0;3465
65;7;4;30000;128;0;0;5259
66;7;5;30000;128;0;0;5262
67;7;6;30000;128;0;0;7764
68;7;7;30000;128;0;0;2958
69;7;8;30000;128;0;0;5349
70;7;9;30000;128;0;0;5382
71;8;0;30000;128;0;0;5412
72;8;1;30000;128;0;0;3558
73;8;2;30000;128;0;0;4572
74;8;3;30000;128;0;0;5138
75;8;4;30000;128;0;0;7524
76;8;5;30000;128;0;0;4378
77;8;6;30000;128;0;0;5574
78;8;7;30000;128;0;0;6882
79;8;8;30000;128;0;0;6021
80;8;9;30000;128;0;0;3405
81;9;0;30000;128;0;0;5310
82;9;1;30000;128;0;0;8802
83;9;2;30000;128;0;0;9174
84;9;3;30000;128;0;0;3438
85;9;4;30000;128;0;0;5190
86;9;5;30000;128;0;0;5073
87;9;6;30000;128;0;0;10077
88;9;7;30000;128;0;0;3546
89;9;8;30000;128;0;0;5238
90;9;9;30000;128;0;0;5760
91;10;0;30000;128;0;0;4680
92;10;1;30000;128;0;0;4588
93;10;2;30000;128;0;0;4341
94;10;3;30000;128;0;0;2862
95;10;4;30000;128;0;0;4527
96;10;5;30000;128;0;0;4476
97;10;6;30000;128;0;0;4554
98;10;7;30000;128;0;0;2946
99;10;8;30000;128;0;0;4962
100;10;9;30000;128;0;0;5286
101;11;0;30000;128;0;0;5277
102;11;1;30000;128;0;0;8337
103;11;2;30000;128;0;0;9333
104;11;3;30000;128;0;0;4209
105;11;4;30000;128;0;0;5517
106;11;5;30000;128;0;0;5550
107;11;6;30000;128;0;0;4668
108;11;7;30000;128;0;0;2997
109;11;8;30000;128;0;0;5385
110;11;9;30000;128;0;0;5246
111;12;0;30000;128;0;0;4983
112;12;1;30000;128;0;0;2940
113;12;2;30000;128;0;0;4707
114;12;3;30000;128;0;0;8865
115;12;4;30000;128;0;0;4614
116;12;5;30000;128;0;0;3477
117;12;6;30000;128;0;0;5076
118;12;7;30000;128;0;0;4926
119;12;8;30000;128;0;0;4708
120;12;9;30000;128;0;0;2924
121;13;0;30000;128;0;0;5499
122;13;1;30000;128;0;0;4521
123;13;2;30000;128;0;0;4821
124;13;3;30000;128;0;0;5412
125;13;4;30000;128;0;0;5406
126;13;5;30000;128;0;0;3429
127;13;6;30000;128;0;0;5348
128;13;7;30000;128;0;0;4464
129;13;8;30000;128;0;0;5358
130;13;9;30000;128;0;0;3495
131;14;0;30000;128;0;0;4692
132;14;1;30000;128;0;0;5415
133;14;2;30000;128;0;0;7818
134;14;3;30000;128;0;0;3402
135;14;4;30000;128;0;0;5331
136;14;5;30000;128;0;0;6864
137;14;6;30000;128;0;0;7569
138;14;7;30000;128;0;0;3363
139;14;8;30000;128;0;0;5186
140;14;9;30000;128;0;0;5158
141;15;0;30000;128;0;0;5433
142;15;1;30000;128;0;0;5664
143;15;2;30000;128;0;0;3513
144;15;3;30000;128;0;0;4602
145;15;4;30000;128;0;0;5226
146;15;5;30000;128;0;0;5241
147;15;6;30000;128;0;0;3402
148;15;7;30000;128;0;0;5301
149;15;8;30000;128;0;0;4530
150;15;9;30000;128;0;0;5781
151;16;0;30000;128;0;0;5004
152;16;1;30000;128;0;0;3546
153;16;2;30000;128;0;0;4986
154;16;3;30000;128;0;0;8694
155;16;4;30000;128;0;0;4626
156;16;5;30000;128;0;0;3084
157;16;6;30000;128;0;0;4746
158;16;7;30000;128;0;0;4662
159;16;8;30000;128;0;0;5370
160;16;9;30000;128;0;0;3669
161;17;0;30000;128;0;0;4839
162;17;1;30000;128;0;0;4845
163;17;2;30000;128;0;0;6126
164;17;3;30000;128;0;0;3768
165;17;4;30000;128;0;0;4998
166;17;5;30000;128;0;0;4908
167;17;6;30000;128;0;0;4600
168;17;7;30000;128;0;0;3042
169;17;8;30000;128;0;0;4910
170;17;9;30000;128;0;0;4404
171;18;0;30000;128;0;0;5460
172;18;1;30000;128;0;0;5516
173;18;2;30000;128;0;0;3532
174;18;3;30000;128;0;0;5388
175;18;4;30000;128;0;0;5151
176;18;5;30000;128;0;0;6471
177;18;6;30000;128;0;0;4140
178;18;7;30000;128;0;0;4686
179;18;8;30000;128;0;0;7362
180;18;9;30000;128;0;0;7341
181;19;0;30000;128;0;0;5484
182;19;1;30000;128;0;0;5286
183;19;2;30000;128;0;0;4242
184;19;3;30000;128;0;0;14364
185;19;4;30000;128;0;0;10647
186;19;5;30000;128;0;0;5454
187;19;6;30000;128;0;0;3483
188;19;7;30000;128;0;0;4632
189;19;8;30000;128;0;0;5382
190;19;9;30000;128;0;0;5235
191;20;0;30000;128;0;0;4113
192;20;1;30000;128;0;0;5402
193;20;2;30000;128;0;0;5358
194;20;3;30000;128;0;0;7406
195;20;4;30000;128;0;0;3505
196;20;5;30000;128;0;0;4482
197;20;6;30000;128;0;0;7611
198;20;7;30000;128;0;0;7683
199;20;8;30000;128;0;0;4035
200;20;9;30000;128;0;0;5475
201;21;0;30000;128;0;0;4596
202;21;1;30000;128;0;0;9294
203;21;2;30000;128;0;0;4566
204;21;3;30000;128;0;0;3210
205;21;4;30000;128;0;0;4582
206;21;5;30000;128;0;0;4586
207;21;6;30000;128;0;0;4842
208;21;7;30000;128;0;0;3679
209;21;8;30000;128;0;0;5073
210;21;9;30000;128;0;0;4692
211;22;0;30000;128;0;0;5528
212;22;1;30000;128;0;0;9390
213;22;2;30000;128;0;0;9555
214;22;3;30000;128;0;0;3609
215;22;4;30000;128;0;0;5502
216;22;5;30000;128;0;0;5358
217;22;6;30000;128;0;0;7644
218;22;7;30000;128;0;0;2901
219;22;8;30000;128;0;0;6174
220;22;9;30000;128;0;0;6120
221;23;0;30000;128;0;0;5250
222;23;1;30000;128;0;0;5403
223;23;2;30000;128;0;0;3465
224;23;3;30000;128;0;0;5442
225;23;4;30000;128;0;0;5316
226;23;5;30000;128;0;0;5685
227;23;6;30000;128;0;0;3897
228;23;7;30000;128;0;0;4698
229;23;8;30000;128;0;0;5316
230;23;9;30000;128;0;0;5361
231;24;0;30000;128;0;0;4728
232;24;1;30000;128;0;0;4986
233;24;2;30000;128;0;0;6690
234;24;3;30000;128;0;0;3081
235;24;4;30000;128;0;0;4875
236;24;5;30000;128;0;0;4750
237;24;6;30000;128;0;0;4718
238;24;7;30000;128;0;0;2912
239;24;8;30000;128;0;0;4812
240;24;9;30000;128;0;0;4587
241;25;0;30000;128;0;0;5514
242;25;1;30000;128;0;0;5394
243;25;2;30000;128;0;0;3480
244;25;3;30000;128;0;0;5236
245;25;4;30000;128;0;0;5454
246;25;5;30000;128;0;0;7518
247;25;6;30000;128;0;0;4131
248;25;7;30000;128;0;0;4599
249;25;8;30000;128;0;0;7617
250;25;9;30000;128;0;0;7365
251;26;0;30000;128;0;0;5670
252;26;1;30000;128;0;0;4833
253;26;2;30000;128;0;0;5190
254;26;3;30000;128;0;0;3657
255;26;4;30000;128;0;0;5829
256;26;5;30000;128;0;0;5406
257;26;6;30000;128;0;0;4662
258;26;7;30000;128;0;0;2931
259;26;8;30000;128;0;0;5448
260;26;9;30000;128;0;0;5400
261;27;0;30000;128;0;0;5064
262;27;1;30000;128;0;0;3730
263;27;2;30000;128;0;0;4860
264;27;3;30000;128;0;0;4710
265;27;4;30000;128;0;0;4530
266;27;5;30000;128;0;0;3003
267;27;6;30000;128;0;0;4920
268;27;7;30000;128;0;0;4782
269;27;8;30000;128;0;0;4917
270;27;9;30000;128;0;0;3207
271;28;0;30000;128;0;0;10002
272;28;1;30000;128;0;0;5244
273;28;2;30000;128;0;0;3600
274;28;3;30000;128;0;0;5367
275;28;4;30000;128;0;0;5235
276;28;5;30000;128;0;0;7575
277;28;6;30000;128;0;0;3471
278;28;7;30000;128;0;0;4510
279;28;8;30000;128;0;0;7686
280;28;9;30000;128;0;0;7290
281;29;0;30000;128;0;0;5430
282;29;1;30000;128;0;0;3750
283;29;2;30000;128;0;0;5298
284;29;3;30000;128;0;0;5328
285;29;4;30000;128;0;0;7158
286;29;5;30000;128;0;0;3588
287;29;6;30000;128;0;0;4734
288;29;7;30000;128;0;0;5736
289;29;8;30000;128;0;0;7566
290;29;9;30000;128;0;0;3516
291;30;0;30000;128;0;0;4818
292;30;1;30000;128;0;0;4833
293;30;2;30000;128;0;0;3117
294;30;3;30000;128;0;0;8682
295;30;4;30000;128;0;0;4647
296;30;5;30000;128;0;0;4677
297;30;6;30000;128;0;0;3051
298;30;7;30000;128;0;0;4611
299;30;8;30000;128;0;0;4761
300;30;9;30000;128;0;0;4674
301;31;0;30000;128;0;0;5730
302;31;1;30000;128;0;0;9084
303;31;2;30000;128;0;0;3645
304;31;3;30000;128;0;0;5289
305;31;4;30000;128;0;0;5649
306;31;5;30000;128;0;0;7218
307;31;6;30000;128;0;0;3549
308;31;7;30000;128;0;0;4869
309;31;8;30000;128;0;0;4926
310;31;9;30000;128;0;0;4767
311;32;0;30000;128;0;0;5046
312;32;1;30000;128;0;0;5004
313;32;2;30000;128;0;0;3717
314;32;3;30000;128;0;0;5091
315;32;4;30000;128;0;0;4932
316;32;5;30000;128;0;0;5127
317;32;6;30000;128;0;0;3225
318;32;7;30000;128;0;0;4863
319;32;8;30000;128;0;0;4608
320;32;9;30000;128;0;0;4677
321;33;0;30000;128;0;0;5286
322;33;1;30000;128;0;0;4464
323;33;2;30000;128;0;0;3130
324;33;3;30000;128;0;0;5263
325;33;4;30000;128;0;0;5106
326;33;5;30000;128;0;0;5385
327;33;6;30000;128;0;0;3603
328;33;7;30000;128;0;0;5049
329;33;8;30000;128;0;0;5394
330;33;9;30000;128;0;0;5433
331;34;0;30000;128;0;0;5700
332;34;1;30000;128;0;0;3566
333;34;2;30000;128;0;0;4761
334;34;3;30000;128;0;0;9819
335;34;4;30000;128;0;0;4929
336;34;5;30000;128;0;0;3177
337;34;6;30000;128;0;0;4680
338;34;7;30000;128;0;0;4704
339;34;8;30000;128;0;0;4761
340;34;9;30000;128;0;0;3642
341;35;0;30000;128;0;0;5464
342;35;1;30000;128;0;0;9666
343;35;2;30000;128;0;0;10476
344;35;3;30000;128;0;0;3618
345;35;4;30000;128;0;0;5349
346;35;5;30000;128;0;0;5205
347;35;6;30000;128;0;0;4623
348;35;7;30000;128;0;0;2955
349;35;8;30000;128;0;0;5322
350;35;9;30000;128;0;0;5271
351;36;0;30000;128;0;0;5420
352;36;1;30000;128;0;0;5504
353;36;2;30000;128;0;0;3566
354;36;3;30000;128;0;0;5154
355;36;4;30000;128;0;0;7344
356;36;5;30000;128;0;0;6210
357;36;6;30000;128;0;0;4218
358;36;7;30000;128;0;0;4701
359;36;8;30000;128;0;0;7758
360;36;9;30000;128;0;0;7362
361;37;0;30000;128;0;0;4707
362;37;1;30000;128;0;0;2988
363;37;2;30000;128;0;0;6849
364;37;3;30000;128;0;0;4461
365;37;4;30000;128;0;0;4527
366;37;5;30000;128;0;0;3414
367;37;6;30000;128;0;0;4845
368;37;7;30000;128;0;0;4671
369;37;8;30000;128;0;0;4617
370;37;9;30000;128;0;0;3021
371;38;0;30000;128;0;0;3312
372;38;1;30000;128;0;0;5163
373;38;2;30000;128;0;0;9699
374;38;3;30000;128;0;0;4635
375;38;4;30000;128;0;0;3138
376;38;5;30000;128;0;0;4893
377;38;6;30000;128;0;0;4575
378;38;7;30000;128;0;0;4773
379;38;8;30000;128;0;0;3015
380;38;9;30000;128;0;0;4599
381;39;0;30000;128;0;0;4869
382;39;1;30000;128;0;0;3057
383;39;2;30000;128;0;0;4731
384;39;3;30000;128;0;0;9303
385;39;4;30000;128;0;0;4713
386;39;5;30000;128;0;0;3228
387;39;6;30000;128;0;0;4722
388;39;7;30000;128;0;0;4740
389;39;8;30000;128;0;0;4581
390;39;9;30000;128;0;0;3078
391;40;0;30000;128;0;0;4896
392;40;1;30000;128;0;0;4731
393;40;2;30000;128;0;0;8916
394;40;3;30000;128;0;0;3144
395;40;4;30000;128;0;0;4950
396;40;5;30000;128;0;0;4662
397;40;6;30000;128;0;0;4734
398;40;7;30000;128;0;0;3693
399;40;8;30000;128;0;0;4470
400;40;9;30000;128;0;0;4605
401;41;0;30000;128;0;0;4857
402;41;1;30000;128;0;0;4803
403;41;2;30000;128;0;0;3699
404;41;3;30000;128;0;0;5004
405;41;4;30000;128;0;0;4884
406;41;5;30000;128;0;0;4710
407;41;6;30000;128;0;0;3282
408;41;7;30000;128;0;0;4914
409;41;8;30000;128;0;0;4800
410;41;9;30000;128;0;0;4647
411;42;0;30000;128;0;0;4824
412;42;1;30000;128;0;0;5036
413;42;2;30000;128;0;0;5103
414;42;3;30000;128;0;0;3105
415;42;4;30000;128;0;0;4683
416;42;5;30000;128;0;0;4836
417;42;6;30000;128;0;0;4686
418;42;7;30000;128;0;0;3141
419;42;8;30000;128;0;0;4890
420;42;9;30000;128;0;0;4518
421;43;0;30000;128;0;0;5758
422;43;1;30000;128;0;0;5340
423;43;2;30000;128;0;0;7779
424;43;3;30000;128;0;0;3039
425;43;4;30000;128;0;0;5349
426;43;5;30000;128;0;0;5133
427;43;6;30000;128;0;0;7704
428;43;7;30000;128;0;0;4134
429;43;8;30000;128;0;0;5382
430;43;9;30000;128;0;0;5061
431;44;0;30000;128;0;0;5610
432;44;1;30000;128;0;0;4836
433;44;2;30000;128;0;0;3672
434;44;3;30000;128;0;0;5535
435;44;4;30000;128;0;0;5634
436;44;5;30000;128;0;0;8100
437;44;6;30000;128;0;0;3786
438;44;7;30000;128;0;0;5310
439;44;8;30000;128;0;0;5037
440;44;9;30000;128;0;0;7956
441;45;0;30000;128;0;0;4644
442;45;1;30000;128;0;0;5454
443;45;2;30000;128;0;0;5192
444;45;3;30000;128;0;0;3452
445;45;4;30000;128;0;0;5440
446;45;5;30000;128;0;0;4596
447;45;6;30000;128;0;0;5394
448;45;7;30000;128;0;0;3669
449;45;8;30000;128;0;0;5100
450;45;9;30000;128;0;0;5208
451;46;0;30000;128;0;0;4857
452;46;1;30000;128;0;0;4779
453;46;2;30000;128;0;0;3234
454;46;3;30000;128;0;0;4671
455;46;4;30000;128;0;0;4788
456;46;5;30000;128;0;0;4773
457;46;6;30000;128;0;0;3033
458;46;7;30000;128;0;0;4797
459;46;8;30000;128;0;0;4731
460;46;9;30000;128;0;0;8322
461;47;0;30000;128;0;0;4920
462;47;1;30000;128;0;0;4800
463;47;2;30000;128;0;0;3240
464;47;3;30000;128;0;0;4800
465;47;4;30000;128;0;0;5082
466;47;5;30000;128;0;0;4860
467;47;6;30000;128;0;0;3150
468;47;7;30000;128;0;0;4720
469;47;8;30000;128;0;0;4732
470;47;9;30000;128;0;0;4724
471;48;0;30000;128;0;0;5679
472;48;1;30000;128;0;0;5289
473;48;2;30000;128;0;0;4548
474;48;3;30000;128;0;0;3057
475;48;4;30000;128;0;0;5220
476;48;5;30000;128;0;0;5355
477;48;6;30000;128;0;0;5280
478;48;7;30000;128;0;0;4170
479;48;8;30000;128;0;0;5409
480;48;9;30000;128;0;0;5340
481;49;0;30000;128;0;0;4824
482;49;1;30000;128;0;0;4854
483;49;2;30000;128;0;0;4872
484;49;3;30000;128;0;0;3138
485;49;4;30000;128;0;0;4854
486;49;5;30000;128;0;0;4815
487;49;6;30000;128;0;0;4839
488;49;7;30000;128;0;0;3051
489;49;8;30000;128;0;0;4689
490;49;9;30000;128;0;0;4680
491;50;0;30000;128;0;0;3846
492;50;1;30000;128;0;0;4827
493;50;2;30000;128;0;0;4710
494;50;3;30000;128;0;0;4590
495;50;4;30000;128;0;0;3714
496;50;5;30000;128;0;0;4980
497;50;6;30000;128;0;0;4578
498;50;7;30000;128;0;0;4674
499;50;8;30000;128;0;0;3210
500;50;9;30000;128;0;0;4542
501;51;0;30000;128;0;0;5346
502;51;1;30000;128;0;0;4134
503;51;2;30000;128;0;0;5142
504;51;3;30000;128;0;0;5070
505;51;4;30000;128;0;0;5175
506;51;5;30000;128;0;0;3555
507;51;6;30000;128;0;0;5428
508;51;7;30000;128;0;0;4454
509;51;8;30000;128;0;0;5460
510;51;9;30000;128;0;0;3732
511;52;0;30000;128;0;0;4947
512;52;1;30000;128;0;0;5014
513;52;2;30000;128;0;0;5232
514;52;3;30000;128;0;0;3844
515;52;4;30000;128;0;0;4974
516;52;5;30000;128;0;0;4686
517;52;6;30000;128;0;0;4917
518;52;7;30000;128;0;0;3081
519;52;8;30000;128;0;0;4872
520;52;9;30000;128;0;0;4845
521;53;0;30000;128;0;0;5028
522;53;1;30000;128;0;0;4818
523;53;2;30000;128;0;0;4878
524;53;3;30000;128;0;0;3036
525;53;4;30000;128;0;0;4863
526;53;5;30000;128;0;0;4878
527;53;6;30000;128;0;0;4710
528;53;7;30000;128;0;0;3092
529;53;8;30000;128;0;0;4754
530;53;9;30000;128;0;0;4698
531;54;0;30000;128;0;0;5028
532;54;1;30000;128;0;0;3150
533;54;2;30000;128;0;0;5022
534;54;3;30000;128;0;0;4683
535;54;4;30000;128;0;0;4980
536;54;5;30000;128;0;0;3177
537;54;6;30000;128;0;0;4749
538;54;7;30000;128;0;0;4941
539;54;8;30000;128;0;0;4776
540;54;9;30000;128;0;0;3114
541;55;0;30000;128;0;0;5559
542;55;1;30000;128;0;0;8769
543;55;2;30000;128;0;0;5382
544;55;3;30000;128;0;0;7824
545;55;4;30000;128;0;0;7668
546;55;5;30000;128;0;0;3447
547;55;6;30000;128;0;0;10245
548;55;7;30000;128;0;0;7581
549;55;8;30000;128;0;0;7779
550;55;9;30000;128;0;0;3573
551;56;0;30000;128;0;0;4863
552;56;1;30000;128;0;0;3258
553;56;2;30000;128;0;0;4748
554;56;3;30000;128;0;0;8336
555;56;4;30000;128;0;0;4556
556;56;5;30000;128;0;0;3762
557;56;6;30000;128;0;0;5028
558;56;7;30000;128;0;0;4869
559;56;8;30000;128;0;0;4938
560;56;9;30000;128;0;0;3039
561;57;0;30000;128;0;0;5652
562;57;1;30000;128;0;0;3816
563;57;2;30000;128;0;0;4864
564;57;3;30000;128;0;0;5956
565;57;4;30000;128;0;0;4854
566;57;5;30000;128;0;0;3018
567;57;6;30000;128;0;0;4782
568;57;7;30000;128;0;0;4704
569;57;8;30000;128;0;0;4740
570;57;9;30000;128;0;0;3552
571;58;0;30000;128;0;0;4966
572;58;1;30000;128;0;0;5060
573;58;2;30000;128;0;0;4836
574;58;3;30000;128;0;0;3122
575;58;4;30000;128;0;0;4893
576;58;5;30000;128;0;0;4755
577;58;6;30000;128;0;0;4767
578;58;7;30000;128;0;0;3045
579;58;8;30000;128;0;0;4683
580;58;9;30000;128;0;0;4974
581;59;0;30000;128;0;0;5646
582;59;1;30000;128;0;0;4785
583;59;2;30000;128;0;0;3504
584;59;3;30000;128;0;0;4911
585;59;4;30000;128;0;0;6516
586;59;5;30000;128;0;0;4704
587;59;6;30000;128;0;0;3078
588;59;7;30000;128;0;0;4833
589;59;8;30000;128;0;0;4854
590;59;9;30000;128;0;0;4752
591;60;0;30000;128;0;0;5232
592;60;1;30000;128;0;0;4218
593;60;2;30000;128;0;0;5622
594;60;3;30000;128;0;0;5241
595;60;4;30000;128;0;0;5317
596;60;5;30000;128;0;0;3570
597;60;6;30000;128;0;0;4564
598;60;7;30000;128;0;0;5210
599;60;8;30000;128;0;0;5436
600;60;9;30000;128;0;0;3684
601;61;0;30000;128;0;0;4968
602;61;1;30000;128;0;0;5256
603;61;2;30000;128;0;0;5030
604;61;3;30000;128;0;0;3046
605;61;4;30000;128;0;0;4692
606;61;5;30000;128;0;0;4638
607;61;6;30000;128;0;0;4554
608;61;7;30000;128;0;0;3153
609;61;8;30000;128;0;0;4740
610;61;9;30000;128;0;0;4356
611;62;0;30000;128;0;0;5271
612;62;1;30000;128;0;0;5196
613;62;2;30000;128;0;0;5298
614;62;3;30000;128;0;0;3396
615;62;4;30000;128;0;0;5235
616;62;5;30000;128;0;0;5205
617;62;6;30000;128;0;0;5358
618;62;7;30000;128;0;0;3603
619;62;8;30000;128;0;0;4664
620;62;9;30000;128;0;0;5294
621;63;0;30000;128;0;0;4770
622;63;1;30000;128;0;0;4016
623;63;2;30000;128;0;0;4798
624;63;3;30000;128;0;0;4690
625;63;4;30000;128;0;0;4563
626;63;5;30000;128;0;0;3132
627;63;6;30000;128;0;0;4728
628;63;7;30000;128;0;0;4506
629;63;8;30000;128;0;0;4485
630;63;9;30000;128;0;0;3198
631;64;0;30000;128;0;0;4872
632;64;1;30000;128;0;0;4830
633;64;2;30000;128;0;0;3258
634;64;3;30000;128;0;0;9027
635;64;4;30000;128;0;0;4479
636;64;5;30000;128;0;0;4779
637;64;6;30000;128;0;0;3057
638;64;7;30000;128;0;0;4590
639;64;8;30000;128;0;0;4863
640;64;9;30000;128;0;0;7956
641;65;0;30000;128;0;0;5574
642;65;1;30000;128;0;0;7215
643;65;2;30000;128;0;0;7665
644;65;3;30000;128;0;0;3381
645;65;4;30000;128;0;0;5505
646;65;5;30000;128;0;0;5337
647;65;6;30000;128;0;0;7680
648;65;7;30000;128;0;0;3552
649;65;8;30000;128;0;0;5006
650;65;9;30000;128;0;0;7346
651;66;0;30000;128;0;0;5682
652;66;1;30000;128;0;0;5502
653;66;2;30000;128;0;0;3396
654;66;3;30000;128;0;0;4626
655;66;4;30000;128;0;0;5268
656;66;5;30000;128;0;0;5370
657;66;6;30000;128;0;0;3696
658;66;7;30000;128;0;0;5292
659;66;8;30000;128;0;0;4512
660;66;9;30000;128;0;0;5136
661;67;0;30000;128;0;0;5466
662;67;1;30000;128;0;0;4524
663;67;2;30000;128;0;0;8088
664;67;3;30000;128;0;0;3456
665;67;4;30000;128;0;0;5268
666;67;5;30000;128;0;0;5205
667;67;6;30000;128;0;0;7806
668;67;7;30000;128;0;0;2864
669;67;8;30000;128;0;0;5174
670;67;9;30000;128;0;0;5094
671;68;0;30000;128;0;0;5355
672;68;1;30000;128;0;0;3570
673;68;2;30000;128;0;0;4509
674;68;3;30000;128;0;0;5274
675;68;4;30000;128;0;0;5229
676;68;5;30000;128;0;0;3603
677;68;6;30000;128;0;0;5793
678;68;7;30000;128;0;0;4722
679;68;8;30000;128;0;0;5349
680;68;9;30000;128;0;0;3579
681;69;0;30000;128;0;0;5268
682;69;1;30000;128;0;0;5358
683;69;2;30000;128;0;0;4422
684;69;3;30000;128;0;0;3086
685;69;4;30000;128;0;0;5256
686;69;5;30000;128;0;0;14151
687;69;6;30000;128;0;0;9741
688;69;7;30000;128;0;0;4188
689;69;8;30000;128;0;0;5643
690;69;9;30000;128;0;0;5403
691;70;0;30000;128;0;0;5349
692;70;1;30000;128;0;0;4569
693;70;2;30000;128;0;0;3006
694;70;3;30000;128;0;0;5262
695;70;4;30000;128;0;0;5214
696;70;5;30000;128;0;0;7734
697;70;6;30000;128;0;0;4092
698;70;7;30000;128;0;0;5360
699;70;8;30000;128;0;0;5464
700;70;9;30000;128;0;0;7563
701;71;0;30000;128;0;0;4890
702;71;1;30000;128;0;0;3135
703;71;2;30000;128;0;0;8907
704;71;3;30000;128;0;0;4677
705;71;4;30000;128;0;0;4536
706;71;5;30000;128;0;0;3129
707;71;6;30000;128;0;0;4650
708;71;7;30000;128;0;0;4560
709;71;8;30000;128;0;0;4683
710;71;9;30000;128;0;0;3105
711;72;0;30000;128;0;0;10830
712;72;1;30000;128;0;0;5505
713;72;2;30000;128;0;0;3672
714;72;3;30000;128;0;0;5241
715;72;4;30000;128;0;0;5235
716;72;5;30000;128;0;0;5202
717;72;6;30000;128;0;0;3693
718;72;7;30000;128;0;0;4442
719;72;8;30000;128;0;0;5172
720;72;9;30000;128;0;0;5148
721;73;0;30000;128;0;0;5007
722;73;1;30000;128;0;0;3024
723;73;2;30000;128;0;0;4521
724;73;3;30000;128;0;0;4479
725;73;4;30000;128;0;0;4653
726;73;5;30000;128;0;0;2985
727;73;6;30000;128;0;0;4617
728;73;7;30000;128;0;0;4752
729;73;8;30000;128;0;0;4446
730;73;9;30000;128;0;0;3522
731;74;0;30000;128;0;0;5097
732;74;1;30000;128;0;0;4929
733;74;2;30000;128;0;0;8892
734;74;3;30000;128;0;0;3126
735;74;4;30000;128;0;0;4780
736;74;5;30000;128;0;0;4724
737;74;6;30000;128;0;0;4887
738;74;7;30000;128;0;0;3195
739;74;8;30000;128;0;0;4743
740;74;9;30000;128;0;0;4434
741;75;0;30000;128;0;0;5889
742;75;1;30000;128;0;0;7800
743;75;2;30000;128;0;0;4389
744;75;3;30000;128;0;0;3363
745;75;4;30000;128;0;0;5445
746;75;5;30000;128;0;0;7788
747;75;6;30000;128;0;0;7464
748;75;7;30000;128;0;0;3480
749;75;8;30000;128;0;0;4573
750;75;9;30000;128;0;0;5130
751;76;0;30000;128;0;0;4503
752;76;1;30000;128;0;0;5409
753;76;2;30000;128;0;0;3516
754;76;3;30000;128;0;0;5427
755;76;4;30000;128;0;0;5178
756;76;5;30000;128;0;0;4527
757;76;6;30000;128;0;0;2901
758;76;7;30000;128;0;0;5510
759;76;8;30000;128;0;0;5298
760;76;9;30000;128;0;0;5262
761;77;0;30000;128;0;0;5343
762;77;1;30000;128;0;0;5289
763;77;2;30000;128;0;0;5274
764;77;3;30000;128;0;0;3555
765;77;4;30000;128;0;0;5724
766;77;5;30000;128;0;0;5214
767;77;6;30000;128;0;0;5139
768;77;7;30000;128;0;0;3480
769;77;8;30000;128;0;0;4497
770;77;9;30000;128;0;0;5145
771;78;0;30000;128;0;0;4722
772;78;1;30000;128;0;0;4671
773;78;2;30000;128;0;0;3660
774;78;3;30000;128;0;0;6792
775;78;4;30000;128;0;0;4590
776;78;5;30000;128;0;0;4722
777;78;6;30000;128;0;0;3042
778;78;7;30000;128;0;0;4575
779;78;8;30000;128;0;0;4659
780;78;9;30000;128;0;0;4596
781;79;0;30000;128;0;0;5328
782;79;1;30000;128;0;0;5486
783;79;2;30000;128;0;0;4494
784;79;3;30000;128;0;0;2970
785;79;4;30000;128;0;0;5265
786;79;5;30000;128;0;0;5106
787;79;6;30000;128;0;0;5229
788;79;7;30000;128;0;0;4638
789;79;8;30000;128;0;0;5568
790;79;9;30000;128;0;0;5256
791;80;0;30000;128;0;0;5661
792;80;1;30000;128;0;0;4917
793;80;2;30000;128;0;0;3132
794;80;3;30000;128;0;0;9147
795;80;4;30000;128;0;0;4662
796;80;5;30000;128;0;0;4782
797;80;6;30000;128;0;0;3768
798;80;7;30000;128;0;0;5106
799;80;8;30000;128;0;0;5205
800;80;9;30000;128;0;0;5028
801;81;0;30000;128;0;0;5002
802;81;1;30000;128;0;0;4570
803;81;2;30000;128;0;0;4994
804;81;3;30000;128;0;0;3278
805;81;4;30000;128;0;0;4911
806;81;5;30000;128;0;0;4743
807;81;6;30000;128;0;0;4995
808;81;7;30000;128;0;0;2973
809;81;8;30000;128;0;0;4911
810;81;9;30000;128;0;0;4608
811;82;0;30000;128;0;0;5403
812;82;1;30000;128;0;0;3651
813;82;2;30000;128;0;0;4518
814;82;3;30000;128;0;0;5109
815;82;4;30000;128;0;0;7707
816;82;5;30000;128;0;0;3384
817;82;6;30000;128;0;0;5208
818;82;7;30000;128;0;0;6978
819;82;8;30000;128;0;0;6558
820;82;9;30000;128;0;0;4437
821;83;0;30000;128;0;0;5682
822;83;1;30000;128;0;0;5463
823;83;2;30000;128;0;0;10423
824;83;3;30000;128;0;0;2940
825;83;4;30000;128;0;0;5362
826;83;5;30000;128;0;0;5290
827;83;6;30000;128;0;0;5308
828;83;7;30000;128;0;0;3546
829;83;8;30000;128;0;0;5364
830;83;9;30000;128;0;0;5226
831;84;0;30000;128;0;0;5436
832;84;1;30000;128;0;0;5208
833;84;2;30000;128;0;0;3516
834;84;3;30000;128;0;0;5667
835;84;4;30000;128;0;0;5289
836;84;5;30000;128;0;0;7461
837;84;6;30000;128;0;0;3480
838;84;7;30000;128;0;0;4578
839;84;8;30000;128;0;0;7410
840;84;9;30000;128;0;0;7638
841;85;0;30000;128;0;0;5350
842;85;1;30000;128;0;0;5570
843;85;2;30000;128;0;0;4588
844;85;3;30000;128;0;0;3618
845;85;4;30000;128;0;0;5361
846;85;5;30000;128;0;0;5367
847;85;6;30000;128;0;0;5172
848;85;7;30000;128;0;0;4107
849;85;8;30000;128;0;0;5613
850;85;9;30000;128;0;0;5292
851;86;0;30000;128;0;0;5034
852;86;1;30000;128;0;0;8496
853;86;2;30000;128;0;0;3774
854;86;3;30000;128;0;0;5325
855;86;4;30000;128;0;0;5214
856;86;5;30000;128;0;0;5484
857;86;6;30000;128;0;0;3582
858;86;7;30000;128;0;0;5343
859;86;8;30000;128;0;0;5262
860;86;9;30000;128;0;0;5184
861;87;0;30000;128;0;0;5421
862;87;1;30000;128;0;0;5556
863;87;2;30000;128;0;0;5292
864;87;3;30000;128;0;0;3489
865;87;4;30000;128;0;0;5424
866;87;5;30000;128;0;0;5430
867;87;6;30000;128;0;0;5316
868;87;7;30000;128;0;0;3978
869;87;8;30000;128;0;0;4604
870;87;9;30000;128;0;0;5109
871;88;0;30000;128;0;0;5388
872;88;1;30000;128;0;0;3570
873;88;2;30000;128;0;0;5613
874;88;3;30000;128;0;0;5613
875;88;4;30000;128;0;0;5433
876;88;5;30000;128;0;0;3525
877;88;6;30000;128;0;0;4599
878;88;7;30000;128;0;0;5301
879;88;8;30000;128;0;0;5421
880;88;9;30000;128;0;0;4098
881;89;0;30000;128;0;0;4734
882;89;1;30000;128;0;0;4665
883;89;2;30000;128;0;0;4551
884;89;3;30000;128;0;0;2985
885;89;4;30000;128;0;0;4572
886;89;5;30000;128;0;0;4566
887;89;6;30000;128;0;0;4734
888;89;7;30000;128;0;0;4026
889;89;8;30000;128;0;0;4986
890;89;9;30000;128;0;0;5380
891;90;0;30000;128;0;0;5133
892;90;1;30000;128;0;0;4893
893;90;2;30000;128;0;0;9090
894;90;3;30000;128;0;0;3048
895;90;4;30000;128;0;0;4810
896;90;5;30000;128;0;0;4818
897;90;6;30000;128;0;0;4740
898;90;7;30000;128;0;0;2949
899;90;8;30000;128;0;0;4944
900;90;9;30000;128;0;0;4440
901;91;0;30000;128;0;0;4863
902;91;1;30000;128;0;0;10227
903;91;2;30000;128;0;0;7407
904;91;3;30000;128;0;0;3609
905;91;4;30000;128;0;0;5403
906;91;5;30000;128;0;0;4473
907;91;6;30000;128;0;0;7470
908;91;7;30000;128;0;0;3471
909;91;8;30000;128;0;0;5553
910;91;9;30000;128;0;0;5376
911;92;0;30000;128;0;0;10869
912;92;1;30000;128;0;0;9576
913;92;2;30000;128;0;0;9537
914;92;3;30000;128;0;0;4257
915;92;4;30000;128;0;0;5742
916;92;5;30000;128;0;0;5244
917;92;6;30000;128;0;0;7704
918;92;7;30000;128;0;0;3734
919;92;8;30000;128;0;0;4638
920;92;9;30000;128;0;0;7638
921;93;0;30000;128;0;0;5388
922;93;1;30000;128;0;0;4521
923;93;2;30000;128;0;0;3141
924;93;3;30000;128;0;0;5235
925;93;4;30000;128;0;0;5250
926;93;5;30000;128;0;0;7554
927;93;6;30000;128;0;0;3501
928;93;7;30000;128;0;0;5211
929;93;8;30000;128;0;0;5214
930;93;9;30000;128;0;0;5352
931;94;0;30000;128;0;0;5553
932;94;1;30000;128;0;0;5613
933;94;2;30000;128;0;0;3558
934;94;3;30000;128;0;0;5238
935;94;4;30000;128;0;0;5274
936;94;5;30000;128;0;0;4538
937;94;6;30000;128;0;0;3006
938;94;7;30000;128;0;0;7764
939;94;8;30000;128;0;0;5646
940;94;9;30000;128;0;0;5184
941;95;0;30000;128;0;0;6627
942;95;1;30000;128;0;0;8550
943;95;2;30000;128;0;0;3705
944;95;3;30000;128;0;0;5445
945;95;4;30000;128;0;0;5324
946;95;5;30000;128;0;0;7796
947;95;6;30000;128;0;0;3512
948;95;7;30000;128;0;0;4557
949;95;8;30000;128;0;0;8025
950;95;9;30000;128;0;0;7260
951;96;0;30000;128;0;0;10329
952;96;1;30000;128;0;0;5307
953;96;2;30000;128;0;0;3591
954;96;3;30000;128;0;0;5184
955;96;4;30000;128;0;0;5223
956;96;5;30000;128;0;0;5334
957;96;6;30000;128;0;0;3528
958;96;7;30000;128;0;0;4532
959;96;8;30000;128;0;0;5086
960;96;9;30000;128;0;0;5148
961;97;0;30000;128;0;0;5250
962;97;1;30000;128;0;0;5238
963;97;2;30000;128;0;0;3585
964;97;3;30000;128;0;0;5166
965;97;4;30000;128;0;0;5304
966;97;5;30000;128;0;0;5337
967;97;6;30000;128;0;0;4230
968;97;7;30000;128;0;0;4852
969;97;8;30000;128;0;0;5236
970;97;9;30000;128;0;0;5334
971;98;0;30000;128;0;0;4844
972;98;1;30000;128;0;0;3468
973;98;2;30000;128;0;0;4938
974;98;3;30000;128;0;0;8856
975;98;4;30000;128;0;0;4650
976;98;5;30000;128;0;0;3006
977;98;6;30000;128;0;0;4836
978;98;7;30000;128;0;0;4872
979;98;8;30000;128;0;0;4665
980;98;9;30000;128;0;0;3756
981;99;0;30000;128;0;0;4671
982;99;1;30000;128;0;0;4611
983;99;2;30000;128;0;0;3048
984;99;3;30000;128;0;0;4863
985;99;4;30000;128;0;0;4638
986;99;5;30000;128;0;0;4965
987;99;6;30000;128;0;0;3672
988;99;7;30000;128;0;0;5382
989;99;8;30000;128;0;0;4794
990;99;9;30000;128;0;0;7575
991;100;0;30000;128;0;0;5373
992;100;1;30000;128;0;0;3561
993;100;2;30000;128;0;0;5409
994;100;3;30000;128;0;0;5283
995;100;4;30000;128;0;0;5563
996;100;5;30000;128;0;0;3580
997;100;6;30000;128;0;0;4526
998;100;7;30000;128;0;0;5598
999;100;8;30000;128;0;0;5571
1000;100;9;30000;128;0;0;3453
