1;1;0;25000;128;0;0;5.085000
2;2;0;25000;128;0;0;5.409000
3;3;0;25000;128;0;0;9.939000
4;4;0;25000;128;0;0;4.602000
5;5;0;25000;128;0;0;4.833000
6;6;0;25000;128;0;0;5.526000
7;7;0;25000;128;0;0;4.698000
8;8;0;25000;128;0;0;4.668000
9;9;0;25000;128;0;0;5.343000
10;10;0;25000;128;0;0;4.773000
11;11;0;25000;128;0;0;10.314000
12;12;0;25000;128;0;0;5.550000
13;13;0;25000;128;0;0;4.959000
14;14;0;25000;128;0;0;3.069000
15;15;0;25000;128;0;0;4.452000
16;16;0;25000;128;0;0;5.472000
17;17;0;25000;128;0;0;3.033000
18;18;0;25000;128;0;0;5.328000
19;19;0;25000;128;0;0;3.219000
20;20;0;25000;128;0;0;4.527000
21;21;0;25000;128;0;0;5.286000
22;22;0;25000;128;0;0;5.988000
23;23;0;25000;128;0;0;4.494000
24;24;0;25000;128;0;0;5.712000
25;25;0;25000;128;0;0;5.508000
26;26;0;25000;128;0;0;4.128000
27;27;0;25000;128;0;0;9.996000
28;28;0;25000;128;0;0;4.779000
29;29;0;25000;128;0;0;5.328000
30;30;0;25000;128;0;0;4.698000
31;31;0;25000;128;0;0;5.790000
32;32;0;25000;128;0;0;5.349000
33;33;0;25000;128;0;0;3.884000
34;34;0;25000;128;0;0;10.056000
35;35;0;25000;128;0;0;4.437000
36;36;0;25000;128;0;0;9.906000
37;37;0;25000;128;0;0;4.800000
38;38;0;25000;128;0;0;3.426000
39;39;0;25000;128;0;0;5.472000
40;40;0;25000;128;0;0;4.527000
41;41;0;25000;128;0;0;5.296000
42;42;0;25000;128;0;0;4.624000
43;43;0;25000;128;0;0;3.204000
44;44;0;25000;128;0;0;5.505000
45;45;0;25000;128;0;0;4.440000
46;46;0;25000;128;0;0;5.626000
47;47;0;25000;128;0;0;5.550000
48;48;0;25000;128;0;0;5.328000
49;49;0;25000;128;0;0;5.480000
50;50;0;25000;128;0;0;4.632000
51;51;0;25000;128;0;0;5.142000
52;52;0;25000;128;0;0;5.484000
53;53;0;25000;128;0;0;5.475000
54;54;0;25000;128;0;0;4.818000
55;55;0;25000;128;0;0;4.644000
56;56;0;25000;128;0;0;5.160000
57;57;0;25000;128;0;0;4.581000
58;58;0;25000;128;0;0;5.310000
59;59;0;25000;128;0;0;5.718000
60;60;0;25000;128;0;0;4.470000
61;61;0;25000;128;0;0;3.459000
62;62;0;25000;128;0;0;4.878000
63;63;0;25000;128;0;0;5.676000
64;64;0;25000;128;0;0;5.043000
65;65;0;25000;128;0;0;3.591000
66;66;0;25000;128;0;0;5.682000
67;67;0;25000;128;0;0;4.596000
68;68;0;25000;128;0;0;4.122000
69;69;0;25000;128;0;0;5.100000
70;70;0;25000;128;0;0;5.418000
71;71;0;25000;128;0;0;5.490000
72;72;0;25000;128;0;0;5.511000
73;73;0;25000;128;0;0;4.791000
74;74;0;25000;128;0;0;4.656000
75;75;0;25000;128;0;0;10.092000
76;76;0;25000;128;0;0;5.526000
77;77;0;25000;128;0;0;5.457000
78;78;0;25000;128;0;0;4.539000
79;79;0;25000;128;0;0;3.243000
80;80;0;25000;128;0;0;4.908000
81;81;0;25000;128;0;0;4.668000
82;82;0;25000;128;0;0;4.941000
83;83;0;25000;128;0;0;5.514000
84;84;0;25000;128;0;0;4.662000
85;85;0;25000;128;0;0;5.343000
86;86;0;25000;128;0;0;5.766000
87;87;0;25000;128;0;0;4.782000
88;88;0;25000;128;0;0;4.638000
89;89;0;25000;128;0;0;4.746000
90;90;0;25000;128;0;0;4.650000
91;91;0;25000;128;0;0;3.771000
92;92;0;25000;128;0;0;3.249000
93;93;0;25000;128;0;0;5.508000
94;94;0;25000;128;0;0;4.728000
95;95;0;25000;128;0;0;4.606000
96;96;0;25000;128;0;0;5.493000
97;97;0;25000;128;0;0;5.307000
98;98;0;25000;128;0;0;4.716000
99;99;0;25000;128;0;0;5.688000
100;100;0;25000;128;0;0;2.937000
101;101;0;25000;128;0;0;4.752000
102;102;0;25000;128;0;0;5.352000
103;103;0;25000;128;0;0;5.217000
104;104;0;25000;128;0;0;5.637000
105;105;0;25000;128;0;0;9.393000
106;106;0;25000;128;0;0;5.502000
107;107;0;25000;128;0;0;5.226000
108;108;0;25000;128;0;0;4.662000
109;109;0;25000;128;0;0;5.760000
110;110;0;25000;128;0;0;5.349000
111;111;0;25000;128;0;0;5.004000
112;112;0;25000;128;0;0;3.828000
113;113;0;25000;128;0;0;4.704000
114;114;0;25000;128;0;0;4.592000
115;115;0;25000;128;0;0;5.049000
116;116;0;25000;128;0;0;4.653000
117;117;0;25000;128;0;0;14.049000
118;118;0;25000;128;0;0;5.350000
119;119;0;25000;128;0;0;5.502000
120;120;0;25000;128;0;0;4.674000
121;121;0;25000;128;0;0;4.728000
122;122;0;25000;128;0;0;10.149000
123;123;0;25000;128;0;0;3.147000
124;124;0;25000;128;0;0;4.407000
125;125;0;25000;128;0;0;5.226000
126;126;0;25000;128;0;0;4.713000
127;127;0;25000;128;0;0;5.430000
128;128;0;25000;128;0;0;4.230000
129;129;0;25000;128;0;0;5.688000
130;130;0;25000;128;0;0;3.180000
131;131;0;25000;128;0;0;4.778000
132;132;0;25000;128;0;0;5.433000
133;133;0;25000;128;0;0;4.914000
134;134;0;25000;128;0;0;4.692000
135;135;0;25000;128;0;0;4.719000
136;136;0;25000;128;0;0;4.682000
137;137;0;25000;128;0;0;4.992000
138;138;0;25000;128;0;0;3.140000
139;139;0;25000;128;0;0;5.604000
140;140;0;25000;128;0;0;10.416000
141;141;0;25000;128;0;0;4.516000
142;142;0;25000;128;0;0;5.722000
143;143;0;25000;128;0;0;3.231000
144;144;0;25000;128;0;0;5.427000
145;145;0;25000;128;0;0;4.401000
146;146;0;25000;128;0;0;5.007000
147;147;0;25000;128;0;0;2.823000
148;148;0;25000;128;0;0;5.091000
149;149;0;25000;128;0;0;5.325000
150;150;0;25000;128;0;0;3.886000
151;151;0;25000;128;0;0;4.962000
152;152;0;25000;128;0;0;5.283000
153;153;0;25000;128;0;0;10.278000
154;154;0;25000;128;0;0;5.637000
155;155;0;25000;128;0;0;6.885000
156;156;0;25000;128;0;0;5.550000
157;157;0;25000;128;0;0;4.600000
158;158;0;25000;128;0;0;4.497000
159;159;0;25000;128;0;0;5.374000
160;160;0;25000;128;0;0;4.356000
161;161;0;25000;128;0;0;5.412000
162;162;0;25000;128;0;0;4.608000
163;163;0;25000;128;0;0;4.518000
164;164;0;25000;128;0;0;5.232000
165;165;0;25000;128;0;0;5.794000
166;166;0;25000;128;0;0;5.326000
167;167;0;25000;128;0;0;9.402000
168;168;0;25000;128;0;0;5.433000
169;169;0;25000;128;0;0;4.695000
170;170;0;25000;128;0;0;4.671000
171;171;0;25000;128;0;0;5.289000
172;172;0;25000;128;0;0;4.812000
173;173;0;25000;128;0;0;4.977000
174;174;0;25000;128;0;0;5.358000
175;175;0;25000;128;0;0;4.854000
176;176;0;25000;128;0;0;5.410000
177;177;0;25000;128;0;0;4.842000
178;178;0;25000;128;0;0;5.556000
179;179;0;25000;128;0;0;4.593000
180;180;0;25000;128;0;0;4.732000
181;181;0;25000;128;0;0;4.698000
182;182;0;25000;128;0;0;5.640000
183;183;0;25000;128;0;0;5.538000
184;184;0;25000;128;0;0;4.818000
185;185;0;25000;128;0;0;5.601000
186;186;0;25000;128;0;0;4.695000
187;187;0;25000;128;0;0;5.550000
188;188;0;25000;128;0;0;4.878000
189;189;0;25000;128;0;0;5.492000
190;190;0;25000;128;0;0;5.565000
191;191;0;25000;128;0;0;5.547000
192;192;0;25000;128;0;0;4.755000
193;193;0;25000;128;0;0;5.310000
194;194;0;25000;128;0;0;4.998000
195;195;0;25000;128;0;0;4.989000
196;196;0;25000;128;0;0;4.557000
197;197;0;25000;128;0;0;5.346000
198;198;0;25000;128;0;0;4.602000
199;199;0;25000;128;0;0;5.097000
200;200;0;25000;128;0;0;5.640000
201;201;0;25000;128;0;0;4.953000
202;202;0;25000;128;0;0;3.222000
203;203;0;25000;128;0;0;5.148000
204;204;0;25000;128;0;0;5.616000
205;205;0;25000;128;0;0;5.253000
206;206;0;25000;128;0;0;5.220000
207;207;0;25000;128;0;0;5.526000
208;208;0;25000;128;0;0;4.686000
209;209;0;25000;128;0;0;4.788000
210;210;0;25000;128;0;0;4.626000
211;211;0;25000;128;0;0;4.767000
212;212;0;25000;128;0;0;5.379000
213;213;0;25000;128;0;0;4.380000
214;214;0;25000;128;0;0;5.367000
215;215;0;25000;128;0;0;5.307000
216;216;0;25000;128;0;0;5.580000
217;217;0;25000;128;0;0;4.674000
218;218;0;25000;128;0;0;9.426000
219;219;0;25000;128;0;0;4.638000
220;220;0;25000;128;0;0;4.519000
221;221;0;25000;128;0;0;6.069000
222;222;0;25000;128;0;0;10.371000
223;223;0;25000;128;0;0;5.304000
224;224;0;25000;128;0;0;4.539000
225;225;0;25000;128;0;0;5.334000
226;226;0;25000;128;0;0;3.099000
227;227;0;25000;128;0;0;4.770000
228;228;0;25000;128;0;0;5.256000
229;229;0;25000;128;0;0;3.393000
230;230;0;25000;128;0;0;5.574000
231;231;0;25000;128;0;0;5.400000
232;232;0;25000;128;0;0;3.483000
233;233;0;25000;128;0;0;5.229000
234;234;0;25000;128;0;0;4.728000
235;235;0;25000;128;0;0;5.520000
236;236;0;25000;128;0;0;3.651000
237;237;0;25000;128;0;0;5.451000
238;238;0;25000;128;0;0;5.472000
239;239;0;25000;128;0;0;5.397000
240;240;0;25000;128;0;0;5.283000
241;241;0;25000;128;0;0;5.096000
242;242;0;25000;128;0;0;4.632000
243;243;0;25000;128;0;0;5.613000
244;244;0;25000;128;0;0;5.358000
245;245;0;25000;128;0;0;5.080000
246;246;0;25000;128;0;0;4.479000
247;247;0;25000;128;0;0;5.038000
248;248;0;25000;128;0;0;5.271000
249;249;0;25000;128;0;0;5.313000
250;250;0;25000;128;0;0;5.295000
251;251;0;25000;128;0;0;5.871000
252;252;0;25000;128;0;0;4.854000
253;253;0;25000;128;0;0;4.821000
254;254;0;25000;128;0;0;4.797000
255;255;0;25000;128;0;0;5.205000
256;256;0;25000;128;0;0;5.372000
257;257;0;25000;128;0;0;3.915000
258;258;0;25000;128;0;0;4.713000
259;259;0;25000;128;0;0;4.590000
260;260;0;25000;128;0;0;5.409000
261;261;0;25000;128;0;0;4.755000
262;262;0;25000;128;0;0;5.290000
263;263;0;25000;128;0;0;5.229000
264;264;0;25000;128;0;0;4.698000
265;265;0;25000;128;0;0;5.742000
266;266;0;25000;128;0;0;4.431000
267;267;0;25000;128;0;0;5.019000
268;268;0;25000;128;0;0;4.680000
269;269;0;25000;128;0;0;4.494000
270;270;0;25000;128;0;0;4.668000
271;271;0;25000;128;0;0;5.550000
272;272;0;25000;128;0;0;4.761000
273;273;0;25000;128;0;0;4.686000
274;274;0;25000;128;0;0;5.596000
275;275;0;25000;128;0;0;4.464000
276;276;0;25000;128;0;0;5.064000
277;277;0;25000;128;0;0;5.403000
278;278;0;25000;128;0;0;5.382000
279;279;0;25000;128;0;0;4.752000
280;280;0;25000;128;0;0;5.142000
281;281;0;25000;128;0;0;5.502000
282;282;0;25000;128;0;0;5.482000
283;283;0;25000;128;0;0;5.394000
284;284;0;25000;128;0;0;5.184000
285;285;0;25000;128;0;0;4.554000
286;286;0;25000;128;0;0;3.477000
287;287;0;25000;128;0;0;5.397000
288;288;0;25000;128;0;0;5.463000
289;289;0;25000;128;0;0;4.632000
290;290;0;25000;128;0;0;5.607000
291;291;0;25000;128;0;0;4.725000
292;292;0;25000;128;0;0;4.776000
293;293;0;25000;128;0;0;5.421000
294;294;0;25000;128;0;0;4.788000
295;295;0;25000;128;0;0;4.734000
296;296;0;25000;128;0;0;5.396000
297;297;0;25000;128;0;0;10.725000
298;298;0;25000;128;0;0;8.916000
299;299;0;25000;128;0;0;5.650000
300;300;0;25000;128;0;0;8.910000
301;301;0;25000;128;0;0;3.144000
302;302;0;25000;128;0;0;4.656000
303;303;0;25000;128;0;0;4.803000
304;304;0;25000;128;0;0;5.565000
305;305;0;25000;128;0;0;9.408000
306;306;0;25000;128;0;0;5.130000
307;307;0;25000;128;0;0;4.644000
308;308;0;25000;128;0;0;5.148000
309;309;0;25000;128;0;0;4.912000
310;310;0;25000;128;0;0;5.577000
311;311;0;25000;128;0;0;5.718000
312;312;0;25000;128;0;0;5.616000
313;313;0;25000;128;0;0;4.716000
314;314;0;25000;128;0;0;4.752000
315;315;0;25000;128;0;0;5.511000
316;316;0;25000;128;0;0;4.812000
317;317;0;25000;128;0;0;5.376000
318;318;0;25000;128;0;0;8.758000
319;319;0;25000;128;0;0;5.454000
320;320;0;25000;128;0;0;4.932000
321;321;0;25000;128;0;0;5.313000
322;322;0;25000;128;0;0;5.463000
323;323;0;25000;128;0;0;4.726000
324;324;0;25000;128;0;0;3.657000
325;325;0;25000;128;0;0;4.878000
326;326;0;25000;128;0;0;6.168000
327;327;0;25000;128;0;0;4.731000
328;328;0;25000;128;0;0;4.743000
329;329;0;25000;128;0;0;5.148000
330;330;0;25000;128;0;0;3.474000
331;331;0;25000;128;0;0;4.722000
332;332;0;25000;128;0;0;5.457000
333;333;0;25000;128;0;0;4.809000
334;334;0;25000;128;0;0;5.352000
335;335;0;25000;128;0;0;5.910000
336;336;0;25000;128;0;0;5.520000
337;337;0;25000;128;0;0;5.160000
338;338;0;25000;128;0;0;4.815000
339;339;0;25000;128;0;0;5.304000
340;340;0;25000;128;0;0;9.944000
341;341;0;25000;128;0;0;5.484000
342;342;0;25000;128;0;0;14.997000
343;343;0;25000;128;0;0;10.648000
344;344;0;25000;128;0;0;4.737000
345;345;0;25000;128;0;0;4.779000
346;346;0;25000;128;0;0;5.436000
347;347;0;25000;128;0;0;2.916000
348;348;0;25000;128;0;0;5.367000
349;349;0;25000;128;0;0;5.538000
350;350;0;25000;128;0;0;5.370000
351;351;0;25000;128;0;0;10.554000
352;352;0;25000;128;0;0;5.283000
353;353;0;25000;128;0;0;4.632000
354;354;0;25000;128;0;0;4.395000
355;355;0;25000;128;0;0;5.235000
356;356;0;25000;128;0;0;3.088000
357;357;0;25000;128;0;0;9.732000
358;358;0;25000;128;0;0;2.918000
359;359;0;25000;128;0;0;5.448000
360;360;0;25000;128;0;0;5.367000
361;361;0;25000;128;0;0;4.746000
362;362;0;25000;128;0;0;4.680000
363;363;0;25000;128;0;0;4.596000
364;364;0;25000;128;0;0;5.097000
365;365;0;25000;128;0;0;5.439000
366;366;0;25000;128;0;0;5.487000
367;367;0;25000;128;0;0;5.768000
368;368;0;25000;128;0;0;5.880000
369;369;0;25000;128;0;0;5.445000
370;370;0;25000;128;0;0;4.884000
371;371;0;25000;128;0;0;3.062000
372;372;0;25000;128;0;0;3.106000
373;373;0;25000;128;0;0;5.526000
374;374;0;25000;128;0;0;5.538000
375;375;0;25000;128;0;0;5.324000
376;376;0;25000;128;0;0;5.718000
377;377;0;25000;128;0;0;5.541000
378;378;0;25000;128;0;0;3.060000
379;379;0;25000;128;0;0;4.629000
380;380;0;25000;128;0;0;5.456000
381;381;0;25000;128;0;0;5.568000
382;382;0;25000;128;0;0;5.367000
383;383;0;25000;128;0;0;5.362000
384;384;0;25000;128;0;0;4.839000
385;385;0;25000;128;0;0;5.520000
386;386;0;25000;128;0;0;5.208000
387;387;0;25000;128;0;0;4.986000
388;388;0;25000;128;0;0;4.542000
389;389;0;25000;128;0;0;4.632000
390;390;0;25000;128;0;0;5.388000
391;391;0;25000;128;0;0;3.291000
392;392;0;25000;128;0;0;5.394000
393;393;0;25000;128;0;0;5.256000
394;394;0;25000;128;0;0;4.578000
395;395;0;25000;128;0;0;4.416000
396;396;0;25000;128;0;0;3.806000
397;397;0;25000;128;0;0;4.950000
398;398;0;25000;128;0;0;3.948000
399;399;0;25000;128;0;0;9.891000
400;400;0;25000;128;0;0;5.745000
401;401;0;25000;128;0;0;4.488000
402;402;0;25000;128;0;0;5.445000
403;403;0;25000;128;0;0;4.752000
404;404;0;25000;128;0;0;4.884000
405;405;0;25000;128;0;0;5.550000
406;406;0;25000;128;0;0;4.683000
407;407;0;25000;128;0;0;5.409000
408;408;0;25000;128;0;0;4.746000
409;409;0;25000;128;0;0;4.929000
410;410;0;25000;128;0;0;5.706000
411;411;0;25000;128;0;0;5.562000
412;412;0;25000;128;0;0;4.464000
413;413;0;25000;128;0;0;5.184000
414;414;0;25000;128;0;0;4.683000
415;415;0;25000;128;0;0;4.743000
416;416;0;25000;128;0;0;5.568000
417;417;0;25000;128;0;0;4.974000
418;418;0;25000;128;0;0;3.786000
419;419;0;25000;128;0;0;5.502000
420;420;0;25000;128;0;0;4.620000
421;421;0;25000;128;0;0;5.661000
422;422;0;25000;128;0;0;4.587000
423;423;0;25000;128;0;0;5.700000
424;424;0;25000;128;0;0;5.502000
425;425;0;25000;128;0;0;4.923000
426;426;0;25000;128;0;0;5.295000
427;427;0;25000;128;0;0;4.692000
428;428;0;25000;128;0;0;4.926000
429;429;0;25000;128;0;0;5.202000
430;430;0;25000;128;0;0;4.560000
431;431;0;25000;128;0;0;3.090000
432;432;0;25000;128;0;0;5.286000
433;433;0;25000;128;0;0;3.342000
434;434;0;25000;128;0;0;4.320000
435;435;0;25000;128;0;0;5.326000
436;436;0;25000;128;0;0;5.646000
437;437;0;25000;128;0;0;5.282000
438;438;0;25000;128;0;0;4.611000
439;439;0;25000;128;0;0;3.231000
440;440;0;25000;128;0;0;4.665000
441;441;0;25000;128;0;0;5.229000
442;442;0;25000;128;0;0;5.454000
443;443;0;25000;128;0;0;5.592000
444;444;0;25000;128;0;0;5.337000
445;445;0;25000;128;0;0;5.259000
446;446;0;25000;128;0;0;5.328000
447;447;0;25000;128;0;0;5.790000
448;448;0;25000;128;0;0;5.436000
449;449;0;25000;128;0;0;5.418000
450;450;0;25000;128;0;0;4.599000
451;451;0;25000;128;0;0;5.343000
452;452;0;25000;128;0;0;3.675000
453;453;0;25000;128;0;0;4.833000
454;454;0;25000;128;0;0;4.677000
455;455;0;25000;128;0;0;4.536000
456;456;0;25000;128;0;0;5.343000
457;457;0;25000;128;0;0;4.845000
458;458;0;25000;128;0;0;5.283000
459;459;0;25000;128;0;0;5.528000
460;460;0;25000;128;0;0;6.060000
461;461;0;25000;128;0;0;5.730000
462;462;0;25000;128;0;0;4.929000
463;463;0;25000;128;0;0;3.492000
464;464;0;25000;128;0;0;9.759000
465;465;0;25000;128;0;0;5.655000
466;466;0;25000;128;0;0;5.462000
467;467;0;25000;128;0;0;4.626000
468;468;0;25000;128;0;0;6.420000
469;469;0;25000;128;0;0;5.334000
470;470;0;25000;128;0;0;5.410000
471;471;0;25000;128;0;0;5.625000
472;472;0;25000;128;0;0;4.677000
473;473;0;25000;128;0;0;4.440000
474;474;0;25000;128;0;0;5.244000
475;475;0;25000;128;0;0;10.215000
476;476;0;25000;128;0;0;4.712000
477;477;0;25000;128;0;0;4.806000
478;478;0;25000;128;0;0;4.551000
479;479;0;25000;128;0;0;5.360000
480;480;0;25000;128;0;0;5.406000
481;481;0;25000;128;0;0;4.437000
482;482;0;25000;128;0;0;10.257000
483;483;0;25000;128;0;0;5.274000
484;484;0;25000;128;0;0;15.656000
485;485;0;25000;128;0;0;5.028000
486;486;0;25000;128;0;0;5.181000
487;487;0;25000;128;0;0;9.192000
488;488;0;25000;128;0;0;5.376000
489;489;0;25000;128;0;0;5.172000
490;490;0;25000;128;0;0;5.340000
491;491;0;25000;128;0;0;4.914000
492;492;0;25000;128;0;0;5.682000
493;493;0;25000;128;0;0;4.641000
494;494;0;25000;128;0;0;5.358000
495;495;0;25000;128;0;0;5.328000
496;496;0;25000;128;0;0;5.516000
497;497;0;25000;128;0;0;2.949000
498;498;0;25000;128;0;0;4.512000
499;499;0;25000;128;0;0;5.448000
500;500;0;25000;128;0;0;3.516000
501;501;0;25000;128;0;0;5.480000
502;502;0;25000;128;0;0;5.505000
503;503;0;25000;128;0;0;5.574000
504;504;0;25000;128;0;0;5.100000
505;505;0;25000;128;0;0;5.344000
506;506;0;25000;128;0;0;4.962000
507;507;0;25000;128;0;0;6.144000
508;508;0;25000;128;0;0;5.475000
509;509;0;25000;128;0;0;5.388000
510;510;0;25000;128;0;0;5.409000
511;511;0;25000;128;0;0;3.462000
512;512;0;25000;128;0;0;3.864000
513;513;0;25000;128;0;0;5.202000
514;514;0;25000;128;0;0;3.420000
515;515;0;25000;128;0;0;5.487000
516;516;0;25000;128;0;0;5.163000
517;517;0;25000;128;0;0;5.218000
518;518;0;25000;128;0;0;5.322000
519;519;0;25000;128;0;0;4.614000
520;520;0;25000;128;0;0;5.364000
521;521;0;25000;128;0;0;5.670000
522;522;0;25000;128;0;0;4.755000
523;523;0;25000;128;0;0;4.569000
524;524;0;25000;128;0;0;5.652000
525;525;0;25000;128;0;0;4.638000
526;526;0;25000;128;0;0;4.710000
527;527;0;25000;128;0;0;4.608000
528;528;0;25000;128;0;0;4.965000
529;529;0;25000;128;0;0;4.602000
530;530;0;25000;128;0;0;5.394000
531;531;0;25000;128;0;0;4.989000
532;532;0;25000;128;0;0;9.735000
533;533;0;25000;128;0;0;3.819000
534;534;0;25000;128;0;0;5.205000
535;535;0;25000;128;0;0;5.430000
536;536;0;25000;128;0;0;5.574000
537;537;0;25000;128;0;0;4.800000
538;538;0;25000;128;0;0;5.376000
539;539;0;25000;128;0;0;4.674000
540;540;0;25000;128;0;0;4.638000
541;541;0;25000;128;0;0;10.092000
542;542;0;25000;128;0;0;5.268000
543;543;0;25000;128;0;0;5.016000
544;544;0;25000;128;0;0;5.352000
545;545;0;25000;128;0;0;5.286000
546;546;0;25000;128;0;0;4.719000
547;547;0;25000;128;0;0;5.265000
548;548;0;25000;128;0;0;3.105000
549;549;0;25000;128;0;0;4.962000
550;550;0;25000;128;0;0;10.312000
551;551;0;25000;128;0;0;3.075000
552;552;0;25000;128;0;0;4.638000
553;553;0;25000;128;0;0;5.478000
554;554;0;25000;128;0;0;5.270000
555;555;0;25000;128;0;0;4.512000
556;556;0;25000;128;0;0;4.623000
557;557;0;25000;128;0;0;5.340000
558;558;0;25000;128;0;0;5.178000
559;559;0;25000;128;0;0;5.338000
560;560;0;25000;128;0;0;6.066000
561;561;0;25000;128;0;0;5.436000
562;562;0;25000;128;0;0;4.788000
563;563;0;25000;128;0;0;5.436000
564;564;0;25000;128;0;0;5.319000
565;565;0;25000;128;0;0;5.544000
566;566;0;25000;128;0;0;5.439000
567;567;0;25000;128;0;0;5.514000
568;568;0;25000;128;0;0;5.340000
569;569;0;25000;128;0;0;5.361000
570;570;0;25000;128;0;0;5.772000
571;571;0;25000;128;0;0;2.997000
572;572;0;25000;128;0;0;4.974000
573;573;0;25000;128;0;0;3.855000
574;574;0;25000;128;0;0;4.923000
575;575;0;25000;128;0;0;4.683000
576;576;0;25000;128;0;0;4.989000
577;577;0;25000;128;0;0;4.599000
578;578;0;25000;128;0;0;5.298000
579;579;0;25000;128;0;0;4.689000
580;580;0;25000;128;0;0;4.887000
581;581;0;25000;128;0;0;4.734000
582;582;0;25000;128;0;0;5.805000
583;583;0;25000;128;0;0;4.950000
584;584;0;25000;128;0;0;3.918000
585;585;0;25000;128;0;0;5.448000
586;586;0;25000;128;0;0;4.845000
587;587;0;25000;128;0;0;5.601000
588;588;0;25000;128;0;0;5.614000
589;589;0;25000;128;0;0;4.286000
590;590;0;25000;128;0;0;4.824000
591;591;0;25000;128;0;0;4.922000
592;592;0;25000;128;0;0;4.857000
593;593;0;25000;128;0;0;5.418000
594;594;0;25000;128;0;0;5.334000
595;595;0;25000;128;0;0;4.842000
596;596;0;25000;128;0;0;5.640000
597;597;0;25000;128;0;0;5.115000
598;598;0;25000;128;0;0;9.357000
599;599;0;25000;128;0;0;5.049000
600;600;0;25000;128;0;0;5.379000
601;601;0;25000;128;0;0;4.857000
602;602;0;25000;128;0;0;5.574000
603;603;0;25000;128;0;0;5.710000
604;604;0;25000;128;0;0;4.803000
605;605;0;25000;128;0;0;4.719000
606;606;0;25000;128;0;0;4.830000
607;607;0;25000;128;0;0;10.072000
608;608;0;25000;128;0;0;9.882000
609;609;0;25000;128;0;0;6.135000
610;610;0;25000;128;0;0;4.878000
611;611;0;25000;128;0;0;9.642000
612;612;0;25000;128;0;0;5.439000
613;613;0;25000;128;0;0;4.608000
614;614;0;25000;128;0;0;4.773000
615;615;0;25000;128;0;0;4.473000
616;616;0;25000;128;0;0;5.394000
617;617;0;25000;128;0;0;5.160000
618;618;0;25000;128;0;0;4.641000
619;619;0;25000;128;0;0;4.862000
620;620;0;25000;128;0;0;3.711000
621;621;0;25000;128;0;0;3.841000
622;622;0;25000;128;0;0;4.782000
623;623;0;25000;128;0;0;5.313000
624;624;0;25000;128;0;0;5.523000
625;625;0;25000;128;0;0;4.413000
626;626;0;25000;128;0;0;4.416000
627;627;0;25000;128;0;0;4.671000
628;628;0;25000;128;0;0;5.235000
629;629;0;25000;128;0;0;4.776000
630;630;0;25000;128;0;0;4.116000
631;631;0;25000;128;0;0;4.952000
632;632;0;25000;128;0;0;4.617000
633;633;0;25000;128;0;0;5.432000
634;634;0;25000;128;0;0;4.704000
635;635;0;25000;128;0;0;5.604000
636;636;0;25000;128;0;0;4.692000
637;637;0;25000;128;0;0;4.800000
638;638;0;25000;128;0;0;5.511000
639;639;0;25000;128;0;0;5.406000
640;640;0;25000;128;0;0;4.644000
641;641;0;25000;128;0;0;5.578000
642;642;0;25000;128;0;0;5.400000
643;643;0;25000;128;0;0;5.643000
644;644;0;25000;128;0;0;4.554000
645;645;0;25000;128;0;0;4.581000
646;646;0;25000;128;0;0;8.760000
647;647;0;25000;128;0;0;4.638000
648;648;0;25000;128;0;0;5.496000
649;649;0;25000;128;0;0;4.950000
650;650;0;25000;128;0;0;9.586000
651;651;0;25000;128;0;0;4.862000
652;652;0;25000;128;0;0;5.781000
653;653;0;25000;128;0;0;4.737000
654;654;0;25000;128;0;0;4.972000
655;655;0;25000;128;0;0;5.361000
656;656;0;25000;128;0;0;5.733000
657;657;0;25000;128;0;0;11.040000
658;658;0;25000;128;0;0;5.463000
659;659;0;25000;128;0;0;4.698000
660;660;0;25000;128;0;0;4.776000
661;661;0;25000;128;0;0;5.535000
662;662;0;25000;128;0;0;5.304000
663;663;0;25000;128;0;0;3.513000
664;664;0;25000;128;0;0;10.485000
665;665;0;25000;128;0;0;5.541000
666;666;0;25000;128;0;0;5.505000
667;667;0;25000;128;0;0;4.701000
668;668;0;25000;128;0;0;4.530000
669;669;0;25000;128;0;0;5.178000
670;670;0;25000;128;0;0;3.492000
671;671;0;25000;128;0;0;10.062000
672;672;0;25000;128;0;0;4.578000
673;673;0;25000;128;0;0;5.445000
674;674;0;25000;128;0;0;4.686000
675;675;0;25000;128;0;0;5.142000
676;676;0;25000;128;0;0;4.770000
677;677;0;25000;128;0;0;4.581000
678;678;0;25000;128;0;0;4.713000
679;679;0;25000;128;0;0;4.917000
680;680;0;25000;128;0;0;9.512000
681;681;0;25000;128;0;0;5.457000
682;682;0;25000;128;0;0;5.571000
683;683;0;25000;128;0;0;4.656000
684;684;0;25000;128;0;0;5.253000
685;685;0;25000;128;0;0;3.111000
686;686;0;25000;128;0;0;5.238000
687;687;0;25000;128;0;0;4.533000
688;688;0;25000;128;0;0;6.363000
689;689;0;25000;128;0;0;4.576000
690;690;0;25000;128;0;0;4.821000
691;691;0;25000;128;0;0;5.595000
692;692;0;25000;128;0;0;5.487000
693;693;0;25000;128;0;0;4.404000
694;694;0;25000;128;0;0;5.456000
695;695;0;25000;128;0;0;4.482000
696;696;0;25000;128;0;0;5.436000
697;697;0;25000;128;0;0;5.403000
698;698;0;25000;128;0;0;4.753000
699;699;0;25000;128;0;0;4.704000
700;700;0;25000;128;0;0;4.986000
701;701;0;25000;128;0;0;5.718000
702;702;0;25000;128;0;0;5.260000
703;703;0;25000;128;0;0;3.477000
704;704;0;25000;128;0;0;5.541000
705;705;0;25000;128;0;0;3.585000
706;706;0;25000;128;0;0;4.656000
707;707;0;25000;128;0;0;5.007000
708;708;0;25000;128;0;0;4.653000
709;709;0;25000;128;0;0;4.716000
710;710;0;25000;128;0;0;4.818000
711;711;0;25000;128;0;0;4.498000
712;712;0;25000;128;0;0;5.409000
713;713;0;25000;128;0;0;5.006000
714;714;0;25000;128;0;0;5.016000
715;715;0;25000;128;0;0;5.486000
716;716;0;25000;128;0;0;4.779000
717;717;0;25000;128;0;0;5.334000
718;718;0;25000;128;0;0;4.572000
719;719;0;25000;128;0;0;4.530000
720;720;0;25000;128;0;0;5.496000
721;721;0;25000;128;0;0;5.427000
722;722;0;25000;128;0;0;5.434000
723;723;0;25000;128;0;0;5.196000
724;724;0;25000;128;0;0;8.924000
725;725;0;25000;128;0;0;4.380000
726;726;0;25000;128;0;0;5.193000
727;727;0;25000;128;0;0;4.716000
728;728;0;25000;128;0;0;4.425000
729;729;0;25000;128;0;0;4.404000
730;730;0;25000;128;0;0;5.208000
731;731;0;25000;128;0;0;4.278000
732;732;0;25000;128;0;0;5.409000
733;733;0;25000;128;0;0;3.783000
734;734;0;25000;128;0;0;5.310000
735;735;0;25000;128;0;0;3.942000
736;736;0;25000;128;0;0;4.734000
737;737;0;25000;128;0;0;8.862000
738;738;0;25000;128;0;0;5.160000
739;739;0;25000;128;0;0;5.769000
740;740;0;25000;128;0;0;6.264000
741;741;0;25000;128;0;0;9.684000
742;742;0;25000;128;0;0;4.404000
743;743;0;25000;128;0;0;5.514000
744;744;0;25000;128;0;0;4.812000
745;745;0;25000;128;0;0;4.935000
746;746;0;25000;128;0;0;4.590000
747;747;0;25000;128;0;0;5.481000
748;748;0;25000;128;0;0;4.820000
749;749;0;25000;128;0;0;4.678000
750;750;0;25000;128;0;0;3.453000
751;751;0;25000;128;0;0;5.124000
752;752;0;25000;128;0;0;3.639000
753;753;0;25000;128;0;0;4.905000
754;754;0;25000;128;0;0;5.085000
755;755;0;25000;128;0;0;4.599000
756;756;0;25000;128;0;0;14.622000
757;757;0;25000;128;0;0;4.980000
758;758;0;25000;128;0;0;5.532000
759;759;0;25000;128;0;0;5.400000
760;760;0;25000;128;0;0;48.618000
761;761;0;25000;128;0;0;8.133000
762;762;0;25000;128;0;0;4.802000
763;763;0;25000;128;0;0;5.556000
764;764;0;25000;128;0;0;5.708000
765;765;0;25000;128;0;0;4.830000
766;766;0;25000;128;0;0;4.659000
767;767;0;25000;128;0;0;5.841000
768;768;0;25000;128;0;0;5.328000
769;769;0;25000;128;0;0;5.733000
770;770;0;25000;128;0;0;4.818000
771;771;0;25000;128;0;0;5.398000
772;772;0;25000;128;0;0;3.204000
773;773;0;25000;128;0;0;5.142000
774;774;0;25000;128;0;0;4.902000
775;775;0;25000;128;0;0;9.015000
776;776;0;25000;128;0;0;5.526000
777;777;0;25000;128;0;0;5.358000
778;778;0;25000;128;0;0;5.475000
779;779;0;25000;128;0;0;4.650000
780;780;0;25000;128;0;0;4.680000
781;781;0;25000;128;0;0;5.368000
782;782;0;25000;128;0;0;5.148000
783;783;0;25000;128;0;0;5.688000
784;784;0;25000;128;0;0;4.632000
785;785;0;25000;128;0;0;4.616000
786;786;0;25000;128;0;0;5.484000
787;787;0;25000;128;0;0;5.367000
788;788;0;25000;128;0;0;4.682000
789;789;0;25000;128;0;0;4.596000
790;790;0;25000;128;0;0;4.974000
791;791;0;25000;128;0;0;5.706000
792;792;0;25000;128;0;0;5.637000
793;793;0;25000;128;0;0;5.499000
794;794;0;25000;128;0;0;4.665000
795;795;0;25000;128;0;0;5.355000
796;796;0;25000;128;0;0;18.513000
797;797;0;25000;128;0;0;6.045000
798;798;0;25000;128;0;0;5.532000
799;799;0;25000;128;0;0;3.576000
800;800;0;25000;128;0;0;4.578000
801;801;0;25000;128;0;0;5.298000
802;802;0;25000;128;0;0;5.361000
803;803;0;25000;128;0;0;4.623000
804;804;0;25000;128;0;0;10.428000
805;805;0;25000;128;0;0;3.003000
806;806;0;25000;128;0;0;4.548000
807;807;0;25000;128;0;0;4.533000
808;808;0;25000;128;0;0;3.030000
809;809;0;25000;128;0;0;4.684000
810;810;0;25000;128;0;0;5.352000
811;811;0;25000;128;0;0;9.954000
812;812;0;25000;128;0;0;4.557000
813;813;0;25000;128;0;0;4.809000
814;814;0;25000;128;0;0;5.640000
815;815;0;25000;128;0;0;4.644000
816;816;0;25000;128;0;0;5.334000
817;817;0;25000;128;0;0;5.350000
818;818;0;25000;128;0;0;5.517000
819;819;0;25000;128;0;0;4.976000
820;820;0;25000;128;0;0;4.623000
821;821;0;25000;128;0;0;5.403000
822;822;0;25000;128;0;0;5.385000
823;823;0;25000;128;0;0;5.283000
824;824;0;25000;128;0;0;4.590000
825;825;0;25000;128;0;0;5.302000
826;826;0;25000;128;0;0;3.153000
827;827;0;25000;128;0;0;4.576000
828;828;0;25000;128;0;0;5.439000
829;829;0;25000;128;0;0;4.824000
830;830;0;25000;128;0;0;3.606000
831;831;0;25000;128;0;0;5.502000
832;832;0;25000;128;0;0;4.401000
833;833;0;25000;128;0;0;4.680000
834;834;0;25000;128;0;0;5.535000
835;835;0;25000;128;0;0;4.950000
836;836;0;25000;128;0;0;5.241000
837;837;0;25000;128;0;0;4.779000
838;838;0;25000;128;0;0;5.361000
839;839;0;25000;128;0;0;6.153000
840;840;0;25000;128;0;0;5.997000
841;841;0;25000;128;0;0;5.266000
842;842;0;25000;128;0;0;4.815000
843;843;0;25000;128;0;0;5.139000
844;844;0;25000;128;0;0;4.863000
845;845;0;25000;128;0;0;5.175000
846;846;0;25000;128;0;0;4.872000
847;847;0;25000;128;0;0;5.433000
848;848;0;25000;128;0;0;4.612000
849;849;0;25000;128;0;0;5.565000
850;850;0;25000;128;0;0;4.914000
851;851;0;25000;128;0;0;4.890000
852;852;0;25000;128;0;0;5.568000
853;853;0;25000;128;0;0;9.987000
854;854;0;25000;128;0;0;5.592000
855;855;0;25000;128;0;0;4.656000
856;856;0;25000;128;0;0;5.272000
857;857;0;25000;128;0;0;4.584000
858;858;0;25000;128;0;0;4.806000
859;859;0;25000;128;0;0;3.396000
860;860;0;25000;128;0;0;5.409000
861;861;0;25000;128;0;0;6.111000
862;862;0;25000;128;0;0;3.822000
863;863;0;25000;128;0;0;4.464000
864;864;0;25000;128;0;0;10.676000
865;865;0;25000;128;0;0;5.529000
866;866;0;25000;128;0;0;5.598000
867;867;0;25000;128;0;0;4.839000
868;868;0;25000;128;0;0;4.512000
869;869;0;25000;128;0;0;4.812000
870;870;0;25000;128;0;0;5.403000
871;871;0;25000;128;0;0;5.392000
872;872;0;25000;128;0;0;4.749000
873;873;0;25000;128;0;0;5.463000
874;874;0;25000;128;0;0;5.085000
875;875;0;25000;128;0;0;4.704000
876;876;0;25000;128;0;0;4.608000
877;877;0;25000;128;0;0;4.761000
878;878;0;25000;128;0;0;3.831000
879;879;0;25000;128;0;0;4.722000
880;880;0;25000;128;0;0;4.839000
881;881;0;25000;128;0;0;4.446000
882;882;0;25000;128;0;0;4.662000
883;883;0;25000;128;0;0;5.316000
884;884;0;25000;128;0;0;5.361000
885;885;0;25000;128;0;0;5.571000
886;886;0;25000;128;0;0;4.630000
887;887;0;25000;128;0;0;3.690000
888;888;0;25000;128;0;0;4.788000
889;889;0;25000;128;0;0;5.397000
890;890;0;25000;128;0;0;5.652000
891;891;0;25000;128;0;0;4.614000
892;892;0;25000;128;0;0;4.746000
893;893;0;25000;128;0;0;5.328000
894;894;0;25000;128;0;0;5.595000
895;895;0;25000;128;0;0;4.716000
896;896;0;25000;128;0;0;9.474000
897;897;0;25000;128;0;0;5.364000
898;898;0;25000;128;0;0;5.532000
899;899;0;25000;128;0;0;8.643000
900;900;0;25000;128;0;0;4.497000
901;901;0;25000;128;0;0;5.496000
902;902;0;25000;128;0;0;15.690000
903;903;0;25000;128;0;0;5.502000
904;904;0;25000;128;0;0;4.905000
905;905;0;25000;128;0;0;4.989000
906;906;0;25000;128;0;0;3.537000
907;907;0;25000;128;0;0;5.716000
908;908;0;25000;128;0;0;5.508000
909;909;0;25000;128;0;0;4.674000
910;910;0;25000;128;0;0;4.563000
911;911;0;25000;128;0;0;5.430000
912;912;0;25000;128;0;0;4.392000
913;913;0;25000;128;0;0;4.638000
914;914;0;25000;128;0;0;4.899000
915;915;0;25000;128;0;0;4.659000
916;916;0;25000;128;0;0;4.992000
917;917;0;25000;128;0;0;4.782000
918;918;0;25000;128;0;0;5.607000
919;919;0;25000;128;0;0;11.154000
920;920;0;25000;128;0;0;4.707000
921;921;0;25000;128;0;0;5.700000
922;922;0;25000;128;0;0;4.770000
923;923;0;25000;128;0;0;4.908000
924;924;0;25000;128;0;0;4.800000
925;925;0;25000;128;0;0;3.357000
926;926;0;25000;128;0;0;4.446000
927;927;0;25000;128;0;0;5.688000
928;928;0;25000;128;0;0;5.289000
929;929;0;25000;128;0;0;5.373000
930;930;0;25000;128;0;0;5.094000
931;931;0;25000;128;0;0;5.316000
932;932;0;25000;128;0;0;5.553000
933;933;0;25000;128;0;0;4.671000
934;934;0;25000;128;0;0;5.391000
935;935;0;25000;128;0;0;5.838000
936;936;0;25000;128;0;0;5.283000
937;937;0;25000;128;0;0;5.376000
938;938;0;25000;128;0;0;4.884000
939;939;0;25000;128;0;0;4.542000
940;940;0;25000;128;0;0;5.304000
941;941;0;25000;128;0;0;4.635000
942;942;0;25000;128;0;0;4.850000
943;943;0;25000;128;0;0;4.662000
944;944;0;25000;128;0;0;5.301000
945;945;0;25000;128;0;0;4.713000
946;946;0;25000;128;0;0;5.298000
947;947;0;25000;128;0;0;5.343000
948;948;0;25000;128;0;0;5.283000
949;949;0;25000;128;0;0;5.148000
950;950;0;25000;128;0;0;5.382000
951;951;0;25000;128;0;0;5.456000
952;952;0;25000;128;0;0;4.551000
953;953;0;25000;128;0;0;5.529000
954;954;0;25000;128;0;0;8.025000
955;955;0;25000;128;0;0;5.232000
956;956;0;25000;128;0;0;5.316000
957;957;0;25000;128;0;0;4.977000
958;958;0;25000;128;0;0;4.458000
959;959;0;25000;128;0;0;4.761000
960;960;0;25000;128;0;0;5.577000
961;961;0;25000;128;0;0;4.653000
962;962;0;25000;128;0;0;5.583000
963;963;0;25000;128;0;0;4.848000
964;964;0;25000;128;0;0;4.776000
965;965;0;25000;128;0;0;9.972000
966;966;0;25000;128;0;0;5.535000
967;967;0;25000;128;0;0;5.385000
968;968;0;25000;128;0;0;4.821000
969;969;0;25000;128;0;0;5.386000
970;970;0;25000;128;0;0;5.883000
971;971;0;25000;128;0;0;4.545000
972;972;0;25000;128;0;0;5.504000
973;973;0;25000;128;0;0;5.814000
974;974;0;25000;128;0;0;5.961000
975;975;0;25000;128;0;0;4.785000
976;976;0;25000;128;0;0;5.496000
977;977;0;25000;128;0;0;5.583000
978;978;0;25000;128;0;0;5.220000
979;979;0;25000;128;0;0;5.382000
980;980;0;25000;128;0;0;5.481000
981;981;0;25000;128;0;0;6.858000
982;982;0;25000;128;0;0;4.422000
983;983;0;25000;128;0;0;4.530000
984;984;0;25000;128;0;0;5.622000
985;985;0;25000;128;0;0;5.208000
986;986;0;25000;128;0;0;4.860000
987;987;0;25000;128;0;0;10.215000
988;988;0;25000;128;0;0;9.651000
989;989;0;25000;128;0;0;5.214000
990;990;0;25000;128;0;0;5.448000
991;991;0;25000;128;0;0;4.870000
992;992;0;25000;128;0;0;5.445000
993;993;0;25000;128;0;0;4.824000
994;994;0;25000;128;0;0;4.860000
995;995;0;25000;128;0;0;9.312000
996;996;0;25000;128;0;0;4.623000
997;997;0;25000;128;0;0;4.620000
998;998;0;25000;128;0;0;4.749000
999;999;0;25000;128;0;0;4.398000
1000;1000;0;25000;128;0;0;4.839000
