1;1;0;125000;128;0;0;4.425000
2;2;0;125000;128;0;0;3.297000
3;3;0;125000;128;0;0;19.827000
4;4;0;125000;128;0;0;4.890000
5;5;0;125000;128;0;0;4.626000
6;6;0;125000;128;0;0;4.557000
7;7;0;125000;128;0;0;3.558000
8;8;0;125000;128;0;0;4.848000
9;9;0;125000;128;0;0;31.653000
10;10;0;125000;128;0;0;3.531000
11;11;0;125000;128;0;0;5.349000
12;12;0;125000;128;0;0;3.240000
13;13;0;125000;128;0;0;3.804000
14;14;0;125000;128;0;0;14.922000
15;15;0;125000;128;0;0;3.436000
16;16;0;125000;128;0;0;4.485000
17;17;0;125000;128;0;0;3.687000
18;18;0;125000;128;0;0;2.880000
19;19;0;125000;128;0;0;5.610000
20;20;0;125000;128;0;0;25.602000
21;21;0;125000;128;0;0;5.434000
22;22;0;125000;128;0;0;4.863000
23;23;0;125000;128;0;0;5.496000
24;24;0;125000;128;0;0;2.868000
25;25;0;125000;128;0;0;3.552000
26;26;0;125000;128;0;0;5.253000
27;27;0;125000;128;0;0;3.615000
28;28;0;125000;128;0;0;3.171000
29;29;0;125000;128;0;0;4.998000
30;30;0;125000;128;0;0;2.967000
31;31;0;125000;128;0;0;3.102000
32;32;0;125000;128;0;0;4.128000
33;33;0;125000;128;0;0;3.351000
34;34;0;125000;128;0;0;2.883000
35;35;0;125000;128;0;0;3.441000
36;36;0;125000;128;0;0;4.017000
37;37;0;125000;128;0;0;2.931000
38;38;0;125000;128;0;0;3.498000
39;39;0;125000;128;0;0;16.420000
40;40;0;125000;128;0;0;5.436000
41;41;0;125000;128;0;0;2.926000
42;42;0;125000;128;0;0;5.814000
43;43;0;125000;128;0;0;3.672000
44;44;0;125000;128;0;0;9.669000
45;45;0;125000;128;0;0;5.481000
46;46;0;125000;128;0;0;17.814000
47;47;0;125000;128;0;0;3.588000
48;48;0;125000;128;0;0;4.395000
49;49;0;125000;128;0;0;3.030000
50;50;0;125000;128;0;0;4.209000
51;51;0;125000;128;0;0;3.540000
52;52;0;125000;128;0;0;9.416000
53;53;0;125000;128;0;0;4.524000
54;54;0;125000;128;0;0;5.652000
55;55;0;125000;128;0;0;4.706000
56;56;0;125000;128;0;0;5.388000
57;57;0;125000;128;0;0;5.571000
58;58;0;125000;128;0;0;4.266000
59;59;0;125000;128;0;0;3.273000
60;60;0;125000;128;0;0;7.386000
61;61;0;125000;128;0;0;5.403000
62;62;0;125000;128;0;0;3.465000
63;63;0;125000;128;0;0;3.726000
64;64;0;125000;128;0;0;4.740000
65;65;0;125000;128;0;0;5.616000
66;66;0;125000;128;0;0;4.908000
67;67;0;125000;128;0;0;5.616000
68;68;0;125000;128;0;0;2.892000
69;69;0;125000;128;0;0;3.888000
70;70;0;125000;128;0;0;3.408000
71;71;0;125000;128;0;0;6.027000
72;72;0;125000;128;0;0;3.504000
73;73;0;125000;128;0;0;5.479000
74;74;0;125000;128;0;0;4.752000
75;75;0;125000;128;0;0;3.483000
76;76;0;125000;128;0;0;2.844000
77;77;0;125000;128;0;0;2.718000
78;78;0;125000;128;0;0;2.967000
79;79;0;125000;128;0;0;4.614000
80;80;0;125000;128;0;0;3.711000
81;81;0;125000;128;0;0;4.269000
82;82;0;125000;128;0;0;2.946000
83;83;0;125000;128;0;0;3.522000
84;84;0;125000;128;0;0;5.655000
85;85;0;125000;128;0;0;5.361000
86;86;0;125000;128;0;0;3.537000
87;87;0;125000;128;0;0;4.918000
88;88;0;125000;128;0;0;3.906000
89;89;0;125000;128;0;0;2.820000
90;90;0;125000;128;0;0;3.446000
91;91;0;125000;128;0;0;4.626000
92;92;0;125000;128;0;0;3.243000
93;93;0;125000;128;0;0;3.588000
94;94;0;125000;128;0;0;3.513000
95;95;0;125000;128;0;0;24.801000
96;96;0;125000;128;0;0;10.101000
97;97;0;125000;128;0;0;2.976000
98;98;0;125000;128;0;0;5.451000
99;99;0;125000;128;0;0;2.812000
100;100;0;125000;128;0;0;3.681000
101;101;0;125000;128;0;0;4.809000
102;102;0;125000;128;0;0;5.664000
103;103;0;125000;128;0;0;4.714000
104;104;0;125000;128;0;0;6.135000
105;105;0;125000;128;0;0;3.554000
106;106;0;125000;128;0;0;5.800000
107;107;0;125000;128;0;0;5.448000
108;108;0;125000;128;0;0;3.038000
109;109;0;125000;128;0;0;2.904000
110;110;0;125000;128;0;0;3.702000
111;111;0;125000;128;0;0;3.426000
112;112;0;125000;128;0;0;18.405000
113;113;0;125000;128;0;0;5.204000
114;114;0;125000;128;0;0;4.596000
115;115;0;125000;128;0;0;5.103000
116;116;0;125000;128;0;0;10.599000
117;117;0;125000;128;0;0;13.785000
118;118;0;125000;128;0;0;29.997000
119;119;0;125000;128;0;0;3.630000
120;120;0;125000;128;0;0;4.566000
121;121;0;125000;128;0;0;3.450000
122;122;0;125000;128;0;0;3.528000
123;123;0;125000;128;0;0;14.361000
124;124;0;125000;128;0;0;5.505000
125;125;0;125000;128;0;0;2.922000
126;126;0;125000;128;0;0;6.786000
127;127;0;125000;128;0;0;3.795000
128;128;0;125000;128;0;0;3.585000
129;129;0;125000;128;0;0;5.652000
130;130;0;125000;128;0;0;4.923000
131;131;0;125000;128;0;0;3.507000
132;132;0;125000;128;0;0;5.721000
133;133;0;125000;128;0;0;3.540000
134;134;0;125000;128;0;0;4.106000
135;135;0;125000;128;0;0;10.048000
136;136;0;125000;128;0;0;3.321000
137;137;0;125000;128;0;0;4.056000
138;138;0;125000;128;0;0;14.442000
139;139;0;125000;128;0;0;17.360000
140;140;0;125000;128;0;0;18.535000
141;141;0;125000;128;0;0;3.612000
142;142;0;125000;128;0;0;5.709000
143;143;0;125000;128;0;0;4.656000
144;144;0;125000;128;0;0;5.448000
145;145;0;125000;128;0;0;4.920000
146;146;0;125000;128;0;0;4.978000
147;147;0;125000;128;0;0;3.990000
148;148;0;125000;128;0;0;3.124000
149;149;0;125000;128;0;0;5.238000
150;150;0;125000;128;0;0;3.644000
151;151;0;125000;128;0;0;5.739000
152;152;0;125000;128;0;0;4.890000
153;153;0;125000;128;0;0;4.500000
154;154;0;125000;128;0;0;4.242000
155;155;0;125000;128;0;0;6.156000
156;156;0;125000;128;0;0;3.048000
157;157;0;125000;128;0;0;5.298000
158;158;0;125000;128;0;0;2.874000
159;159;0;125000;128;0;0;5.595000
160;160;0;125000;128;0;0;5.682000
161;161;0;125000;128;0;0;3.228000
162;162;0;125000;128;0;0;4.662000
163;163;0;125000;128;0;0;5.487000
164;164;0;125000;128;0;0;3.096000
165;165;0;125000;128;0;0;4.412000
166;166;0;125000;128;0;0;7.686000
167;167;0;125000;128;0;0;5.475000
168;168;0;125000;128;0;0;23.095000
169;169;0;125000;128;0;0;5.256000
170;170;0;125000;128;0;0;4.812000
171;171;0;125000;128;0;0;3.291000
172;172;0;125000;128;0;0;4.107000
173;173;0;125000;128;0;0;5.766000
174;174;0;125000;128;0;0;3.450000
175;175;0;125000;128;0;0;3.795000
176;176;0;125000;128;0;0;4.815000
177;177;0;125000;128;0;0;4.524000
178;178;0;125000;128;0;0;17.704000
179;179;0;125000;128;0;0;3.570000
180;180;0;125000;128;0;0;3.591000
181;181;0;125000;128;0;0;16.935000
182;182;0;125000;128;0;0;10.038000
183;183;0;125000;128;0;0;34.158000
184;184;0;125000;128;0;0;4.959000
185;185;0;125000;128;0;0;16.071000
186;186;0;125000;128;0;0;5.964000
187;187;0;125000;128;0;0;5.703000
188;188;0;125000;128;0;0;3.618000
189;189;0;125000;128;0;0;4.827000
190;190;0;125000;128;0;0;4.044000
191;191;0;125000;128;0;0;4.053000
192;192;0;125000;128;0;0;5.378000
193;193;0;125000;128;0;0;5.325000
194;194;0;125000;128;0;0;3.519000
195;195;0;125000;128;0;0;3.039000
196;196;0;125000;128;0;0;4.620000
197;197;0;125000;128;0;0;6.057000
198;198;0;125000;128;0;0;6.150000
199;199;0;125000;128;0;0;3.058000
200;200;0;125000;128;0;0;3.876000
201;201;0;125000;128;0;0;10.914000
202;202;0;125000;128;0;0;3.492000
203;203;0;125000;128;0;0;4.242000
204;204;0;125000;128;0;0;3.861000
205;205;0;125000;128;0;0;3.411000
206;206;0;125000;128;0;0;3.189000
207;207;0;125000;128;0;0;2.772000
208;208;0;125000;128;0;0;2.943000
209;209;0;125000;128;0;0;4.071000
210;210;0;125000;128;0;0;4.512000
211;211;0;125000;128;0;0;2.868000
212;212;0;125000;128;0;0;4.202000
213;213;0;125000;128;0;0;5.286000
214;214;0;125000;128;0;0;3.762000
215;215;0;125000;128;0;0;5.256000
216;216;0;125000;128;0;0;3.426000
217;217;0;125000;128;0;0;4.005000
218;218;0;125000;128;0;0;15.762000
219;219;0;125000;128;0;0;5.342000
220;220;0;125000;128;0;0;5.469000
221;221;0;125000;128;0;0;4.725000
222;222;0;125000;128;0;0;4.446000
223;223;0;125000;128;0;0;15.894000
224;224;0;125000;128;0;0;3.651000
225;225;0;125000;128;0;0;5.382000
226;226;0;125000;128;0;0;5.859000
227;227;0;125000;128;0;0;6.344000
228;228;0;125000;128;0;0;3.054000
229;229;0;125000;128;0;0;3.900000
230;230;0;125000;128;0;0;3.441000
231;231;0;125000;128;0;0;3.006000
232;232;0;125000;128;0;0;3.669000
233;233;0;125000;128;0;0;5.733000
234;234;0;125000;128;0;0;3.336000
235;235;0;125000;128;0;0;4.400000
236;236;0;125000;128;0;0;5.028000
237;237;0;125000;128;0;0;4.515000
238;238;0;125000;128;0;0;3.420000
239;239;0;125000;128;0;0;3.570000
240;240;0;125000;128;0;0;14.736000
241;241;0;125000;128;0;0;3.834000
242;242;0;125000;128;0;0;3.750000
243;243;0;125000;128;0;0;3.783000
244;244;0;125000;128;0;0;16.239000
245;245;0;125000;128;0;0;4.848000
246;246;0;125000;128;0;0;6.255000
247;247;0;125000;128;0;0;2.856000
248;248;0;125000;128;0;0;3.339000
249;249;0;125000;128;0;0;3.087000
250;250;0;125000;128;0;0;5.670000
251;251;0;125000;128;0;0;4.848000
252;252;0;125000;128;0;0;7.422000
253;253;0;125000;128;0;0;5.130000
254;254;0;125000;128;0;0;2.922000
255;255;0;125000;128;0;0;3.570000
256;256;0;125000;128;0;0;21.939000
257;257;0;125000;128;0;0;16.365000
258;258;0;125000;128;0;0;3.530000
259;259;0;125000;128;0;0;11.061000
260;260;0;125000;128;0;0;2.868000
261;261;0;125000;128;0;0;5.652000
262;262;0;125000;128;0;0;4.992000
263;263;0;125000;128;0;0;5.484000
264;264;0;125000;128;0;0;3.492000
265;265;0;125000;128;0;0;2.799000
266;266;0;125000;128;0;0;8.937000
267;267;0;125000;128;0;0;3.496000
268;268;0;125000;128;0;0;3.276000
269;269;0;125000;128;0;0;5.478000
270;270;0;125000;128;0;0;5.778000
271;271;0;125000;128;0;0;3.444000
272;272;0;125000;128;0;0;16.932000
273;273;0;125000;128;0;0;3.448000
274;274;0;125000;128;0;0;4.017000
275;275;0;125000;128;0;0;9.661000
276;276;0;125000;128;0;0;3.375000
277;277;0;125000;128;0;0;3.753000
278;278;0;125000;128;0;0;15.499000
279;279;0;125000;128;0;0;3.660000
280;280;0;125000;128;0;0;3.693000
281;281;0;125000;128;0;0;4.352000
282;282;0;125000;128;0;0;4.179000
283;283;0;125000;128;0;0;4.497000
284;284;0;125000;128;0;0;2.823000
285;285;0;125000;128;0;0;5.607000
286;286;0;125000;128;0;0;2.871000
287;287;0;125000;128;0;0;3.411000
288;288;0;125000;128;0;0;4.572000
289;289;0;125000;128;0;0;3.273000
290;290;0;125000;128;0;0;3.789000
291;291;0;125000;128;0;0;4.296000
292;292;0;125000;128;0;0;2.847000
293;293;0;125000;128;0;0;4.575000
294;294;0;125000;128;0;0;2.889000
295;295;0;125000;128;0;0;3.630000
296;296;0;125000;128;0;0;3.273000
297;297;0;125000;128;0;0;5.649000
298;298;0;125000;128;0;0;10.714000
299;299;0;125000;128;0;0;14.982000
300;300;0;125000;128;0;0;4.644000
301;301;0;125000;128;0;0;3.297000
302;302;0;125000;128;0;0;3.834000
303;303;0;125000;128;0;0;4.017000
304;304;0;125000;128;0;0;2.868000
305;305;0;125000;128;0;0;4.702000
306;306;0;125000;128;0;0;4.560000
307;307;0;125000;128;0;0;5.187000
308;308;0;125000;128;0;0;4.497000
309;309;0;125000;128;0;0;4.680000
310;310;0;125000;128;0;0;5.523000
311;311;0;125000;128;0;0;5.481000
312;312;0;125000;128;0;0;3.990000
313;313;0;125000;128;0;0;4.194000
314;314;0;125000;128;0;0;22.593000
315;315;0;125000;128;0;0;4.734000
316;316;0;125000;128;0;0;3.045000
317;317;0;125000;128;0;0;5.910000
318;318;0;125000;128;0;0;5.352000
319;319;0;125000;128;0;0;5.472000
320;320;0;125000;128;0;0;3.717000
321;321;0;125000;128;0;0;5.766000
322;322;0;125000;128;0;0;4.542000
323;323;0;125000;128;0;0;9.360000
324;324;0;125000;128;0;0;5.056000
325;325;0;125000;128;0;0;3.909000
326;326;0;125000;128;0;0;3.456000
327;327;0;125000;128;0;0;2.835000
328;328;0;125000;128;0;0;5.626000
329;329;0;125000;128;0;0;2.886000
330;330;0;125000;128;0;0;3.249000
331;331;0;125000;128;0;0;8.952000
332;332;0;125000;128;0;0;4.404000
333;333;0;125000;128;0;0;4.512000
334;334;0;125000;128;0;0;3.531000
335;335;0;125000;128;0;0;3.141000
336;336;0;125000;128;0;0;8.505000
337;337;0;125000;128;0;0;5.732000
338;338;0;125000;128;0;0;4.050000
339;339;0;125000;128;0;0;3.642000
340;340;0;125000;128;0;0;4.863000
341;341;0;125000;128;0;0;5.184000
342;342;0;125000;128;0;0;9.416000
343;343;0;125000;128;0;0;10.734000
344;344;0;125000;128;0;0;3.618000
345;345;0;125000;128;0;0;5.044000
346;346;0;125000;128;0;0;2.760000
347;347;0;125000;128;0;0;3.063000
348;348;0;125000;128;0;0;4.611000
349;349;0;125000;128;0;0;10.512000
350;350;0;125000;128;0;0;5.826000
351;351;0;125000;128;0;0;4.755000
352;352;0;125000;128;0;0;5.193000
353;353;0;125000;128;0;0;4.911000
354;354;0;125000;128;0;0;9.135000
355;355;0;125000;128;0;0;4.965000
356;356;0;125000;128;0;0;4.944000
357;357;0;125000;128;0;0;3.342000
358;358;0;125000;128;0;0;5.079000
359;359;0;125000;128;0;0;3.840000
360;360;0;125000;128;0;0;3.636000
361;361;0;125000;128;0;0;20.730000
362;362;0;125000;128;0;0;8.898000
363;363;0;125000;128;0;0;3.012000
364;364;0;125000;128;0;0;3.534000
365;365;0;125000;128;0;0;15.570000
366;366;0;125000;128;0;0;5.097000
367;367;0;125000;128;0;0;9.300000
368;368;0;125000;128;0;0;2.754000
369;369;0;125000;128;0;0;3.471000
370;370;0;125000;128;0;0;4.557000
371;371;0;125000;128;0;0;3.501000
372;372;0;125000;128;0;0;4.773000
373;373;0;125000;128;0;0;4.488000
374;374;0;125000;128;0;0;3.981000
375;375;0;125000;128;0;0;2.976000
376;376;0;125000;128;0;0;5.076000
377;377;0;125000;128;0;0;3.072000
378;378;0;125000;128;0;0;4.350000
379;379;0;125000;128;0;0;5.658000
380;380;0;125000;128;0;0;3.076000
381;381;0;125000;128;0;0;24.036000
382;382;0;125000;128;0;0;10.158000
383;383;0;125000;128;0;0;5.694000
384;384;0;125000;128;0;0;5.700000
385;385;0;125000;128;0;0;5.094000
386;386;0;125000;128;0;0;15.736000
387;387;0;125000;128;0;0;3.018000
388;388;0;125000;128;0;0;5.451000
389;389;0;125000;128;0;0;5.118000
390;390;0;125000;128;0;0;8.079000
391;391;0;125000;128;0;0;4.290000
392;392;0;125000;128;0;0;2.799000
393;393;0;125000;128;0;0;3.519000
394;394;0;125000;128;0;0;3.838000
395;395;0;125000;128;0;0;17.088000
396;396;0;125000;128;0;0;3.819000
397;397;0;125000;128;0;0;5.475000
398;398;0;125000;128;0;0;3.609000
399;399;0;125000;128;0;0;5.916000
400;400;0;125000;128;0;0;2.865000
401;401;0;125000;128;0;0;32.196000
402;402;0;125000;128;0;0;5.628000
403;403;0;125000;128;0;0;5.136000
404;404;0;125000;128;0;0;4.754000
405;405;0;125000;128;0;0;4.047000
406;406;0;125000;128;0;0;13.422000
407;407;0;125000;128;0;0;3.738000
408;408;0;125000;128;0;0;3.270000
409;409;0;125000;128;0;0;3.426000
410;410;0;125000;128;0;0;4.599000
411;411;0;125000;128;0;0;5.385000
412;412;0;125000;128;0;0;4.902000
413;413;0;125000;128;0;0;5.472000
414;414;0;125000;128;0;0;3.936000
415;415;0;125000;128;0;0;4.557000
416;416;0;125000;128;0;0;3.462000
417;417;0;125000;128;0;0;2.912000
418;418;0;125000;128;0;0;5.664000
419;419;0;125000;128;0;0;3.594000
420;420;0;125000;128;0;0;5.007000
421;421;0;125000;128;0;0;3.495000
422;422;0;125000;128;0;0;5.433000
423;423;0;125000;128;0;0;4.296000
424;424;0;125000;128;0;0;3.459000
425;425;0;125000;128;0;0;4.956000
426;426;0;125000;128;0;0;3.018000
427;427;0;125000;128;0;0;5.580000
428;428;0;125000;128;0;0;2.970000
429;429;0;125000;128;0;0;4.578000
430;430;0;125000;128;0;0;3.222000
431;431;0;125000;128;0;0;5.304000
432;432;0;125000;128;0;0;3.574000
433;433;0;125000;128;0;0;6.650000
434;434;0;125000;128;0;0;5.124000
435;435;0;125000;128;0;0;3.567000
436;436;0;125000;128;0;0;4.593000
437;437;0;125000;128;0;0;4.512000
438;438;0;125000;128;0;0;3.108000
439;439;0;125000;128;0;0;3.159000
440;440;0;125000;128;0;0;5.052000
441;441;0;125000;128;0;0;2.973000
442;442;0;125000;128;0;0;5.276000
443;443;0;125000;128;0;0;3.318000
444;444;0;125000;128;0;0;5.133000
445;445;0;125000;128;0;0;3.303000
446;446;0;125000;128;0;0;4.818000
447;447;0;125000;128;0;0;9.084000
448;448;0;125000;128;0;0;20.859000
449;449;0;125000;128;0;0;4.509000
450;450;0;125000;128;0;0;5.829000
451;451;0;125000;128;0;0;3.430000
452;452;0;125000;128;0;0;5.700000
453;453;0;125000;128;0;0;4.758000
454;454;0;125000;128;0;0;3.780000
455;455;0;125000;128;0;0;5.366000
456;456;0;125000;128;0;0;5.775000
457;457;0;125000;128;0;0;3.366000
458;458;0;125000;128;0;0;16.260000
459;459;0;125000;128;0;0;3.300000
460;460;0;125000;128;0;0;4.548000
461;461;0;125000;128;0;0;5.799000
462;462;0;125000;128;0;0;3.822000
463;463;0;125000;128;0;0;4.947000
464;464;0;125000;128;0;0;4.668000
465;465;0;125000;128;0;0;5.853000
466;466;0;125000;128;0;0;4.926000
467;467;0;125000;128;0;0;10.102000
468;468;0;125000;128;0;0;7.713000
469;469;0;125000;128;0;0;4.251000
470;470;0;125000;128;0;0;3.201000
471;471;0;125000;128;0;0;2.829000
472;472;0;125000;128;0;0;5.370000
473;473;0;125000;128;0;0;5.187000
474;474;0;125000;128;0;0;13.695000
475;475;0;125000;128;0;0;4.182000
476;476;0;125000;128;0;0;5.532000
477;477;0;125000;128;0;0;3.774000
478;478;0;125000;128;0;0;3.186000
479;479;0;125000;128;0;0;4.428000
480;480;0;125000;128;0;0;3.873000
481;481;0;125000;128;0;0;3.138000
482;482;0;125000;128;0;0;2.858000
483;483;0;125000;128;0;0;5.565000
484;484;0;125000;128;0;0;4.610000
485;485;0;125000;128;0;0;3.489000
486;486;0;125000;128;0;0;4.815000
487;487;0;125000;128;0;0;5.354000
488;488;0;125000;128;0;0;4.401000
489;489;0;125000;128;0;0;7.962000
490;490;0;125000;128;0;0;3.873000
491;491;0;125000;128;0;0;4.695000
492;492;0;125000;128;0;0;3.540000
493;493;0;125000;128;0;0;27.118000
494;494;0;125000;128;0;0;5.518000
495;495;0;125000;128;0;0;2.766000
496;496;0;125000;128;0;0;5.646000
497;497;0;125000;128;0;0;4.437000
498;498;0;125000;128;0;0;22.377000
499;499;0;125000;128;0;0;3.498000
500;500;0;125000;128;0;0;2.880000
501;501;0;125000;128;0;0;5.022000
502;502;0;125000;128;0;0;3.219000
503;503;0;125000;128;0;0;5.128000
504;504;0;125000;128;0;0;5.955000
505;505;0;125000;128;0;0;3.645000
506;506;0;125000;128;0;0;5.103000
507;507;0;125000;128;0;0;5.421000
508;508;0;125000;128;0;0;2.922000
509;509;0;125000;128;0;0;4.998000
510;510;0;125000;128;0;0;5.790000
511;511;0;125000;128;0;0;5.616000
512;512;0;125000;128;0;0;3.594000
513;513;0;125000;128;0;0;2.902000
514;514;0;125000;128;0;0;3.888000
515;515;0;125000;128;0;0;4.518000
516;516;0;125000;128;0;0;3.843000
517;517;0;125000;128;0;0;3.087000
518;518;0;125000;128;0;0;5.727000
519;519;0;125000;128;0;0;5.622000
520;520;0;125000;128;0;0;3.183000
521;521;0;125000;128;0;0;4.768000
522;522;0;125000;128;0;0;5.373000
523;523;0;125000;128;0;0;5.217000
524;524;0;125000;128;0;0;4.788000
525;525;0;125000;128;0;0;3.021000
526;526;0;125000;128;0;0;5.394000
527;527;0;125000;128;0;0;3.074000
528;528;0;125000;128;0;0;3.909000
529;529;0;125000;128;0;0;6.516000
530;530;0;125000;128;0;0;2.856000
531;531;0;125000;128;0;0;3.654000
532;532;0;125000;128;0;0;17.331000
533;533;0;125000;128;0;0;3.621000
534;534;0;125000;128;0;0;3.465000
535;535;0;125000;128;0;0;3.012000
536;536;0;125000;128;0;0;3.078000
537;537;0;125000;128;0;0;6.081000
538;538;0;125000;128;0;0;2.829000
539;539;0;125000;128;0;0;4.551000
540;540;0;125000;128;0;0;3.537000
541;541;0;125000;128;0;0;18.831000
542;542;0;125000;128;0;0;3.588000
543;543;0;125000;128;0;0;7.086000
544;544;0;125000;128;0;0;4.926000
545;545;0;125000;128;0;0;5.157000
546;546;0;125000;128;0;0;5.829000
547;547;0;125000;128;0;0;4.008000
548;548;0;125000;128;0;0;5.394000
549;549;0;125000;128;0;0;2.799000
550;550;0;125000;128;0;0;5.628000
551;551;0;125000;128;0;0;3.477000
552;552;0;125000;128;0;0;5.811000
553;553;0;125000;128;0;0;2.919000
554;554;0;125000;128;0;0;5.364000
555;555;0;125000;128;0;0;3.138000
556;556;0;125000;128;0;0;5.272000
557;557;0;125000;128;0;0;3.354000
558;558;0;125000;128;0;0;3.447000
559;559;0;125000;128;0;0;5.097000
560;560;0;125000;128;0;0;15.654000
561;561;0;125000;128;0;0;3.843000
562;562;0;125000;128;0;0;4.266000
563;563;0;125000;128;0;0;4.605000
564;564;0;125000;128;0;0;3.064000
565;565;0;125000;128;0;0;3.072000
566;566;0;125000;128;0;0;5.967000
567;567;0;125000;128;0;0;5.208000
568;568;0;125000;128;0;0;6.237000
569;569;0;125000;128;0;0;5.184000
570;570;0;125000;128;0;0;8.577000
571;571;0;125000;128;0;0;3.831000
572;572;0;125000;128;0;0;2.766000
573;573;0;125000;128;0;0;4.083000
574;574;0;125000;128;0;0;5.661000
575;575;0;125000;128;0;0;3.279000
576;576;0;125000;128;0;0;3.516000
577;577;0;125000;128;0;0;3.735000
578;578;0;125000;128;0;0;5.466000
579;579;0;125000;128;0;0;3.522000
580;580;0;125000;128;0;0;4.611000
581;581;0;125000;128;0;0;3.762000
582;582;0;125000;128;0;0;5.430000
583;583;0;125000;128;0;0;4.850000
584;584;0;125000;128;0;0;27.630000
585;585;0;125000;128;0;0;4.916000
586;586;0;125000;128;0;0;5.340000
587;587;0;125000;128;0;0;3.018000
588;588;0;125000;128;0;0;4.476000
589;589;0;125000;128;0;0;5.112000
590;590;0;125000;128;0;0;3.567000
591;591;0;125000;128;0;0;5.478000
592;592;0;125000;128;0;0;5.715000
593;593;0;125000;128;0;0;3.075000
594;594;0;125000;128;0;0;5.982000
595;595;0;125000;128;0;0;5.274000
596;596;0;125000;128;0;0;3.900000
597;597;0;125000;128;0;0;3.537000
598;598;0;125000;128;0;0;2.907000
599;599;0;125000;128;0;0;6.033000
600;600;0;125000;128;0;0;4.551000
601;601;0;125000;128;0;0;6.998000
602;602;0;125000;128;0;0;3.852000
603;603;0;125000;128;0;0;4.677000
604;604;0;125000;128;0;0;8.772000
605;605;0;125000;128;0;0;2.904000
606;606;0;125000;128;0;0;2.840000
607;607;0;125000;128;0;0;4.695000
608;608;0;125000;128;0;0;4.287000
609;609;0;125000;128;0;0;5.760000
610;610;0;125000;128;0;0;2.871000
611;611;0;125000;128;0;0;2.997000
612;612;0;125000;128;0;0;4.764000
613;613;0;125000;128;0;0;5.742000
614;614;0;125000;128;0;0;3.657000
615;615;0;125000;128;0;0;17.637000
616;616;0;125000;128;0;0;3.708000
617;617;0;125000;128;0;0;2.931000
618;618;0;125000;128;0;0;4.864000
619;619;0;125000;128;0;0;5.799000
620;620;0;125000;128;0;0;3.687000
621;621;0;125000;128;0;0;3.546000
622;622;0;125000;128;0;0;5.259000
623;623;0;125000;128;0;0;5.529000
624;624;0;125000;128;0;0;3.536000
625;625;0;125000;128;0;0;4.860000
626;626;0;125000;128;0;0;5.286000
627;627;0;125000;128;0;0;5.336000
628;628;0;125000;128;0;0;3.126000
629;629;0;125000;128;0;0;2.864000
630;630;0;125000;128;0;0;4.356000
631;631;0;125000;128;0;0;16.209000
632;632;0;125000;128;0;0;5.304000
633;633;0;125000;128;0;0;16.989000
634;634;0;125000;128;0;0;5.382000
635;635;0;125000;128;0;0;3.840000
636;636;0;125000;128;0;0;4.086000
637;637;0;125000;128;0;0;2.846000
638;638;0;125000;128;0;0;5.808000
639;639;0;125000;128;0;0;2.818000
640;640;0;125000;128;0;0;3.369000
641;641;0;125000;128;0;0;3.759000
642;642;0;125000;128;0;0;3.420000
643;643;0;125000;128;0;0;3.888000
644;644;0;125000;128;0;0;3.034000
645;645;0;125000;128;0;0;4.596000
646;646;0;125000;128;0;0;4.728000
647;647;0;125000;128;0;0;3.243000
648;648;0;125000;128;0;0;4.080000
649;649;0;125000;128;0;0;4.887000
650;650;0;125000;128;0;0;4.245000
651;651;0;125000;128;0;0;4.536000
652;652;0;125000;128;0;0;3.022000
653;653;0;125000;128;0;0;3.066000
654;654;0;125000;128;0;0;5.307000
655;655;0;125000;128;0;0;3.819000
656;656;0;125000;128;0;0;2.988000
657;657;0;125000;128;0;0;4.035000
658;658;0;125000;128;0;0;4.278000
659;659;0;125000;128;0;0;5.607000
660;660;0;125000;128;0;0;3.417000
661;661;0;125000;128;0;0;3.618000
662;662;0;125000;128;0;0;5.756000
663;663;0;125000;128;0;0;5.139000
664;664;0;125000;128;0;0;4.695000
665;665;0;125000;128;0;0;4.335000
666;666;0;125000;128;0;0;17.271000
667;667;0;125000;128;0;0;2.823000
668;668;0;125000;128;0;0;5.685000
669;669;0;125000;128;0;0;3.147000
670;670;0;125000;128;0;0;5.598000
671;671;0;125000;128;0;0;3.520000
672;672;0;125000;128;0;0;5.316000
673;673;0;125000;128;0;0;3.606000
674;674;0;125000;128;0;0;21.702000
675;675;0;125000;128;0;0;2.943000
676;676;0;125000;128;0;0;5.619000
677;677;0;125000;128;0;0;5.646000
678;678;0;125000;128;0;0;4.206000
679;679;0;125000;128;0;0;10.028000
680;680;0;125000;128;0;0;19.398000
681;681;0;125000;128;0;0;5.373000
682;682;0;125000;128;0;0;3.852000
683;683;0;125000;128;0;0;5.259000
684;684;0;125000;128;0;0;4.506000
685;685;0;125000;128;0;0;4.968000
686;686;0;125000;128;0;0;2.946000
687;687;0;125000;128;0;0;10.695000
688;688;0;125000;128;0;0;3.003000
689;689;0;125000;128;0;0;2.886000
690;690;0;125000;128;0;0;4.257000
691;691;0;125000;128;0;0;5.658000
692;692;0;125000;128;0;0;2.838000
693;693;0;125000;128;0;0;3.318000
694;694;0;125000;128;0;0;5.439000
695;695;0;125000;128;0;0;8.910000
696;696;0;125000;128;0;0;4.510000
697;697;0;125000;128;0;0;4.863000
698;698;0;125000;128;0;0;9.078000
699;699;0;125000;128;0;0;3.663000
700;700;0;125000;128;0;0;5.550000
701;701;0;125000;128;0;0;8.823000
702;702;0;125000;128;0;0;3.336000
703;703;0;125000;128;0;0;2.850000
704;704;0;125000;128;0;0;4.932000
705;705;0;125000;128;0;0;4.998000
706;706;0;125000;128;0;0;5.652000
707;707;0;125000;128;0;0;3.780000
708;708;0;125000;128;0;0;2.943000
709;709;0;125000;128;0;0;5.844000
710;710;0;125000;128;0;0;5.358000
711;711;0;125000;128;0;0;3.687000
712;712;0;125000;128;0;0;5.883000
713;713;0;125000;128;0;0;3.744000
714;714;0;125000;128;0;0;18.420000
715;715;0;125000;128;0;0;5.268000
716;716;0;125000;128;0;0;8.370000
717;717;0;125000;128;0;0;4.941000
718;718;0;125000;128;0;0;3.342000
719;719;0;125000;128;0;0;3.600000
720;720;0;125000;128;0;0;2.964000
721;721;0;125000;128;0;0;5.002000
722;722;0;125000;128;0;0;3.078000
723;723;0;125000;128;0;0;4.920000
724;724;0;125000;128;0;0;4.752000
725;725;0;125000;128;0;0;2.892000
726;726;0;125000;128;0;0;8.895000
727;727;0;125000;128;0;0;3.036000
728;728;0;125000;128;0;0;2.910000
729;729;0;125000;128;0;0;2.967000
730;730;0;125000;128;0;0;3.981000
731;731;0;125000;128;0;0;3.717000
732;732;0;125000;128;0;0;4.596000
733;733;0;125000;128;0;0;5.400000
734;734;0;125000;128;0;0;3.150000
735;735;0;125000;128;0;0;5.553000
736;736;0;125000;128;0;0;3.177000
737;737;0;125000;128;0;0;4.839000
738;738;0;125000;128;0;0;5.574000
739;739;0;125000;128;0;0;3.876000
740;740;0;125000;128;0;0;4.842000
741;741;0;125000;128;0;0;5.163000
742;742;0;125000;128;0;0;4.566000
743;743;0;125000;128;0;0;4.464000
744;744;0;125000;128;0;0;3.753000
745;745;0;125000;128;0;0;5.574000
746;746;0;125000;128;0;0;3.744000
747;747;0;125000;128;0;0;4.440000
748;748;0;125000;128;0;0;2.949000
749;749;0;125000;128;0;0;3.159000
750;750;0;125000;128;0;0;6.165000
751;751;0;125000;128;0;0;3.936000
752;752;0;125000;128;0;0;4.164000
753;753;0;125000;128;0;0;4.176000
754;754;0;125000;128;0;0;3.606000
755;755;0;125000;128;0;0;10.521000
756;756;0;125000;128;0;0;5.355000
757;757;0;125000;128;0;0;4.020000
758;758;0;125000;128;0;0;3.480000
759;759;0;125000;128;0;0;3.591000
760;760;0;125000;128;0;0;3.423000
761;761;0;125000;128;0;0;4.167000
762;762;0;125000;128;0;0;4.017000
763;763;0;125000;128;0;0;3.201000
764;764;0;125000;128;0;0;3.736000
765;765;0;125000;128;0;0;2.908000
766;766;0;125000;128;0;0;3.678000
767;767;0;125000;128;0;0;8.992000
768;768;0;125000;128;0;0;4.434000
769;769;0;125000;128;0;0;2.979000
770;770;0;125000;128;0;0;3.831000
771;771;0;125000;128;0;0;4.761000
772;772;0;125000;128;0;0;5.370000
773;773;0;125000;128;0;0;5.469000
774;774;0;125000;128;0;0;4.521000
775;775;0;125000;128;0;0;3.090000
776;776;0;125000;128;0;0;3.366000
777;777;0;125000;128;0;0;3.660000
778;778;0;125000;128;0;0;4.662000
779;779;0;125000;128;0;0;5.250000
780;780;0;125000;128;0;0;4.842000
781;781;0;125000;128;0;0;4.442000
782;782;0;125000;128;0;0;3.012000
783;783;0;125000;128;0;0;5.649000
784;784;0;125000;128;0;0;5.799000
785;785;0;125000;128;0;0;3.654000
786;786;0;125000;128;0;0;3.507000
787;787;0;125000;128;0;0;4.332000
788;788;0;125000;128;0;0;4.116000
789;789;0;125000;128;0;0;3.324000
790;790;0;125000;128;0;0;3.552000
791;791;0;125000;128;0;0;14.409000
792;792;0;125000;128;0;0;3.981000
793;793;0;125000;128;0;0;5.568000
794;794;0;125000;128;0;0;4.623000
795;795;0;125000;128;0;0;15.270000
796;796;0;125000;128;0;0;3.717000
797;797;0;125000;128;0;0;3.423000
798;798;0;125000;128;0;0;4.968000
799;799;0;125000;128;0;0;16.542000
800;800;0;125000;128;0;0;3.462000
801;801;0;125000;128;0;0;4.884000
802;802;0;125000;128;0;0;4.296000
803;803;0;125000;128;0;0;5.277000
804;804;0;125000;128;0;0;4.708000
805;805;0;125000;128;0;0;5.400000
806;806;0;125000;128;0;0;3.057000
807;807;0;125000;128;0;0;4.971000
808;808;0;125000;128;0;0;3.987000
809;809;0;125000;128;0;0;15.996000
810;810;0;125000;128;0;0;9.072000
811;811;0;125000;128;0;0;4.452000
812;812;0;125000;128;0;0;5.391000
813;813;0;125000;128;0;0;5.448000
814;814;0;125000;128;0;0;5.673000
815;815;0;125000;128;0;0;2.952000
816;816;0;125000;128;0;0;3.438000
817;817;0;125000;128;0;0;4.825000
818;818;0;125000;128;0;0;4.899000
819;819;0;125000;128;0;0;3.036000
820;820;0;125000;128;0;0;2.776000
821;821;0;125000;128;0;0;3.354000
822;822;0;125000;128;0;0;2.844000
823;823;0;125000;128;0;0;2.895000
824;824;0;125000;128;0;0;4.452000
825;825;0;125000;128;0;0;9.075000
826;826;0;125000;128;0;0;2.916000
827;827;0;125000;128;0;0;3.990000
828;828;0;125000;128;0;0;5.563000
829;829;0;125000;128;0;0;3.051000
830;830;0;125000;128;0;0;9.612000
831;831;0;125000;128;0;0;3.600000
832;832;0;125000;128;0;0;2.874000
833;833;0;125000;128;0;0;5.025000
834;834;0;125000;128;0;0;10.701000
835;835;0;125000;128;0;0;4.743000
836;836;0;125000;128;0;0;4.746000
837;837;0;125000;128;0;0;10.070000
838;838;0;125000;128;0;0;3.630000
839;839;0;125000;128;0;0;4.743000
840;840;0;125000;128;0;0;4.851000
841;841;0;125000;128;0;0;3.363000
842;842;0;125000;128;0;0;4.824000
843;843;0;125000;128;0;0;5.415000
844;844;0;125000;128;0;0;3.933000
845;845;0;125000;128;0;0;3.084000
846;846;0;125000;128;0;0;21.220000
847;847;0;125000;128;0;0;5.694000
848;848;0;125000;128;0;0;3.213000
849;849;0;125000;128;0;0;3.942000
850;850;0;125000;128;0;0;4.116000
851;851;0;125000;128;0;0;3.903000
852;852;0;125000;128;0;0;12.942000
853;853;0;125000;128;0;0;5.874000
854;854;0;125000;128;0;0;3.822000
855;855;0;125000;128;0;0;10.569000
856;856;0;125000;128;0;0;3.549000
857;857;0;125000;128;0;0;5.138000
858;858;0;125000;128;0;0;3.288000
859;859;0;125000;128;0;0;3.828000
860;860;0;125000;128;0;0;3.501000
861;861;0;125000;128;0;0;5.313000
862;862;0;125000;128;0;0;15.933000
863;863;0;125000;128;0;0;3.573000
864;864;0;125000;128;0;0;4.626000
865;865;0;125000;128;0;0;5.550000
866;866;0;125000;128;0;0;9.606000
867;867;0;125000;128;0;0;3.717000
868;868;0;125000;128;0;0;14.094000
869;869;0;125000;128;0;0;5.004000
870;870;0;125000;128;0;0;4.124000
871;871;0;125000;128;0;0;5.304000
872;872;0;125000;128;0;0;4.653000
873;873;0;125000;128;0;0;3.639000
874;874;0;125000;128;0;0;3.360000
875;875;0;125000;128;0;0;10.088000
876;876;0;125000;128;0;0;3.177000
877;877;0;125000;128;0;0;16.432000
878;878;0;125000;128;0;0;10.746000
879;879;0;125000;128;0;0;3.717000
880;880;0;125000;128;0;0;3.960000
881;881;0;125000;128;0;0;4.695000
882;882;0;125000;128;0;0;4.785000
883;883;0;125000;128;0;0;3.564000
884;884;0;125000;128;0;0;2.889000
885;885;0;125000;128;0;0;3.705000
886;886;0;125000;128;0;0;10.737000
887;887;0;125000;128;0;0;5.868000
888;888;0;125000;128;0;0;3.006000
889;889;0;125000;128;0;0;3.477000
890;890;0;125000;128;0;0;3.756000
891;891;0;125000;128;0;0;4.164000
892;892;0;125000;128;0;0;3.600000
893;893;0;125000;128;0;0;3.231000
894;894;0;125000;128;0;0;3.546000
895;895;0;125000;128;0;0;2.940000
896;896;0;125000;128;0;0;2.943000
897;897;0;125000;128;0;0;5.466000
898;898;0;125000;128;0;0;9.909000
899;899;0;125000;128;0;0;5.998000
900;900;0;125000;128;0;0;5.011000
901;901;0;125000;128;0;0;4.773000
902;902;0;125000;128;0;0;5.451000
903;903;0;125000;128;0;0;5.394000
904;904;0;125000;128;0;0;3.054000
905;905;0;125000;128;0;0;5.406000
906;906;0;125000;128;0;0;3.543000
907;907;0;125000;128;0;0;5.253000
908;908;0;125000;128;0;0;3.009000
909;909;0;125000;128;0;0;3.036000
910;910;0;125000;128;0;0;5.241000
911;911;0;125000;128;0;0;3.132000
912;912;0;125000;128;0;0;4.666000
913;913;0;125000;128;0;0;5.322000
914;914;0;125000;128;0;0;3.057000
915;915;0;125000;128;0;0;6.351000
916;916;0;125000;128;0;0;3.954000
917;917;0;125000;128;0;0;2.848000
918;918;0;125000;128;0;0;3.438000
919;919;0;125000;128;0;0;3.819000
920;920;0;125000;128;0;0;3.624000
921;921;0;125000;128;0;0;9.414000
922;922;0;125000;128;0;0;4.650000
923;923;0;125000;128;0;0;5.658000
924;924;0;125000;128;0;0;3.512000
925;925;0;125000;128;0;0;4.704000
926;926;0;125000;128;0;0;5.486000
927;927;0;125000;128;0;0;5.370000
928;928;0;125000;128;0;0;3.636000
929;929;0;125000;128;0;0;4.068000
930;930;0;125000;128;0;0;19.005000
931;931;0;125000;128;0;0;3.645000
932;932;0;125000;128;0;0;4.008000
933;933;0;125000;128;0;0;2.856000
934;934;0;125000;128;0;0;4.610000
935;935;0;125000;128;0;0;4.644000
936;936;0;125000;128;0;0;4.317000
937;937;0;125000;128;0;0;3.597000
938;938;0;125000;128;0;0;3.423000
939;939;0;125000;128;0;0;5.139000
940;940;0;125000;128;0;0;9.084000
941;941;0;125000;128;0;0;4.635000
942;942;0;125000;128;0;0;4.587000
943;943;0;125000;128;0;0;4.836000
944;944;0;125000;128;0;0;3.972000
945;945;0;125000;128;0;0;5.538000
946;946;0;125000;128;0;0;15.921000
947;947;0;125000;128;0;0;4.887000
948;948;0;125000;128;0;0;5.277000
949;949;0;125000;128;0;0;5.048000
950;950;0;125000;128;0;0;3.183000
951;951;0;125000;128;0;0;5.916000
952;952;0;125000;128;0;0;4.785000
953;953;0;125000;128;0;0;5.058000
954;954;0;125000;128;0;0;2.814000
955;955;0;125000;128;0;0;3.350000
956;956;0;125000;128;0;0;3.486000
957;957;0;125000;128;0;0;4.197000
958;958;0;125000;128;0;0;5.742000
959;959;0;125000;128;0;0;20.370000
960;960;0;125000;128;0;0;2.970000
961;961;0;125000;128;0;0;27.060000
962;962;0;125000;128;0;0;3.774000
963;963;0;125000;128;0;0;5.652000
964;964;0;125000;128;0;0;7.902000
965;965;0;125000;128;0;0;3.189000
966;966;0;125000;128;0;0;4.965000
967;967;0;125000;128;0;0;2.916000
968;968;0;125000;128;0;0;3.429000
969;969;0;125000;128;0;0;4.836000
970;970;0;125000;128;0;0;6.012000
971;971;0;125000;128;0;0;16.089000
972;972;0;125000;128;0;0;4.242000
973;973;0;125000;128;0;0;3.525000
974;974;0;125000;128;0;0;4.845000
975;975;0;125000;128;0;0;4.569000
976;976;0;125000;128;0;0;4.452000
977;977;0;125000;128;0;0;3.315000
978;978;0;125000;128;0;0;5.316000
979;979;0;125000;128;0;0;5.544000
980;980;0;125000;128;0;0;5.484000
981;981;0;125000;128;0;0;2.889000
982;982;0;125000;128;0;0;5.506000
983;983;0;125000;128;0;0;4.839000
984;984;0;125000;128;0;0;4.704000
985;985;0;125000;128;0;0;3.534000
986;986;0;125000;128;0;0;10.058000
987;987;0;125000;128;0;0;4.167000
988;988;0;125000;128;0;0;3.198000
989;989;0;125000;128;0;0;3.729000
990;990;0;125000;128;0;0;2.859000
991;991;0;125000;128;0;0;3.795000
992;992;0;125000;128;0;0;3.514000
993;993;0;125000;128;0;0;5.085000
994;994;0;125000;128;0;0;4.833000
995;995;0;125000;128;0;0;4.503000
996;996;0;125000;128;0;0;2.943000
997;997;0;125000;128;0;0;5.271000
998;998;0;125000;128;0;0;3.204000
999;999;0;125000;128;0;0;4.514000
1000;1000;0;125000;128;0;0;5.562000
