1;1;0;100000;128;0;0;9.450000
2;2;0;100000;128;0;0;3.150000
3;3;0;100000;128;0;0;3.762000
4;4;0;100000;128;0;0;4.770000
5;5;0;100000;128;0;0;5.469000
6;6;0;100000;128;0;0;4.581000
7;7;0;100000;128;0;0;5.385000
8;8;0;100000;128;0;0;4.226000
9;9;0;100000;128;0;0;3.750000
10;10;0;100000;128;0;0;4.395000
11;11;0;100000;128;0;0;4.329000
12;12;0;100000;128;0;0;10.743000
13;13;0;100000;128;0;0;4.827000
14;14;0;100000;128;0;0;2.808000
15;15;0;100000;128;0;0;3.009000
16;16;0;100000;128;0;0;4.410000
17;17;0;100000;128;0;0;4.407000
18;18;0;100000;128;0;0;3.222000
19;19;0;100000;128;0;0;2.907000
20;20;0;100000;128;0;0;4.776000
21;21;0;100000;128;0;0;5.511000
22;22;0;100000;128;0;0;4.782000
23;23;0;100000;128;0;0;5.022000
24;24;0;100000;128;0;0;5.877000
25;25;0;100000;128;0;0;5.332000
26;26;0;100000;128;0;0;3.516000
27;27;0;100000;128;0;0;9.864000
28;28;0;100000;128;0;0;4.341000
29;29;0;100000;128;0;0;4.414000
30;30;0;100000;128;0;0;15.930000
31;31;0;100000;128;0;0;4.455000
32;32;0;100000;128;0;0;4.200000
33;33;0;100000;128;0;0;4.575000
34;34;0;100000;128;0;0;3.616000
35;35;0;100000;128;0;0;4.590000
36;36;0;100000;128;0;0;5.307000
37;37;0;100000;128;0;0;2.991000
38;38;0;100000;128;0;0;4.614000
39;39;0;100000;128;0;0;5.385000
40;40;0;100000;128;0;0;5.581000
41;41;0;100000;128;0;0;2.913000
42;42;0;100000;128;0;0;3.477000
43;43;0;100000;128;0;0;3.700000
44;44;0;100000;128;0;0;5.652000
45;45;0;100000;128;0;0;5.766000
46;46;0;100000;128;0;0;5.382000
47;47;0;100000;128;0;0;4.833000
48;48;0;100000;128;0;0;3.522000
49;49;0;100000;128;0;0;10.479000
50;50;0;100000;128;0;0;4.788000
51;51;0;100000;128;0;0;3.525000
52;52;0;100000;128;0;0;4.491000
53;53;0;100000;128;0;0;5.259000
54;54;0;100000;128;0;0;5.574000
55;55;0;100000;128;0;0;10.668000
56;56;0;100000;128;0;0;3.642000
57;57;0;100000;128;0;0;5.406000
58;58;0;100000;128;0;0;4.734000
59;59;0;100000;128;0;0;3.489000
60;60;0;100000;128;0;0;4.060000
61;61;0;100000;128;0;0;4.620000
62;62;0;100000;128;0;0;14.232000
63;63;0;100000;128;0;0;5.400000
64;64;0;100000;128;0;0;3.624000
65;65;0;100000;128;0;0;2.838000
66;66;0;100000;128;0;0;5.568000
67;67;0;100000;128;0;0;4.764000
68;68;0;100000;128;0;0;4.797000
69;69;0;100000;128;0;0;4.566000
70;70;0;100000;128;0;0;3.372000
71;71;0;100000;128;0;0;4.506000
72;72;0;100000;128;0;0;5.434000
73;73;0;100000;128;0;0;5.484000
74;74;0;100000;128;0;0;5.364000
75;75;0;100000;128;0;0;3.480000
76;76;0;100000;128;0;0;9.810000
77;77;0;100000;128;0;0;3.213000
78;78;0;100000;128;0;0;5.796000
79;79;0;100000;128;0;0;5.469000
80;80;0;100000;128;0;0;3.538000
81;81;0;100000;128;0;0;4.737000
82;82;0;100000;128;0;0;4.329000
83;83;0;100000;128;0;0;3.345000
84;84;0;100000;128;0;0;4.812000
85;85;0;100000;128;0;0;15.663000
86;86;0;100000;128;0;0;2.871000
87;87;0;100000;128;0;0;4.560000
88;88;0;100000;128;0;0;4.566000
89;89;0;100000;128;0;0;5.808000
90;90;0;100000;128;0;0;9.926000
91;91;0;100000;128;0;0;5.418000
92;92;0;100000;128;0;0;5.397000
93;93;0;100000;128;0;0;2.736000
94;94;0;100000;128;0;0;4.434000
95;95;0;100000;128;0;0;4.710000
96;96;0;100000;128;0;0;4.908000
97;97;0;100000;128;0;0;3.106000
98;98;0;100000;128;0;0;4.950000
99;99;0;100000;128;0;0;10.773000
100;100;0;100000;128;0;0;5.448000
101;101;0;100000;128;0;0;3.640000
102;102;0;100000;128;0;0;3.652000
103;103;0;100000;128;0;0;4.497000
104;104;0;100000;128;0;0;4.389000
105;105;0;100000;128;0;0;3.870000
106;106;0;100000;128;0;0;3.699000
107;107;0;100000;128;0;0;5.313000
108;108;0;100000;128;0;0;4.666000
109;109;0;100000;128;0;0;3.502000
110;110;0;100000;128;0;0;5.226000
111;111;0;100000;128;0;0;4.947000
112;112;0;100000;128;0;0;2.796000
113;113;0;100000;128;0;0;3.513000
114;114;0;100000;128;0;0;4.914000
115;115;0;100000;128;0;0;53.782000
116;116;0;100000;128;0;0;4.418000
117;117;0;100000;128;0;0;5.458000
118;118;0;100000;128;0;0;5.307000
119;119;0;100000;128;0;0;4.486000
120;120;0;100000;128;0;0;2.940000
121;121;0;100000;128;0;0;3.672000
122;122;0;100000;128;0;0;4.632000
123;123;0;100000;128;0;0;4.648000
124;124;0;100000;128;0;0;5.792000
125;125;0;100000;128;0;0;4.521000
126;126;0;100000;128;0;0;3.898000
127;127;0;100000;128;0;0;5.412000
128;128;0;100000;128;0;0;14.884000
129;129;0;100000;128;0;0;8.214000
130;130;0;100000;128;0;0;3.496000
131;131;0;100000;128;0;0;3.543000
132;132;0;100000;128;0;0;4.635000
133;133;0;100000;128;0;0;5.934000
134;134;0;100000;128;0;0;3.810000
135;135;0;100000;128;0;0;3.621000
136;136;0;100000;128;0;0;2.868000
137;137;0;100000;128;0;0;2.874000
138;138;0;100000;128;0;0;3.567000
139;139;0;100000;128;0;0;3.054000
140;140;0;100000;128;0;0;3.765000
141;141;0;100000;128;0;0;3.054000
142;142;0;100000;128;0;0;3.252000
143;143;0;100000;128;0;0;4.947000
144;144;0;100000;128;0;0;5.640000
145;145;0;100000;128;0;0;3.810000
146;146;0;100000;128;0;0;4.056000
147;147;0;100000;128;0;0;3.945000
148;148;0;100000;128;0;0;5.484000
149;149;0;100000;128;0;0;5.523000
150;150;0;100000;128;0;0;3.042000
151;151;0;100000;128;0;0;5.799000
152;152;0;100000;128;0;0;3.828000
153;153;0;100000;128;0;0;11.016000
154;154;0;100000;128;0;0;4.638000
155;155;0;100000;128;0;0;5.374000
156;156;0;100000;128;0;0;3.750000
157;157;0;100000;128;0;0;2.781000
158;158;0;100000;128;0;0;3.393000
159;159;0;100000;128;0;0;5.622000
160;160;0;100000;128;0;0;4.923000
161;161;0;100000;128;0;0;4.857000
162;162;0;100000;128;0;0;4.617000
163;163;0;100000;128;0;0;5.385000
164;164;0;100000;128;0;0;2.871000
165;165;0;100000;128;0;0;3.474000
166;166;0;100000;128;0;0;4.176000
167;167;0;100000;128;0;0;13.791000
168;168;0;100000;128;0;0;3.507000
169;169;0;100000;128;0;0;5.694000
170;170;0;100000;128;0;0;5.772000
171;171;0;100000;128;0;0;5.378000
172;172;0;100000;128;0;0;10.128000
173;173;0;100000;128;0;0;3.042000
174;174;0;100000;128;0;0;5.538000
175;175;0;100000;128;0;0;3.807000
176;176;0;100000;128;0;0;4.497000
177;177;0;100000;128;0;0;4.474000
178;178;0;100000;128;0;0;5.181000
179;179;0;100000;128;0;0;3.018000
180;180;0;100000;128;0;0;2.943000
181;181;0;100000;128;0;0;2.850000
182;182;0;100000;128;0;0;4.695000
183;183;0;100000;128;0;0;3.396000
184;184;0;100000;128;0;0;4.986000
185;185;0;100000;128;0;0;2.826000
186;186;0;100000;128;0;0;5.517000
187;187;0;100000;128;0;0;5.640000
188;188;0;100000;128;0;0;4.182000
189;189;0;100000;128;0;0;4.665000
190;190;0;100000;128;0;0;2.937000
191;191;0;100000;128;0;0;15.318000
192;192;0;100000;128;0;0;9.870000
193;193;0;100000;128;0;0;3.663000
194;194;0;100000;128;0;0;5.592000
195;195;0;100000;128;0;0;4.650000
196;196;0;100000;128;0;0;4.944000
197;197;0;100000;128;0;0;5.700000
198;198;0;100000;128;0;0;3.600000
199;199;0;100000;128;0;0;2.892000
200;200;0;100000;128;0;0;3.936000
201;201;0;100000;128;0;0;4.497000
202;202;0;100000;128;0;0;4.293000
203;203;0;100000;128;0;0;4.596000
204;204;0;100000;128;0;0;4.629000
205;205;0;100000;128;0;0;3.813000
206;206;0;100000;128;0;0;25.938000
207;207;0;100000;128;0;0;3.576000
208;208;0;100000;128;0;0;4.773000
209;209;0;100000;128;0;0;15.873000
210;210;0;100000;128;0;0;3.420000
211;211;0;100000;128;0;0;4.866000
212;212;0;100000;128;0;0;5.043000
213;213;0;100000;128;0;0;3.549000
214;214;0;100000;128;0;0;4.599000
215;215;0;100000;128;0;0;4.554000
216;216;0;100000;128;0;0;5.244000
217;217;0;100000;128;0;0;4.894000
218;218;0;100000;128;0;0;5.247000
219;219;0;100000;128;0;0;4.476000
220;220;0;100000;128;0;0;3.504000
221;221;0;100000;128;0;0;4.722000
222;222;0;100000;128;0;0;2.864000
223;223;0;100000;128;0;0;2.958000
224;224;0;100000;128;0;0;2.781000
225;225;0;100000;128;0;0;4.671000
226;226;0;100000;128;0;0;3.846000
227;227;0;100000;128;0;0;3.693000
228;228;0;100000;128;0;0;5.259000
229;229;0;100000;128;0;0;5.985000
230;230;0;100000;128;0;0;2.913000
231;231;0;100000;128;0;0;4.482000
232;232;0;100000;128;0;0;8.799000
233;233;0;100000;128;0;0;5.463000
234;234;0;100000;128;0;0;3.555000
235;235;0;100000;128;0;0;4.908000
236;236;0;100000;128;0;0;5.520000
237;237;0;100000;128;0;0;5.289000
238;238;0;100000;128;0;0;4.626000
239;239;0;100000;128;0;0;5.658000
240;240;0;100000;128;0;0;3.447000
241;241;0;100000;128;0;0;3.870000
242;242;0;100000;128;0;0;5.481000
243;243;0;100000;128;0;0;5.264000
244;244;0;100000;128;0;0;18.405000
245;245;0;100000;128;0;0;2.908000
246;246;0;100000;128;0;0;4.350000
247;247;0;100000;128;0;0;5.409000
248;248;0;100000;128;0;0;5.270000
249;249;0;100000;128;0;0;5.190000
250;250;0;100000;128;0;0;5.386000
251;251;0;100000;128;0;0;3.740000
252;252;0;100000;128;0;0;5.505000
253;253;0;100000;128;0;0;6.099000
254;254;0;100000;128;0;0;4.701000
255;255;0;100000;128;0;0;5.406000
256;256;0;100000;128;0;0;4.737000
257;257;0;100000;128;0;0;12.672000
258;258;0;100000;128;0;0;3.720000
259;259;0;100000;128;0;0;5.686000
260;260;0;100000;128;0;0;3.426000
261;261;0;100000;128;0;0;4.845000
262;262;0;100000;128;0;0;5.739000
263;263;0;100000;128;0;0;5.016000
264;264;0;100000;128;0;0;4.034000
265;265;0;100000;128;0;0;5.016000
266;266;0;100000;128;0;0;2.847000
267;267;0;100000;128;0;0;4.452000
268;268;0;100000;128;0;0;2.961000
269;269;0;100000;128;0;0;7.911000
270;270;0;100000;128;0;0;3.516000
271;271;0;100000;128;0;0;2.856000
272;272;0;100000;128;0;0;5.642000
273;273;0;100000;128;0;0;5.556000
274;274;0;100000;128;0;0;4.413000
275;275;0;100000;128;0;0;5.463000
276;276;0;100000;128;0;0;4.926000
277;277;0;100000;128;0;0;4.596000
278;278;0;100000;128;0;0;5.463000
279;279;0;100000;128;0;0;2.814000
280;280;0;100000;128;0;0;5.505000
281;281;0;100000;128;0;0;14.316000
282;282;0;100000;128;0;0;5.874000
283;283;0;100000;128;0;0;3.687000
284;284;0;100000;128;0;0;5.487000
285;285;0;100000;128;0;0;4.833000
286;286;0;100000;128;0;0;4.575000
287;287;0;100000;128;0;0;4.011000
288;288;0;100000;128;0;0;3.618000
289;289;0;100000;128;0;0;4.944000
290;290;0;100000;128;0;0;3.315000
291;291;0;100000;128;0;0;2.874000
292;292;0;100000;128;0;0;4.818000
293;293;0;100000;128;0;0;2.895000
294;294;0;100000;128;0;0;5.454000
295;295;0;100000;128;0;0;4.762000
296;296;0;100000;128;0;0;3.573000
297;297;0;100000;128;0;0;3.642000
298;298;0;100000;128;0;0;4.484000
299;299;0;100000;128;0;0;3.686000
300;300;0;100000;128;0;0;5.109000
301;301;0;100000;128;0;0;5.526000
302;302;0;100000;128;0;0;3.660000
303;303;0;100000;128;0;0;3.930000
304;304;0;100000;128;0;0;2.934000
305;305;0;100000;128;0;0;4.011000
306;306;0;100000;128;0;0;5.319000
307;307;0;100000;128;0;0;5.256000
308;308;0;100000;128;0;0;2.847000
309;309;0;100000;128;0;0;2.880000
310;310;0;100000;128;0;0;5.262000
311;311;0;100000;128;0;0;3.534000
312;312;0;100000;128;0;0;5.283000
313;313;0;100000;128;0;0;3.426000
314;314;0;100000;128;0;0;9.072000
315;315;0;100000;128;0;0;4.725000
316;316;0;100000;128;0;0;3.468000
317;317;0;100000;128;0;0;4.683000
318;318;0;100000;128;0;0;4.458000
319;319;0;100000;128;0;0;4.566000
320;320;0;100000;128;0;0;4.728000
321;321;0;100000;128;0;0;5.424000
322;322;0;100000;128;0;0;4.926000
323;323;0;100000;128;0;0;4.401000
324;324;0;100000;128;0;0;4.914000
325;325;0;100000;128;0;0;2.976000
326;326;0;100000;128;0;0;3.213000
327;327;0;100000;128;0;0;4.512000
328;328;0;100000;128;0;0;5.079000
329;329;0;100000;128;0;0;6.036000
330;330;0;100000;128;0;0;2.982000
331;331;0;100000;128;0;0;5.036000
332;332;0;100000;128;0;0;4.782000
333;333;0;100000;128;0;0;3.651000
334;334;0;100000;128;0;0;25.041000
335;335;0;100000;128;0;0;5.616000
336;336;0;100000;128;0;0;5.376000
337;337;0;100000;128;0;0;4.794000
338;338;0;100000;128;0;0;5.586000
339;339;0;100000;128;0;0;5.499000
340;340;0;100000;128;0;0;10.890000
341;341;0;100000;128;0;0;5.451000
342;342;0;100000;128;0;0;4.752000
343;343;0;100000;128;0;0;5.668000
344;344;0;100000;128;0;0;5.301000
345;345;0;100000;128;0;0;5.698000
346;346;0;100000;128;0;0;5.358000
347;347;0;100000;128;0;0;3.555000
348;348;0;100000;128;0;0;5.484000
349;349;0;100000;128;0;0;4.992000
350;350;0;100000;128;0;0;4.863000
351;351;0;100000;128;0;0;3.474000
352;352;0;100000;128;0;0;4.377000
353;353;0;100000;128;0;0;5.565000
354;354;0;100000;128;0;0;4.062000
355;355;0;100000;128;0;0;3.627000
356;356;0;100000;128;0;0;4.674000
357;357;0;100000;128;0;0;3.358000
358;358;0;100000;128;0;0;4.806000
359;359;0;100000;128;0;0;5.397000
360;360;0;100000;128;0;0;4.838000
361;361;0;100000;128;0;0;3.066000
362;362;0;100000;128;0;0;4.872000
363;363;0;100000;128;0;0;3.450000
364;364;0;100000;128;0;0;3.492000
365;365;0;100000;128;0;0;4.617000
366;366;0;100000;128;0;0;5.727000
367;367;0;100000;128;0;0;3.498000
368;368;0;100000;128;0;0;4.256000
369;369;0;100000;128;0;0;4.686000
370;370;0;100000;128;0;0;5.511000
371;371;0;100000;128;0;0;4.473000
372;372;0;100000;128;0;0;14.712000
373;373;0;100000;128;0;0;3.474000
374;374;0;100000;128;0;0;5.025000
375;375;0;100000;128;0;0;4.500000
376;376;0;100000;128;0;0;4.410000
377;377;0;100000;128;0;0;3.615000
378;378;0;100000;128;0;0;4.977000
379;379;0;100000;128;0;0;4.458000
380;380;0;100000;128;0;0;5.439000
381;381;0;100000;128;0;0;9.573000
382;382;0;100000;128;0;0;4.986000
383;383;0;100000;128;0;0;2.880000
384;384;0;100000;128;0;0;5.478000
385;385;0;100000;128;0;0;4.970000
386;386;0;100000;128;0;0;5.565000
387;387;0;100000;128;0;0;5.823000
388;388;0;100000;128;0;0;4.623000
389;389;0;100000;128;0;0;5.604000
390;390;0;100000;128;0;0;5.523000
391;391;0;100000;128;0;0;4.956000
392;392;0;100000;128;0;0;5.577000
393;393;0;100000;128;0;0;5.436000
394;394;0;100000;128;0;0;2.763000
395;395;0;100000;128;0;0;4.290000
396;396;0;100000;128;0;0;3.882000
397;397;0;100000;128;0;0;7.731000
398;398;0;100000;128;0;0;5.223000
399;399;0;100000;128;0;0;4.899000
400;400;0;100000;128;0;0;3.696000
401;401;0;100000;128;0;0;3.616000
402;402;0;100000;128;0;0;5.748000
403;403;0;100000;128;0;0;2.904000
404;404;0;100000;128;0;0;7.754000
405;405;0;100000;128;0;0;4.674000
406;406;0;100000;128;0;0;4.806000
407;407;0;100000;128;0;0;5.229000
408;408;0;100000;128;0;0;5.532000
409;409;0;100000;128;0;0;3.594000
410;410;0;100000;128;0;0;4.947000
411;411;0;100000;128;0;0;5.289000
412;412;0;100000;128;0;0;5.478000
413;413;0;100000;128;0;0;4.686000
414;414;0;100000;128;0;0;4.428000
415;415;0;100000;128;0;0;5.679000
416;416;0;100000;128;0;0;3.789000
417;417;0;100000;128;0;0;5.418000
418;418;0;100000;128;0;0;3.447000
419;419;0;100000;128;0;0;4.467000
420;420;0;100000;128;0;0;10.638000
421;421;0;100000;128;0;0;4.419000
422;422;0;100000;128;0;0;3.972000
423;423;0;100000;128;0;0;4.350000
424;424;0;100000;128;0;0;3.903000
425;425;0;100000;128;0;0;4.308000
426;426;0;100000;128;0;0;4.995000
427;427;0;100000;128;0;0;16.017000
428;428;0;100000;128;0;0;4.494000
429;429;0;100000;128;0;0;9.279000
430;430;0;100000;128;0;0;4.551000
431;431;0;100000;128;0;0;4.368000
432;432;0;100000;128;0;0;9.258000
433;433;0;100000;128;0;0;4.323000
434;434;0;100000;128;0;0;18.129000
435;435;0;100000;128;0;0;3.195000
436;436;0;100000;128;0;0;2.898000
437;437;0;100000;128;0;0;5.478000
438;438;0;100000;128;0;0;5.748000
439;439;0;100000;128;0;0;3.693000
440;440;0;100000;128;0;0;4.713000
441;441;0;100000;128;0;0;4.952000
442;442;0;100000;128;0;0;5.672000
443;443;0;100000;128;0;0;3.054000
444;444;0;100000;128;0;0;5.296000
445;445;0;100000;128;0;0;5.220000
446;446;0;100000;128;0;0;3.987000
447;447;0;100000;128;0;0;2.859000
448;448;0;100000;128;0;0;4.287000
449;449;0;100000;128;0;0;5.052000
450;450;0;100000;128;0;0;4.620000
451;451;0;100000;128;0;0;2.967000
452;452;0;100000;128;0;0;3.498000
453;453;0;100000;128;0;0;5.574000
454;454;0;100000;128;0;0;4.536000
455;455;0;100000;128;0;0;3.732000
456;456;0;100000;128;0;0;3.462000
457;457;0;100000;128;0;0;8.966000
458;458;0;100000;128;0;0;4.548000
459;459;0;100000;128;0;0;5.517000
460;460;0;100000;128;0;0;3.906000
461;461;0;100000;128;0;0;3.099000
462;462;0;100000;128;0;0;5.300000
463;463;0;100000;128;0;0;5.484000
464;464;0;100000;128;0;0;26.802000
465;465;0;100000;128;0;0;7.287000
466;466;0;100000;128;0;0;5.244000
467;467;0;100000;128;0;0;4.371000
468;468;0;100000;128;0;0;5.085000
469;469;0;100000;128;0;0;3.402000
470;470;0;100000;128;0;0;9.981000
471;471;0;100000;128;0;0;3.297000
472;472;0;100000;128;0;0;5.424000
473;473;0;100000;128;0;0;5.367000
474;474;0;100000;128;0;0;3.152000
475;475;0;100000;128;0;0;4.854000
476;476;0;100000;128;0;0;5.010000
477;477;0;100000;128;0;0;5.397000
478;478;0;100000;128;0;0;5.252000
479;479;0;100000;128;0;0;3.810000
480;480;0;100000;128;0;0;4.368000
481;481;0;100000;128;0;0;10.614000
482;482;0;100000;128;0;0;3.432000
483;483;0;100000;128;0;0;3.939000
484;484;0;100000;128;0;0;3.699000
485;485;0;100000;128;0;0;3.702000
486;486;0;100000;128;0;0;4.806000
487;487;0;100000;128;0;0;3.693000
488;488;0;100000;128;0;0;4.869000
489;489;0;100000;128;0;0;3.510000
490;490;0;100000;128;0;0;4.623000
491;491;0;100000;128;0;0;4.254000
492;492;0;100000;128;0;0;9.963000
493;493;0;100000;128;0;0;4.014000
494;494;0;100000;128;0;0;10.608000
495;495;0;100000;128;0;0;4.851000
496;496;0;100000;128;0;0;4.767000
497;497;0;100000;128;0;0;4.797000
498;498;0;100000;128;0;0;4.821000
499;499;0;100000;128;0;0;5.079000
500;500;0;100000;128;0;0;5.052000
501;501;0;100000;128;0;0;10.810000
502;502;0;100000;128;0;0;5.139000
503;503;0;100000;128;0;0;3.441000
504;504;0;100000;128;0;0;2.979000
505;505;0;100000;128;0;0;2.856000
506;506;0;100000;128;0;0;4.629000
507;507;0;100000;128;0;0;5.655000
508;508;0;100000;128;0;0;3.315000
509;509;0;100000;128;0;0;5.640000
510;510;0;100000;128;0;0;3.486000
511;511;0;100000;128;0;0;4.647000
512;512;0;100000;128;0;0;5.391000
513;513;0;100000;128;0;0;14.448000
514;514;0;100000;128;0;0;2.853000
515;515;0;100000;128;0;0;22.641000
516;516;0;100000;128;0;0;3.558000
517;517;0;100000;128;0;0;5.394000
518;518;0;100000;128;0;0;3.375000
519;519;0;100000;128;0;0;2.874000
520;520;0;100000;128;0;0;5.304000
521;521;0;100000;128;0;0;5.667000
522;522;0;100000;128;0;0;4.896000
523;523;0;100000;128;0;0;4.815000
524;524;0;100000;128;0;0;4.929000
525;525;0;100000;128;0;0;5.388000
526;526;0;100000;128;0;0;3.576000
527;527;0;100000;128;0;0;3.039000
528;528;0;100000;128;0;0;5.028000
529;529;0;100000;128;0;0;4.246000
530;530;0;100000;128;0;0;3.045000
531;531;0;100000;128;0;0;3.435000
532;532;0;100000;128;0;0;3.333000
533;533;0;100000;128;0;0;3.820000
534;534;0;100000;128;0;0;4.674000
535;535;0;100000;128;0;0;9.150000
536;536;0;100000;128;0;0;9.444000
537;537;0;100000;128;0;0;23.724000
538;538;0;100000;128;0;0;6.624000
539;539;0;100000;128;0;0;3.552000
540;540;0;100000;128;0;0;4.470000
541;541;0;100000;128;0;0;4.269000
542;542;0;100000;128;0;0;3.498000
543;543;0;100000;128;0;0;3.816000
544;544;0;100000;128;0;0;3.990000
545;545;0;100000;128;0;0;5.277000
546;546;0;100000;128;0;0;4.164000
547;547;0;100000;128;0;0;2.835000
548;548;0;100000;128;0;0;3.915000
549;549;0;100000;128;0;0;4.263000
550;550;0;100000;128;0;0;3.621000
551;551;0;100000;128;0;0;5.451000
552;552;0;100000;128;0;0;4.440000
553;553;0;100000;128;0;0;3.858000
554;554;0;100000;128;0;0;5.022000
555;555;0;100000;128;0;0;4.431000
556;556;0;100000;128;0;0;4.488000
557;557;0;100000;128;0;0;3.159000
558;558;0;100000;128;0;0;3.408000
559;559;0;100000;128;0;0;3.852000
560;560;0;100000;128;0;0;3.300000
561;561;0;100000;128;0;0;4.653000
562;562;0;100000;128;0;0;2.866000
563;563;0;100000;128;0;0;26.544000
564;564;0;100000;128;0;0;5.818000
565;565;0;100000;128;0;0;3.414000
566;566;0;100000;128;0;0;9.096000
567;567;0;100000;128;0;0;3.576000
568;568;0;100000;128;0;0;3.520000
569;569;0;100000;128;0;0;10.767000
570;570;0;100000;128;0;0;3.255000
571;571;0;100000;128;0;0;5.619000
572;572;0;100000;128;0;0;3.990000
573;573;0;100000;128;0;0;4.470000
574;574;0;100000;128;0;0;5.355000
575;575;0;100000;128;0;0;3.708000
576;576;0;100000;128;0;0;3.159000
577;577;0;100000;128;0;0;5.535000
578;578;0;100000;128;0;0;5.535000
579;579;0;100000;128;0;0;3.804000
580;580;0;100000;128;0;0;3.688000
581;581;0;100000;128;0;0;24.624000
582;582;0;100000;128;0;0;5.472000
583;583;0;100000;128;0;0;4.940000
584;584;0;100000;128;0;0;2.904000
585;585;0;100000;128;0;0;10.266000
586;586;0;100000;128;0;0;5.454000
587;587;0;100000;128;0;0;5.148000
588;588;0;100000;128;0;0;3.738000
589;589;0;100000;128;0;0;4.767000
590;590;0;100000;128;0;0;4.488000
591;591;0;100000;128;0;0;3.639000
592;592;0;100000;128;0;0;5.496000
593;593;0;100000;128;0;0;2.832000
594;594;0;100000;128;0;0;5.313000
595;595;0;100000;128;0;0;4.701000
596;596;0;100000;128;0;0;3.501000
597;597;0;100000;128;0;0;5.415000
598;598;0;100000;128;0;0;16.512000
599;599;0;100000;128;0;0;2.925000
600;600;0;100000;128;0;0;5.679000
601;601;0;100000;128;0;0;5.500000
602;602;0;100000;128;0;0;5.829000
603;603;0;100000;128;0;0;5.253000
604;604;0;100000;128;0;0;4.734000
605;605;0;100000;128;0;0;5.505000
606;606;0;100000;128;0;0;5.016000
607;607;0;100000;128;0;0;3.405000
608;608;0;100000;128;0;0;8.151000
609;609;0;100000;128;0;0;3.252000
610;610;0;100000;128;0;0;10.614000
611;611;0;100000;128;0;0;4.329000
612;612;0;100000;128;0;0;2.832000
613;613;0;100000;128;0;0;5.968000
614;614;0;100000;128;0;0;3.810000
615;615;0;100000;128;0;0;3.180000
616;616;0;100000;128;0;0;5.325000
617;617;0;100000;128;0;0;3.483000
618;618;0;100000;128;0;0;5.340000
619;619;0;100000;128;0;0;4.782000
620;620;0;100000;128;0;0;3.885000
621;621;0;100000;128;0;0;3.084000
622;622;0;100000;128;0;0;3.687000
623;623;0;100000;128;0;0;3.597000
624;624;0;100000;128;0;0;14.604000
625;625;0;100000;128;0;0;5.421000
626;626;0;100000;128;0;0;3.075000
627;627;0;100000;128;0;0;5.298000
628;628;0;100000;128;0;0;4.755000
629;629;0;100000;128;0;0;2.817000
630;630;0;100000;128;0;0;4.065000
631;631;0;100000;128;0;0;4.932000
632;632;0;100000;128;0;0;4.407000
633;633;0;100000;128;0;0;4.932000
634;634;0;100000;128;0;0;3.528000
635;635;0;100000;128;0;0;3.069000
636;636;0;100000;128;0;0;3.672000
637;637;0;100000;128;0;0;3.891000
638;638;0;100000;128;0;0;5.100000
639;639;0;100000;128;0;0;5.382000
640;640;0;100000;128;0;0;4.473000
641;641;0;100000;128;0;0;4.635000
642;642;0;100000;128;0;0;4.563000
643;643;0;100000;128;0;0;3.082000
644;644;0;100000;128;0;0;3.402000
645;645;0;100000;128;0;0;3.757000
646;646;0;100000;128;0;0;2.883000
647;647;0;100000;128;0;0;4.179000
648;648;0;100000;128;0;0;4.911000
649;649;0;100000;128;0;0;5.346000
650;650;0;100000;128;0;0;4.952000
651;651;0;100000;128;0;0;5.613000
652;652;0;100000;128;0;0;3.729000
653;653;0;100000;128;0;0;3.459000
654;654;0;100000;128;0;0;8.712000
655;655;0;100000;128;0;0;3.315000
656;656;0;100000;128;0;0;3.519000
657;657;0;100000;128;0;0;4.857000
658;658;0;100000;128;0;0;5.565000
659;659;0;100000;128;0;0;5.108000
660;660;0;100000;128;0;0;4.758000
661;661;0;100000;128;0;0;3.633000
662;662;0;100000;128;0;0;5.487000
663;663;0;100000;128;0;0;5.745000
664;664;0;100000;128;0;0;4.850000
665;665;0;100000;128;0;0;14.490000
666;666;0;100000;128;0;0;5.424000
667;667;0;100000;128;0;0;3.594000
668;668;0;100000;128;0;0;4.209000
669;669;0;100000;128;0;0;10.540000
670;670;0;100000;128;0;0;17.679000
671;671;0;100000;128;0;0;4.536000
672;672;0;100000;128;0;0;3.450000
673;673;0;100000;128;0;0;3.435000
674;674;0;100000;128;0;0;3.435000
675;675;0;100000;128;0;0;3.600000
676;676;0;100000;128;0;0;5.726000
677;677;0;100000;128;0;0;11.061000
678;678;0;100000;128;0;0;5.448000
679;679;0;100000;128;0;0;5.793000
680;680;0;100000;128;0;0;11.088000
681;681;0;100000;128;0;0;4.095000
682;682;0;100000;128;0;0;4.329000
683;683;0;100000;128;0;0;3.690000
684;684;0;100000;128;0;0;3.510000
685;685;0;100000;128;0;0;4.844000
686;686;0;100000;128;0;0;8.694000
687;687;0;100000;128;0;0;19.065000
688;688;0;100000;128;0;0;14.688000
689;689;0;100000;128;0;0;4.551000
690;690;0;100000;128;0;0;10.401000
691;691;0;100000;128;0;0;3.726000
692;692;0;100000;128;0;0;4.707000
693;693;0;100000;128;0;0;3.594000
694;694;0;100000;128;0;0;4.656000
695;695;0;100000;128;0;0;4.848000
696;696;0;100000;128;0;0;10.608000
697;697;0;100000;128;0;0;5.541000
698;698;0;100000;128;0;0;3.003000
699;699;0;100000;128;0;0;5.382000
700;700;0;100000;128;0;0;5.010000
701;701;0;100000;128;0;0;3.393000
702;702;0;100000;128;0;0;3.654000
703;703;0;100000;128;0;0;10.572000
704;704;0;100000;128;0;0;2.822000
705;705;0;100000;128;0;0;4.944000
706;706;0;100000;128;0;0;4.575000
707;707;0;100000;128;0;0;5.301000
708;708;0;100000;128;0;0;3.513000
709;709;0;100000;128;0;0;3.375000
710;710;0;100000;128;0;0;3.432000
711;711;0;100000;128;0;0;3.612000
712;712;0;100000;128;0;0;3.432000
713;713;0;100000;128;0;0;4.941000
714;714;0;100000;128;0;0;3.136000
715;715;0;100000;128;0;0;3.910000
716;716;0;100000;128;0;0;9.882000
717;717;0;100000;128;0;0;5.730000
718;718;0;100000;128;0;0;4.491000
719;719;0;100000;128;0;0;3.027000
720;720;0;100000;128;0;0;4.818000
721;721;0;100000;128;0;0;15.996000
722;722;0;100000;128;0;0;10.242000
723;723;0;100000;128;0;0;3.510000
724;724;0;100000;128;0;0;2.988000
725;725;0;100000;128;0;0;4.746000
726;726;0;100000;128;0;0;5.112000
727;727;0;100000;128;0;0;4.850000
728;728;0;100000;128;0;0;6.249000
729;729;0;100000;128;0;0;5.463000
730;730;0;100000;128;0;0;3.516000
731;731;0;100000;128;0;0;6.087000
732;732;0;100000;128;0;0;15.723000
733;733;0;100000;128;0;0;5.496000
734;734;0;100000;128;0;0;5.427000
735;735;0;100000;128;0;0;3.522000
736;736;0;100000;128;0;0;5.778000
737;737;0;100000;128;0;0;4.290000
738;738;0;100000;128;0;0;3.084000
739;739;0;100000;128;0;0;5.130000
740;740;0;100000;128;0;0;5.718000
741;741;0;100000;128;0;0;5.616000
742;742;0;100000;128;0;0;5.523000
743;743;0;100000;128;0;0;5.064000
744;744;0;100000;128;0;0;6.069000
745;745;0;100000;128;0;0;4.779000
746;746;0;100000;128;0;0;4.839000
747;747;0;100000;128;0;0;15.363000
748;748;0;100000;128;0;0;9.762000
749;749;0;100000;128;0;0;3.390000
750;750;0;100000;128;0;0;5.607000
751;751;0;100000;128;0;0;3.000000
752;752;0;100000;128;0;0;2.904000
753;753;0;100000;128;0;0;3.492000
754;754;0;100000;128;0;0;5.583000
755;755;0;100000;128;0;0;2.811000
756;756;0;100000;128;0;0;5.418000
757;757;0;100000;128;0;0;4.680000
758;758;0;100000;128;0;0;4.443000
759;759;0;100000;128;0;0;5.406000
760;760;0;100000;128;0;0;5.367000
761;761;0;100000;128;0;0;2.895000
762;762;0;100000;128;0;0;4.806000
763;763;0;100000;128;0;0;4.262000
764;764;0;100000;128;0;0;9.698000
765;765;0;100000;128;0;0;4.548000
766;766;0;100000;128;0;0;3.078000
767;767;0;100000;128;0;0;2.778000
768;768;0;100000;128;0;0;2.964000
769;769;0;100000;128;0;0;4.119000
770;770;0;100000;128;0;0;3.516000
771;771;0;100000;128;0;0;3.543000
772;772;0;100000;128;0;0;3.333000
773;773;0;100000;128;0;0;3.582000
774;774;0;100000;128;0;0;3.354000
775;775;0;100000;128;0;0;5.046000
776;776;0;100000;128;0;0;2.890000
777;777;0;100000;128;0;0;4.350000
778;778;0;100000;128;0;0;4.996000
779;779;0;100000;128;0;0;5.514000
780;780;0;100000;128;0;0;5.592000
781;781;0;100000;128;0;0;4.425000
782;782;0;100000;128;0;0;3.375000
783;783;0;100000;128;0;0;4.449000
784;784;0;100000;128;0;0;4.242000
785;785;0;100000;128;0;0;4.557000
786;786;0;100000;128;0;0;3.914000
787;787;0;100000;128;0;0;5.328000
788;788;0;100000;128;0;0;2.996000
789;789;0;100000;128;0;0;3.531000
790;790;0;100000;128;0;0;5.436000
791;791;0;100000;128;0;0;2.817000
792;792;0;100000;128;0;0;14.226000
793;793;0;100000;128;0;0;8.769000
794;794;0;100000;128;0;0;4.803000
795;795;0;100000;128;0;0;5.346000
796;796;0;100000;128;0;0;5.256000
797;797;0;100000;128;0;0;3.480000
798;798;0;100000;128;0;0;4.338000
799;799;0;100000;128;0;0;5.160000
800;800;0;100000;128;0;0;3.186000
801;801;0;100000;128;0;0;5.366000
802;802;0;100000;128;0;0;4.707000
803;803;0;100000;128;0;0;10.392000
804;804;0;100000;128;0;0;4.752000
805;805;0;100000;128;0;0;3.684000
806;806;0;100000;128;0;0;5.460000
807;807;0;100000;128;0;0;3.939000
808;808;0;100000;128;0;0;5.535000
809;809;0;100000;128;0;0;2.988000
810;810;0;100000;128;0;0;5.328000
811;811;0;100000;128;0;0;14.961000
812;812;0;100000;128;0;0;4.776000
813;813;0;100000;128;0;0;2.733000
814;814;0;100000;128;0;0;4.785000
815;815;0;100000;128;0;0;3.255000
816;816;0;100000;128;0;0;4.944000
817;817;0;100000;128;0;0;5.325000
818;818;0;100000;128;0;0;4.632000
819;819;0;100000;128;0;0;10.638000
820;820;0;100000;128;0;0;3.628000
821;821;0;100000;128;0;0;5.316000
822;822;0;100000;128;0;0;3.990000
823;823;0;100000;128;0;0;3.441000
824;824;0;100000;128;0;0;3.702000
825;825;0;100000;128;0;0;5.658000
826;826;0;100000;128;0;0;4.896000
827;827;0;100000;128;0;0;4.428000
828;828;0;100000;128;0;0;4.554000
829;829;0;100000;128;0;0;4.635000
830;830;0;100000;128;0;0;3.489000
831;831;0;100000;128;0;0;4.914000
832;832;0;100000;128;0;0;4.431000
833;833;0;100000;128;0;0;2.812000
834;834;0;100000;128;0;0;5.295000
835;835;0;100000;128;0;0;4.971000
836;836;0;100000;128;0;0;4.479000
837;837;0;100000;128;0;0;9.786000
838;838;0;100000;128;0;0;4.815000
839;839;0;100000;128;0;0;7.701000
840;840;0;100000;128;0;0;4.656000
841;841;0;100000;128;0;0;5.211000
842;842;0;100000;128;0;0;3.390000
843;843;0;100000;128;0;0;4.680000
844;844;0;100000;128;0;0;10.236000
845;845;0;100000;128;0;0;5.400000
846;846;0;100000;128;0;0;4.131000
847;847;0;100000;128;0;0;3.588000
848;848;0;100000;128;0;0;5.316000
849;849;0;100000;128;0;0;5.577000
850;850;0;100000;128;0;0;4.437000
851;851;0;100000;128;0;0;3.795000
852;852;0;100000;128;0;0;5.490000
853;853;0;100000;128;0;0;5.208000
854;854;0;100000;128;0;0;5.154000
855;855;0;100000;128;0;0;5.352000
856;856;0;100000;128;0;0;4.932000
857;857;0;100000;128;0;0;11.016000
858;858;0;100000;128;0;0;3.904000
859;859;0;100000;128;0;0;5.358000
860;860;0;100000;128;0;0;4.833000
861;861;0;100000;128;0;0;4.383000
862;862;0;100000;128;0;0;3.501000
863;863;0;100000;128;0;0;5.910000
864;864;0;100000;128;0;0;3.747000
865;865;0;100000;128;0;0;5.451000
866;866;0;100000;128;0;0;5.283000
867;867;0;100000;128;0;0;3.951000
868;868;0;100000;128;0;0;5.421000
869;869;0;100000;128;0;0;3.507000
870;870;0;100000;128;0;0;4.068000
871;871;0;100000;128;0;0;5.307000
872;872;0;100000;128;0;0;5.580000
873;873;0;100000;128;0;0;5.010000
874;874;0;100000;128;0;0;3.339000
875;875;0;100000;128;0;0;4.776000
876;876;0;100000;128;0;0;3.459000
877;877;0;100000;128;0;0;3.378000
878;878;0;100000;128;0;0;4.767000
879;879;0;100000;128;0;0;4.545000
880;880;0;100000;128;0;0;15.732000
881;881;0;100000;128;0;0;5.202000
882;882;0;100000;128;0;0;12.510000
883;883;0;100000;128;0;0;4.896000
884;884;0;100000;128;0;0;5.946000
885;885;0;100000;128;0;0;5.607000
886;886;0;100000;128;0;0;20.796000
887;887;0;100000;128;0;0;3.183000
888;888;0;100000;128;0;0;18.387000
889;889;0;100000;128;0;0;5.253000
890;890;0;100000;128;0;0;5.388000
891;891;0;100000;128;0;0;3.828000
892;892;0;100000;128;0;0;3.978000
893;893;0;100000;128;0;0;4.608000
894;894;0;100000;128;0;0;3.846000
895;895;0;100000;128;0;0;5.534000
896;896;0;100000;128;0;0;5.457000
897;897;0;100000;128;0;0;3.435000
898;898;0;100000;128;0;0;4.941000
899;899;0;100000;128;0;0;5.313000
900;900;0;100000;128;0;0;5.446000
901;901;0;100000;128;0;0;5.517000
902;902;0;100000;128;0;0;5.580000
903;903;0;100000;128;0;0;16.056000
904;904;0;100000;128;0;0;4.101000
905;905;0;100000;128;0;0;3.015000
906;906;0;100000;128;0;0;5.516000
907;907;0;100000;128;0;0;10.044000
908;908;0;100000;128;0;0;3.669000
909;909;0;100000;128;0;0;3.624000
910;910;0;100000;128;0;0;5.007000
911;911;0;100000;128;0;0;3.237000
912;912;0;100000;128;0;0;5.028000
913;913;0;100000;128;0;0;3.696000
914;914;0;100000;128;0;0;4.581000
915;915;0;100000;128;0;0;3.834000
916;916;0;100000;128;0;0;3.897000
917;917;0;100000;128;0;0;3.364000
918;918;0;100000;128;0;0;4.803000
919;919;0;100000;128;0;0;4.650000
920;920;0;100000;128;0;0;2.898000
921;921;0;100000;128;0;0;4.653000
922;922;0;100000;128;0;0;5.415000
923;923;0;100000;128;0;0;3.504000
924;924;0;100000;128;0;0;3.249000
925;925;0;100000;128;0;0;4.814000
926;926;0;100000;128;0;0;4.689000
927;927;0;100000;128;0;0;3.792000
928;928;0;100000;128;0;0;4.593000
929;929;0;100000;128;0;0;2.727000
930;930;0;100000;128;0;0;3.490000
931;931;0;100000;128;0;0;2.974000
932;932;0;100000;128;0;0;4.665000
933;933;0;100000;128;0;0;3.481000
934;934;0;100000;128;0;0;3.780000
935;935;0;100000;128;0;0;4.383000
936;936;0;100000;128;0;0;5.436000
937;937;0;100000;128;0;0;5.508000
938;938;0;100000;128;0;0;5.480000
939;939;0;100000;128;0;0;5.700000
940;940;0;100000;128;0;0;4.449000
941;941;0;100000;128;0;0;3.561000
942;942;0;100000;128;0;0;4.626000
943;943;0;100000;128;0;0;3.906000
944;944;0;100000;128;0;0;5.478000
945;945;0;100000;128;0;0;5.556000
946;946;0;100000;128;0;0;3.339000
947;947;0;100000;128;0;0;5.811000
948;948;0;100000;128;0;0;3.530000
949;949;0;100000;128;0;0;4.458000
950;950;0;100000;128;0;0;4.514000
951;951;0;100000;128;0;0;3.738000
952;952;0;100000;128;0;0;10.776000
953;953;0;100000;128;0;0;3.414000
954;954;0;100000;128;0;0;5.166000
955;955;0;100000;128;0;0;4.992000
956;956;0;100000;128;0;0;3.450000
957;957;0;100000;128;0;0;4.230000
958;958;0;100000;128;0;0;2.970000
959;959;0;100000;128;0;0;2.894000
960;960;0;100000;128;0;0;4.551000
961;961;0;100000;128;0;0;3.231000
962;962;0;100000;128;0;0;3.750000
963;963;0;100000;128;0;0;5.476000
964;964;0;100000;128;0;0;5.721000
965;965;0;100000;128;0;0;5.310000
966;966;0;100000;128;0;0;2.955000
967;967;0;100000;128;0;0;4.606000
968;968;0;100000;128;0;0;4.932000
969;969;0;100000;128;0;0;5.154000
970;970;0;100000;128;0;0;4.752000
971;971;0;100000;128;0;0;4.842000
972;972;0;100000;128;0;0;5.442000
973;973;0;100000;128;0;0;4.647000
974;974;0;100000;128;0;0;5.112000
975;975;0;100000;128;0;0;5.331000
976;976;0;100000;128;0;0;5.610000
977;977;0;100000;128;0;0;5.442000
978;978;0;100000;128;0;0;5.469000
979;979;0;100000;128;0;0;2.944000
980;980;0;100000;128;0;0;2.931000
981;981;0;100000;128;0;0;3.639000
982;982;0;100000;128;0;0;5.580000
983;983;0;100000;128;0;0;4.401000
984;984;0;100000;128;0;0;3.570000
985;985;0;100000;128;0;0;5.319000
986;986;0;100000;128;0;0;4.668000
987;987;0;100000;128;0;0;5.421000
988;988;0;100000;128;0;0;5.343000
989;989;0;100000;128;0;0;4.662000
990;990;0;100000;128;0;0;3.369000
991;991;0;100000;128;0;0;10.413000
992;992;0;100000;128;0;0;14.961000
993;993;0;100000;128;0;0;9.392000
994;994;0;100000;128;0;0;25.878000
995;995;0;100000;128;0;0;5.025000
996;996;0;100000;128;0;0;3.036000
997;997;0;100000;128;0;0;3.732000
998;998;0;100000;128;0;0;2.856000
999;999;0;100000;128;0;0;5.883000
1000;1000;0;100000;128;0;0;3.675000
