1;1;0;1000;128;0;0;7.272000
2;2;0;1000;128;0;0;7.326000
3;3;0;1000;128;0;0;6.530000
4;4;0;1000;128;0;0;6.784000
5;5;0;1000;128;0;0;6.288000
6;6;0;1000;128;0;0;7.293000
7;7;0;1000;128;0;0;5.385000
8;8;0;1000;128;0;0;4.743000
9;9;0;1000;128;0;0;7.371000
10;10;0;1000;128;0;0;6.351000
11;11;0;1000;128;0;0;7.638000
12;12;0;1000;128;0;0;4.320000
13;13;0;1000;128;0;0;5.763000
14;14;0;1000;128;0;0;6.582000
15;15;0;1000;128;0;0;5.052000
16;16;0;1000;128;0;0;4.767000
17;17;0;1000;128;0;0;5.798000
18;18;0;1000;128;0;0;6.206000
19;19;0;1000;128;0;0;5.952000
20;20;0;1000;128;0;0;5.538000
21;21;0;1000;128;0;0;11.238000
22;22;0;1000;128;0;0;4.530000
23;23;0;1000;128;0;0;5.570000
24;24;0;1000;128;0;0;5.733000
25;25;0;1000;128;0;0;5.422000
26;26;0;1000;128;0;0;5.310000
27;27;0;1000;128;0;0;5.583000
28;28;0;1000;128;0;0;9.978000
29;29;0;1000;128;0;0;6.399000
30;30;0;1000;128;0;0;6.672000
31;31;0;1000;128;0;0;5.730000
32;32;0;1000;128;0;0;5.058000
33;33;0;1000;128;0;0;5.883000
34;34;0;1000;128;0;0;5.607000
35;35;0;1000;128;0;0;6.702000
36;36;0;1000;128;0;0;5.823000
37;37;0;1000;128;0;0;5.916000
38;38;0;1000;128;0;0;5.652000
39;39;0;1000;128;0;0;4.971000
40;40;0;1000;128;0;0;6.906000
41;41;0;1000;128;0;0;7.842000
42;42;0;1000;128;0;0;5.376000
43;43;0;1000;128;0;0;6.750000
44;44;0;1000;128;0;0;6.039000
45;45;0;1000;128;0;0;5.484000
46;46;0;1000;128;0;0;5.850000
47;47;0;1000;128;0;0;5.703000
48;48;0;1000;128;0;0;5.012000
49;49;0;1000;128;0;0;6.483000
50;50;0;1000;128;0;0;6.465000
51;51;0;1000;128;0;0;4.746000
52;52;0;1000;128;0;0;6.531000
53;53;0;1000;128;0;0;5.334000
54;54;0;1000;128;0;0;5.445000
55;55;0;1000;128;0;0;4.932000
56;56;0;1000;128;0;0;8.274000
57;57;0;1000;128;0;0;5.442000
58;58;0;1000;128;0;0;5.952000
59;59;0;1000;128;0;0;5.283000
60;60;0;1000;128;0;0;4.782000
61;61;0;1000;128;0;0;7.305000
62;62;0;1000;128;0;0;6.180000
63;63;0;1000;128;0;0;4.767000
64;64;0;1000;128;0;0;4.746000
65;65;0;1000;128;0;0;4.860000
66;66;0;1000;128;0;0;5.840000
67;67;0;1000;128;0;0;5.778000
68;68;0;1000;128;0;0;5.448000
69;69;0;1000;128;0;0;5.570000
70;70;0;1000;128;0;0;5.085000
71;71;0;1000;128;0;0;6.351000
72;72;0;1000;128;0;0;6.735000
73;73;0;1000;128;0;0;5.916000
74;74;0;1000;128;0;0;5.433000
75;75;0;1000;128;0;0;6.783000
76;76;0;1000;128;0;0;6.099000
77;77;0;1000;128;0;0;9.930000
78;78;0;1000;128;0;0;5.138000
79;79;0;1000;128;0;0;7.311000
80;80;0;1000;128;0;0;5.814000
81;81;0;1000;128;0;0;5.298000
82;82;0;1000;128;0;0;5.754000
83;83;0;1000;128;0;0;6.093000
84;84;0;1000;128;0;0;6.672000
85;85;0;1000;128;0;0;5.622000
86;86;0;1000;128;0;0;6.340000
87;87;0;1000;128;0;0;6.366000
88;88;0;1000;128;0;0;5.043000
89;89;0;1000;128;0;0;4.872000
90;90;0;1000;128;0;0;6.117000
91;91;0;1000;128;0;0;6.036000
92;92;0;1000;128;0;0;4.581000
93;93;0;1000;128;0;0;4.887000
94;94;0;1000;128;0;0;5.328000
95;95;0;1000;128;0;0;5.097000
96;96;0;1000;128;0;0;4.557000
97;97;0;1000;128;0;0;9.735000
98;98;0;1000;128;0;0;5.592000
99;99;0;1000;128;0;0;5.910000
100;100;0;1000;128;0;0;6.375000
101;101;0;1000;128;0;0;4.917000
102;102;0;1000;128;0;0;5.220000
103;103;0;1000;128;0;0;6.174000
104;104;0;1000;128;0;0;5.418000
105;105;0;1000;128;0;0;4.806000
106;106;0;1000;128;0;0;6.642000
107;107;0;1000;128;0;0;5.640000
108;108;0;1000;128;0;0;8.250000
109;109;0;1000;128;0;0;6.762000
110;110;0;1000;128;0;0;5.133000
111;111;0;1000;128;0;0;5.269000
112;112;0;1000;128;0;0;5.871000
113;113;0;1000;128;0;0;7.365000
114;114;0;1000;128;0;0;12.627000
115;115;0;1000;128;0;0;5.406000
116;116;0;1000;128;0;0;5.592000
117;117;0;1000;128;0;0;5.574000
118;118;0;1000;128;0;0;5.622000
119;119;0;1000;128;0;0;4.551000
120;120;0;1000;128;0;0;5.970000
121;121;0;1000;128;0;0;5.100000
122;122;0;1000;128;0;0;5.718000
123;123;0;1000;128;0;0;6.102000
124;124;0;1000;128;0;0;5.076000
125;125;0;1000;128;0;0;5.340000
126;126;0;1000;128;0;0;4.557000
127;127;0;1000;128;0;0;5.547000
128;128;0;1000;128;0;0;6.096000
129;129;0;1000;128;0;0;5.598000
130;130;0;1000;128;0;0;6.408000
131;131;0;1000;128;0;0;5.439000
132;132;0;1000;128;0;0;6.189000
133;133;0;1000;128;0;0;5.514000
134;134;0;1000;128;0;0;6.918000
135;135;0;1000;128;0;0;5.577000
136;136;0;1000;128;0;0;6.480000
137;137;0;1000;128;0;0;5.392000
138;138;0;1000;128;0;0;5.658000
139;139;0;1000;128;0;0;5.493000
140;140;0;1000;128;0;0;5.526000
141;141;0;1000;128;0;0;6.066000
142;142;0;1000;128;0;0;5.082000
143;143;0;1000;128;0;0;6.384000
144;144;0;1000;128;0;0;5.667000
145;145;0;1000;128;0;0;4.710000
146;146;0;1000;128;0;0;6.213000
147;147;0;1000;128;0;0;5.304000
148;148;0;1000;128;0;0;6.660000
149;149;0;1000;128;0;0;5.340000
150;150;0;1000;128;0;0;12.513000
151;151;0;1000;128;0;0;5.820000
152;152;0;1000;128;0;0;5.772000
153;153;0;1000;128;0;0;6.510000
154;154;0;1000;128;0;0;4.737000
155;155;0;1000;128;0;0;5.418000
156;156;0;1000;128;0;0;4.641000
157;157;0;1000;128;0;0;5.658000
158;158;0;1000;128;0;0;5.286000
159;159;0;1000;128;0;0;4.950000
160;160;0;1000;128;0;0;5.697000
161;161;0;1000;128;0;0;5.424000
162;162;0;1000;128;0;0;7.299000
163;163;0;1000;128;0;0;4.893000
164;164;0;1000;128;0;0;5.442000
165;165;0;1000;128;0;0;6.000000
166;166;0;1000;128;0;0;5.739000
167;167;0;1000;128;0;0;6.207000
168;168;0;1000;128;0;0;5.578000
169;169;0;1000;128;0;0;4.665000
170;170;0;1000;128;0;0;6.549000
171;171;0;1000;128;0;0;5.496000
172;172;0;1000;128;0;0;5.406000
173;173;0;1000;128;0;0;6.080000
174;174;0;1000;128;0;0;4.485000
175;175;0;1000;128;0;0;7.899000
176;176;0;1000;128;0;0;5.400000
177;177;0;1000;128;0;0;5.067000
178;178;0;1000;128;0;0;7.758000
179;179;0;1000;128;0;0;5.268000
180;180;0;1000;128;0;0;4.827000
181;181;0;1000;128;0;0;5.652000
182;182;0;1000;128;0;0;5.340000
183;183;0;1000;128;0;0;5.469000
184;184;0;1000;128;0;0;7.203000
185;185;0;1000;128;0;0;8.270000
186;186;0;1000;128;0;0;6.040000
187;187;0;1000;128;0;0;5.637000
188;188;0;1000;128;0;0;5.943000
189;189;0;1000;128;0;0;4.923000
190;190;0;1000;128;0;0;6.999000
191;191;0;1000;128;0;0;4.845000
192;192;0;1000;128;0;0;8.118000
193;193;0;1000;128;0;0;7.566000
194;194;0;1000;128;0;0;5.067000
195;195;0;1000;128;0;0;6.500000
196;196;0;1000;128;0;0;6.801000
197;197;0;1000;128;0;0;4.502000
198;198;0;1000;128;0;0;5.508000
199;199;0;1000;128;0;0;5.682000
200;200;0;1000;128;0;0;5.388000
201;201;0;1000;128;0;0;6.720000
202;202;0;1000;128;0;0;5.424000
203;203;0;1000;128;0;0;4.395000
204;204;0;1000;128;0;0;5.574000
205;205;0;1000;128;0;0;6.543000
206;206;0;1000;128;0;0;7.348000
207;207;0;1000;128;0;0;5.703000
208;208;0;1000;128;0;0;8.546000
209;209;0;1000;128;0;0;5.661000
210;210;0;1000;128;0;0;5.342000
211;211;0;1000;128;0;0;5.736000
212;212;0;1000;128;0;0;4.563000
213;213;0;1000;128;0;0;5.856000
214;214;0;1000;128;0;0;4.956000
215;215;0;1000;128;0;0;4.857000
216;216;0;1000;128;0;0;5.937000
217;217;0;1000;128;0;0;4.599000
218;218;0;1000;128;0;0;5.931000
219;219;0;1000;128;0;0;5.712000
220;220;0;1000;128;0;0;8.994000
221;221;0;1000;128;0;0;4.636000
222;222;0;1000;128;0;0;4.736000
223;223;0;1000;128;0;0;5.478000
224;224;0;1000;128;0;0;5.708000
225;225;0;1000;128;0;0;5.348000
226;226;0;1000;128;0;0;5.523000
227;227;0;1000;128;0;0;5.067000
228;228;0;1000;128;0;0;5.718000
229;229;0;1000;128;0;0;4.773000
230;230;0;1000;128;0;0;5.550000
231;231;0;1000;128;0;0;4.608000
232;232;0;1000;128;0;0;6.783000
233;233;0;1000;128;0;0;6.987000
234;234;0;1000;128;0;0;5.667000
235;235;0;1000;128;0;0;6.363000
236;236;0;1000;128;0;0;6.360000
237;237;0;1000;128;0;0;4.803000
238;238;0;1000;128;0;0;6.018000
239;239;0;1000;128;0;0;6.108000
240;240;0;1000;128;0;0;5.139000
241;241;0;1000;128;0;0;4.413000
242;242;0;1000;128;0;0;5.616000
243;243;0;1000;128;0;0;4.410000
244;244;0;1000;128;0;0;5.322000
245;245;0;1000;128;0;0;5.832000
246;246;0;1000;128;0;0;8.223000
247;247;0;1000;128;0;0;4.668000
248;248;0;1000;128;0;0;4.470000
249;249;0;1000;128;0;0;6.027000
250;250;0;1000;128;0;0;5.544000
251;251;0;1000;128;0;0;6.303000
252;252;0;1000;128;0;0;6.450000
253;253;0;1000;128;0;0;5.751000
254;254;0;1000;128;0;0;5.466000
255;255;0;1000;128;0;0;7.383000
256;256;0;1000;128;0;0;6.381000
257;257;0;1000;128;0;0;4.752000
258;258;0;1000;128;0;0;6.450000
259;259;0;1000;128;0;0;5.475000
260;260;0;1000;128;0;0;6.324000
261;261;0;1000;128;0;0;5.436000
262;262;0;1000;128;0;0;5.415000
263;263;0;1000;128;0;0;5.385000
264;264;0;1000;128;0;0;5.390000
265;265;0;1000;128;0;0;5.604000
266;266;0;1000;128;0;0;6.366000
267;267;0;1000;128;0;0;5.223000
268;268;0;1000;128;0;0;6.522000
269;269;0;1000;128;0;0;6.192000
270;270;0;1000;128;0;0;6.465000
271;271;0;1000;128;0;0;5.757000
272;272;0;1000;128;0;0;8.034000
273;273;0;1000;128;0;0;5.826000
274;274;0;1000;128;0;0;6.126000
275;275;0;1000;128;0;0;5.121000
276;276;0;1000;128;0;0;5.052000
277;277;0;1000;128;0;0;5.991000
278;278;0;1000;128;0;0;4.916000
279;279;0;1000;128;0;0;4.974000
280;280;0;1000;128;0;0;6.549000
281;281;0;1000;128;0;0;5.754000
282;282;0;1000;128;0;0;5.574000
283;283;0;1000;128;0;0;10.542000
284;284;0;1000;128;0;0;5.031000
285;285;0;1000;128;0;0;5.547000
286;286;0;1000;128;0;0;5.961000
287;287;0;1000;128;0;0;4.974000
288;288;0;1000;128;0;0;6.495000
289;289;0;1000;128;0;0;6.777000
290;290;0;1000;128;0;0;6.123000
291;291;0;1000;128;0;0;5.754000
292;292;0;1000;128;0;0;7.040000
293;293;0;1000;128;0;0;6.207000
294;294;0;1000;128;0;0;4.728000
295;295;0;1000;128;0;0;5.576000
296;296;0;1000;128;0;0;5.547000
297;297;0;1000;128;0;0;5.730000
298;298;0;1000;128;0;0;7.215000
299;299;0;1000;128;0;0;6.045000
300;300;0;1000;128;0;0;4.836000
301;301;0;1000;128;0;0;5.541000
302;302;0;1000;128;0;0;11.298000
303;303;0;1000;128;0;0;6.771000
304;304;0;1000;128;0;0;6.183000
305;305;0;1000;128;0;0;6.147000
306;306;0;1000;128;0;0;7.173000
307;307;0;1000;128;0;0;4.596000
308;308;0;1000;128;0;0;7.086000
309;309;0;1000;128;0;0;6.582000
310;310;0;1000;128;0;0;5.352000
311;311;0;1000;128;0;0;6.426000
312;312;0;1000;128;0;0;6.963000
313;313;0;1000;128;0;0;7.635000
314;314;0;1000;128;0;0;5.637000
315;315;0;1000;128;0;0;4.626000
316;316;0;1000;128;0;0;4.779000
317;317;0;1000;128;0;0;6.084000
318;318;0;1000;128;0;0;5.784000
319;319;0;1000;128;0;0;5.256000
320;320;0;1000;128;0;0;5.472000
321;321;0;1000;128;0;0;5.148000
322;322;0;1000;128;0;0;7.494000
323;323;0;1000;128;0;0;5.721000
324;324;0;1000;128;0;0;4.695000
325;325;0;1000;128;0;0;6.018000
326;326;0;1000;128;0;0;6.594000
327;327;0;1000;128;0;0;5.244000
328;328;0;1000;128;0;0;6.300000
329;329;0;1000;128;0;0;4.962000
330;330;0;1000;128;0;0;7.590000
331;331;0;1000;128;0;0;5.937000
332;332;0;1000;128;0;0;5.433000
333;333;0;1000;128;0;0;4.388000
334;334;0;1000;128;0;0;5.558000
335;335;0;1000;128;0;0;4.779000
336;336;0;1000;128;0;0;5.586000
337;337;0;1000;128;0;0;5.118000
338;338;0;1000;128;0;0;5.750000
339;339;0;1000;128;0;0;5.850000
340;340;0;1000;128;0;0;5.232000
341;341;0;1000;128;0;0;5.496000
342;342;0;1000;128;0;0;4.600000
343;343;0;1000;128;0;0;5.259000
344;344;0;1000;128;0;0;5.874000
345;345;0;1000;128;0;0;6.252000
346;346;0;1000;128;0;0;6.822000
347;347;0;1000;128;0;0;6.090000
348;348;0;1000;128;0;0;4.839000
349;349;0;1000;128;0;0;6.438000
350;350;0;1000;128;0;0;5.874000
351;351;0;1000;128;0;0;5.865000
352;352;0;1000;128;0;0;5.439000
353;353;0;1000;128;0;0;7.500000
354;354;0;1000;128;0;0;7.893000
355;355;0;1000;128;0;0;9.693000
356;356;0;1000;128;0;0;5.475000
357;357;0;1000;128;0;0;5.811000
358;358;0;1000;128;0;0;7.341000
359;359;0;1000;128;0;0;5.391000
360;360;0;1000;128;0;0;6.117000
361;361;0;1000;128;0;0;6.198000
362;362;0;1000;128;0;0;6.330000
363;363;0;1000;128;0;0;5.220000
364;364;0;1000;128;0;0;5.280000
365;365;0;1000;128;0;0;6.978000
366;366;0;1000;128;0;0;5.382000
367;367;0;1000;128;0;0;5.920000
368;368;0;1000;128;0;0;6.099000
369;369;0;1000;128;0;0;5.868000
370;370;0;1000;128;0;0;5.286000
371;371;0;1000;128;0;0;5.496000
372;372;0;1000;128;0;0;5.535000
373;373;0;1000;128;0;0;4.860000
374;374;0;1000;128;0;0;7.616000
375;375;0;1000;128;0;0;6.219000
376;376;0;1000;128;0;0;4.977000
377;377;0;1000;128;0;0;5.124000
378;378;0;1000;128;0;0;5.628000
379;379;0;1000;128;0;0;5.181000
380;380;0;1000;128;0;0;5.571000
381;381;0;1000;128;0;0;7.605000
382;382;0;1000;128;0;0;8.127000
383;383;0;1000;128;0;0;5.979000
384;384;0;1000;128;0;0;6.123000
385;385;0;1000;128;0;0;4.548000
386;386;0;1000;128;0;0;5.334000
387;387;0;1000;128;0;0;5.616000
388;388;0;1000;128;0;0;6.849000
389;389;0;1000;128;0;0;4.707000
390;390;0;1000;128;0;0;8.856000
391;391;0;1000;128;0;0;5.340000
392;392;0;1000;128;0;0;6.378000
393;393;0;1000;128;0;0;6.754000
394;394;0;1000;128;0;0;5.958000
395;395;0;1000;128;0;0;4.905000
396;396;0;1000;128;0;0;5.670000
397;397;0;1000;128;0;0;5.397000
398;398;0;1000;128;0;0;6.942000
399;399;0;1000;128;0;0;5.097000
400;400;0;1000;128;0;0;7.680000
401;401;0;1000;128;0;0;6.828000
402;402;0;1000;128;0;0;9.129000
403;403;0;1000;128;0;0;4.686000
404;404;0;1000;128;0;0;4.818000
405;405;0;1000;128;0;0;5.772000
406;406;0;1000;128;0;0;4.770000
407;407;0;1000;128;0;0;6.801000
408;408;0;1000;128;0;0;5.220000
409;409;0;1000;128;0;0;6.372000
410;410;0;1000;128;0;0;5.802000
411;411;0;1000;128;0;0;5.637000
412;412;0;1000;128;0;0;6.498000
413;413;0;1000;128;0;0;5.934000
414;414;0;1000;128;0;0;5.643000
415;415;0;1000;128;0;0;4.738000
416;416;0;1000;128;0;0;6.735000
417;417;0;1000;128;0;0;6.234000
418;418;0;1000;128;0;0;5.631000
419;419;0;1000;128;0;0;5.994000
420;420;0;1000;128;0;0;6.273000
421;421;0;1000;128;0;0;4.731000
422;422;0;1000;128;0;0;7.299000
423;423;0;1000;128;0;0;7.096000
424;424;0;1000;128;0;0;7.281000
425;425;0;1000;128;0;0;5.808000
426;426;0;1000;128;0;0;5.526000
427;427;0;1000;128;0;0;5.235000
428;428;0;1000;128;0;0;26.304000
429;429;0;1000;128;0;0;6.879000
430;430;0;1000;128;0;0;5.517000
431;431;0;1000;128;0;0;5.412000
432;432;0;1000;128;0;0;5.700000
433;433;0;1000;128;0;0;5.508000
434;434;0;1000;128;0;0;5.312000
435;435;0;1000;128;0;0;5.430000
436;436;0;1000;128;0;0;24.807000
437;437;0;1000;128;0;0;6.862000
438;438;0;1000;128;0;0;4.956000
439;439;0;1000;128;0;0;5.709000
440;440;0;1000;128;0;0;4.926000
441;441;0;1000;128;0;0;5.538000
442;442;0;1000;128;0;0;6.564000
443;443;0;1000;128;0;0;5.076000
444;444;0;1000;128;0;0;8.700000
445;445;0;1000;128;0;0;6.303000
446;446;0;1000;128;0;0;4.998000
447;447;0;1000;128;0;0;5.496000
448;448;0;1000;128;0;0;6.126000
449;449;0;1000;128;0;0;5.304000
450;450;0;1000;128;0;0;6.456000
451;451;0;1000;128;0;0;5.541000
452;452;0;1000;128;0;0;5.727000
453;453;0;1000;128;0;0;5.943000
454;454;0;1000;128;0;0;4.533000
455;455;0;1000;128;0;0;6.873000
456;456;0;1000;128;0;0;7.596000
457;457;0;1000;128;0;0;5.738000
458;458;0;1000;128;0;0;6.636000
459;459;0;1000;128;0;0;7.090000
460;460;0;1000;128;0;0;8.076000
461;461;0;1000;128;0;0;6.060000
462;462;0;1000;128;0;0;7.006000
463;463;0;1000;128;0;0;5.196000
464;464;0;1000;128;0;0;5.366000
465;465;0;1000;128;0;0;4.800000
466;466;0;1000;128;0;0;6.648000
467;467;0;1000;128;0;0;5.109000
468;468;0;1000;128;0;0;5.262000
469;469;0;1000;128;0;0;7.614000
470;470;0;1000;128;0;0;5.094000
471;471;0;1000;128;0;0;5.370000
472;472;0;1000;128;0;0;4.969000
473;473;0;1000;128;0;0;5.892000
474;474;0;1000;128;0;0;5.799000
475;475;0;1000;128;0;0;5.340000
476;476;0;1000;128;0;0;7.716000
477;477;0;1000;128;0;0;6.924000
478;478;0;1000;128;0;0;5.349000
479;479;0;1000;128;0;0;5.472000
480;480;0;1000;128;0;0;5.724000
481;481;0;1000;128;0;0;6.327000
482;482;0;1000;128;0;0;6.258000
483;483;0;1000;128;0;0;5.230000
484;484;0;1000;128;0;0;5.217000
485;485;0;1000;128;0;0;7.602000
486;486;0;1000;128;0;0;6.843000
487;487;0;1000;128;0;0;4.758000
488;488;0;1000;128;0;0;5.976000
489;489;0;1000;128;0;0;5.373000
490;490;0;1000;128;0;0;5.595000
491;491;0;1000;128;0;0;5.118000
492;492;0;1000;128;0;0;5.688000
493;493;0;1000;128;0;0;5.865000
494;494;0;1000;128;0;0;7.017000
495;495;0;1000;128;0;0;4.992000
496;496;0;1000;128;0;0;5.385000
497;497;0;1000;128;0;0;5.031000
498;498;0;1000;128;0;0;6.375000
499;499;0;1000;128;0;0;5.865000
500;500;0;1000;128;0;0;5.046000
501;501;0;1000;128;0;0;5.397000
502;502;0;1000;128;0;0;5.763000
503;503;0;1000;128;0;0;4.680000
504;504;0;1000;128;0;0;7.710000
505;505;0;1000;128;0;0;5.346000
506;506;0;1000;128;0;0;8.445000
507;507;0;1000;128;0;0;4.740000
508;508;0;1000;128;0;0;7.905000
509;509;0;1000;128;0;0;6.444000
510;510;0;1000;128;0;0;5.373000
511;511;0;1000;128;0;0;5.832000
512;512;0;1000;128;0;0;6.045000
513;513;0;1000;128;0;0;5.436000
514;514;0;1000;128;0;0;4.722000
515;515;0;1000;128;0;0;5.352000
516;516;0;1000;128;0;0;5.160000
517;517;0;1000;128;0;0;6.585000
518;518;0;1000;128;0;0;5.121000
519;519;0;1000;128;0;0;6.648000
520;520;0;1000;128;0;0;5.724000
521;521;0;1000;128;0;0;5.394000
522;522;0;1000;128;0;0;7.572000
523;523;0;1000;128;0;0;5.462000
524;524;0;1000;128;0;0;6.447000
525;525;0;1000;128;0;0;6.831000
526;526;0;1000;128;0;0;5.373000
527;527;0;1000;128;0;0;5.438000
528;528;0;1000;128;0;0;4.722000
529;529;0;1000;128;0;0;6.795000
530;530;0;1000;128;0;0;5.427000
531;531;0;1000;128;0;0;5.487000
532;532;0;1000;128;0;0;5.304000
533;533;0;1000;128;0;0;10.197000
534;534;0;1000;128;0;0;5.040000
535;535;0;1000;128;0;0;5.004000
536;536;0;1000;128;0;0;6.294000
537;537;0;1000;128;0;0;6.597000
538;538;0;1000;128;0;0;4.794000
539;539;0;1000;128;0;0;8.032000
540;540;0;1000;128;0;0;5.520000
541;541;0;1000;128;0;0;4.605000
542;542;0;1000;128;0;0;5.496000
543;543;0;1000;128;0;0;5.142000
544;544;0;1000;128;0;0;5.673000
545;545;0;1000;128;0;0;6.878000
546;546;0;1000;128;0;0;6.576000
547;547;0;1000;128;0;0;5.232000
548;548;0;1000;128;0;0;6.117000
549;549;0;1000;128;0;0;5.646000
550;550;0;1000;128;0;0;5.592000
551;551;0;1000;128;0;0;4.725000
552;552;0;1000;128;0;0;5.613000
553;553;0;1000;128;0;0;5.373000
554;554;0;1000;128;0;0;6.072000
555;555;0;1000;128;0;0;5.673000
556;556;0;1000;128;0;0;4.752000
557;557;0;1000;128;0;0;5.874000
558;558;0;1000;128;0;0;6.756000
559;559;0;1000;128;0;0;8.778000
560;560;0;1000;128;0;0;5.850000
561;561;0;1000;128;0;0;7.275000
562;562;0;1000;128;0;0;7.512000
563;563;0;1000;128;0;0;4.701000
564;564;0;1000;128;0;0;7.044000
565;565;0;1000;128;0;0;11.145000
566;566;0;1000;128;0;0;7.302000
567;567;0;1000;128;0;0;5.526000
568;568;0;1000;128;0;0;7.064000
569;569;0;1000;128;0;0;6.519000
570;570;0;1000;128;0;0;5.952000
571;571;0;1000;128;0;0;5.688000
572;572;0;1000;128;0;0;5.262000
573;573;0;1000;128;0;0;4.683000
574;574;0;1000;128;0;0;5.360000
575;575;0;1000;128;0;0;5.949000
576;576;0;1000;128;0;0;4.542000
577;577;0;1000;128;0;0;5.427000
578;578;0;1000;128;0;0;5.760000
579;579;0;1000;128;0;0;5.589000
580;580;0;1000;128;0;0;5.430000
581;581;0;1000;128;0;0;6.795000
582;582;0;1000;128;0;0;5.880000
583;583;0;1000;128;0;0;7.275000
584;584;0;1000;128;0;0;11.100000
585;585;0;1000;128;0;0;6.993000
586;586;0;1000;128;0;0;8.337000
587;587;0;1000;128;0;0;6.213000
588;588;0;1000;128;0;0;4.653000
589;589;0;1000;128;0;0;6.216000
590;590;0;1000;128;0;0;6.735000
591;591;0;1000;128;0;0;6.771000
592;592;0;1000;128;0;0;6.678000
593;593;0;1000;128;0;0;4.965000
594;594;0;1000;128;0;0;4.746000
595;595;0;1000;128;0;0;5.337000
596;596;0;1000;128;0;0;5.646000
597;597;0;1000;128;0;0;5.271000
598;598;0;1000;128;0;0;5.439000
599;599;0;1000;128;0;0;6.678000
600;600;0;1000;128;0;0;6.057000
601;601;0;1000;128;0;0;6.141000
602;602;0;1000;128;0;0;5.271000
603;603;0;1000;128;0;0;5.634000
604;604;0;1000;128;0;0;7.792000
605;605;0;1000;128;0;0;6.540000
606;606;0;1000;128;0;0;6.207000
607;607;0;1000;128;0;0;5.067000
608;608;0;1000;128;0;0;5.901000
609;609;0;1000;128;0;0;4.812000
610;610;0;1000;128;0;0;6.720000
611;611;0;1000;128;0;0;5.991000
612;612;0;1000;128;0;0;5.898000
613;613;0;1000;128;0;0;6.885000
614;614;0;1000;128;0;0;5.811000
615;615;0;1000;128;0;0;5.325000
616;616;0;1000;128;0;0;5.715000
617;617;0;1000;128;0;0;5.286000
618;618;0;1000;128;0;0;6.381000
619;619;0;1000;128;0;0;4.758000
620;620;0;1000;128;0;0;5.820000
621;621;0;1000;128;0;0;4.948000
622;622;0;1000;128;0;0;5.511000
623;623;0;1000;128;0;0;5.403000
624;624;0;1000;128;0;0;4.548000
625;625;0;1000;128;0;0;4.635000
626;626;0;1000;128;0;0;5.418000
627;627;0;1000;128;0;0;4.950000
628;628;0;1000;128;0;0;6.852000
629;629;0;1000;128;0;0;6.114000
630;630;0;1000;128;0;0;7.641000
631;631;0;1000;128;0;0;5.494000
632;632;0;1000;128;0;0;4.494000
633;633;0;1000;128;0;0;6.099000
634;634;0;1000;128;0;0;5.724000
635;635;0;1000;128;0;0;4.743000
636;636;0;1000;128;0;0;4.749000
637;637;0;1000;128;0;0;6.282000
638;638;0;1000;128;0;0;5.682000
639;639;0;1000;128;0;0;6.825000
640;640;0;1000;128;0;0;4.917000
641;641;0;1000;128;0;0;5.392000
642;642;0;1000;128;0;0;5.658000
643;643;0;1000;128;0;0;7.575000
644;644;0;1000;128;0;0;5.388000
645;645;0;1000;128;0;0;5.406000
646;646;0;1000;128;0;0;6.990000
647;647;0;1000;128;0;0;5.370000
648;648;0;1000;128;0;0;7.566000
649;649;0;1000;128;0;0;5.484000
650;650;0;1000;128;0;0;4.989000
651;651;0;1000;128;0;0;5.254000
652;652;0;1000;128;0;0;7.737000
653;653;0;1000;128;0;0;5.691000
654;654;0;1000;128;0;0;8.244000
655;655;0;1000;128;0;0;8.964000
656;656;0;1000;128;0;0;6.952000
657;657;0;1000;128;0;0;6.840000
658;658;0;1000;128;0;0;5.163000
659;659;0;1000;128;0;0;6.714000
660;660;0;1000;128;0;0;6.222000
661;661;0;1000;128;0;0;6.501000
662;662;0;1000;128;0;0;5.604000
663;663;0;1000;128;0;0;4.680000
664;664;0;1000;128;0;0;6.030000
665;665;0;1000;128;0;0;5.184000
666;666;0;1000;128;0;0;6.591000
667;667;0;1000;128;0;0;4.875000
668;668;0;1000;128;0;0;5.139000
669;669;0;1000;128;0;0;5.238000
670;670;0;1000;128;0;0;6.393000
671;671;0;1000;128;0;0;6.033000
672;672;0;1000;128;0;0;4.398000
673;673;0;1000;128;0;0;8.334000
674;674;0;1000;128;0;0;5.290000
675;675;0;1000;128;0;0;6.708000
676;676;0;1000;128;0;0;5.422000
677;677;0;1000;128;0;0;4.772000
678;678;0;1000;128;0;0;5.304000
679;679;0;1000;128;0;0;9.891000
680;680;0;1000;128;0;0;4.638000
681;681;0;1000;128;0;0;5.316000
682;682;0;1000;128;0;0;6.489000
683;683;0;1000;128;0;0;5.556000
684;684;0;1000;128;0;0;5.178000
685;685;0;1000;128;0;0;5.682000
686;686;0;1000;128;0;0;4.962000
687;687;0;1000;128;0;0;5.978000
688;688;0;1000;128;0;0;6.054000
689;689;0;1000;128;0;0;6.660000
690;690;0;1000;128;0;0;4.413000
691;691;0;1000;128;0;0;5.043000
692;692;0;1000;128;0;0;7.060000
693;693;0;1000;128;0;0;4.260000
694;694;0;1000;128;0;0;5.224000
695;695;0;1000;128;0;0;6.015000
696;696;0;1000;128;0;0;4.608000
697;697;0;1000;128;0;0;7.746000
698;698;0;1000;128;0;0;5.271000
699;699;0;1000;128;0;0;5.400000
700;700;0;1000;128;0;0;5.330000
701;701;0;1000;128;0;0;5.859000
702;702;0;1000;128;0;0;5.931000
703;703;0;1000;128;0;0;8.436000
704;704;0;1000;128;0;0;6.927000
705;705;0;1000;128;0;0;5.553000
706;706;0;1000;128;0;0;5.445000
707;707;0;1000;128;0;0;16.095000
708;708;0;1000;128;0;0;6.438000
709;709;0;1000;128;0;0;6.909000
710;710;0;1000;128;0;0;6.030000
711;711;0;1000;128;0;0;6.982000
712;712;0;1000;128;0;0;5.175000
713;713;0;1000;128;0;0;6.412000
714;714;0;1000;128;0;0;4.992000
715;715;0;1000;128;0;0;6.651000
716;716;0;1000;128;0;0;4.738000
717;717;0;1000;128;0;0;5.697000
718;718;0;1000;128;0;0;6.057000
719;719;0;1000;128;0;0;5.493000
720;720;0;1000;128;0;0;6.026000
721;721;0;1000;128;0;0;5.511000
722;722;0;1000;128;0;0;5.518000
723;723;0;1000;128;0;0;4.731000
724;724;0;1000;128;0;0;5.337000
725;725;0;1000;128;0;0;5.886000
726;726;0;1000;128;0;0;5.868000
727;727;0;1000;128;0;0;5.427000
728;728;0;1000;128;0;0;5.499000
729;729;0;1000;128;0;0;4.658000
730;730;0;1000;128;0;0;5.571000
731;731;0;1000;128;0;0;5.091000
732;732;0;1000;128;0;0;5.385000
733;733;0;1000;128;0;0;4.701000
734;734;0;1000;128;0;0;5.964000
735;735;0;1000;128;0;0;5.328000
736;736;0;1000;128;0;0;5.578000
737;737;0;1000;128;0;0;5.877000
738;738;0;1000;128;0;0;5.655000
739;739;0;1000;128;0;0;4.731000
740;740;0;1000;128;0;0;5.433000
741;741;0;1000;128;0;0;6.054000
742;742;0;1000;128;0;0;6.039000
743;743;0;1000;128;0;0;4.659000
744;744;0;1000;128;0;0;5.151000
745;745;0;1000;128;0;0;5.673000
746;746;0;1000;128;0;0;6.420000
747;747;0;1000;128;0;0;5.586000
748;748;0;1000;128;0;0;5.448000
749;749;0;1000;128;0;0;5.250000
750;750;0;1000;128;0;0;6.960000
751;751;0;1000;128;0;0;5.868000
752;752;0;1000;128;0;0;5.442000
753;753;0;1000;128;0;0;5.325000
754;754;0;1000;128;0;0;5.484000
755;755;0;1000;128;0;0;5.373000
756;756;0;1000;128;0;0;6.408000
757;757;0;1000;128;0;0;5.439000
758;758;0;1000;128;0;0;4.962000
759;759;0;1000;128;0;0;5.810000
760;760;0;1000;128;0;0;5.631000
761;761;0;1000;128;0;0;4.773000
762;762;0;1000;128;0;0;4.620000
763;763;0;1000;128;0;0;6.453000
764;764;0;1000;128;0;0;5.193000
765;765;0;1000;128;0;0;4.401000
766;766;0;1000;128;0;0;5.602000
767;767;0;1000;128;0;0;4.929000
768;768;0;1000;128;0;0;5.541000
769;769;0;1000;128;0;0;4.674000
770;770;0;1000;128;0;0;6.147000
771;771;0;1000;128;0;0;7.519000
772;772;0;1000;128;0;0;6.630000
773;773;0;1000;128;0;0;5.487000
774;774;0;1000;128;0;0;7.029000
775;775;0;1000;128;0;0;5.444000
776;776;0;1000;128;0;0;5.409000
777;777;0;1000;128;0;0;5.050000
778;778;0;1000;128;0;0;4.758000
779;779;0;1000;128;0;0;4.510000
780;780;0;1000;128;0;0;10.434000
781;781;0;1000;128;0;0;6.516000
782;782;0;1000;128;0;0;4.806000
783;783;0;1000;128;0;0;6.498000
784;784;0;1000;128;0;0;6.450000
785;785;0;1000;128;0;0;6.465000
786;786;0;1000;128;0;0;6.906000
787;787;0;1000;128;0;0;4.804000
788;788;0;1000;128;0;0;5.232000
789;789;0;1000;128;0;0;4.563000
790;790;0;1000;128;0;0;4.905000
791;791;0;1000;128;0;0;5.618000
792;792;0;1000;128;0;0;5.868000
793;793;0;1000;128;0;0;5.916000
794;794;0;1000;128;0;0;7.494000
795;795;0;1000;128;0;0;8.031000
796;796;0;1000;128;0;0;5.040000
797;797;0;1000;128;0;0;6.018000
798;798;0;1000;128;0;0;5.442000
799;799;0;1000;128;0;0;5.646000
800;800;0;1000;128;0;0;6.384000
801;801;0;1000;128;0;0;6.822000
802;802;0;1000;128;0;0;5.406000
803;803;0;1000;128;0;0;6.549000
804;804;0;1000;128;0;0;5.871000
805;805;0;1000;128;0;0;5.253000
806;806;0;1000;128;0;0;5.142000
807;807;0;1000;128;0;0;7.188000
808;808;0;1000;128;0;0;5.421000
809;809;0;1000;128;0;0;4.938000
810;810;0;1000;128;0;0;6.135000
811;811;0;1000;128;0;0;5.820000
812;812;0;1000;128;0;0;7.056000
813;813;0;1000;128;0;0;4.479000
814;814;0;1000;128;0;0;6.030000
815;815;0;1000;128;0;0;5.368000
816;816;0;1000;128;0;0;5.031000
817;817;0;1000;128;0;0;4.386000
818;818;0;1000;128;0;0;5.664000
819;819;0;1000;128;0;0;7.755000
820;820;0;1000;128;0;0;5.778000
821;821;0;1000;128;0;0;5.138000
822;822;0;1000;128;0;0;5.928000
823;823;0;1000;128;0;0;6.360000
824;824;0;1000;128;0;0;5.361000
825;825;0;1000;128;0;0;7.018000
826;826;0;1000;128;0;0;5.022000
827;827;0;1000;128;0;0;6.862000
828;828;0;1000;128;0;0;5.850000
829;829;0;1000;128;0;0;5.230000
830;830;0;1000;128;0;0;5.400000
831;831;0;1000;128;0;0;4.380000
832;832;0;1000;128;0;0;6.417000
833;833;0;1000;128;0;0;6.045000
834;834;0;1000;128;0;0;5.178000
835;835;0;1000;128;0;0;4.668000
836;836;0;1000;128;0;0;5.724000
837;837;0;1000;128;0;0;8.040000
838;838;0;1000;128;0;0;5.748000
839;839;0;1000;128;0;0;6.810000
840;840;0;1000;128;0;0;4.665000
841;841;0;1000;128;0;0;8.154000
842;842;0;1000;128;0;0;5.205000
843;843;0;1000;128;0;0;5.190000
844;844;0;1000;128;0;0;6.042000
845;845;0;1000;128;0;0;6.864000
846;846;0;1000;128;0;0;4.692000
847;847;0;1000;128;0;0;4.420000
848;848;0;1000;128;0;0;6.207000
849;849;0;1000;128;0;0;4.578000
850;850;0;1000;128;0;0;5.205000
851;851;0;1000;128;0;0;6.999000
852;852;0;1000;128;0;0;4.794000
853;853;0;1000;128;0;0;4.455000
854;854;0;1000;128;0;0;5.754000
855;855;0;1000;128;0;0;5.262000
856;856;0;1000;128;0;0;5.361000
857;857;0;1000;128;0;0;5.694000
858;858;0;1000;128;0;0;5.079000
859;859;0;1000;128;0;0;6.210000
860;860;0;1000;128;0;0;5.244000
861;861;0;1000;128;0;0;6.315000
862;862;0;1000;128;0;0;5.346000
863;863;0;1000;128;0;0;5.460000
864;864;0;1000;128;0;0;5.163000
865;865;0;1000;128;0;0;5.178000
866;866;0;1000;128;0;0;7.071000
867;867;0;1000;128;0;0;5.385000
868;868;0;1000;128;0;0;5.301000
869;869;0;1000;128;0;0;5.199000
870;870;0;1000;128;0;0;6.036000
871;871;0;1000;128;0;0;6.684000
872;872;0;1000;128;0;0;5.994000
873;873;0;1000;128;0;0;5.622000
874;874;0;1000;128;0;0;5.750000
875;875;0;1000;128;0;0;9.357000
876;876;0;1000;128;0;0;9.711000
877;877;0;1000;128;0;0;5.788000
878;878;0;1000;128;0;0;6.192000
879;879;0;1000;128;0;0;5.400000
880;880;0;1000;128;0;0;4.671000
881;881;0;1000;128;0;0;6.148000
882;882;0;1000;128;0;0;5.532000
883;883;0;1000;128;0;0;7.176000
884;884;0;1000;128;0;0;6.468000
885;885;0;1000;128;0;0;5.547000
886;886;0;1000;128;0;0;6.669000
887;887;0;1000;128;0;0;6.675000
888;888;0;1000;128;0;0;8.133000
889;889;0;1000;128;0;0;6.825000
890;890;0;1000;128;0;0;5.715000
891;891;0;1000;128;0;0;7.299000
892;892;0;1000;128;0;0;5.440000
893;893;0;1000;128;0;0;5.472000
894;894;0;1000;128;0;0;49.755000
895;895;0;1000;128;0;0;4.665000
896;896;0;1000;128;0;0;5.829000
897;897;0;1000;128;0;0;5.524000
898;898;0;1000;128;0;0;4.620000
899;899;0;1000;128;0;0;4.860000
900;900;0;1000;128;0;0;11.178000
901;901;0;1000;128;0;0;6.358000
902;902;0;1000;128;0;0;4.356000
903;903;0;1000;128;0;0;5.892000
904;904;0;1000;128;0;0;6.219000
905;905;0;1000;128;0;0;5.631000
906;906;0;1000;128;0;0;6.513000
907;907;0;1000;128;0;0;5.775000
908;908;0;1000;128;0;0;10.584000
909;909;0;1000;128;0;0;5.544000
910;910;0;1000;128;0;0;5.169000
911;911;0;1000;128;0;0;6.039000
912;912;0;1000;128;0;0;11.967000
913;913;0;1000;128;0;0;5.208000
914;914;0;1000;128;0;0;6.663000
915;915;0;1000;128;0;0;7.395000
916;916;0;1000;128;0;0;5.508000
917;917;0;1000;128;0;0;5.682000
918;918;0;1000;128;0;0;6.150000
919;919;0;1000;128;0;0;4.646000
920;920;0;1000;128;0;0;6.354000
921;921;0;1000;128;0;0;5.256000
922;922;0;1000;128;0;0;5.814000
923;923;0;1000;128;0;0;4.551000
924;924;0;1000;128;0;0;4.725000
925;925;0;1000;128;0;0;5.133000
926;926;0;1000;128;0;0;5.490000
927;927;0;1000;128;0;0;4.845000
928;928;0;1000;128;0;0;25.068000
929;929;0;1000;128;0;0;5.478000
930;930;0;1000;128;0;0;5.598000
931;931;0;1000;128;0;0;11.769000
932;932;0;1000;128;0;0;5.835000
933;933;0;1000;128;0;0;10.572000
934;934;0;1000;128;0;0;6.288000
935;935;0;1000;128;0;0;5.056000
936;936;0;1000;128;0;0;4.782000
937;937;0;1000;128;0;0;9.786000
938;938;0;1000;128;0;0;5.385000
939;939;0;1000;128;0;0;5.445000
940;940;0;1000;128;0;0;5.592000
941;941;0;1000;128;0;0;7.140000
942;942;0;1000;128;0;0;5.541000
943;943;0;1000;128;0;0;5.388000
944;944;0;1000;128;0;0;4.926000
945;945;0;1000;128;0;0;6.432000
946;946;0;1000;128;0;0;7.713000
947;947;0;1000;128;0;0;5.550000
948;948;0;1000;128;0;0;4.551000
949;949;0;1000;128;0;0;5.782000
950;950;0;1000;128;0;0;7.300000
951;951;0;1000;128;0;0;5.538000
952;952;0;1000;128;0;0;5.721000
953;953;0;1000;128;0;0;7.458000
954;954;0;1000;128;0;0;6.477000
955;955;0;1000;128;0;0;5.802000
956;956;0;1000;128;0;0;6.879000
957;957;0;1000;128;0;0;6.453000
958;958;0;1000;128;0;0;6.663000
959;959;0;1000;128;0;0;4.413000
960;960;0;1000;128;0;0;5.286000
961;961;0;1000;128;0;0;6.447000
962;962;0;1000;128;0;0;6.336000
963;963;0;1000;128;0;0;5.055000
964;964;0;1000;128;0;0;5.916000
965;965;0;1000;128;0;0;4.530000
966;966;0;1000;128;0;0;5.360000
967;967;0;1000;128;0;0;4.578000
968;968;0;1000;128;0;0;5.709000
969;969;0;1000;128;0;0;5.214000
970;970;0;1000;128;0;0;7.749000
971;971;0;1000;128;0;0;5.361000
972;972;0;1000;128;0;0;5.934000
973;973;0;1000;128;0;0;5.730000
974;974;0;1000;128;0;0;4.898000
975;975;0;1000;128;0;0;5.646000
976;976;0;1000;128;0;0;5.433000
977;977;0;1000;128;0;0;6.516000
978;978;0;1000;128;0;0;7.044000
979;979;0;1000;128;0;0;6.330000
980;980;0;1000;128;0;0;6.855000
981;981;0;1000;128;0;0;5.007000
982;982;0;1000;128;0;0;4.737000
983;983;0;1000;128;0;0;5.739000
984;984;0;1000;128;0;0;4.710000
985;985;0;1000;128;0;0;5.694000
986;986;0;1000;128;0;0;6.126000
987;987;0;1000;128;0;0;5.016000
988;988;0;1000;128;0;0;5.949000
989;989;0;1000;128;0;0;4.664000
990;990;0;1000;128;0;0;6.861000
991;991;0;1000;128;0;0;4.758000
992;992;0;1000;128;0;0;5.337000
993;993;0;1000;128;0;0;5.793000
994;994;0;1000;128;0;0;6.357000
995;995;0;1000;128;0;0;5.322000
996;996;0;1000;128;0;0;5.427000
997;997;0;1000;128;0;0;4.803000
998;998;0;1000;128;0;0;6.321000
999;999;0;1000;128;0;0;5.598000
1000;1000;0;1000;128;0;0;4.815000
