1;1;0;90000;128;0;0;4767
2;1;1;90000;128;0;0;4464
3;1;2;90000;128;0;0;2886
4;1;3;90000;128;0;0;2850
5;1;4;90000;128;0;0;7665
6;1;5;90000;128;0;0;8256
7;1;6;90000;128;0;0;4170
8;1;7;90000;128;0;0;3939
9;1;8;90000;128;0;0;8901
10;1;9;90000;128;0;0;9777
11;2;0;90000;128;0;0;4653
12;2;1;90000;128;0;0;2934
13;2;2;90000;128;0;0;2955
14;2;3;90000;128;0;0;2925
15;2;4;90000;128;0;0;3039
16;2;5;90000;128;0;0;10362
17;2;6;90000;128;0;0;3567
18;2;7;90000;128;0;0;3483
19;2;8;90000;128;0;0;3441
20;2;9;90000;128;0;0;3381
21;3;0;90000;128;0;0;5244
22;3;1;90000;128;0;0;3693
23;3;2;90000;128;0;0;3621
24;3;3;90000;128;0;0;4353
25;3;4;90000;128;0;0;2826
26;3;5;90000;128;0;0;3033
27;3;6;90000;128;0;0;2916
28;3;7;90000;128;0;0;4917
29;3;8;90000;128;0;0;3954
30;3;9;90000;128;0;0;8904
31;4;0;90000;128;0;0;4574
32;4;1;90000;128;0;0;3208
33;4;2;90000;128;0;0;2994
34;4;3;90000;128;0;0;4434
35;4;4;90000;128;0;0;2986
36;4;5;90000;128;0;0;2942
37;4;6;90000;128;0;0;14020
38;4;7;90000;128;0;0;2943
39;4;8;90000;128;0;0;2841
40;4;9;90000;128;0;0;2829
41;5;0;90000;128;0;0;5814
42;5;1;90000;128;0;0;3714
43;5;2;90000;128;0;0;3972
44;5;3;90000;128;0;0;15624
45;5;4;90000;128;0;0;3933
46;5;5;90000;128;0;0;3009
47;5;6;90000;128;0;0;3801
48;5;7;90000;128;0;0;4242
49;5;8;90000;128;0;0;4335
50;5;9;90000;128;0;0;3033
51;6;0;90000;128;0;0;5301
52;6;1;90000;128;0;0;3522
53;6;2;90000;128;0;0;3909
54;6;3;90000;128;0;0;4395
55;6;4;90000;128;0;0;5412
56;6;5;90000;128;0;0;4671
57;6;6;90000;128;0;0;19443
58;6;7;90000;128;0;0;7674
59;6;8;90000;128;0;0;7560
60;6;9;90000;128;0;0;4173
61;7;0;90000;128;0;0;3564
62;7;1;90000;128;0;0;15036
63;7;2;90000;128;0;0;6081
64;7;3;90000;128;0;0;3540
65;7;4;90000;128;0;0;3453
66;7;5;90000;128;0;0;3438
67;7;6;90000;128;0;0;3420
68;7;7;90000;128;0;0;4587
69;7;8;90000;128;0;0;2823
70;7;9;90000;128;0;0;2865
71;8;0;90000;128;0;0;5445
72;8;1;90000;128;0;0;3420
73;8;2;90000;128;0;0;8235
74;8;3;90000;128;0;0;4536
75;8;4;90000;128;0;0;9543
76;8;5;90000;128;0;0;7386
77;8;6;90000;128;0;0;3801
78;8;7;90000;128;0;0;5787
79;8;8;90000;128;0;0;8352
80;8;9;90000;128;0;0;4086
81;9;0;90000;128;0;0;5478
82;9;1;90000;128;0;0;14262
83;9;2;90000;128;0;0;4629
84;9;3;90000;128;0;0;4314
85;9;4;90000;128;0;0;3546
86;9;5;90000;128;0;0;5094
87;9;6;90000;128;0;0;3063
88;9;7;90000;128;0;0;2913
89;9;8;90000;128;0;0;3909
90;9;9;90000;128;0;0;13818
91;10;0;90000;128;0;0;4890
92;10;1;90000;128;0;0;3018
93;10;2;90000;128;0;0;3006
94;10;3;90000;128;0;0;4668
95;10;4;90000;128;0;0;3093
96;10;5;90000;128;0;0;3030
97;10;6;90000;128;0;0;3750
98;10;7;90000;128;0;0;4602
99;10;8;90000;128;0;0;9012
100;10;9;90000;128;0;0;20706
101;11;0;90000;128;0;0;5280
102;11;1;90000;128;0;0;3405
103;11;2;90000;128;0;0;8739
104;11;3;90000;128;0;0;4908
105;11;4;90000;128;0;0;7932
106;11;5;90000;128;0;0;8352
107;11;6;90000;128;0;0;8742
108;11;7;90000;128;0;0;9840
109;11;8;90000;128;0;0;9111
110;11;9;90000;128;0;0;9612
111;12;0;90000;128;0;0;4767
112;12;1;90000;128;0;0;3042
113;12;2;90000;128;0;0;3231
114;12;3;90000;128;0;0;4452
115;12;4;90000;128;0;0;3003
116;12;5;90000;128;0;0;3156
117;12;6;90000;128;0;0;20796
118;12;7;90000;128;0;0;9606
119;12;8;90000;128;0;0;2832
120;12;9;90000;128;0;0;3012
121;13;0;90000;128;0;0;4926
122;13;1;90000;128;0;0;3192
123;13;2;90000;128;0;0;2916
124;13;3;90000;128;0;0;2880
125;13;4;90000;128;0;0;2982
126;13;5;90000;128;0;0;2844
127;13;6;90000;128;0;0;4773
128;13;7;90000;128;0;0;2880
129;13;8;90000;128;0;0;3087
130;13;9;90000;128;0;0;2871
131;14;0;90000;128;0;0;4734
132;14;1;90000;128;0;0;3252
133;14;2;90000;128;0;0;3579
134;14;3;90000;128;0;0;4104
135;14;4;90000;128;0;0;3735
136;14;5;90000;128;0;0;3207
137;14;6;90000;128;0;0;4992
138;14;7;90000;128;0;0;2898
139;14;8;90000;128;0;0;7986
140;14;9;90000;128;0;0;12939
141;15;0;90000;128;0;0;5289
142;15;1;90000;128;0;0;5292
143;15;2;90000;128;0;0;3654
144;15;3;90000;128;0;0;3243
145;15;4;90000;128;0;0;3369
146;15;5;90000;128;0;0;8793
147;15;6;90000;128;0;0;4575
148;15;7;90000;128;0;0;3522
149;15;8;90000;128;0;0;3012
150;15;9;90000;128;0;0;5328
151;16;0;90000;128;0;0;4659
152;16;1;90000;128;0;0;3216
153;16;2;90000;128;0;0;2907
154;16;3;90000;128;0;0;4635
155;16;4;90000;128;0;0;3087
156;16;5;90000;128;0;0;2907
157;16;6;90000;128;0;0;4494
158;16;7;90000;128;0;0;3054
159;16;8;90000;128;0;0;3021
160;16;9;90000;128;0;0;2877
161;17;0;90000;128;0;0;5301
162;17;1;90000;128;0;0;3429
163;17;2;90000;128;0;0;5775
164;17;3;90000;128;0;0;4407
165;17;4;90000;128;0;0;3465
166;17;5;90000;128;0;0;4203
167;17;6;90000;128;0;0;5385
168;17;7;90000;128;0;0;10083
169;17;8;90000;128;0;0;4236
170;17;9;90000;128;0;0;3603
171;18;0;90000;128;0;0;3914
172;18;1;90000;128;0;0;4860
173;18;2;90000;128;0;0;2992
174;18;3;90000;128;0;0;2898
175;18;4;90000;128;0;0;4720
176;18;5;90000;128;0;0;3006
177;18;6;90000;128;0;0;2874
178;18;7;90000;128;0;0;4918
179;18;8;90000;128;0;0;3000
180;18;9;90000;128;0;0;3192
181;19;0;90000;128;0;0;10389
182;19;1;90000;128;0;0;3654
183;19;2;90000;128;0;0;9438
184;19;3;90000;128;0;0;8418
185;19;4;90000;128;0;0;8250
186;19;5;90000;128;0;0;4071
187;19;6;90000;128;0;0;8973
188;19;7;90000;128;0;0;8565
189;19;8;90000;128;0;0;4005
190;19;9;90000;128;0;0;8979
191;20;0;90000;128;0;0;5568
192;20;1;90000;128;0;0;3420
193;20;2;90000;128;0;0;3909
194;20;3;90000;128;0;0;3981
195;20;4;90000;128;0;0;3780
196;20;5;90000;128;0;0;2985
197;20;6;90000;128;0;0;3804
198;20;7;90000;128;0;0;3903
199;20;8;90000;128;0;0;2934
200;20;9;90000;128;0;0;2919
201;21;0;90000;128;0;0;5058
202;21;1;90000;128;0;0;2946
203;21;2;90000;128;0;0;3220
204;21;3;90000;128;0;0;4032
205;21;4;90000;128;0;0;3104
206;21;5;90000;128;0;0;2962
207;21;6;90000;128;0;0;4774
208;21;7;90000;128;0;0;3120
209;21;8;90000;128;0;0;3642
210;21;9;90000;128;0;0;3780
211;22;0;90000;128;0;0;4701
212;22;1;90000;128;0;0;2967
213;22;2;90000;128;0;0;3345
214;22;3;90000;128;0;0;4155
215;22;4;90000;128;0;0;3231
216;22;5;90000;128;0;0;2964
217;22;6;90000;128;0;0;4686
218;22;7;90000;128;0;0;2985
219;22;8;90000;128;0;0;2997
220;22;9;90000;128;0;0;2895
221;23;0;90000;128;0;0;3255
222;23;1;90000;128;0;0;4161
223;23;2;90000;128;0;0;4113
224;23;3;90000;128;0;0;3177
225;23;4;90000;128;0;0;4926
226;23;5;90000;128;0;0;3030
227;23;6;90000;128;0;0;3246
228;23;7;90000;128;0;0;3009
229;23;8;90000;128;0;0;3843
230;23;9;90000;128;0;0;14721
231;24;0;90000;128;0;0;5580
232;24;1;90000;128;0;0;3615
233;24;2;90000;128;0;0;6939
234;24;3;90000;128;0;0;9417
235;24;4;90000;128;0;0;14988
236;24;5;90000;128;0;0;8667
237;24;6;90000;128;0;0;9036
238;24;7;90000;128;0;0;4344
239;24;8;90000;128;0;0;8844
240;24;9;90000;128;0;0;8322
241;25;0;90000;128;0;0;5298
242;25;1;90000;128;0;0;3462
243;25;2;90000;128;0;0;11694
244;25;3;90000;128;0;0;9615
245;25;4;90000;128;0;0;4635
246;25;5;90000;128;0;0;3366
247;25;6;90000;128;0;0;4401
248;25;7;90000;128;0;0;3267
249;25;8;90000;128;0;0;2931
250;25;9;90000;128;0;0;5262
251;26;0;90000;128;0;0;3735
252;26;1;90000;128;0;0;4461
253;26;2;90000;128;0;0;3993
254;26;3;90000;128;0;0;3963
255;26;4;90000;128;0;0;8851
256;26;5;90000;128;0;0;2806
257;26;6;90000;128;0;0;3444
258;26;7;90000;128;0;0;2938
259;26;8;90000;128;0;0;2968
260;26;9;90000;128;0;0;2884
261;27;0;90000;128;0;0;5520
262;27;1;90000;128;0;0;4110
263;27;2;90000;128;0;0;4131
264;27;3;90000;128;0;0;4500
265;27;4;90000;128;0;0;3630
266;27;5;90000;128;0;0;3423
267;27;6;90000;128;0;0;20988
268;27;7;90000;128;0;0;3012
269;27;8;90000;128;0;0;2946
270;27;9;90000;128;0;0;2808
271;28;0;90000;128;0;0;3111
272;28;1;90000;128;0;0;4326
273;28;2;90000;128;0;0;8493
274;28;3;90000;128;0;0;7125
275;28;4;90000;128;0;0;4032
276;28;5;90000;128;0;0;2934
277;28;6;90000;128;0;0;3069
278;28;7;90000;128;0;0;4587
279;28;8;90000;128;0;0;3171
280;28;9;90000;128;0;0;2820
281;29;0;90000;128;0;0;3264
282;29;1;90000;128;0;0;4125
283;29;2;90000;128;0;0;3873
284;29;3;90000;128;0;0;4137
285;29;4;90000;128;0;0;2928
286;29;5;90000;128;0;0;2883
287;29;6;90000;128;0;0;4245
288;29;7;90000;128;0;0;4760
289;29;8;90000;128;0;0;20166
290;29;9;90000;128;0;0;3064
291;30;0;90000;128;0;0;3414
292;30;1;90000;128;0;0;3906
293;30;2;90000;128;0;0;3248
294;30;3;90000;128;0;0;4884
295;30;4;90000;128;0;0;3180
296;30;5;90000;128;0;0;3030
297;30;6;90000;128;0;0;4821
298;30;7;90000;128;0;0;2982
299;30;8;90000;128;0;0;2898
300;30;9;90000;128;0;0;8082
301;31;0;90000;128;0;0;5112
302;31;1;90000;128;0;0;2970
303;31;2;90000;128;0;0;3090
304;31;3;90000;128;0;0;4086
305;31;4;90000;128;0;0;2847
306;31;5;90000;128;0;0;3315
307;31;6;90000;128;0;0;5004
308;31;7;90000;128;0;0;3138
309;31;8;90000;128;0;0;3045
310;31;9;90000;128;0;0;5067
311;32;0;90000;128;0;0;4836
312;32;1;90000;128;0;0;2901
313;32;2;90000;128;0;0;3072
314;32;3;90000;128;0;0;3948
315;32;4;90000;128;0;0;3840
316;32;5;90000;128;0;0;3993
317;32;6;90000;128;0;0;4587
318;32;7;90000;128;0;0;3651
319;32;8;90000;128;0;0;3183
320;32;9;90000;128;0;0;4734
321;33;0;90000;128;0;0;5034
322;33;1;90000;128;0;0;4377
323;33;2;90000;128;0;0;9492
324;33;3;90000;128;0;0;5418
325;33;4;90000;128;0;0;3585
326;33;5;90000;128;0;0;3561
327;33;6;90000;128;0;0;4848
328;33;7;90000;128;0;0;3141
329;33;8;90000;128;0;0;2898
330;33;9;90000;128;0;0;5886
331;34;0;90000;128;0;0;4836
332;34;1;90000;128;0;0;3087
333;34;2;90000;128;0;0;8094
334;34;3;90000;128;0;0;3918
335;34;4;90000;128;0;0;3855
336;34;5;90000;128;0;0;8934
337;34;6;90000;128;0;0;8190
338;34;7;90000;128;0;0;3930
339;34;8;90000;128;0;0;9198
340;34;9;90000;128;0;0;8055
341;35;0;90000;128;0;0;3867
342;35;1;90000;128;0;0;4725
343;35;2;90000;128;0;0;7302
344;35;3;90000;128;0;0;9147
345;35;4;90000;128;0;0;4869
346;35;5;90000;128;0;0;10077
347;35;6;90000;128;0;0;8235
348;35;7;90000;128;0;0;8412
349;35;8;90000;128;0;0;4278
350;35;9;90000;128;0;0;8529
351;36;0;90000;128;0;0;10564
352;36;1;90000;128;0;0;3846
353;36;2;90000;128;0;0;4570
354;36;3;90000;128;0;0;3694
355;36;4;90000;128;0;0;3462
356;36;5;90000;128;0;0;3441
357;36;6;90000;128;0;0;4677
358;36;7;90000;128;0;0;3963
359;36;8;90000;128;0;0;2958
360;36;9;90000;128;0;0;3765
361;37;0;90000;128;0;0;4812
362;37;1;90000;128;0;0;3126
363;37;2;90000;128;0;0;3420
364;37;3;90000;128;0;0;4851
365;37;4;90000;128;0;0;3894
366;37;5;90000;128;0;0;3810
367;37;6;90000;128;0;0;4830
368;37;7;90000;128;0;0;3252
369;37;8;90000;128;0;0;3087
370;37;9;90000;128;0;0;2931
371;38;0;90000;128;0;0;3108
372;38;1;90000;128;0;0;4062
373;38;2;90000;128;0;0;4197
374;38;3;90000;128;0;0;3390
375;38;4;90000;128;0;0;4947
376;38;5;90000;128;0;0;3159
377;38;6;90000;128;0;0;3138
378;38;7;90000;128;0;0;13002
379;38;8;90000;128;0;0;3774
380;38;9;90000;128;0;0;3228
381;39;0;90000;128;0;0;4896
382;39;1;90000;128;0;0;3135
383;39;2;90000;128;0;0;2952
384;39;3;90000;128;0;0;4518
385;39;4;90000;128;0;0;3645
386;39;5;90000;128;0;0;3354
387;39;6;90000;128;0;0;2952
388;39;7;90000;128;0;0;4524
389;39;8;90000;128;0;0;4152
390;39;9;90000;128;0;0;8853
391;40;0;90000;128;0;0;5550
392;40;1;90000;128;0;0;3822
393;40;2;90000;128;0;0;8217
394;40;3;90000;128;0;0;4614
395;40;4;90000;128;0;0;9258
396;40;5;90000;128;0;0;12603
397;40;6;90000;128;0;0;4755
398;40;7;90000;128;0;0;8640
399;40;8;90000;128;0;0;8196
400;40;9;90000;128;0;0;3945
401;41;0;90000;128;0;0;4632
402;41;1;90000;128;0;0;3558
403;41;2;90000;128;0;0;3585
404;41;3;90000;128;0;0;3087
405;41;4;90000;128;0;0;4236
406;41;5;90000;128;0;0;3876
407;41;6;90000;128;0;0;4626
408;41;7;90000;128;0;0;3030
409;41;8;90000;128;0;0;8730
410;41;9;90000;128;0;0;10011
411;42;0;90000;128;0;0;4116
412;42;1;90000;128;0;0;4656
413;42;2;90000;128;0;0;4896
414;42;3;90000;128;0;0;8318
415;42;4;90000;128;0;0;4522
416;42;5;90000;128;0;0;8250
417;42;6;90000;128;0;0;8385
418;42;7;90000;128;0;0;4542
419;42;8;90000;128;0;0;6831
420;42;9;90000;128;0;0;8244
421;43;0;90000;128;0;0;8349
422;43;1;90000;128;0;0;7881
423;43;2;90000;128;0;0;9060
424;43;3;90000;128;0;0;8520
425;43;4;90000;128;0;0;4050
426;43;5;90000;128;0;0;9096
427;43;6;90000;128;0;0;7731
428;43;7;90000;128;0;0;3936
429;43;8;90000;128;0;0;9090
430;43;9;90000;128;0;0;8565
431;44;0;90000;128;0;0;4890
432;44;1;90000;128;0;0;3123
433;44;2;90000;128;0;0;3645
434;44;3;90000;128;0;0;4248
435;44;4;90000;128;0;0;3846
436;44;5;90000;128;0;0;2880
437;44;6;90000;128;0;0;3651
438;44;7;90000;128;0;0;3819
439;44;8;90000;128;0;0;3927
440;44;9;90000;128;0;0;2994
441;45;0;90000;128;0;0;4966
442;45;1;90000;128;0;0;3836
443;45;2;90000;128;0;0;4072
444;45;3;90000;128;0;0;4874
445;45;4;90000;128;0;0;3076
446;45;5;90000;128;0;0;3562
447;45;6;90000;128;0;0;3128
448;45;7;90000;128;0;0;3138
449;45;8;90000;128;0;0;2830
450;45;9;90000;128;0;0;8751
451;46;0;90000;128;0;0;7560
452;46;1;90000;128;0;0;9792
453;46;2;90000;128;0;0;10191
454;46;3;90000;128;0;0;9801
455;46;4;90000;128;0;0;9534
456;46;5;90000;128;0;0;9134
457;46;6;90000;128;0;0;8166
458;46;7;90000;128;0;0;4452
459;46;8;90000;128;0;0;9210
460;46;9;90000;128;0;0;8306
461;47;0;90000;128;0;0;3687
462;47;1;90000;128;0;0;9135
463;47;2;90000;128;0;0;3897
464;47;3;90000;128;0;0;3621
465;47;4;90000;128;0;0;3438
466;47;5;90000;128;0;0;4605
467;47;6;90000;128;0;0;2970
468;47;7;90000;128;0;0;3138
469;47;8;90000;128;0;0;5268
470;47;9;90000;128;0;0;3570
471;48;0;90000;128;0;0;5496
472;48;1;90000;128;0;0;3720
473;48;2;90000;128;0;0;4410
474;48;3;90000;128;0;0;3468
475;48;4;90000;128;0;0;3660
476;48;5;90000;128;0;0;5358
477;48;6;90000;128;0;0;3585
478;48;7;90000;128;0;0;3564
479;48;8;90000;128;0;0;4458
480;48;9;90000;128;0;0;3012
481;49;0;90000;128;0;0;4848
482;49;1;90000;128;0;0;3111
483;49;2;90000;128;0;0;3462
484;49;3;90000;128;0;0;3858
485;49;4;90000;128;0;0;3060
486;49;5;90000;128;0;0;2928
487;49;6;90000;128;0;0;2862
488;49;7;90000;128;0;0;4635
489;49;8;90000;128;0;0;2919
490;49;9;90000;128;0;0;2820
491;50;0;90000;128;0;0;5379
492;50;1;90000;128;0;0;4029
493;50;2;90000;128;0;0;4806
494;50;3;90000;128;0;0;4209
495;50;4;90000;128;0;0;3354
496;50;5;90000;128;0;0;3402
497;50;6;90000;128;0;0;9852
498;50;7;90000;128;0;0;5853
499;50;8;90000;128;0;0;19068
500;50;9;90000;128;0;0;3885
501;51;0;90000;128;0;0;4779
502;51;1;90000;128;0;0;2856
503;51;2;90000;128;0;0;2826
504;51;3;90000;128;0;0;4659
505;51;4;90000;128;0;0;3600
506;51;5;90000;128;0;0;3153
507;51;6;90000;128;0;0;5772
508;51;7;90000;128;0;0;12792
509;51;8;90000;128;0;0;3915
510;51;9;90000;128;0;0;2910
511;52;0;90000;128;0;0;3261
512;52;1;90000;128;0;0;4008
513;52;2;90000;128;0;0;3330
514;52;3;90000;128;0;0;4839
515;52;4;90000;128;0;0;3099
516;52;5;90000;128;0;0;4906
517;52;6;90000;128;0;0;3008
518;52;7;90000;128;0;0;2996
519;52;8;90000;128;0;0;2902
520;52;9;90000;128;0;0;2916
521;53;0;90000;128;0;0;5436
522;53;1;90000;128;0;0;6840
523;53;2;90000;128;0;0;4890
524;53;3;90000;128;0;0;4374
525;53;4;90000;128;0;0;3936
526;53;5;90000;128;0;0;2727
527;53;6;90000;128;0;0;5097
528;53;7;90000;128;0;0;4065
529;53;8;90000;128;0;0;3654
530;53;9;90000;128;0;0;3348
531;54;0;90000;128;0;0;4479
532;54;1;90000;128;0;0;4413
533;54;2;90000;128;0;0;4734
534;54;3;90000;128;0;0;3468
535;54;4;90000;128;0;0;3252
536;54;5;90000;128;0;0;3615
537;54;6;90000;128;0;0;3813
538;54;7;90000;128;0;0;4086
539;54;8;90000;128;0;0;9846
540;54;9;90000;128;0;0;2994
541;55;0;90000;128;0;0;3288
542;55;1;90000;128;0;0;4764
543;55;2;90000;128;0;0;2796
544;55;3;90000;128;0;0;2778
545;55;4;90000;128;0;0;4521
546;55;5;90000;128;0;0;8016
547;55;6;90000;128;0;0;20679
548;55;7;90000;128;0;0;3789
549;55;8;90000;128;0;0;8844
550;55;9;90000;128;0;0;3906
551;56;0;90000;128;0;0;4074
552;56;1;90000;128;0;0;4430
553;56;2;90000;128;0;0;3764
554;56;3;90000;128;0;0;4176
555;56;4;90000;128;0;0;3052
556;56;5;90000;128;0;0;2924
557;56;6;90000;128;0;0;2860
558;56;7;90000;128;0;0;3166
559;56;8;90000;128;0;0;3048
560;56;9;90000;128;0;0;4038
561;57;0;90000;128;0;0;3723
562;57;1;90000;128;0;0;5103
563;57;2;90000;128;0;0;5949
564;57;3;90000;128;0;0;8718
565;57;4;90000;128;0;0;4503
566;57;5;90000;128;0;0;7509
567;57;6;90000;128;0;0;8253
568;57;7;90000;128;0;0;4512
569;57;8;90000;128;0;0;9276
570;57;9;90000;128;0;0;5307
571;58;0;90000;128;0;0;3690
572;58;1;90000;128;0;0;4077
573;58;2;90000;128;0;0;4425
574;58;3;90000;128;0;0;6666
575;58;4;90000;128;0;0;8907
576;58;5;90000;128;0;0;2871
577;58;6;90000;128;0;0;2802
578;58;7;90000;128;0;0;2940
579;58;8;90000;128;0;0;2868
580;58;9;90000;128;0;0;3408
581;59;0;90000;128;0;0;4970
582;59;1;90000;128;0;0;3090
583;59;2;90000;128;0;0;3796
584;59;3;90000;128;0;0;3288
585;59;4;90000;128;0;0;4148
586;59;5;90000;128;0;0;4206
587;59;6;90000;128;0;0;2982
588;59;7;90000;128;0;0;2900
589;59;8;90000;128;0;0;3036
590;59;9;90000;128;0;0;6126
591;60;0;90000;128;0;0;3189
592;60;1;90000;128;0;0;4014
593;60;2;90000;128;0;0;3942
594;60;3;90000;128;0;0;2859
595;60;4;90000;128;0;0;4590
596;60;5;90000;128;0;0;2934
597;60;6;90000;128;0;0;23001
598;60;7;90000;128;0;0;3369
599;60;8;90000;128;0;0;8757
600;60;9;90000;128;0;0;3567
601;61;0;90000;128;0;0;3570
602;61;1;90000;128;0;0;4496
603;61;2;90000;128;0;0;9177
604;61;3;90000;128;0;0;8391
605;61;4;90000;128;0;0;9390
606;61;5;90000;128;0;0;9513
607;61;6;90000;128;0;0;9681
608;61;7;90000;128;0;0;9561
609;61;8;90000;128;0;0;8205
610;61;9;90000;128;0;0;9135
611;62;0;90000;128;0;0;3782
612;62;1;90000;128;0;0;4062
613;62;2;90000;128;0;0;3222
614;62;3;90000;128;0;0;2956
615;62;4;90000;128;0;0;2832
616;62;5;90000;128;0;0;2884
617;62;6;90000;128;0;0;5076
618;62;7;90000;128;0;0;2868
619;62;8;90000;128;0;0;2886
620;62;9;90000;128;0;0;2874
621;63;0;90000;128;0;0;5134
622;63;1;90000;128;0;0;2976
623;63;2;90000;128;0;0;3338
624;63;3;90000;128;0;0;4086
625;63;4;90000;128;0;0;2940
626;63;5;90000;128;0;0;2822
627;63;6;90000;128;0;0;11980
628;63;7;90000;128;0;0;12184
629;63;8;90000;128;0;0;2880
630;63;9;90000;128;0;0;2862
631;64;0;90000;128;0;0;5418
632;64;1;90000;128;0;0;3594
633;64;2;90000;128;0;0;5256
634;64;3;90000;128;0;0;3870
635;64;4;90000;128;0;0;4050
636;64;5;90000;128;0;0;5460
637;64;6;90000;128;0;0;3654
638;64;7;90000;128;0;0;3324
639;64;8;90000;128;0;0;4488
640;64;9;90000;128;0;0;3030
641;65;0;90000;128;0;0;5409
642;65;1;90000;128;0;0;3519
643;65;2;90000;128;0;0;8502
644;65;3;90000;128;0;0;4428
645;65;4;90000;128;0;0;9018
646;65;5;90000;128;0;0;7371
647;65;6;90000;128;0;0;4920
648;65;7;90000;128;0;0;4830
649;65;8;90000;128;0;0;7263
650;65;9;90000;128;0;0;7389
651;66;0;90000;128;0;0;3657
652;66;1;90000;128;0;0;9555
653;66;2;90000;128;0;0;4143
654;66;3;90000;128;0;0;3411
655;66;4;90000;128;0;0;4299
656;66;5;90000;128;0;0;5900
657;66;6;90000;128;0;0;9698
658;66;7;90000;128;0;0;8866
659;66;8;90000;128;0;0;9122
660;66;9;90000;128;0;0;14658
661;67;0;90000;128;0;0;5520
662;67;1;90000;128;0;0;3384
663;67;2;90000;128;0;0;7146
664;67;3;90000;128;0;0;3315
665;67;4;90000;128;0;0;3288
666;67;5;90000;128;0;0;3402
667;67;6;90000;128;0;0;3294
668;67;7;90000;128;0;0;4596
669;67;8;90000;128;0;0;3882
670;67;9;90000;128;0;0;2859
671;68;0;90000;128;0;0;4779
672;68;1;90000;128;0;0;3030
673;68;2;90000;128;0;0;2931
674;68;3;90000;128;0;0;2838
675;68;4;90000;128;0;0;3561
676;68;5;90000;128;0;0;3066
677;68;6;90000;128;0;0;4749
678;68;7;90000;128;0;0;3003
679;68;8;90000;128;0;0;3027
680;68;9;90000;128;0;0;13185
681;69;0;90000;128;0;0;3222
682;69;1;90000;128;0;0;3852
683;69;2;90000;128;0;0;3354
684;69;3;90000;128;0;0;2892
685;69;4;90000;128;0;0;4800
686;69;5;90000;128;0;0;3042
687;69;6;90000;128;0;0;3105
688;69;7;90000;128;0;0;5601
689;69;8;90000;128;0;0;2994
690;69;9;90000;128;0;0;2913
691;70;0;90000;128;0;0;5436
692;70;1;90000;128;0;0;8307
693;70;2;90000;128;0;0;10590
694;70;3;90000;128;0;0;3393
695;70;4;90000;128;0;0;4014
696;70;5;90000;128;0;0;4857
697;70;6;90000;128;0;0;3447
698;70;7;90000;128;0;0;3165
699;70;8;90000;128;0;0;4437
700;70;9;90000;128;0;0;2802
701;71;0;90000;128;0;0;4023
702;71;1;90000;128;0;0;4008
703;71;2;90000;128;0;0;5256
704;71;3;90000;128;0;0;3489
705;71;4;90000;128;0;0;3324
706;71;5;90000;128;0;0;5262
707;71;6;90000;128;0;0;4350
708;71;7;90000;128;0;0;3447
709;71;8;90000;128;0;0;5307
710;71;9;90000;128;0;0;3507
711;72;0;90000;128;0;0;5436
712;72;1;90000;128;0;0;8390
713;72;2;90000;128;0;0;4593
714;72;3;90000;128;0;0;8553
715;72;4;90000;128;0;0;3201
716;72;5;90000;128;0;0;4284
717;72;6;90000;128;0;0;3855
718;72;7;90000;128;0;0;3855
719;72;8;90000;128;0;0;2736
720;72;9;90000;128;0;0;5925
721;73;0;90000;128;0;0;3120
722;73;1;90000;128;0;0;2967
723;73;2;90000;128;0;0;2787
724;73;3;90000;128;0;0;3765
725;73;4;90000;128;0;0;3630
726;73;5;90000;128;0;0;4740
727;73;6;90000;128;0;0;2769
728;73;7;90000;128;0;0;2745
729;73;8;90000;128;0;0;4584
730;73;9;90000;128;0;0;2932
731;74;0;90000;128;0;0;5457
732;74;1;90000;128;0;0;3855
733;74;2;90000;128;0;0;5439
734;74;3;90000;128;0;0;4629
735;74;4;90000;128;0;0;5274
736;74;5;90000;128;0;0;3618
737;74;6;90000;128;0;0;3456
738;74;7;90000;128;0;0;4584
739;74;8;90000;128;0;0;2943
740;74;9;90000;128;0;0;2721
741;75;0;90000;128;0;0;5292
742;75;1;90000;128;0;0;4260
743;75;2;90000;128;0;0;3621
744;75;3;90000;128;0;0;3408
745;75;4;90000;128;0;0;3480
746;75;5;90000;128;0;0;4497
747;75;6;90000;128;0;0;3195
748;75;7;90000;128;0;0;2835
749;75;8;90000;128;0;0;5355
750;75;9;90000;128;0;0;3522
751;76;0;90000;128;0;0;9753
752;76;1;90000;128;0;0;3429
753;76;2;90000;128;0;0;4206
754;76;3;90000;128;0;0;7866
755;76;4;90000;128;0;0;7392
756;76;5;90000;128;0;0;3798
757;76;6;90000;128;0;0;9051
758;76;7;90000;128;0;0;8337
759;76;8;90000;128;0;0;4107
760;76;9;90000;128;0;0;8859
761;77;0;90000;128;0;0;3654
762;77;1;90000;128;0;0;8550
763;77;2;90000;128;0;0;6846
764;77;3;90000;128;0;0;8001
765;77;4;90000;128;0;0;8607
766;77;5;90000;128;0;0;4467
767;77;6;90000;128;0;0;9591
768;77;7;90000;128;0;0;7545
769;77;8;90000;128;0;0;9342
770;77;9;90000;128;0;0;13035
771;78;0;90000;128;0;0;5247
772;78;1;90000;128;0;0;3417
773;78;2;90000;128;0;0;8580
774;78;3;90000;128;0;0;4534
775;78;4;90000;128;0;0;2806
776;78;5;90000;128;0;0;2798
777;78;6;90000;128;0;0;5180
778;78;7;90000;128;0;0;3424
779;78;8;90000;128;0;0;3324
780;78;9;90000;128;0;0;3164
781;79;0;90000;128;0;0;5092
782;79;1;90000;128;0;0;7758
783;79;2;90000;128;0;0;4458
784;79;3;90000;128;0;0;3231
785;79;4;90000;128;0;0;3546
786;79;5;90000;128;0;0;3324
787;79;6;90000;128;0;0;5304
788;79;7;90000;128;0;0;4044
789;79;8;90000;128;0;0;8946
790;79;9;90000;128;0;0;4596
791;80;0;90000;128;0;0;7752
792;80;1;90000;128;0;0;3852
793;80;2;90000;128;0;0;3846
794;80;3;90000;128;0;0;2733
795;80;4;90000;128;0;0;3870
796;80;5;90000;128;0;0;3852
797;80;6;90000;128;0;0;2883
798;80;7;90000;128;0;0;5130
799;80;8;90000;128;0;0;3327
800;80;9;90000;128;0;0;3891
801;81;0;90000;128;0;0;4938
802;81;1;90000;128;0;0;2898
803;81;2;90000;128;0;0;2919
804;81;3;90000;128;0;0;3930
805;81;4;90000;128;0;0;3684
806;81;5;90000;128;0;0;4290
807;81;6;90000;128;0;0;4680
808;81;7;90000;128;0;0;3027
809;81;8;90000;128;0;0;2946
810;81;9;90000;128;0;0;5757
811;82;0;90000;128;0;0;4476
812;82;1;90000;128;0;0;2886
813;82;2;90000;128;0;0;2866
814;82;3;90000;128;0;0;4522
815;82;4;90000;128;0;0;2988
816;82;5;90000;128;0;0;2716
817;82;6;90000;128;0;0;4466
818;82;7;90000;128;0;0;2898
819;82;8;90000;128;0;0;2778
820;82;9;90000;128;0;0;2808
821;83;0;90000;128;0;0;9351
822;83;1;90000;128;0;0;7317
823;83;2;90000;128;0;0;4029
824;83;3;90000;128;0;0;7971
825;83;4;90000;128;0;0;7395
826;83;5;90000;128;0;0;9300
827;83;6;90000;128;0;0;3027
828;83;7;90000;128;0;0;2958
829;83;8;90000;128;0;0;4719
830;83;9;90000;128;0;0;3483
831;84;0;90000;128;0;0;10635
832;84;1;90000;128;0;0;3474
833;84;2;90000;128;0;0;3315
834;84;3;90000;128;0;0;6288
835;84;4;90000;128;0;0;3813
836;84;5;90000;128;0;0;8919
837;84;6;90000;128;0;0;3024
838;84;7;90000;128;0;0;3664
839;84;8;90000;128;0;0;3778
840;84;9;90000;128;0;0;10326
841;85;0;90000;128;0;0;5448
842;85;1;90000;128;0;0;13416
843;85;2;90000;128;0;0;9000
844;85;3;90000;128;0;0;4239
845;85;4;90000;128;0;0;3429
846;85;5;90000;128;0;0;8877
847;85;6;90000;128;0;0;4239
848;85;7;90000;128;0;0;3756
849;85;8;90000;128;0;0;2874
850;85;9;90000;128;0;0;5496
851;86;0;90000;128;0;0;4401
852;86;1;90000;128;0;0;3078
853;86;2;90000;128;0;0;2847
854;86;3;90000;128;0;0;4692
855;86;4;90000;128;0;0;3051
856;86;5;90000;128;0;0;2823
857;86;6;90000;128;0;0;12936
858;86;7;90000;128;0;0;3057
859;86;8;90000;128;0;0;2775
860;86;9;90000;128;0;0;3051
861;87;0;90000;128;0;0;4740
862;87;1;90000;128;0;0;3699
863;87;2;90000;128;0;0;3015
864;87;3;90000;128;0;0;4026
865;87;4;90000;128;0;0;2931
866;87;5;90000;128;0;0;2820
867;87;6;90000;128;0;0;5316
868;87;7;90000;128;0;0;3333
869;87;8;90000;128;0;0;2946
870;87;9;90000;128;0;0;2970
871;88;0;90000;128;0;0;5421
872;88;1;90000;128;0;0;5508
873;88;2;90000;128;0;0;4254
874;88;3;90000;128;0;0;3381
875;88;4;90000;128;0;0;3405
876;88;5;90000;128;0;0;3351
877;88;6;90000;128;0;0;9588
878;88;7;90000;128;0;0;2832
879;88;8;90000;128;0;0;2787
880;88;9;90000;128;0;0;2793
881;89;0;90000;128;0;0;6087
882;89;1;90000;128;0;0;3945
883;89;2;90000;128;0;0;4851
884;89;3;90000;128;0;0;3552
885;89;4;90000;128;0;0;3090
886;89;5;90000;128;0;0;3822
887;89;6;90000;128;0;0;3708
888;89;7;90000;128;0;0;3882
889;89;8;90000;128;0;0;9729
890;89;9;90000;128;0;0;7716
891;90;0;90000;128;0;0;5223
892;90;1;90000;128;0;0;4155
893;90;2;90000;128;0;0;5376
894;90;3;90000;128;0;0;3540
895;90;4;90000;128;0;0;3930
896;90;5;90000;128;0;0;9633
897;90;6;90000;128;0;0;2862
898;90;7;90000;128;0;0;2835
899;90;8;90000;128;0;0;2841
900;90;9;90000;128;0;0;2856
901;91;0;90000;128;0;0;9948
902;91;1;90000;128;0;0;3578
903;91;2;90000;128;0;0;8538
904;91;3;90000;128;0;0;5442
905;91;4;90000;128;0;0;4458
906;91;5;90000;128;0;0;7942
907;91;6;90000;128;0;0;5876
908;91;7;90000;128;0;0;13204
909;91;8;90000;128;0;0;9954
910;91;9;90000;128;0;0;7863
911;92;0;90000;128;0;0;3240
912;92;1;90000;128;0;0;3807
913;92;2;90000;128;0;0;3414
914;92;3;90000;128;0;0;3027
915;92;4;90000;128;0;0;4938
916;92;5;90000;128;0;0;3141
917;92;6;90000;128;0;0;3543
918;92;7;90000;128;0;0;3675
919;92;8;90000;128;0;0;3951
920;92;9;90000;128;0;0;4068
921;93;0;90000;128;0;0;5676
922;93;1;90000;128;0;0;3786
923;93;2;90000;128;0;0;4461
924;93;3;90000;128;0;0;3423
925;93;4;90000;128;0;0;3279
926;93;5;90000;128;0;0;3561
927;93;6;90000;128;0;0;4410
928;93;7;90000;128;0;0;3285
929;93;8;90000;128;0;0;3009
930;93;9;90000;128;0;0;5320
931;94;0;90000;128;0;0;5436
932;94;1;90000;128;0;0;12423
933;94;2;90000;128;0;0;9465
934;94;3;90000;128;0;0;9654
935;94;4;90000;128;0;0;4539
936;94;5;90000;128;0;0;5775
937;94;6;90000;128;0;0;7098
938;94;7;90000;128;0;0;3483
939;94;8;90000;128;0;0;5580
940;94;9;90000;128;0;0;8787
941;95;0;90000;128;0;0;4854
942;95;1;90000;128;0;0;3072
943;95;2;90000;128;0;0;2805
944;95;3;90000;128;0;0;4402
945;95;4;90000;128;0;0;2982
946;95;5;90000;128;0;0;2928
947;95;6;90000;128;0;0;2844
948;95;7;90000;128;0;0;4200
949;95;8;90000;128;0;0;14112
950;95;9;90000;128;0;0;4538
951;96;0;90000;128;0;0;4827
952;96;1;90000;128;0;0;3948
953;96;2;90000;128;0;0;8232
954;96;3;90000;128;0;0;3885
955;96;4;90000;128;0;0;8259
956;96;5;90000;128;0;0;6768
957;96;6;90000;128;0;0;4095
958;96;7;90000;128;0;0;2907
959;96;8;90000;128;0;0;4584
960;96;9;90000;128;0;0;2880
961;97;0;90000;128;0;0;5430
962;97;1;90000;128;0;0;3375
963;97;2;90000;128;0;0;6132
964;97;3;90000;128;0;0;8898
965;97;4;90000;128;0;0;9789
966;97;5;90000;128;0;0;8478
967;97;6;90000;128;0;0;8556
968;97;7;90000;128;0;0;9579
969;97;8;90000;128;0;0;8481
970;97;9;90000;128;0;0;8439
971;98;0;90000;128;0;0;3147
972;98;1;90000;128;0;0;3939
973;98;2;90000;128;0;0;3495
974;98;3;90000;128;0;0;2994
975;98;4;90000;128;0;0;4602
976;98;5;90000;128;0;0;2904
977;98;6;90000;128;0;0;3240
978;98;7;90000;128;0;0;4086
979;98;8;90000;128;0;0;19167
980;98;9;90000;128;0;0;3996
981;99;0;90000;128;0;0;5373
982;99;1;90000;128;0;0;3621
983;99;2;90000;128;0;0;6531
984;99;3;90000;128;0;0;9222
985;99;4;90000;128;0;0;9744
986;99;5;90000;128;0;0;8916
987;99;6;90000;128;0;0;8154
988;99;7;90000;128;0;0;10221
989;99;8;90000;128;0;0;3408
990;99;9;90000;128;0;0;8985
991;100;0;90000;128;0;0;5001
992;100;1;90000;128;0;0;7539
993;100;2;90000;128;0;0;7233
994;100;3;90000;128;0;0;7137
995;100;4;90000;128;0;0;8661
996;100;5;90000;128;0;0;4578
997;100;6;90000;128;0;0;9237
998;100;7;90000;128;0;0;8073
999;100;8;90000;128;0;0;4422
1000;100;9;90000;128;0;0;17139
