1;1;0;50000;128;0;0;4614
2;1;1;50000;128;0;0;8136
3;1;2;50000;128;0;0;8904
4;1;3;50000;128;0;0;7920
5;1;4;50000;128;0;0;5250
6;1;5;50000;128;0;0;4437
7;1;6;50000;128;0;0;11334
8;1;7;50000;128;0;0;3723
9;1;8;50000;128;0;0;8850
10;1;9;50000;128;0;0;3681
11;2;0;50000;128;0;0;4662
12;2;1;50000;128;0;0;4488
13;2;2;50000;128;0;0;3615
14;2;3;50000;128;0;0;4686
15;2;4;50000;128;0;0;3027
16;2;5;50000;128;0;0;4500
17;2;6;50000;128;0;0;3075
18;2;7;50000;128;0;0;7689
19;2;8;50000;128;0;0;2964
20;2;9;50000;128;0;0;4650
21;3;0;50000;128;0;0;5688
22;3;1;50000;128;0;0;3594
23;3;2;50000;128;0;0;11001
24;3;3;50000;128;0;0;9183
25;3;4;50000;128;0;0;9090
26;3;5;50000;128;0;0;4092
27;3;6;50000;128;0;0;10074
28;3;7;50000;128;0;0;3690
29;3;8;50000;128;0;0;8730
30;3;9;50000;128;0;0;3462
31;4;0;50000;128;0;0;10416
32;4;1;50000;128;0;0;8580
33;4;2;50000;128;0;0;10290
34;4;3;50000;128;0;0;5964
35;4;4;50000;128;0;0;15366
36;4;5;50000;128;0;0;2877
37;4;6;50000;128;0;0;9762
38;4;7;50000;128;0;0;3747
39;4;8;50000;128;0;0;10041
40;4;9;50000;128;0;0;3414
41;5;0;50000;128;0;0;4710
42;5;1;50000;128;0;0;5121
43;5;2;50000;128;0;0;3231
44;5;3;50000;128;0;0;3072
45;5;4;50000;128;0;0;9915
46;5;5;50000;128;0;0;4587
47;5;6;50000;128;0;0;3774
48;5;7;50000;128;0;0;3276
49;5;8;50000;128;0;0;4968
50;5;9;50000;128;0;0;4728
51;6;0;50000;128;0;0;5592
52;6;1;50000;128;0;0;3519
53;6;2;50000;128;0;0;13170
54;6;3;50000;128;0;0;2856
55;6;4;50000;128;0;0;8799
56;6;5;50000;128;0;0;3366
57;6;6;50000;128;0;0;3465
58;6;7;50000;128;0;0;5370
59;6;8;50000;128;0;0;5199
60;6;9;50000;128;0;0;3930
61;7;0;50000;128;0;0;4608
62;7;1;50000;128;0;0;3018
63;7;2;50000;128;0;0;16287
64;7;3;50000;128;0;0;2904
65;7;4;50000;128;0;0;4599
66;7;5;50000;128;0;0;4710
67;7;6;50000;128;0;0;4839
68;7;7;50000;128;0;0;3090
69;7;8;50000;128;0;0;4500
70;7;9;50000;128;0;0;2910
71;8;0;50000;128;0;0;10302
72;8;1;50000;128;0;0;4042
73;8;2;50000;128;0;0;15438
74;8;3;50000;128;0;0;2988
75;8;4;50000;128;0;0;10272
76;8;5;50000;128;0;0;3510
77;8;6;50000;128;0;0;10234
78;8;7;50000;128;0;0;3531
79;8;8;50000;128;0;0;10452
80;8;9;50000;128;0;0;3807
81;9;0;50000;128;0;0;9165
82;9;1;50000;128;0;0;3777
83;9;2;50000;128;0;0;7287
84;9;3;50000;128;0;0;4011
85;9;4;50000;128;0;0;13053
86;9;5;50000;128;0;0;2955
87;9;6;50000;128;0;0;10017
88;9;7;50000;128;0;0;4281
89;9;8;50000;128;0;0;9099
90;9;9;50000;128;0;0;3696
91;10;0;50000;128;0;0;3690
92;10;1;50000;128;0;0;4695
93;10;2;50000;128;0;0;3024
94;10;3;50000;128;0;0;4533
95;10;4;50000;128;0;0;3078
96;10;5;50000;128;0;0;7620
97;10;6;50000;128;0;0;3648
98;10;7;50000;128;0;0;4814
99;10;8;50000;128;0;0;3076
100;10;9;50000;128;0;0;4683
101;11;0;50000;128;0;0;5529
102;11;1;50000;128;0;0;4233
103;11;2;50000;128;0;0;5509
104;11;3;50000;128;0;0;3426
105;11;4;50000;128;0;0;4554
106;11;5;50000;128;0;0;2964
107;11;6;50000;128;0;0;10378
108;11;7;50000;128;0;0;3384
109;11;8;50000;128;0;0;5364
110;11;9;50000;128;0;0;9625
111;12;0;50000;128;0;0;3242
112;12;1;50000;128;0;0;4753
113;12;2;50000;128;0;0;3666
114;12;3;50000;128;0;0;3243
115;12;4;50000;128;0;0;4971
116;12;5;50000;128;0;0;4713
117;12;6;50000;128;0;0;2952
118;12;7;50000;128;0;0;2943
119;12;8;50000;128;0;0;3639
120;12;9;50000;128;0;0;4863
121;13;0;50000;128;0;0;5124
122;13;1;50000;128;0;0;3405
123;13;2;50000;128;0;0;8562
124;13;3;50000;128;0;0;3924
125;13;4;50000;128;0;0;4623
126;13;5;50000;128;0;0;2781
127;13;6;50000;128;0;0;10110
128;13;7;50000;128;0;0;4002
129;13;8;50000;128;0;0;3747
130;13;9;50000;128;0;0;7908
131;14;0;50000;128;0;0;5272
132;14;1;50000;128;0;0;3564
133;14;2;50000;128;0;0;7006
134;14;3;50000;128;0;0;8732
135;14;4;50000;128;0;0;4686
136;14;5;50000;128;0;0;2912
137;14;6;50000;128;0;0;5298
138;14;7;50000;128;0;0;3495
139;14;8;50000;128;0;0;8541
140;14;9;50000;128;0;0;3363
141;15;0;50000;128;0;0;4917
142;15;1;50000;128;0;0;3876
143;15;2;50000;128;0;0;4026
144;15;3;50000;128;0;0;3093
145;15;4;50000;128;0;0;4767
146;15;5;50000;128;0;0;3006
147;15;6;50000;128;0;0;3174
148;15;7;50000;128;0;0;10050
149;15;8;50000;128;0;0;4794
150;15;9;50000;128;0;0;2904
151;16;0;50000;128;0;0;5487
152;16;1;50000;128;0;0;4068
153;16;2;50000;128;0;0;4581
154;16;3;50000;128;0;0;2985
155;16;4;50000;128;0;0;4776
156;16;5;50000;128;0;0;2982
157;16;6;50000;128;0;0;3243
158;16;7;50000;128;0;0;10002
159;16;8;50000;128;0;0;4674
160;16;9;50000;128;0;0;3012
161;17;0;50000;128;0;0;4652
162;17;1;50000;128;0;0;4440
163;17;2;50000;128;0;0;3882
164;17;3;50000;128;0;0;3186
165;17;4;50000;128;0;0;4712
166;17;5;50000;128;0;0;2910
167;17;6;50000;128;0;0;3166
168;17;7;50000;128;0;0;4761
169;17;8;50000;128;0;0;5061
170;17;9;50000;128;0;0;3042
171;18;0;50000;128;0;0;7998
172;18;1;50000;128;0;0;3891
173;18;2;50000;128;0;0;4614
174;18;3;50000;128;0;0;2943
175;18;4;50000;128;0;0;5367
176;18;5;50000;128;0;0;3678
177;18;6;50000;128;0;0;5091
178;18;7;50000;128;0;0;3486
179;18;8;50000;128;0;0;5337
180;18;9;50000;128;0;0;3516
181;19;0;50000;128;0;0;4632
182;19;1;50000;128;0;0;6621
183;19;2;50000;128;0;0;4923
184;19;3;50000;128;0;0;3039
185;19;4;50000;128;0;0;4503
186;19;5;50000;128;0;0;3009
187;19;6;50000;128;0;0;4677
188;19;7;50000;128;0;0;3069
189;19;8;50000;128;0;0;4620
190;19;9;50000;128;0;0;3051
191;20;0;50000;128;0;0;4383
192;20;1;50000;128;0;0;8760
193;20;2;50000;128;0;0;3429
194;20;3;50000;128;0;0;4803
195;20;4;50000;128;0;0;3003
196;20;5;50000;128;0;0;5211
197;20;6;50000;128;0;0;3411
198;20;7;50000;128;0;0;5208
199;20;8;50000;128;0;0;3333
200;20;9;50000;128;0;0;5298
201;21;0;50000;128;0;0;5364
202;21;1;50000;128;0;0;3453
203;21;2;50000;128;0;0;5208
204;21;3;50000;128;0;0;3471
205;21;4;50000;128;0;0;8925
206;21;5;50000;128;0;0;2883
207;21;6;50000;128;0;0;8103
208;21;7;50000;128;0;0;9087
209;21;8;50000;128;0;0;8688
210;21;9;50000;128;0;0;9768
211;22;0;50000;128;0;0;4890
212;22;1;50000;128;0;0;3546
213;22;2;50000;128;0;0;4920
214;22;3;50000;128;0;0;2997
215;22;4;50000;128;0;0;4761
216;22;5;50000;128;0;0;3042
217;22;6;50000;128;0;0;3168
218;22;7;50000;128;0;0;2847
219;22;8;50000;128;0;0;4881
220;22;9;50000;128;0;0;3159
221;23;0;50000;128;0;0;5502
222;23;1;50000;128;0;0;3489
223;23;2;50000;128;0;0;4791
224;23;3;50000;128;0;0;3141
225;23;4;50000;128;0;0;4944
226;23;5;50000;128;0;0;2886
227;23;6;50000;128;0;0;3270
228;23;7;50000;128;0;0;12555
229;23;8;50000;128;0;0;4620
230;23;9;50000;128;0;0;2880
231;24;0;50000;128;0;0;3189
232;24;1;50000;128;0;0;5124
233;24;2;50000;128;0;0;3240
234;24;3;50000;128;0;0;4788
235;24;4;50000;128;0;0;3114
236;24;5;50000;128;0;0;4602
237;24;6;50000;128;0;0;2979
238;24;7;50000;128;0;0;4638
239;24;8;50000;128;0;0;2934
240;24;9;50000;128;0;0;4503
241;25;0;50000;128;0;0;10236
242;25;1;50000;128;0;0;3336
243;25;2;50000;128;0;0;4492
244;25;3;50000;128;0;0;2866
245;25;4;50000;128;0;0;5480
246;25;5;50000;128;0;0;3442
247;25;6;50000;128;0;0;5214
248;25;7;50000;128;0;0;3378
249;25;8;50000;128;0;0;5220
250;25;9;50000;128;0;0;3354
251;26;0;50000;128;0;0;5385
252;26;1;50000;128;0;0;8715
253;26;2;50000;128;0;0;4509
254;26;3;50000;128;0;0;3297
255;26;4;50000;128;0;0;5235
256;26;5;50000;128;0;0;3456
257;26;6;50000;128;0;0;5184
258;26;7;50000;128;0;0;3483
259;26;8;50000;128;0;0;4608
260;26;9;50000;128;0;0;3495
261;27;0;50000;128;0;0;10242
262;27;1;50000;128;0;0;3471
263;27;2;50000;128;0;0;5448
264;27;3;50000;128;0;0;3579
265;27;4;50000;128;0;0;5385
266;27;5;50000;128;0;0;3993
267;27;6;50000;128;0;0;5336
268;27;7;50000;128;0;0;3516
269;27;8;50000;128;0;0;5190
270;27;9;50000;128;0;0;3572
271;28;0;50000;128;0;0;8598
272;28;1;50000;128;0;0;3693
273;28;2;50000;128;0;0;5226
274;28;3;50000;128;0;0;8592
275;28;4;50000;128;0;0;5199
276;28;5;50000;128;0;0;3522
277;28;6;50000;128;0;0;5196
278;28;7;50000;128;0;0;3300
279;28;8;50000;128;0;0;5268
280;28;9;50000;128;0;0;3447
281;29;0;50000;128;0;0;4707
282;29;1;50000;128;0;0;3369
283;29;2;50000;128;0;0;4788
284;29;3;50000;128;0;0;3126
285;29;4;50000;128;0;0;3744
286;29;5;50000;128;0;0;4065
287;29;6;50000;128;0;0;4752
288;29;7;50000;128;0;0;3381
289;29;8;50000;128;0;0;4779
290;29;9;50000;128;0;0;2913
291;30;0;50000;128;0;0;5394
292;30;1;50000;128;0;0;4620
293;30;2;50000;128;0;0;9327
294;30;3;50000;128;0;0;3654
295;30;4;50000;128;0;0;15462
296;30;5;50000;128;0;0;3156
297;30;6;50000;128;0;0;10341
298;30;7;50000;128;0;0;3573
299;30;8;50000;128;0;0;10671
300;30;9;50000;128;0;0;3726
301;31;0;50000;128;0;0;5372
302;31;1;50000;128;0;0;5418
303;31;2;50000;128;0;0;3364
304;31;3;50000;128;0;0;5126
305;31;4;50000;128;0;0;3330
306;31;5;50000;128;0;0;10599
307;31;6;50000;128;0;0;2784
308;31;7;50000;128;0;0;5076
309;31;8;50000;128;0;0;3387
310;31;9;50000;128;0;0;5754
311;32;0;50000;128;0;0;3306
312;32;1;50000;128;0;0;4626
313;32;2;50000;128;0;0;2931
314;32;3;50000;128;0;0;5100
315;32;4;50000;128;0;0;3099
316;32;5;50000;128;0;0;4752
317;32;6;50000;128;0;0;2814
318;32;7;50000;128;0;0;3144
319;32;8;50000;128;0;0;2932
320;32;9;50000;128;0;0;4796
321;33;0;50000;128;0;0;5601
322;33;1;50000;128;0;0;3606
323;33;2;50000;128;0;0;15714
324;33;3;50000;128;0;0;3044
325;33;4;50000;128;0;0;10450
326;33;5;50000;128;0;0;3474
327;33;6;50000;128;0;0;10546
328;33;7;50000;128;0;0;3571
329;33;8;50000;128;0;0;10272
330;33;9;50000;128;0;0;3543
331;34;0;50000;128;0;0;4626
332;34;1;50000;128;0;0;3480
333;34;2;50000;128;0;0;5118
334;34;3;50000;128;0;0;3162
335;34;4;50000;128;0;0;24891
336;34;5;50000;128;0;0;2988
337;34;6;50000;128;0;0;2979
338;34;7;50000;128;0;0;3426
339;34;8;50000;128;0;0;5026
340;34;9;50000;128;0;0;2904
341;35;0;50000;128;0;0;4689
342;35;1;50000;128;0;0;2985
343;35;2;50000;128;0;0;4839
344;35;3;50000;128;0;0;3816
345;35;4;50000;128;0;0;10158
346;35;5;50000;128;0;0;3609
347;35;6;50000;128;0;0;4986
348;35;7;50000;128;0;0;3273
349;35;8;50000;128;0;0;4782
350;35;9;50000;128;0;0;3195
351;36;0;50000;128;0;0;3128
352;36;1;50000;128;0;0;4714
353;36;2;50000;128;0;0;3624
354;36;3;50000;128;0;0;5296
355;36;4;50000;128;0;0;3266
356;36;5;50000;128;0;0;25179
357;36;6;50000;128;0;0;3105
358;36;7;50000;128;0;0;2853
359;36;8;50000;128;0;0;3012
360;36;9;50000;128;0;0;4830
361;37;0;50000;128;0;0;10272
362;37;1;50000;128;0;0;5403
363;37;2;50000;128;0;0;3954
364;37;3;50000;128;0;0;3627
365;37;4;50000;128;0;0;9762
366;37;5;50000;128;0;0;12891
367;37;6;50000;128;0;0;2937
368;37;7;50000;128;0;0;7947
369;37;8;50000;128;0;0;3324
370;37;9;50000;128;0;0;8922
371;38;0;50000;128;0;0;4737
372;38;1;50000;128;0;0;2940
373;38;2;50000;128;0;0;3195
374;38;3;50000;128;0;0;4812
375;38;4;50000;128;0;0;4635
376;38;5;50000;128;0;0;2967
377;38;6;50000;128;0;0;3066
378;38;7;50000;128;0;0;9801
379;38;8;50000;128;0;0;4488
380;38;9;50000;128;0;0;2793
381;39;0;50000;128;0;0;5199
382;39;1;50000;128;0;0;5280
383;39;2;50000;128;0;0;5688
384;39;3;50000;128;0;0;3513
385;39;4;50000;128;0;0;5544
386;39;5;50000;128;0;0;3618
387;39;6;50000;128;0;0;10419
388;39;7;50000;128;0;0;3039
389;39;8;50000;128;0;0;5244
390;39;9;50000;128;0;0;3762
391;40;0;50000;128;0;0;4689
392;40;1;50000;128;0;0;3060
393;40;2;50000;128;0;0;7419
394;40;3;50000;128;0;0;5946
395;40;4;50000;128;0;0;8046
396;40;5;50000;128;0;0;10215
397;40;6;50000;128;0;0;6927
398;40;7;50000;128;0;0;4074
399;40;8;50000;128;0;0;7920
400;40;9;50000;128;0;0;3534
401;41;0;50000;128;0;0;5511
402;41;1;50000;128;0;0;9075
403;41;2;50000;128;0;0;4089
404;41;3;50000;128;0;0;5385
405;41;4;50000;128;0;0;4035
406;41;5;50000;128;0;0;5274
407;41;6;50000;128;0;0;3345
408;41;7;50000;128;0;0;5358
409;41;8;50000;128;0;0;3378
410;41;9;50000;128;0;0;8628
411;42;0;50000;128;0;0;5289
412;42;1;50000;128;0;0;3453
413;42;2;50000;128;0;0;10206
414;42;3;50000;128;0;0;5778
415;42;4;50000;128;0;0;15264
416;42;5;50000;128;0;0;8847
417;42;6;50000;128;0;0;9693
418;42;7;50000;128;0;0;3600
419;42;8;50000;128;0;0;8187
420;42;9;50000;128;0;0;3456
421;43;0;50000;128;0;0;3744
422;43;1;50000;128;0;0;8769
423;43;2;50000;128;0;0;3429
424;43;3;50000;128;0;0;14007
425;43;4;50000;128;0;0;3714
426;43;5;50000;128;0;0;3123
427;43;6;50000;128;0;0;8571
428;43;7;50000;128;0;0;5211
429;43;8;50000;128;0;0;3459
430;43;9;50000;128;0;0;5304
431;44;0;50000;128;0;0;5547
432;44;1;50000;128;0;0;4296
433;44;2;50000;128;0;0;4287
434;44;3;50000;128;0;0;2949
435;44;4;50000;128;0;0;2970
436;44;5;50000;128;0;0;5316
437;44;6;50000;128;0;0;5184
438;44;7;50000;128;0;0;3450
439;44;8;50000;128;0;0;5202
440;44;9;50000;128;0;0;3489
441;45;0;50000;128;0;0;5361
442;45;1;50000;128;0;0;4005
443;45;2;50000;128;0;0;5649
444;45;3;50000;128;0;0;3549
445;45;4;50000;128;0;0;8811
446;45;5;50000;128;0;0;3291
447;45;6;50000;128;0;0;3447
448;45;7;50000;128;0;0;9891
449;45;8;50000;128;0;0;5340
450;45;9;50000;128;0;0;3330
451;46;0;50000;128;0;0;4773
452;46;1;50000;128;0;0;2976
453;46;2;50000;128;0;0;3192
454;46;3;50000;128;0;0;4620
455;46;4;50000;128;0;0;4788
456;46;5;50000;128;0;0;3015
457;46;6;50000;128;0;0;3048
458;46;7;50000;128;0;0;9081
459;46;8;50000;128;0;0;4725
460;46;9;50000;128;0;0;2940
461;47;0;50000;128;0;0;4668
462;47;1;50000;128;0;0;2916
463;47;2;50000;128;0;0;3624
464;47;3;50000;128;0;0;5670
465;47;4;50000;128;0;0;4737
466;47;5;50000;128;0;0;7968
467;47;6;50000;128;0;0;12699
468;47;7;50000;128;0;0;9204
469;47;8;50000;128;0;0;4857
470;47;9;50000;128;0;0;3549
471;48;0;50000;128;0;0;5346
472;48;1;50000;128;0;0;3666
473;48;2;50000;128;0;0;5805
474;48;3;50000;128;0;0;9519
475;48;4;50000;128;0;0;5298
476;48;5;50000;128;0;0;3366
477;48;6;50000;128;0;0;5430
478;48;7;50000;128;0;0;3642
479;48;8;50000;128;0;0;5238
480;48;9;50000;128;0;0;3582
481;49;0;50000;128;0;0;5160
482;49;1;50000;128;0;0;3093
483;49;2;50000;128;0;0;3087
484;49;3;50000;128;0;0;4941
485;49;4;50000;128;0;0;4767
486;49;5;50000;128;0;0;16278
487;49;6;50000;128;0;0;3573
488;49;7;50000;128;0;0;4065
489;49;8;50000;128;0;0;4836
490;49;9;50000;128;0;0;3129
491;50;0;50000;128;0;0;9447
492;50;1;50000;128;0;0;2937
493;50;2;50000;128;0;0;5193
494;50;3;50000;128;0;0;3396
495;50;4;50000;128;0;0;5097
496;50;5;50000;128;0;0;3444
497;50;6;50000;128;0;0;5214
498;50;7;50000;128;0;0;3447
499;50;8;50000;128;0;0;5202
500;50;9;50000;128;0;0;3408
501;51;0;50000;128;0;0;5523
502;51;1;50000;128;0;0;3012
503;51;2;50000;128;0;0;4677
504;51;3;50000;128;0;0;2991
505;51;4;50000;128;0;0;3018
506;51;5;50000;128;0;0;4812
507;51;6;50000;128;0;0;7203
508;51;7;50000;128;0;0;2889
509;51;8;50000;128;0;0;3000
510;51;9;50000;128;0;0;4664
511;52;0;50000;128;0;0;4890
512;52;1;50000;128;0;0;3447
513;52;2;50000;128;0;0;4782
514;52;3;50000;128;0;0;2898
515;52;4;50000;128;0;0;4533
516;52;5;50000;128;0;0;2832
517;52;6;50000;128;0;0;4140
518;52;7;50000;128;0;0;3975
519;52;8;50000;128;0;0;4488
520;52;9;50000;128;0;0;2844
521;53;0;50000;128;0;0;3669
522;53;1;50000;128;0;0;5100
523;53;2;50000;128;0;0;3405
524;53;3;50000;128;0;0;3597
525;53;4;50000;128;0;0;5403
526;53;5;50000;128;0;0;10272
527;53;6;50000;128;0;0;2736
528;53;7;50000;128;0;0;5328
529;53;8;50000;128;0;0;3255
530;53;9;50000;128;0;0;5286
531;54;0;50000;128;0;0;4866
532;54;1;50000;128;0;0;3596
533;54;2;50000;128;0;0;3762
534;54;3;50000;128;0;0;4818
535;54;4;50000;128;0;0;4635
536;54;5;50000;128;0;0;3111
537;54;6;50000;128;0;0;3441
538;54;7;50000;128;0;0;2970
539;54;8;50000;128;0;0;4701
540;54;9;50000;128;0;0;2940
541;55;0;50000;128;0;0;5196
542;55;1;50000;128;0;0;3366
543;55;2;50000;128;0;0;9981
544;55;3;50000;128;0;0;3525
545;55;4;50000;128;0;0;15279
546;55;5;50000;128;0;0;3639
547;55;6;50000;128;0;0;3081
548;55;7;50000;128;0;0;3606
549;55;8;50000;128;0;0;6336
550;55;9;50000;128;0;0;3363
551;56;0;50000;128;0;0;5628
552;56;1;50000;128;0;0;3720
553;56;2;50000;128;0;0;5398
554;56;3;50000;128;0;0;3714
555;56;4;50000;128;0;0;5398
556;56;5;50000;128;0;0;8790
557;56;6;50000;128;0;0;5262
558;56;7;50000;128;0;0;3423
559;56;8;50000;128;0;0;5190
560;56;9;50000;128;0;0;3444
561;57;0;50000;128;0;0;10449
562;57;1;50000;128;0;0;4152
563;57;2;50000;128;0;0;5613
564;57;3;50000;128;0;0;3624
565;57;4;50000;128;0;0;5361
566;57;5;50000;128;0;0;3573
567;57;6;50000;128;0;0;10401
568;57;7;50000;128;0;0;2988
569;57;8;50000;128;0;0;5325
570;57;9;50000;128;0;0;3639
571;58;0;50000;128;0;0;5502
572;58;1;50000;128;0;0;3414
573;58;2;50000;128;0;0;13509
574;58;3;50000;128;0;0;4539
575;58;4;50000;128;0;0;5409
576;58;5;50000;128;0;0;3468
577;58;6;50000;128;0;0;5358
578;58;7;50000;128;0;0;3609
579;58;8;50000;128;0;0;5715
580;58;9;50000;128;0;0;3360
581;59;0;50000;128;0;0;5385
582;59;1;50000;128;0;0;3507
583;59;2;50000;128;0;0;5409
584;59;3;50000;128;0;0;3471
585;59;4;50000;128;0;0;5310
586;59;5;50000;128;0;0;3639
587;59;6;50000;128;0;0;5208
588;59;7;50000;128;0;0;3528
589;59;8;50000;128;0;0;5253
590;59;9;50000;128;0;0;4281
591;60;0;50000;128;0;0;5235
592;60;1;50000;128;0;0;4050
593;60;2;50000;128;0;0;5001
594;60;3;50000;128;0;0;2889
595;60;4;50000;128;0;0;5337
596;60;5;50000;128;0;0;3327
597;60;6;50000;128;0;0;3402
598;60;7;50000;128;0;0;5499
599;60;8;50000;128;0;0;5166
600;60;9;50000;128;0;0;3507
601;61;0;50000;128;0;0;4704
602;61;1;50000;128;0;0;3102
603;61;2;50000;128;0;0;10101
604;61;3;50000;128;0;0;3627
605;61;4;50000;128;0;0;10260
606;61;5;50000;128;0;0;3525
607;61;6;50000;128;0;0;10206
608;61;7;50000;128;0;0;3459
609;61;8;50000;128;0;0;10296
610;61;9;50000;128;0;0;3570
611;62;0;50000;128;0;0;5385
612;62;1;50000;128;0;0;3579
613;62;2;50000;128;0;0;10230
614;62;3;50000;128;0;0;6030
615;62;4;50000;128;0;0;9957
616;62;5;50000;128;0;0;4206
617;62;6;50000;128;0;0;4656
618;62;7;50000;128;0;0;3066
619;62;8;50000;128;0;0;10443
620;62;9;50000;128;0;0;3594
621;63;0;50000;128;0;0;7410
622;63;1;50000;128;0;0;3645
623;63;2;50000;128;0;0;10434
624;63;3;50000;128;0;0;3045
625;63;4;50000;128;0;0;8955
626;63;5;50000;128;0;0;3514
627;63;6;50000;128;0;0;10260
628;63;7;50000;128;0;0;3618
629;63;8;50000;128;0;0;8652
630;63;9;50000;128;0;0;4024
631;64;0;50000;128;0;0;5148
632;64;1;50000;128;0;0;3201
633;64;2;50000;128;0;0;4593
634;64;3;50000;128;0;0;2904
635;64;4;50000;128;0;0;3090
636;64;5;50000;128;0;0;3084
637;64;6;50000;128;0;0;4596
638;64;7;50000;128;0;0;3006
639;64;8;50000;128;0;0;4800
640;64;9;50000;128;0;0;2844
641;65;0;50000;128;0;0;4767
642;65;1;50000;128;0;0;3087
643;65;2;50000;128;0;0;4953
644;65;3;50000;128;0;0;3069
645;65;4;50000;128;0;0;4809
646;65;5;50000;128;0;0;3069
647;65;6;50000;128;0;0;2895
648;65;7;50000;128;0;0;3543
649;65;8;50000;128;0;0;5019
650;65;9;50000;128;0;0;3009
651;66;0;50000;128;0;0;3153
652;66;1;50000;128;0;0;4257
653;66;2;50000;128;0;0;4248
654;66;3;50000;128;0;0;4659
655;66;4;50000;128;0;0;3021
656;66;5;50000;128;0;0;2997
657;66;6;50000;128;0;0;4551
658;66;7;50000;128;0;0;4743
659;66;8;50000;128;0;0;3357
660;66;9;50000;128;0;0;3171
661;67;0;50000;128;0;0;4935
662;67;1;50000;128;0;0;3054
663;67;2;50000;128;0;0;4848
664;67;3;50000;128;0;0;2952
665;67;4;50000;128;0;0;5895
666;67;5;50000;128;0;0;3144
667;67;6;50000;128;0;0;4737
668;67;7;50000;128;0;0;2991
669;67;8;50000;128;0;0;4728
670;67;9;50000;128;0;0;3108
671;68;0;50000;128;0;0;10365
672;68;1;50000;128;0;0;3390
673;68;2;50000;128;0;0;8886
674;68;3;50000;128;0;0;10047
675;68;4;50000;128;0;0;5148
676;68;5;50000;128;0;0;3405
677;68;6;50000;128;0;0;3531
678;68;7;50000;128;0;0;10599
679;68;8;50000;128;0;0;8136
680;68;9;50000;128;0;0;3270
681;69;0;50000;128;0;0;5547
682;69;1;50000;128;0;0;3630
683;69;2;50000;128;0;0;18489
684;69;3;50000;128;0;0;2964
685;69;4;50000;128;0;0;10518
686;69;5;50000;128;0;0;3495
687;69;6;50000;128;0;0;6546
688;69;7;50000;128;0;0;10773
689;69;8;50000;128;0;0;5451
690;69;9;50000;128;0;0;4878
691;70;0;50000;128;0;0;5079
692;70;1;50000;128;0;0;3126
693;70;2;50000;128;0;0;4716
694;70;3;50000;128;0;0;2916
695;70;4;50000;128;0;0;4665
696;70;5;50000;128;0;0;2835
697;70;6;50000;128;0;0;4317
698;70;7;50000;128;0;0;3846
699;70;8;50000;128;0;0;4458
700;70;9;50000;128;0;0;2910
701;71;0;50000;128;0;0;5268
702;71;1;50000;128;0;0;12855
703;71;2;50000;128;0;0;9495
704;71;3;50000;128;0;0;9045
705;71;4;50000;128;0;0;5247
706;71;5;50000;128;0;0;4104
707;71;6;50000;128;0;0;5559
708;71;7;50000;128;0;0;8106
709;71;8;50000;128;0;0;10233
710;71;9;50000;128;0;0;3573
711;72;0;50000;128;0;0;4858
712;72;1;50000;128;0;0;3056
713;72;2;50000;128;0;0;3598
714;72;3;50000;128;0;0;5004
715;72;4;50000;128;0;0;7164
716;72;5;50000;128;0;0;2826
717;72;6;50000;128;0;0;3162
718;72;7;50000;128;0;0;4761
719;72;8;50000;128;0;0;4821
720;72;9;50000;128;0;0;3615
721;73;0;50000;128;0;0;4713
722;73;1;50000;128;0;0;3186
723;73;2;50000;128;0;0;4488
724;73;3;50000;128;0;0;4032
725;73;4;50000;128;0;0;4917
726;73;5;50000;128;0;0;3123
727;73;6;50000;128;0;0;4692
728;73;7;50000;128;0;0;2988
729;73;8;50000;128;0;0;4722
730;73;9;50000;128;0;0;3237
731;74;0;50000;128;0;0;5330
732;74;1;50000;128;0;0;3598
733;74;2;50000;128;0;0;8688
734;74;3;50000;128;0;0;3614
735;74;4;50000;128;0;0;12100
736;74;5;50000;128;0;0;2934
737;74;6;50000;128;0;0;10365
738;74;7;50000;128;0;0;3450
739;74;8;50000;128;0;0;10293
740;74;9;50000;128;0;0;3531
741;75;0;50000;128;0;0;4959
742;75;1;50000;128;0;0;4869
743;75;2;50000;128;0;0;3039
744;75;3;50000;128;0;0;3126
745;75;4;50000;128;0;0;9024
746;75;5;50000;128;0;0;4950
747;75;6;50000;128;0;0;3090
748;75;7;50000;128;0;0;3003
749;75;8;50000;128;0;0;4800
750;75;9;50000;128;0;0;4688
751;76;0;50000;128;0;0;5385
752;76;1;50000;128;0;0;3465
753;76;2;50000;128;0;0;6645
754;76;3;50000;128;0;0;3672
755;76;4;50000;128;0;0;6906
756;76;5;50000;128;0;0;3654
757;76;6;50000;128;0;0;4497
758;76;7;50000;128;0;0;2964
759;76;8;50000;128;0;0;8682
760;76;9;50000;128;0;0;4137
761;77;0;50000;128;0;0;9708
762;77;1;50000;128;0;0;12471
763;77;2;50000;128;0;0;3465
764;77;3;50000;128;0;0;8961
765;77;4;50000;128;0;0;3591
766;77;5;50000;128;0;0;8637
767;77;6;50000;128;0;0;3531
768;77;7;50000;128;0;0;3621
769;77;8;50000;128;0;0;5586
770;77;9;50000;128;0;0;10272
771;78;0;50000;128;0;0;6378
772;78;1;50000;128;0;0;3573
773;78;2;50000;128;0;0;5280
774;78;3;50000;128;0;0;8385
775;78;4;50000;128;0;0;6498
776;78;5;50000;128;0;0;9513
777;78;6;50000;128;0;0;5202
778;78;7;50000;128;0;0;4185
779;78;8;50000;128;0;0;3738
780;78;9;50000;128;0;0;5232
781;79;0;50000;128;0;0;4704
782;79;1;50000;128;0;0;3075
783;79;2;50000;128;0;0;4446
784;79;3;50000;128;0;0;2772
785;79;4;50000;128;0;0;4725
786;79;5;50000;128;0;0;3588
787;79;6;50000;128;0;0;4662
788;79;7;50000;128;0;0;2853
789;79;8;50000;128;0;0;3021
790;79;9;50000;128;0;0;2808
791;80;0;50000;128;0;0;5280
792;80;1;50000;128;0;0;3954
793;80;2;50000;128;0;0;5838
794;80;3;50000;128;0;0;4124
795;80;4;50000;128;0;0;3670
796;80;5;50000;128;0;0;14686
797;80;6;50000;128;0;0;6994
798;80;7;50000;128;0;0;3618
799;80;8;50000;128;0;0;3546
800;80;9;50000;128;0;0;10578
801;81;0;50000;128;0;0;8721
802;81;1;50000;128;0;0;4308
803;81;2;50000;128;0;0;10641
804;81;3;50000;128;0;0;6558
805;81;4;50000;128;0;0;12318
806;81;5;50000;128;0;0;3072
807;81;6;50000;128;0;0;10458
808;81;7;50000;128;0;0;3606
809;81;8;50000;128;0;0;10224
810;81;9;50000;128;0;0;3584
811;82;0;50000;128;0;0;5206
812;82;1;50000;128;0;0;3276
813;82;2;50000;128;0;0;4976
814;82;3;50000;128;0;0;3642
815;82;4;50000;128;0;0;4958
816;82;5;50000;128;0;0;2998
817;82;6;50000;128;0;0;11799
818;82;7;50000;128;0;0;3231
819;82;8;50000;128;0;0;4890
820;82;9;50000;128;0;0;3093
821;83;0;50000;128;0;0;4496
822;83;1;50000;128;0;0;3062
823;83;2;50000;128;0;0;4740
824;83;3;50000;128;0;0;2787
825;83;4;50000;128;0;0;4563
826;83;5;50000;128;0;0;3006
827;83;6;50000;128;0;0;4449
828;83;7;50000;128;0;0;3858
829;83;8;50000;128;0;0;4557
830;83;9;50000;128;0;0;3033
831;84;0;50000;128;0;0;12963
832;84;1;50000;128;0;0;2967
833;84;2;50000;128;0;0;3072
834;84;3;50000;128;0;0;10644
835;84;4;50000;128;0;0;8474
836;84;5;50000;128;0;0;3520
837;84;6;50000;128;0;0;3420
838;84;7;50000;128;0;0;10376
839;84;8;50000;128;0;0;7692
840;84;9;50000;128;0;0;3260
841;85;0;50000;128;0;0;4692
842;85;1;50000;128;0;0;2932
843;85;2;50000;128;0;0;4779
844;85;3;50000;128;0;0;20568
845;85;4;50000;128;0;0;4605
846;85;5;50000;128;0;0;2988
847;85;6;50000;128;0;0;4737
848;85;7;50000;128;0;0;3492
849;85;8;50000;128;0;0;4617
850;85;9;50000;128;0;0;3027
851;86;0;50000;128;0;0;5064
852;86;1;50000;128;0;0;3612
853;86;2;50000;128;0;0;3663
854;86;3;50000;128;0;0;5073
855;86;4;50000;128;0;0;9480
856;86;5;50000;128;0;0;8004
857;86;6;50000;128;0;0;4023
858;86;7;50000;128;0;0;4752
859;86;8;50000;128;0;0;4587
860;86;9;50000;128;0;0;3039
861;87;0;50000;128;0;0;5288
862;87;1;50000;128;0;0;3482
863;87;2;50000;128;0;0;5526
864;87;3;50000;128;0;0;3576
865;87;4;50000;128;0;0;5550
866;87;5;50000;128;0;0;4108
867;87;6;50000;128;0;0;5547
868;87;7;50000;128;0;0;3753
869;87;8;50000;128;0;0;4515
870;87;9;50000;128;0;0;3096
871;88;0;50000;128;0;0;4635
872;88;1;50000;128;0;0;2967
873;88;2;50000;128;0;0;4494
874;88;3;50000;128;0;0;3027
875;88;4;50000;128;0;0;4590
876;88;5;50000;128;0;0;3033
877;88;6;50000;128;0;0;7365
878;88;7;50000;128;0;0;2943
879;88;8;50000;128;0;0;4374
880;88;9;50000;128;0;0;2892
881;89;0;50000;128;0;0;3096
882;89;1;50000;128;0;0;4926
883;89;2;50000;128;0;0;3375
884;89;3;50000;128;0;0;3099
885;89;4;50000;128;0;0;4857
886;89;5;50000;128;0;0;7155
887;89;6;50000;128;0;0;2940
888;89;7;50000;128;0;0;3048
889;89;8;50000;128;0;0;4128
890;89;9;50000;128;0;0;4977
891;90;0;50000;128;0;0;5205
892;90;1;50000;128;0;0;3381
893;90;2;50000;128;0;0;5331
894;90;3;50000;128;0;0;9372
895;90;4;50000;128;0;0;8796
896;90;5;50000;128;0;0;3525
897;90;6;50000;128;0;0;8640
898;90;7;50000;128;0;0;3528
899;90;8;50000;128;0;0;4017
900;90;9;50000;128;0;0;8328
901;91;0;50000;128;0;0;4818
902;91;1;50000;128;0;0;3171
903;91;2;50000;128;0;0;4959
904;91;3;50000;128;0;0;3699
905;91;4;50000;128;0;0;8706
906;91;5;50000;128;0;0;3153
907;91;6;50000;128;0;0;4755
908;91;7;50000;128;0;0;3138
909;91;8;50000;128;0;0;4875
910;91;9;50000;128;0;0;3183
911;92;0;50000;128;0;0;5175
912;92;1;50000;128;0;0;3138
913;92;2;50000;128;0;0;4803
914;92;3;50000;128;0;0;3360
915;92;4;50000;128;0;0;4845
916;92;5;50000;128;0;0;3132
917;92;6;50000;128;0;0;9759
918;92;7;50000;128;0;0;3129
919;92;8;50000;128;0;0;4695
920;92;9;50000;128;0;0;3684
921;93;0;50000;128;0;0;4668
922;93;1;50000;128;0;0;3000
923;93;2;50000;128;0;0;4939
924;93;3;50000;128;0;0;3177
925;93;4;50000;128;0;0;4851
926;93;5;50000;128;0;0;3027
927;93;6;50000;128;0;0;8979
928;93;7;50000;128;0;0;3264
929;93;8;50000;128;0;0;4791
930;93;9;50000;128;0;0;3129
931;94;0;50000;128;0;0;4833
932;94;1;50000;128;0;0;3081
933;94;2;50000;128;0;0;8358
934;94;3;50000;128;0;0;6579
935;94;4;50000;128;0;0;4959
936;94;5;50000;128;0;0;3246
937;94;6;50000;128;0;0;4806
938;94;7;50000;128;0;0;3141
939;94;8;50000;128;0;0;4596
940;94;9;50000;128;0;0;3057
941;95;0;50000;128;0;0;8294
942;95;1;50000;128;0;0;3466
943;95;2;50000;128;0;0;8990
944;95;3;50000;128;0;0;3626
945;95;4;50000;128;0;0;9208
946;95;5;50000;128;0;0;3706
947;95;6;50000;128;0;0;8682
948;95;7;50000;128;0;0;4272
949;95;8;50000;128;0;0;9033
950;95;9;50000;128;0;0;3144
951;96;0;50000;128;0;0;4770
952;96;1;50000;128;0;0;5318
953;96;2;50000;128;0;0;3556
954;96;3;50000;128;0;0;5152
955;96;4;50000;128;0;0;2908
956;96;5;50000;128;0;0;5394
957;96;6;50000;128;0;0;3582
958;96;7;50000;128;0;0;5340
959;96;8;50000;128;0;0;3489
960;96;9;50000;128;0;0;5208
961;97;0;50000;128;0;0;2986
962;97;1;50000;128;0;0;3888
963;97;2;50000;128;0;0;4164
964;97;3;50000;128;0;0;4695
965;97;4;50000;128;0;0;2937
966;97;5;50000;128;0;0;2895
967;97;6;50000;128;0;0;14709
968;97;7;50000;128;0;0;3699
969;97;8;50000;128;0;0;4947
970;97;9;50000;128;0;0;4995
971;98;0;50000;128;0;0;4576
972;98;1;50000;128;0;0;3006
973;98;2;50000;128;0;0;4740
974;98;3;50000;128;0;0;3096
975;98;4;50000;128;0;0;9867
976;98;5;50000;128;0;0;2946
977;98;6;50000;128;0;0;4527
978;98;7;50000;128;0;0;3474
979;98;8;50000;128;0;0;4710
980;98;9;50000;128;0;0;3075
981;99;0;50000;128;0;0;4422
982;99;1;50000;128;0;0;3096
983;99;2;50000;128;0;0;10494
984;99;3;50000;128;0;0;4083
985;99;4;50000;128;0;0;10359
986;99;5;50000;128;0;0;3516
987;99;6;50000;128;0;0;10260
988;99;7;50000;128;0;0;4215
989;99;8;50000;128;0;0;15615
990;99;9;50000;128;0;0;3042
991;100;0;50000;128;0;0;3765
992;100;1;50000;128;0;0;5184
993;100;2;50000;128;0;0;3339
994;100;3;50000;128;0;0;5409
995;100;4;50000;128;0;0;3495
996;100;5;50000;128;0;0;5550
997;100;6;50000;128;0;0;3612
998;100;7;50000;128;0;0;5361
999;100;8;50000;128;0;0;3450
1000;100;9;50000;128;0;0;5464
