1;1;1;1000;128;0.1;300;307
2;2;1;1000;128;0.1;300;311
3;3;1;1000;128;0.1;300;305
4;4;1;1000;128;0.1;300;306
5;5;1;1000;128;0.1;300;309
6;6;1;1000;128;0.1;300;306
7;7;1;1000;128;0.1;300;308
8;8;1;1000;128;0.1;300;306
9;9;1;1000;128;0.1;300;310
10;10;1;1000;128;0.1;300;317
11;11;1;1000;128;0.1;300;310
12;12;1;1000;128;0.1;300;308
13;13;1;1000;128;0.1;300;308
14;14;1;1000;128;0.1;300;306
15;15;1;1000;128;0.1;300;306
16;16;1;1000;128;0.1;300;307
17;17;1;1000;128;0.1;300;326
18;18;1;1000;128;0.1;300;305
19;19;1;1000;128;0.1;300;306
20;20;1;1000;128;0.1;300;310
21;21;1;1000;128;0.1;300;306
22;22;1;1000;128;0.1;300;310
23;23;1;1000;128;0.1;300;306
24;24;1;1000;128;0.1;300;305
25;25;1;1000;128;0.1;300;313
26;26;1;1000;128;0.1;300;311
27;27;1;1000;128;0.1;300;311
28;28;1;1000;128;0.1;300;307
29;29;1;1000;128;0.1;300;305
30;30;1;1000;128;0.1;300;311
31;31;1;1000;128;0.1;300;309
32;32;1;1000;128;0.1;300;305
33;33;1;1000;128;0.1;300;308
34;34;1;1000;128;0.1;300;306
35;35;1;1000;128;0.1;300;303
36;36;1;1000;128;0.1;300;305
37;37;1;1000;128;0.1;300;331
38;38;1;1000;128;0.1;300;309
39;39;1;1000;128;0.1;300;309
40;40;1;1000;128;0.1;300;313
41;41;1;1000;128;0.1;300;307
42;42;1;1000;128;0.1;300;306
43;43;1;1000;128;0.1;300;306
44;44;1;1000;128;0.1;300;309
45;45;1;1000;128;0.1;300;316
46;46;1;1000;128;0.1;300;310
47;47;1;1000;128;0.1;300;323
48;48;1;1000;128;0.1;300;309
49;49;1;1000;128;0.1;300;306
50;50;1;1000;128;0.1;300;305
51;51;1;1000;128;0.1;300;313
52;52;1;1000;128;0.1;300;306
53;53;1;1000;128;0.1;300;310
54;54;1;1000;128;0.1;300;305
55;55;1;1000;128;0.1;300;304
56;56;1;1000;128;0.1;300;300
57;57;1;1000;128;0.1;300;305
58;58;1;1000;128;0.1;300;301
59;59;1;1000;128;0.1;300;310
60;60;1;1000;128;0.1;300;307
61;61;1;1000;128;0.1;300;307
62;62;1;1000;128;0.1;300;310
63;63;1;1000;128;0.1;300;305
64;64;1;1000;128;0.1;300;309
65;65;1;1000;128;0.1;300;310
66;66;1;1000;128;0.1;300;313
67;67;1;1000;128;0.1;300;307
68;68;1;1000;128;0.1;300;317
69;69;1;1000;128;0.1;300;305
70;70;1;1000;128;0.1;300;323
71;71;1;1000;128;0.1;300;314
72;72;1;1000;128;0.1;300;311
73;73;1;1000;128;0.1;300;309
74;74;1;1000;128;0.1;300;310
75;75;1;1000;128;0.1;300;311
76;76;1;1000;128;0.1;300;315
77;77;1;1000;128;0.1;300;307
78;78;1;1000;128;0.1;300;305
79;79;1;1000;128;0.1;300;312
80;80;1;1000;128;0.1;300;305
81;81;1;1000;128;0.1;300;306
82;82;1;1000;128;0.1;300;306
83;83;1;1000;128;0.1;300;317
84;84;1;1000;128;0.1;300;289
85;85;1;1000;128;0.1;300;305
86;86;1;1000;128;0.1;300;284
87;87;1;1000;128;0.1;300;303
88;88;1;1000;128;0.1;300;295
89;89;1;1000;128;0.1;300;298
90;90;1;1000;128;0.1;300;306
91;91;1;1000;128;0.1;300;318
92;92;1;1000;128;0.1;300;309
93;93;1;1000;128;0.1;300;310
94;94;1;1000;128;0.1;300;308
95;95;1;1000;128;0.1;300;314
96;96;1;1000;128;0.1;300;314
97;97;1;1000;128;0.1;300;305
98;98;1;1000;128;0.1;300;306
99;99;1;1000;128;0.1;300;309
100;100;1;1000;128;0.1;300;304
101;101;1;1000;128;0.1;300;278
102;102;1;1000;128;0.1;300;306
103;103;1;1000;128;0.1;300;312
104;104;1;1000;128;0.1;300;303
105;105;1;1000;128;0.1;300;280
106;106;1;1000;128;0.1;300;306
107;107;1;1000;128;0.1;300;307
108;108;1;1000;128;0.1;300;309
109;109;1;1000;128;0.1;300;303
110;110;1;1000;128;0.1;300;306
111;111;1;1000;128;0.1;300;314
112;112;1;1000;128;0.1;300;304
113;113;1;1000;128;0.1;300;306
114;114;1;1000;128;0.1;300;290
115;115;1;1000;128;0.1;300;306
116;116;1;1000;128;0.1;300;304
117;117;1;1000;128;0.1;300;311
118;118;1;1000;128;0.1;300;307
119;119;1;1000;128;0.1;300;309
120;120;1;1000;128;0.1;300;304
121;121;1;1000;128;0.1;300;313
122;122;1;1000;128;0.1;300;312
123;123;1;1000;128;0.1;300;306
124;124;1;1000;128;0.1;300;307
125;125;1;1000;128;0.1;300;310
126;126;1;1000;128;0.1;300;311
127;127;1;1000;128;0.1;300;307
128;128;1;1000;128;0.1;300;306
129;129;1;1000;128;0.1;300;306
130;130;1;1000;128;0.1;300;310
131;131;1;1000;128;0.1;300;310
132;132;1;1000;128;0.1;300;298
133;133;1;1000;128;0.1;300;307
134;134;1;1000;128;0.1;300;309
135;135;1;1000;128;0.1;300;308
136;136;1;1000;128;0.1;300;305
137;137;1;1000;128;0.1;300;311
138;138;1;1000;128;0.1;300;306
139;139;1;1000;128;0.1;300;305
140;140;1;1000;128;0.1;300;307
141;141;1;1000;128;0.1;300;305
142;142;1;1000;128;0.1;300;315
143;143;1;1000;128;0.1;300;310
144;144;1;1000;128;0.1;300;305
145;145;1;1000;128;0.1;300;311
146;146;1;1000;128;0.1;300;304
147;147;1;1000;128;0.1;300;306
148;148;1;1000;128;0.1;300;306
149;149;1;1000;128;0.1;300;306
150;150;1;1000;128;0.1;300;308
151;151;1;1000;128;0.1;300;305
152;152;1;1000;128;0.1;300;307
153;153;1;1000;128;0.1;300;307
154;154;1;1000;128;0.1;300;313
155;155;1;1000;128;0.1;300;310
156;156;1;1000;128;0.1;300;306
157;157;1;1000;128;0.1;300;316
158;158;1;1000;128;0.1;300;306
159;159;1;1000;128;0.1;300;313
160;160;1;1000;128;0.1;300;306
161;161;1;1000;128;0.1;300;306
162;162;1;1000;128;0.1;300;314
163;163;1;1000;128;0.1;300;304
164;164;1;1000;128;0.1;300;306
165;165;1;1000;128;0.1;300;306
166;166;1;1000;128;0.1;300;320
167;167;1;1000;128;0.1;300;310
168;168;1;1000;128;0.1;300;306
169;169;1;1000;128;0.1;300;316
170;170;1;1000;128;0.1;300;306
171;171;1;1000;128;0.1;300;309
172;172;1;1000;128;0.1;300;307
173;173;1;1000;128;0.1;300;306
174;174;1;1000;128;0.1;300;308
175;175;1;1000;128;0.1;300;315
176;176;1;1000;128;0.1;300;311
177;177;1;1000;128;0.1;300;323
178;178;1;1000;128;0.1;300;306
179;179;1;1000;128;0.1;300;304
180;180;1;1000;128;0.1;300;309
181;181;1;1000;128;0.1;300;312
182;182;1;1000;128;0.1;300;305
183;183;1;1000;128;0.1;300;314
184;184;1;1000;128;0.1;300;312
185;185;1;1000;128;0.1;300;328
186;186;1;1000;128;0.1;300;317
187;187;1;1000;128;0.1;300;310
188;188;1;1000;128;0.1;300;309
189;189;1;1000;128;0.1;300;308
190;190;1;1000;128;0.1;300;306
191;191;1;1000;128;0.1;300;315
192;192;1;1000;128;0.1;300;309
193;193;1;1000;128;0.1;300;306
194;194;1;1000;128;0.1;300;306
195;195;1;1000;128;0.1;300;315
196;196;1;1000;128;0.1;300;311
197;197;1;1000;128;0.1;300;310
198;198;1;1000;128;0.1;300;304
199;199;1;1000;128;0.1;300;305
200;200;1;1000;128;0.1;300;308
201;201;1;1000;128;0.1;300;307
202;202;1;1000;128;0.1;300;309
203;203;1;1000;128;0.1;300;305
204;204;1;1000;128;0.1;300;306
205;205;1;1000;128;0.1;300;307
206;206;1;1000;128;0.1;300;305
207;207;1;1000;128;0.1;300;305
208;208;1;1000;128;0.1;300;308
209;209;1;1000;128;0.1;300;323
210;210;1;1000;128;0.1;300;305
211;211;1;1000;128;0.1;300;312
212;212;1;1000;128;0.1;300;313
213;213;1;1000;128;0.1;300;305
214;214;1;1000;128;0.1;300;310
215;215;1;1000;128;0.1;300;306
216;216;1;1000;128;0.1;300;308
217;217;1;1000;128;0.1;300;305
218;218;1;1000;128;0.1;300;306
219;219;1;1000;128;0.1;300;316
220;220;1;1000;128;0.1;300;304
221;221;1;1000;128;0.1;300;306
222;222;1;1000;128;0.1;300;304
223;223;1;1000;128;0.1;300;316
224;224;1;1000;128;0.1;300;306
225;225;1;1000;128;0.1;300;310
226;226;1;1000;128;0.1;300;309
227;227;1;1000;128;0.1;300;305
228;228;1;1000;128;0.1;300;305
229;229;1;1000;128;0.1;300;304
230;230;1;1000;128;0.1;300;317
231;231;1;1000;128;0.1;300;305
232;232;1;1000;128;0.1;300;312
233;233;1;1000;128;0.1;300;306
234;234;1;1000;128;0.1;300;316
235;235;1;1000;128;0.1;300;310
236;236;1;1000;128;0.1;300;305
237;237;1;1000;128;0.1;300;313
238;238;1;1000;128;0.1;300;305
239;239;1;1000;128;0.1;300;308
240;240;1;1000;128;0.1;300;310
241;241;1;1000;128;0.1;300;307
242;242;1;1000;128;0.1;300;310
243;243;1;1000;128;0.1;300;310
244;244;1;1000;128;0.1;300;305
245;245;1;1000;128;0.1;300;311
246;246;1;1000;128;0.1;300;305
247;247;1;1000;128;0.1;300;313
248;248;1;1000;128;0.1;300;305
249;249;1;1000;128;0.1;300;315
250;250;1;1000;128;0.1;300;313
251;251;1;1000;128;0.1;300;310
252;252;1;1000;128;0.1;300;307
253;253;1;1000;128;0.1;300;311
254;254;1;1000;128;0.1;300;313
255;255;1;1000;128;0.1;300;305
256;256;1;1000;128;0.1;300;306
257;257;1;1000;128;0.1;300;308
258;258;1;1000;128;0.1;300;306
259;259;1;1000;128;0.1;300;310
260;260;1;1000;128;0.1;300;306
261;261;1;1000;128;0.1;300;304
262;262;1;1000;128;0.1;300;306
263;263;1;1000;128;0.1;300;306
264;264;1;1000;128;0.1;300;307
265;265;1;1000;128;0.1;300;310
266;266;1;1000;128;0.1;300;311
267;267;1;1000;128;0.1;300;306
268;268;1;1000;128;0.1;300;307
269;269;1;1000;128;0.1;300;307
270;270;1;1000;128;0.1;300;309
271;271;1;1000;128;0.1;300;308
272;272;1;1000;128;0.1;300;306
273;273;1;1000;128;0.1;300;306
274;274;1;1000;128;0.1;300;306
275;275;1;1000;128;0.1;300;338
276;276;1;1000;128;0.1;300;308
277;277;1;1000;128;0.1;300;306
278;278;1;1000;128;0.1;300;306
279;279;1;1000;128;0.1;300;306
280;280;1;1000;128;0.1;300;311
281;281;1;1000;128;0.1;300;306
282;282;1;1000;128;0.1;300;308
283;283;1;1000;128;0.1;300;308
284;284;1;1000;128;0.1;300;315
285;285;1;1000;128;0.1;300;312
286;286;1;1000;128;0.1;300;304
287;287;1;1000;128;0.1;300;310
288;288;1;1000;128;0.1;300;312
289;289;1;1000;128;0.1;300;310
290;290;1;1000;128;0.1;300;310
291;291;1;1000;128;0.1;300;305
292;292;1;1000;128;0.1;300;308
293;293;1;1000;128;0.1;300;306
294;294;1;1000;128;0.1;300;309
295;295;1;1000;128;0.1;300;304
296;296;1;1000;128;0.1;300;316
297;297;1;1000;128;0.1;300;311
298;298;1;1000;128;0.1;300;306
299;299;1;1000;128;0.1;300;304
300;300;1;1000;128;0.1;300;310
301;301;1;1000;128;0.1;300;306
302;302;1;1000;128;0.1;300;310
303;303;1;1000;128;0.1;300;306
304;304;1;1000;128;0.1;300;307
305;305;1;1000;128;0.1;300;305
306;306;1;1000;128;0.1;300;310
307;307;1;1000;128;0.1;300;306
308;308;1;1000;128;0.1;300;310
309;309;1;1000;128;0.1;300;306
310;310;1;1000;128;0.1;300;311
311;311;1;1000;128;0.1;300;310
312;312;1;1000;128;0.1;300;308
313;313;1;1000;128;0.1;300;306
314;314;1;1000;128;0.1;300;309
315;315;1;1000;128;0.1;300;309
316;316;1;1000;128;0.1;300;305
317;317;1;1000;128;0.1;300;305
318;318;1;1000;128;0.1;300;305
319;319;1;1000;128;0.1;300;307
320;320;1;1000;128;0.1;300;306
321;321;1;1000;128;0.1;300;305
322;322;1;1000;128;0.1;300;306
323;323;1;1000;128;0.1;300;306
324;324;1;1000;128;0.1;300;307
325;325;1;1000;128;0.1;300;305
326;326;1;1000;128;0.1;300;305
327;327;1;1000;128;0.1;300;306
328;328;1;1000;128;0.1;300;306
329;329;1;1000;128;0.1;300;307
330;330;1;1000;128;0.1;300;303
331;331;1;1000;128;0.1;300;309
332;332;1;1000;128;0.1;300;308
333;333;1;1000;128;0.1;300;305
334;334;1;1000;128;0.1;300;312
335;335;1;1000;128;0.1;300;305
336;336;1;1000;128;0.1;300;308
337;337;1;1000;128;0.1;300;307
338;338;1;1000;128;0.1;300;308
339;339;1;1000;128;0.1;300;306
340;340;1;1000;128;0.1;300;305
341;341;1;1000;128;0.1;300;310
342;342;1;1000;128;0.1;300;310
343;343;1;1000;128;0.1;300;314
344;344;1;1000;128;0.1;300;305
345;345;1;1000;128;0.1;300;306
346;346;1;1000;128;0.1;300;306
347;347;1;1000;128;0.1;300;306
348;348;1;1000;128;0.1;300;311
349;349;1;1000;128;0.1;300;317
350;350;1;1000;128;0.1;300;313
351;351;1;1000;128;0.1;300;307
352;352;1;1000;128;0.1;300;305
353;353;1;1000;128;0.1;300;311
354;354;1;1000;128;0.1;300;309
355;355;1;1000;128;0.1;300;307
356;356;1;1000;128;0.1;300;305
357;357;1;1000;128;0.1;300;307
358;358;1;1000;128;0.1;300;311
359;359;1;1000;128;0.1;300;306
360;360;1;1000;128;0.1;300;315
361;361;1;1000;128;0.1;300;314
362;362;1;1000;128;0.1;300;316
363;363;1;1000;128;0.1;300;309
364;364;1;1000;128;0.1;300;309
365;365;1;1000;128;0.1;300;310
366;366;1;1000;128;0.1;300;309
367;367;1;1000;128;0.1;300;306
368;368;1;1000;128;0.1;300;305
369;369;1;1000;128;0.1;300;310
370;370;1;1000;128;0.1;300;305
371;371;1;1000;128;0.1;300;305
372;372;1;1000;128;0.1;300;320
373;373;1;1000;128;0.1;300;306
374;374;1;1000;128;0.1;300;305
375;375;1;1000;128;0.1;300;306
376;376;1;1000;128;0.1;300;306
377;377;1;1000;128;0.1;300;304
378;378;1;1000;128;0.1;300;312
379;379;1;1000;128;0.1;300;311
380;380;1;1000;128;0.1;300;309
381;381;1;1000;128;0.1;300;308
382;382;1;1000;128;0.1;300;312
383;383;1;1000;128;0.1;300;310
384;384;1;1000;128;0.1;300;306
385;385;1;1000;128;0.1;300;310
386;386;1;1000;128;0.1;300;312
387;387;1;1000;128;0.1;300;303
388;388;1;1000;128;0.1;300;309
389;389;1;1000;128;0.1;300;306
390;390;1;1000;128;0.1;300;305
391;391;1;1000;128;0.1;300;303
392;392;1;1000;128;0.1;300;307
393;393;1;1000;128;0.1;300;309
394;394;1;1000;128;0.1;300;306
395;395;1;1000;128;0.1;300;305
396;396;1;1000;128;0.1;300;307
397;397;1;1000;128;0.1;300;306
398;398;1;1000;128;0.1;300;305
399;399;1;1000;128;0.1;300;309
400;400;1;1000;128;0.1;300;308
401;401;1;1000;128;0.1;300;310
402;402;1;1000;128;0.1;300;314
403;403;1;1000;128;0.1;300;309
404;404;1;1000;128;0.1;300;306
405;405;1;1000;128;0.1;300;308
406;406;1;1000;128;0.1;300;305
407;407;1;1000;128;0.1;300;306
408;408;1;1000;128;0.1;300;304
409;409;1;1000;128;0.1;300;305
410;410;1;1000;128;0.1;300;310
411;411;1;1000;128;0.1;300;306
412;412;1;1000;128;0.1;300;306
413;413;1;1000;128;0.1;300;306
414;414;1;1000;128;0.1;300;306
415;415;1;1000;128;0.1;300;310
416;416;1;1000;128;0.1;300;306
417;417;1;1000;128;0.1;300;308
418;418;1;1000;128;0.1;300;310
419;419;1;1000;128;0.1;300;310
420;420;1;1000;128;0.1;300;306
421;421;1;1000;128;0.1;300;305
422;422;1;1000;128;0.1;300;308
423;423;1;1000;128;0.1;300;313
424;424;1;1000;128;0.1;300;307
425;425;1;1000;128;0.1;300;306
426;426;1;1000;128;0.1;300;305
427;427;1;1000;128;0.1;300;305
428;428;1;1000;128;0.1;300;308
429;429;1;1000;128;0.1;300;309
430;430;1;1000;128;0.1;300;305
431;431;1;1000;128;0.1;300;308
432;432;1;1000;128;0.1;300;305
433;433;1;1000;128;0.1;300;306
434;434;1;1000;128;0.1;300;308
435;435;1;1000;128;0.1;300;310
436;436;1;1000;128;0.1;300;304
437;437;1;1000;128;0.1;300;303
438;438;1;1000;128;0.1;300;309
439;439;1;1000;128;0.1;300;306
440;440;1;1000;128;0.1;300;311
441;441;1;1000;128;0.1;300;306
442;442;1;1000;128;0.1;300;305
443;443;1;1000;128;0.1;300;307
444;444;1;1000;128;0.1;300;311
445;445;1;1000;128;0.1;300;309
446;446;1;1000;128;0.1;300;310
447;447;1;1000;128;0.1;300;311
448;448;1;1000;128;0.1;300;310
449;449;1;1000;128;0.1;300;305
450;450;1;1000;128;0.1;300;306
451;451;1;1000;128;0.1;300;309
452;452;1;1000;128;0.1;300;310
453;453;1;1000;128;0.1;300;307
454;454;1;1000;128;0.1;300;311
455;455;1;1000;128;0.1;300;315
456;456;1;1000;128;0.1;300;310
457;457;1;1000;128;0.1;300;304
458;458;1;1000;128;0.1;300;310
459;459;1;1000;128;0.1;300;306
460;460;1;1000;128;0.1;300;306
461;461;1;1000;128;0.1;300;305
462;462;1;1000;128;0.1;300;309
463;463;1;1000;128;0.1;300;307
464;464;1;1000;128;0.1;300;306
465;465;1;1000;128;0.1;300;310
466;466;1;1000;128;0.1;300;308
467;467;1;1000;128;0.1;300;308
468;468;1;1000;128;0.1;300;311
469;469;1;1000;128;0.1;300;308
470;470;1;1000;128;0.1;300;308
471;471;1;1000;128;0.1;300;304
472;472;1;1000;128;0.1;300;306
473;473;1;1000;128;0.1;300;306
474;474;1;1000;128;0.1;300;308
475;475;1;1000;128;0.1;300;306
476;476;1;1000;128;0.1;300;310
477;477;1;1000;128;0.1;300;310
478;478;1;1000;128;0.1;300;306
479;479;1;1000;128;0.1;300;309
480;480;1;1000;128;0.1;300;315
481;481;1;1000;128;0.1;300;304
482;482;1;1000;128;0.1;300;307
483;483;1;1000;128;0.1;300;307
484;484;1;1000;128;0.1;300;310
485;485;1;1000;128;0.1;300;306
486;486;1;1000;128;0.1;300;306
487;487;1;1000;128;0.1;300;305
488;488;1;1000;128;0.1;300;305
489;489;1;1000;128;0.1;300;305
490;490;1;1000;128;0.1;300;310
491;491;1;1000;128;0.1;300;305
492;492;1;1000;128;0.1;300;307
493;493;1;1000;128;0.1;300;309
494;494;1;1000;128;0.1;300;310
495;495;1;1000;128;0.1;300;305
496;496;1;1000;128;0.1;300;308
497;497;1;1000;128;0.1;300;310
498;498;1;1000;128;0.1;300;306
499;499;1;1000;128;0.1;300;306
500;500;1;1000;128;0.1;300;311
501;501;1;1000;128;0.1;300;306
502;502;1;1000;128;0.1;300;310
503;503;1;1000;128;0.1;300;308
504;504;1;1000;128;0.1;300;306
505;505;1;1000;128;0.1;300;305
506;506;1;1000;128;0.1;300;309
507;507;1;1000;128;0.1;300;310
508;508;1;1000;128;0.1;300;305
509;509;1;1000;128;0.1;300;310
510;510;1;1000;128;0.1;300;309
511;511;1;1000;128;0.1;300;309
512;512;1;1000;128;0.1;300;306
513;513;1;1000;128;0.1;300;316
514;514;1;1000;128;0.1;300;307
515;515;1;1000;128;0.1;300;311
516;516;1;1000;128;0.1;300;310
517;517;1;1000;128;0.1;300;305
518;518;1;1000;128;0.1;300;307
519;519;1;1000;128;0.1;300;309
520;520;1;1000;128;0.1;300;307
521;521;1;1000;128;0.1;300;308
522;522;1;1000;128;0.1;300;305
523;523;1;1000;128;0.1;300;310
524;524;1;1000;128;0.1;300;306
525;525;1;1000;128;0.1;300;308
526;526;1;1000;128;0.1;300;309
527;527;1;1000;128;0.1;300;304
528;528;1;1000;128;0.1;300;306
529;529;1;1000;128;0.1;300;304
530;530;1;1000;128;0.1;300;310
531;531;1;1000;128;0.1;300;308
532;532;1;1000;128;0.1;300;310
533;533;1;1000;128;0.1;300;308
534;534;1;1000;128;0.1;300;305
535;535;1;1000;128;0.1;300;305
536;536;1;1000;128;0.1;300;306
537;537;1;1000;128;0.1;300;310
538;538;1;1000;128;0.1;300;305
539;539;1;1000;128;0.1;300;307
540;540;1;1000;128;0.1;300;304
541;541;1;1000;128;0.1;300;311
542;542;1;1000;128;0.1;300;306
543;543;1;1000;128;0.1;300;305
544;544;1;1000;128;0.1;300;307
545;545;1;1000;128;0.1;300;309
546;546;1;1000;128;0.1;300;308
547;547;1;1000;128;0.1;300;306
548;548;1;1000;128;0.1;300;309
549;549;1;1000;128;0.1;300;306
550;550;1;1000;128;0.1;300;310
551;551;1;1000;128;0.1;300;311
552;552;1;1000;128;0.1;300;306
553;553;1;1000;128;0.1;300;305
554;554;1;1000;128;0.1;300;306
555;555;1;1000;128;0.1;300;309
556;556;1;1000;128;0.1;300;306
557;557;1;1000;128;0.1;300;309
558;558;1;1000;128;0.1;300;309
559;559;1;1000;128;0.1;300;310
560;560;1;1000;128;0.1;300;313
561;561;1;1000;128;0.1;300;333
562;562;1;1000;128;0.1;300;305
563;563;1;1000;128;0.1;300;307
564;564;1;1000;128;0.1;300;307
565;565;1;1000;128;0.1;300;305
566;566;1;1000;128;0.1;300;307
567;567;1;1000;128;0.1;300;305
568;568;1;1000;128;0.1;300;305
569;569;1;1000;128;0.1;300;310
570;570;1;1000;128;0.1;300;310
571;571;1;1000;128;0.1;300;306
572;572;1;1000;128;0.1;300;309
573;573;1;1000;128;0.1;300;306
574;574;1;1000;128;0.1;300;322
575;575;1;1000;128;0.1;300;310
576;576;1;1000;128;0.1;300;323
577;577;1;1000;128;0.1;300;306
578;578;1;1000;128;0.1;300;306
579;579;1;1000;128;0.1;300;304
580;580;1;1000;128;0.1;300;306
581;581;1;1000;128;0.1;300;305
582;582;1;1000;128;0.1;300;306
583;583;1;1000;128;0.1;300;305
584;584;1;1000;128;0.1;300;312
585;585;1;1000;128;0.1;300;308
586;586;1;1000;128;0.1;300;306
587;587;1;1000;128;0.1;300;307
588;588;1;1000;128;0.1;300;311
589;589;1;1000;128;0.1;300;310
590;590;1;1000;128;0.1;300;306
591;591;1;1000;128;0.1;300;306
592;592;1;1000;128;0.1;300;310
593;593;1;1000;128;0.1;300;310
594;594;1;1000;128;0.1;300;305
595;595;1;1000;128;0.1;300;308
596;596;1;1000;128;0.1;300;311
597;597;1;1000;128;0.1;300;308
598;598;1;1000;128;0.1;300;306
599;599;1;1000;128;0.1;300;304
600;600;1;1000;128;0.1;300;311
601;601;1;1000;128;0.1;300;310
602;602;1;1000;128;0.1;300;307
603;603;1;1000;128;0.1;300;310
604;604;1;1000;128;0.1;300;327
605;605;1;1000;128;0.1;300;306
606;606;1;1000;128;0.1;300;321
607;607;1;1000;128;0.1;300;307
608;608;1;1000;128;0.1;300;310
609;609;1;1000;128;0.1;300;307
610;610;1;1000;128;0.1;300;305
611;611;1;1000;128;0.1;300;312
612;612;1;1000;128;0.1;300;306
613;613;1;1000;128;0.1;300;310
614;614;1;1000;128;0.1;300;305
615;615;1;1000;128;0.1;300;313
616;616;1;1000;128;0.1;300;306
617;617;1;1000;128;0.1;300;305
618;618;1;1000;128;0.1;300;305
619;619;1;1000;128;0.1;300;309
620;620;1;1000;128;0.1;300;317
621;621;1;1000;128;0.1;300;309
622;622;1;1000;128;0.1;300;311
623;623;1;1000;128;0.1;300;308
624;624;1;1000;128;0.1;300;305
625;625;1;1000;128;0.1;300;310
626;626;1;1000;128;0.1;300;306
627;627;1;1000;128;0.1;300;304
628;628;1;1000;128;0.1;300;309
629;629;1;1000;128;0.1;300;305
630;630;1;1000;128;0.1;300;306
631;631;1;1000;128;0.1;300;306
632;632;1;1000;128;0.1;300;306
633;633;1;1000;128;0.1;300;305
634;634;1;1000;128;0.1;300;306
635;635;1;1000;128;0.1;300;311
636;636;1;1000;128;0.1;300;310
637;637;1;1000;128;0.1;300;307
638;638;1;1000;128;0.1;300;311
639;639;1;1000;128;0.1;300;304
640;640;1;1000;128;0.1;300;315
641;641;1;1000;128;0.1;300;305
642;642;1;1000;128;0.1;300;310
643;643;1;1000;128;0.1;300;313
644;644;1;1000;128;0.1;300;311
645;645;1;1000;128;0.1;300;316
646;646;1;1000;128;0.1;300;315
647;647;1;1000;128;0.1;300;311
648;648;1;1000;128;0.1;300;305
649;649;1;1000;128;0.1;300;303
650;650;1;1000;128;0.1;300;306
651;651;1;1000;128;0.1;300;310
652;652;1;1000;128;0.1;300;306
653;653;1;1000;128;0.1;300;305
654;654;1;1000;128;0.1;300;311
655;655;1;1000;128;0.1;300;306
656;656;1;1000;128;0.1;300;310
657;657;1;1000;128;0.1;300;306
658;658;1;1000;128;0.1;300;310
659;659;1;1000;128;0.1;300;304
660;660;1;1000;128;0.1;300;306
661;661;1;1000;128;0.1;300;305
662;662;1;1000;128;0.1;300;312
663;663;1;1000;128;0.1;300;305
664;664;1;1000;128;0.1;300;306
665;665;1;1000;128;0.1;300;306
666;666;1;1000;128;0.1;300;306
667;667;1;1000;128;0.1;300;310
668;668;1;1000;128;0.1;300;319
669;669;1;1000;128;0.1;300;310
670;670;1;1000;128;0.1;300;307
671;671;1;1000;128;0.1;300;309
672;672;1;1000;128;0.1;300;307
673;673;1;1000;128;0.1;300;310
674;674;1;1000;128;0.1;300;305
675;675;1;1000;128;0.1;300;305
676;676;1;1000;128;0.1;300;305
677;677;1;1000;128;0.1;300;305
678;678;1;1000;128;0.1;300;310
679;679;1;1000;128;0.1;300;305
680;680;1;1000;128;0.1;300;305
681;681;1;1000;128;0.1;300;309
682;682;1;1000;128;0.1;300;309
683;683;1;1000;128;0.1;300;306
684;684;1;1000;128;0.1;300;304
685;685;1;1000;128;0.1;300;307
686;686;1;1000;128;0.1;300;306
687;687;1;1000;128;0.1;300;306
688;688;1;1000;128;0.1;300;305
689;689;1;1000;128;0.1;300;306
690;690;1;1000;128;0.1;300;306
691;691;1;1000;128;0.1;300;311
692;692;1;1000;128;0.1;300;306
693;693;1;1000;128;0.1;300;305
694;694;1;1000;128;0.1;300;306
695;695;1;1000;128;0.1;300;308
696;696;1;1000;128;0.1;300;304
697;697;1;1000;128;0.1;300;305
698;698;1;1000;128;0.1;300;306
699;699;1;1000;128;0.1;300;310
700;700;1;1000;128;0.1;300;305
701;701;1;1000;128;0.1;300;306
702;702;1;1000;128;0.1;300;307
703;703;1;1000;128;0.1;300;308
704;704;1;1000;128;0.1;300;306
705;705;1;1000;128;0.1;300;305
706;706;1;1000;128;0.1;300;306
707;707;1;1000;128;0.1;300;308
708;708;1;1000;128;0.1;300;309
709;709;1;1000;128;0.1;300;305
710;710;1;1000;128;0.1;300;304
711;711;1;1000;128;0.1;300;309
712;712;1;1000;128;0.1;300;310
713;713;1;1000;128;0.1;300;306
714;714;1;1000;128;0.1;300;311
715;715;1;1000;128;0.1;300;309
716;716;1;1000;128;0.1;300;311
717;717;1;1000;128;0.1;300;306
718;718;1;1000;128;0.1;300;305
719;719;1;1000;128;0.1;300;306
720;720;1;1000;128;0.1;300;305
721;721;1;1000;128;0.1;300;309
722;722;1;1000;128;0.1;300;311
723;723;1;1000;128;0.1;300;310
724;724;1;1000;128;0.1;300;305
725;725;1;1000;128;0.1;300;310
726;726;1;1000;128;0.1;300;305
727;727;1;1000;128;0.1;300;311
728;728;1;1000;128;0.1;300;310
729;729;1;1000;128;0.1;300;306
730;730;1;1000;128;0.1;300;304
731;731;1;1000;128;0.1;300;305
732;732;1;1000;128;0.1;300;307
733;733;1;1000;128;0.1;300;305
734;734;1;1000;128;0.1;300;309
735;735;1;1000;128;0.1;300;310
736;736;1;1000;128;0.1;300;307
737;737;1;1000;128;0.1;300;313
738;738;1;1000;128;0.1;300;307
739;739;1;1000;128;0.1;300;306
740;740;1;1000;128;0.1;300;310
741;741;1;1000;128;0.1;300;306
742;742;1;1000;128;0.1;300;323
743;743;1;1000;128;0.1;300;305
744;744;1;1000;128;0.1;300;306
745;745;1;1000;128;0.1;300;311
746;746;1;1000;128;0.1;300;304
747;747;1;1000;128;0.1;300;325
748;748;1;1000;128;0.1;300;306
749;749;1;1000;128;0.1;300;310
750;750;1;1000;128;0.1;300;303
751;751;1;1000;128;0.1;300;311
752;752;1;1000;128;0.1;300;305
753;753;1;1000;128;0.1;300;306
754;754;1;1000;128;0.1;300;311
755;755;1;1000;128;0.1;300;305
756;756;1;1000;128;0.1;300;311
757;757;1;1000;128;0.1;300;306
758;758;1;1000;128;0.1;300;309
759;759;1;1000;128;0.1;300;320
760;760;1;1000;128;0.1;300;306
761;761;1;1000;128;0.1;300;309
762;762;1;1000;128;0.1;300;311
763;763;1;1000;128;0.1;300;307
764;764;1;1000;128;0.1;300;308
765;765;1;1000;128;0.1;300;305
766;766;1;1000;128;0.1;300;315
767;767;1;1000;128;0.1;300;307
768;768;1;1000;128;0.1;300;311
769;769;1;1000;128;0.1;300;305
770;770;1;1000;128;0.1;300;306
771;771;1;1000;128;0.1;300;307
772;772;1;1000;128;0.1;300;311
773;773;1;1000;128;0.1;300;309
774;774;1;1000;128;0.1;300;316
775;775;1;1000;128;0.1;300;304
776;776;1;1000;128;0.1;300;310
777;777;1;1000;128;0.1;300;312
778;778;1;1000;128;0.1;300;312
779;779;1;1000;128;0.1;300;305
780;780;1;1000;128;0.1;300;311
781;781;1;1000;128;0.1;300;306
782;782;1;1000;128;0.1;300;307
783;783;1;1000;128;0.1;300;315
784;784;1;1000;128;0.1;300;308
785;785;1;1000;128;0.1;300;306
786;786;1;1000;128;0.1;300;312
787;787;1;1000;128;0.1;300;310
788;788;1;1000;128;0.1;300;304
789;789;1;1000;128;0.1;300;306
790;790;1;1000;128;0.1;300;306
791;791;1;1000;128;0.1;300;306
792;792;1;1000;128;0.1;300;306
793;793;1;1000;128;0.1;300;304
794;794;1;1000;128;0.1;300;306
795;795;1;1000;128;0.1;300;314
796;796;1;1000;128;0.1;300;309
797;797;1;1000;128;0.1;300;310
798;798;1;1000;128;0.1;300;310
799;799;1;1000;128;0.1;300;304
800;800;1;1000;128;0.1;300;305
801;801;1;1000;128;0.1;300;311
802;802;1;1000;128;0.1;300;310
803;803;1;1000;128;0.1;300;305
804;804;1;1000;128;0.1;300;306
805;805;1;1000;128;0.1;300;309
806;806;1;1000;128;0.1;300;312
807;807;1;1000;128;0.1;300;310
808;808;1;1000;128;0.1;300;309
809;809;1;1000;128;0.1;300;307
810;810;1;1000;128;0.1;300;307
811;811;1;1000;128;0.1;300;318
812;812;1;1000;128;0.1;300;305
813;813;1;1000;128;0.1;300;305
814;814;1;1000;128;0.1;300;305
815;815;1;1000;128;0.1;300;305
816;816;1;1000;128;0.1;300;306
817;817;1;1000;128;0.1;300;304
818;818;1;1000;128;0.1;300;306
819;819;1;1000;128;0.1;300;306
820;820;1;1000;128;0.1;300;306
821;821;1;1000;128;0.1;300;309
822;822;1;1000;128;0.1;300;305
823;823;1;1000;128;0.1;300;305
824;824;1;1000;128;0.1;300;304
825;825;1;1000;128;0.1;300;306
826;826;1;1000;128;0.1;300;310
827;827;1;1000;128;0.1;300;309
828;828;1;1000;128;0.1;300;314
829;829;1;1000;128;0.1;300;310
830;830;1;1000;128;0.1;300;308
831;831;1;1000;128;0.1;300;309
832;832;1;1000;128;0.1;300;310
833;833;1;1000;128;0.1;300;306
834;834;1;1000;128;0.1;300;305
835;835;1;1000;128;0.1;300;308
836;836;1;1000;128;0.1;300;310
837;837;1;1000;128;0.1;300;307
838;838;1;1000;128;0.1;300;308
839;839;1;1000;128;0.1;300;304
840;840;1;1000;128;0.1;300;304
841;841;1;1000;128;0.1;300;305
842;842;1;1000;128;0.1;300;304
843;843;1;1000;128;0.1;300;306
844;844;1;1000;128;0.1;300;310
845;845;1;1000;128;0.1;300;305
846;846;1;1000;128;0.1;300;310
847;847;1;1000;128;0.1;300;309
848;848;1;1000;128;0.1;300;308
849;849;1;1000;128;0.1;300;303
850;850;1;1000;128;0.1;300;304
851;851;1;1000;128;0.1;300;310
852;852;1;1000;128;0.1;300;308
853;853;1;1000;128;0.1;300;306
854;854;1;1000;128;0.1;300;311
855;855;1;1000;128;0.1;300;306
856;856;1;1000;128;0.1;300;303
857;857;1;1000;128;0.1;300;304
858;858;1;1000;128;0.1;300;310
859;859;1;1000;128;0.1;300;308
860;860;1;1000;128;0.1;300;311
861;861;1;1000;128;0.1;300;306
862;862;1;1000;128;0.1;300;305
863;863;1;1000;128;0.1;300;305
864;864;1;1000;128;0.1;300;310
865;865;1;1000;128;0.1;300;305
866;866;1;1000;128;0.1;300;306
867;867;1;1000;128;0.1;300;307
868;868;1;1000;128;0.1;300;306
869;869;1;1000;128;0.1;300;309
870;870;1;1000;128;0.1;300;310
871;871;1;1000;128;0.1;300;306
872;872;1;1000;128;0.1;300;305
873;873;1;1000;128;0.1;300;305
874;874;1;1000;128;0.1;300;305
875;875;1;1000;128;0.1;300;310
876;876;1;1000;128;0.1;300;306
877;877;1;1000;128;0.1;300;306
878;878;1;1000;128;0.1;300;309
879;879;1;1000;128;0.1;300;304
880;880;1;1000;128;0.1;300;306
881;881;1;1000;128;0.1;300;311
882;882;1;1000;128;0.1;300;310
883;883;1;1000;128;0.1;300;307
884;884;1;1000;128;0.1;300;306
885;885;1;1000;128;0.1;300;306
886;886;1;1000;128;0.1;300;309
887;887;1;1000;128;0.1;300;305
888;888;1;1000;128;0.1;300;305
889;889;1;1000;128;0.1;300;307
890;890;1;1000;128;0.1;300;304
891;891;1;1000;128;0.1;300;306
892;892;1;1000;128;0.1;300;305
893;893;1;1000;128;0.1;300;304
894;894;1;1000;128;0.1;300;307
895;895;1;1000;128;0.1;300;317
896;896;1;1000;128;0.1;300;306
897;897;1;1000;128;0.1;300;306
898;898;1;1000;128;0.1;300;306
899;899;1;1000;128;0.1;300;304
900;900;1;1000;128;0.1;300;306
901;901;1;1000;128;0.1;300;309
902;902;1;1000;128;0.1;300;303
903;903;1;1000;128;0.1;300;305
904;904;1;1000;128;0.1;300;306
905;905;1;1000;128;0.1;300;314
906;906;1;1000;128;0.1;300;304
907;907;1;1000;128;0.1;300;312
908;908;1;1000;128;0.1;300;310
909;909;1;1000;128;0.1;300;306
910;910;1;1000;128;0.1;300;303
911;911;1;1000;128;0.1;300;305
912;912;1;1000;128;0.1;300;309
913;913;1;1000;128;0.1;300;314
914;914;1;1000;128;0.1;300;307
915;915;1;1000;128;0.1;300;306
916;916;1;1000;128;0.1;300;304
917;917;1;1000;128;0.1;300;306
918;918;1;1000;128;0.1;300;305
919;919;1;1000;128;0.1;300;308
920;920;1;1000;128;0.1;300;308
921;921;1;1000;128;0.1;300;310
922;922;1;1000;128;0.1;300;306
923;923;1;1000;128;0.1;300;308
924;924;1;1000;128;0.1;300;307
925;925;1;1000;128;0.1;300;306
926;926;1;1000;128;0.1;300;306
927;927;1;1000;128;0.1;300;310
928;928;1;1000;128;0.1;300;309
929;929;1;1000;128;0.1;300;309
930;930;1;1000;128;0.1;300;305
931;931;1;1000;128;0.1;300;307
932;932;1;1000;128;0.1;300;306
933;933;1;1000;128;0.1;300;309
934;934;1;1000;128;0.1;300;305
935;935;1;1000;128;0.1;300;310
936;936;1;1000;128;0.1;300;307
937;937;1;1000;128;0.1;300;306
938;938;1;1000;128;0.1;300;309
939;939;1;1000;128;0.1;300;309
940;940;1;1000;128;0.1;300;306
941;941;1;1000;128;0.1;300;305
942;942;1;1000;128;0.1;300;305
943;943;1;1000;128;0.1;300;303
944;944;1;1000;128;0.1;300;309
945;945;1;1000;128;0.1;300;311
946;946;1;1000;128;0.1;300;310
947;947;1;1000;128;0.1;300;306
948;948;1;1000;128;0.1;300;305
949;949;1;1000;128;0.1;300;307
950;950;1;1000;128;0.1;300;305
951;951;1;1000;128;0.1;300;306
952;952;1;1000;128;0.1;300;309
953;953;1;1000;128;0.1;300;306
954;954;1;1000;128;0.1;300;308
955;955;1;1000;128;0.1;300;305
956;956;1;1000;128;0.1;300;306
957;957;1;1000;128;0.1;300;304
958;958;1;1000;128;0.1;300;311
959;959;1;1000;128;0.1;300;304
960;960;1;1000;128;0.1;300;311
961;961;1;1000;128;0.1;300;306
962;962;1;1000;128;0.1;300;305
963;963;1;1000;128;0.1;300;307
964;964;1;1000;128;0.1;300;305
965;965;1;1000;128;0.1;300;306
966;966;1;1000;128;0.1;300;310
967;967;1;1000;128;0.1;300;309
968;968;1;1000;128;0.1;300;306
969;969;1;1000;128;0.1;300;311
970;970;1;1000;128;0.1;300;307
971;971;1;1000;128;0.1;300;309
972;972;1;1000;128;0.1;300;311
973;973;1;1000;128;0.1;300;304
974;974;1;1000;128;0.1;300;310
975;975;1;1000;128;0.1;300;306
976;976;1;1000;128;0.1;300;307
977;977;1;1000;128;0.1;300;309
978;978;1;1000;128;0.1;300;309
979;979;1;1000;128;0.1;300;305
980;980;1;1000;128;0.1;300;306
981;981;1;1000;128;0.1;300;311
982;982;1;1000;128;0.1;300;306
983;983;1;1000;128;0.1;300;305
984;984;1;1000;128;0.1;300;310
985;985;1;1000;128;0.1;300;310
986;986;1;1000;128;0.1;300;305
987;987;1;1000;128;0.1;300;307
988;988;1;1000;128;0.1;300;307
989;989;1;1000;128;0.1;300;305
990;990;1;1000;128;0.1;300;306
991;991;1;1000;128;0.1;300;304
992;992;1;1000;128;0.1;300;310
993;993;1;1000;128;0.1;300;310
994;994;1;1000;128;0.1;300;307
995;995;1;1000;128;0.1;300;308
996;996;1;1000;128;0.1;300;305
997;997;1;1000;128;0.1;300;309
998;998;1;1000;128;0.1;300;308
999;999;1;1000;128;0.1;300;310
1000;1000;1;1000;128;0.1;300;304
