1;1;1;1000;128;0.1;400;407
2;2;1;1000;128;0.1;400;408
3;3;1;1000;128;0.1;400;411
4;4;1;1000;128;0.1;400;406
5;5;1;1000;128;0.1;400;405
6;6;1;1000;128;0.1;400;406
7;7;1;1000;128;0.1;400;405
8;8;1;1000;128;0.1;400;406
9;9;1;1000;128;0.1;400;410
10;10;1;1000;128;0.1;400;404
11;11;1;1000;128;0.1;400;407
12;12;1;1000;128;0.1;400;413
13;13;1;1000;128;0.1;400;405
14;14;1;1000;128;0.1;400;407
15;15;1;1000;128;0.1;400;407
16;16;1;1000;128;0.1;400;407
17;17;1;1000;128;0.1;400;410
18;18;1;1000;128;0.1;400;405
19;19;1;1000;128;0.1;400;405
20;20;1;1000;128;0.1;400;406
21;21;1;1000;128;0.1;400;414
22;22;1;1000;128;0.1;400;410
23;23;1;1000;128;0.1;400;406
24;24;1;1000;128;0.1;400;409
25;25;1;1000;128;0.1;400;406
26;26;1;1000;128;0.1;400;407
27;27;1;1000;128;0.1;400;411
28;28;1;1000;128;0.1;400;405
29;29;1;1000;128;0.1;400;415
30;30;1;1000;128;0.1;400;405
31;31;1;1000;128;0.1;400;411
32;32;1;1000;128;0.1;400;406
33;33;1;1000;128;0.1;400;405
34;34;1;1000;128;0.1;400;411
35;35;1;1000;128;0.1;400;406
36;36;1;1000;128;0.1;400;415
37;37;1;1000;128;0.1;400;406
38;38;1;1000;128;0.1;400;405
39;39;1;1000;128;0.1;400;412
40;40;1;1000;128;0.1;400;412
41;41;1;1000;128;0.1;400;406
42;42;1;1000;128;0.1;400;404
43;43;1;1000;128;0.1;400;408
44;44;1;1000;128;0.1;400;404
45;45;1;1000;128;0.1;400;410
46;46;1;1000;128;0.1;400;411
47;47;1;1000;128;0.1;400;411
48;48;1;1000;128;0.1;400;406
49;49;1;1000;128;0.1;400;412
50;50;1;1000;128;0.1;400;405
51;51;1;1000;128;0.1;400;410
52;52;1;1000;128;0.1;400;406
53;53;1;1000;128;0.1;400;407
54;54;1;1000;128;0.1;400;408
55;55;1;1000;128;0.1;400;407
56;56;1;1000;128;0.1;400;407
57;57;1;1000;128;0.1;400;410
58;58;1;1000;128;0.1;400;416
59;59;1;1000;128;0.1;400;406
60;60;1;1000;128;0.1;400;406
61;61;1;1000;128;0.1;400;412
62;62;1;1000;128;0.1;400;406
63;63;1;1000;128;0.1;400;405
64;64;1;1000;128;0.1;400;406
65;65;1;1000;128;0.1;400;405
66;66;1;1000;128;0.1;400;405
67;67;1;1000;128;0.1;400;404
68;68;1;1000;128;0.1;400;411
69;69;1;1000;128;0.1;400;411
70;70;1;1000;128;0.1;400;411
71;71;1;1000;128;0.1;400;410
72;72;1;1000;128;0.1;400;409
73;73;1;1000;128;0.1;400;412
74;74;1;1000;128;0.1;400;406
75;75;1;1000;128;0.1;400;405
76;76;1;1000;128;0.1;400;412
77;77;1;1000;128;0.1;400;412
78;78;1;1000;128;0.1;400;410
79;79;1;1000;128;0.1;400;405
80;80;1;1000;128;0.1;400;413
81;81;1;1000;128;0.1;400;409
82;82;1;1000;128;0.1;400;404
83;83;1;1000;128;0.1;400;405
84;84;1;1000;128;0.1;400;404
85;85;1;1000;128;0.1;400;407
86;86;1;1000;128;0.1;400;408
87;87;1;1000;128;0.1;400;405
88;88;1;1000;128;0.1;400;407
89;89;1;1000;128;0.1;400;406
90;90;1;1000;128;0.1;400;405
91;91;1;1000;128;0.1;400;407
92;92;1;1000;128;0.1;400;410
93;93;1;1000;128;0.1;400;403
94;94;1;1000;128;0.1;400;410
95;95;1;1000;128;0.1;400;410
96;96;1;1000;128;0.1;400;407
97;97;1;1000;128;0.1;400;407
98;98;1;1000;128;0.1;400;407
99;99;1;1000;128;0.1;400;406
100;100;1;1000;128;0.1;400;410
101;101;1;1000;128;0.1;400;405
102;102;1;1000;128;0.1;400;408
103;103;1;1000;128;0.1;400;406
104;104;1;1000;128;0.1;400;414
105;105;1;1000;128;0.1;400;411
106;106;1;1000;128;0.1;400;405
107;107;1;1000;128;0.1;400;407
108;108;1;1000;128;0.1;400;411
109;109;1;1000;128;0.1;400;411
110;110;1;1000;128;0.1;400;406
111;111;1;1000;128;0.1;400;411
112;112;1;1000;128;0.1;400;409
113;113;1;1000;128;0.1;400;411
114;114;1;1000;128;0.1;400;404
115;115;1;1000;128;0.1;400;407
116;116;1;1000;128;0.1;400;410
117;117;1;1000;128;0.1;400;405
118;118;1;1000;128;0.1;400;408
119;119;1;1000;128;0.1;400;404
120;120;1;1000;128;0.1;400;412
121;121;1;1000;128;0.1;400;405
122;122;1;1000;128;0.1;400;409
123;123;1;1000;128;0.1;400;405
124;124;1;1000;128;0.1;400;411
125;125;1;1000;128;0.1;400;407
126;126;1;1000;128;0.1;400;410
127;127;1;1000;128;0.1;400;411
128;128;1;1000;128;0.1;400;404
129;129;1;1000;128;0.1;400;409
130;130;1;1000;128;0.1;400;404
131;131;1;1000;128;0.1;400;410
132;132;1;1000;128;0.1;400;407
133;133;1;1000;128;0.1;400;408
134;134;1;1000;128;0.1;400;407
135;135;1;1000;128;0.1;400;406
136;136;1;1000;128;0.1;400;412
137;137;1;1000;128;0.1;400;410
138;138;1;1000;128;0.1;400;406
139;139;1;1000;128;0.1;400;407
140;140;1;1000;128;0.1;400;410
141;141;1;1000;128;0.1;400;405
142;142;1;1000;128;0.1;400;403
143;143;1;1000;128;0.1;400;406
144;144;1;1000;128;0.1;400;409
145;145;1;1000;128;0.1;400;407
146;146;1;1000;128;0.1;400;405
147;147;1;1000;128;0.1;400;404
148;148;1;1000;128;0.1;400;409
149;149;1;1000;128;0.1;400;406
150;150;1;1000;128;0.1;400;406
151;151;1;1000;128;0.1;400;410
152;152;1;1000;128;0.1;400;406
153;153;1;1000;128;0.1;400;413
154;154;1;1000;128;0.1;400;406
155;155;1;1000;128;0.1;400;411
156;156;1;1000;128;0.1;400;409
157;157;1;1000;128;0.1;400;406
158;158;1;1000;128;0.1;400;406
159;159;1;1000;128;0.1;400;410
160;160;1;1000;128;0.1;400;411
161;161;1;1000;128;0.1;400;411
162;162;1;1000;128;0.1;400;410
163;163;1;1000;128;0.1;400;410
164;164;1;1000;128;0.1;400;412
165;165;1;1000;128;0.1;400;405
166;166;1;1000;128;0.1;400;410
167;167;1;1000;128;0.1;400;406
168;168;1;1000;128;0.1;400;412
169;169;1;1000;128;0.1;400;407
170;170;1;1000;128;0.1;400;415
171;171;1;1000;128;0.1;400;414
172;172;1;1000;128;0.1;400;405
173;173;1;1000;128;0.1;400;406
174;174;1;1000;128;0.1;400;406
175;175;1;1000;128;0.1;400;414
176;176;1;1000;128;0.1;400;410
177;177;1;1000;128;0.1;400;405
178;178;1;1000;128;0.1;400;406
179;179;1;1000;128;0.1;400;411
180;180;1;1000;128;0.1;400;410
181;181;1;1000;128;0.1;400;411
182;182;1;1000;128;0.1;400;410
183;183;1;1000;128;0.1;400;410
184;184;1;1000;128;0.1;400;405
185;185;1;1000;128;0.1;400;405
186;186;1;1000;128;0.1;400;404
187;187;1;1000;128;0.1;400;409
188;188;1;1000;128;0.1;400;406
189;189;1;1000;128;0.1;400;411
190;190;1;1000;128;0.1;400;406
191;191;1;1000;128;0.1;400;414
192;192;1;1000;128;0.1;400;406
193;193;1;1000;128;0.1;400;406
194;194;1;1000;128;0.1;400;411
195;195;1;1000;128;0.1;400;403
196;196;1;1000;128;0.1;400;415
197;197;1;1000;128;0.1;400;407
198;198;1;1000;128;0.1;400;406
199;199;1;1000;128;0.1;400;408
200;200;1;1000;128;0.1;400;410
201;201;1;1000;128;0.1;400;406
202;202;1;1000;128;0.1;400;403
203;203;1;1000;128;0.1;400;406
204;204;1;1000;128;0.1;400;410
205;205;1;1000;128;0.1;400;411
206;206;1;1000;128;0.1;400;406
207;207;1;1000;128;0.1;400;407
208;208;1;1000;128;0.1;400;406
209;209;1;1000;128;0.1;400;409
210;210;1;1000;128;0.1;400;411
211;211;1;1000;128;0.1;400;406
212;212;1;1000;128;0.1;400;414
213;213;1;1000;128;0.1;400;414
214;214;1;1000;128;0.1;400;406
215;215;1;1000;128;0.1;400;411
216;216;1;1000;128;0.1;400;406
217;217;1;1000;128;0.1;400;406
218;218;1;1000;128;0.1;400;410
219;219;1;1000;128;0.1;400;409
220;220;1;1000;128;0.1;400;411
221;221;1;1000;128;0.1;400;405
222;222;1;1000;128;0.1;400;409
223;223;1;1000;128;0.1;400;407
224;224;1;1000;128;0.1;400;410
225;225;1;1000;128;0.1;400;404
226;226;1;1000;128;0.1;400;409
227;227;1;1000;128;0.1;400;406
228;228;1;1000;128;0.1;400;409
229;229;1;1000;128;0.1;400;410
230;230;1;1000;128;0.1;400;412
231;231;1;1000;128;0.1;400;407
232;232;1;1000;128;0.1;400;406
233;233;1;1000;128;0.1;400;406
234;234;1;1000;128;0.1;400;407
235;235;1;1000;128;0.1;400;409
236;236;1;1000;128;0.1;400;406
237;237;1;1000;128;0.1;400;415
238;238;1;1000;128;0.1;400;407
239;239;1;1000;128;0.1;400;405
240;240;1;1000;128;0.1;400;404
241;241;1;1000;128;0.1;400;412
242;242;1;1000;128;0.1;400;405
243;243;1;1000;128;0.1;400;406
244;244;1;1000;128;0.1;400;408
245;245;1;1000;128;0.1;400;406
246;246;1;1000;128;0.1;400;405
247;247;1;1000;128;0.1;400;406
248;248;1;1000;128;0.1;400;405
249;249;1;1000;128;0.1;400;406
250;250;1;1000;128;0.1;400;411
251;251;1;1000;128;0.1;400;406
252;252;1;1000;128;0.1;400;405
253;253;1;1000;128;0.1;400;414
254;254;1;1000;128;0.1;400;407
255;255;1;1000;128;0.1;400;410
256;256;1;1000;128;0.1;400;411
257;257;1;1000;128;0.1;400;410
258;258;1;1000;128;0.1;400;409
259;259;1;1000;128;0.1;400;407
260;260;1;1000;128;0.1;400;410
261;261;1;1000;128;0.1;400;407
262;262;1;1000;128;0.1;400;415
263;263;1;1000;128;0.1;400;412
264;264;1;1000;128;0.1;400;410
265;265;1;1000;128;0.1;400;409
266;266;1;1000;128;0.1;400;409
267;267;1;1000;128;0.1;400;406
268;268;1;1000;128;0.1;400;406
269;269;1;1000;128;0.1;400;405
270;270;1;1000;128;0.1;400;407
271;271;1;1000;128;0.1;400;409
272;272;1;1000;128;0.1;400;404
273;273;1;1000;128;0.1;400;410
274;274;1;1000;128;0.1;400;410
275;275;1;1000;128;0.1;400;410
276;276;1;1000;128;0.1;400;409
277;277;1;1000;128;0.1;400;406
278;278;1;1000;128;0.1;400;417
279;279;1;1000;128;0.1;400;410
280;280;1;1000;128;0.1;400;406
281;281;1;1000;128;0.1;400;406
282;282;1;1000;128;0.1;400;407
283;283;1;1000;128;0.1;400;406
284;284;1;1000;128;0.1;400;408
285;285;1;1000;128;0.1;400;410
286;286;1;1000;128;0.1;400;410
287;287;1;1000;128;0.1;400;406
288;288;1;1000;128;0.1;400;408
289;289;1;1000;128;0.1;400;407
290;290;1;1000;128;0.1;400;412
291;291;1;1000;128;0.1;400;411
292;292;1;1000;128;0.1;400;408
293;293;1;1000;128;0.1;400;414
294;294;1;1000;128;0.1;400;406
295;295;1;1000;128;0.1;400;409
296;296;1;1000;128;0.1;400;409
297;297;1;1000;128;0.1;400;408
298;298;1;1000;128;0.1;400;403
299;299;1;1000;128;0.1;400;407
300;300;1;1000;128;0.1;400;408
301;301;1;1000;128;0.1;400;411
302;302;1;1000;128;0.1;400;404
303;303;1;1000;128;0.1;400;418
304;304;1;1000;128;0.1;400;411
305;305;1;1000;128;0.1;400;406
306;306;1;1000;128;0.1;400;415
307;307;1;1000;128;0.1;400;406
308;308;1;1000;128;0.1;400;410
309;309;1;1000;128;0.1;400;407
310;310;1;1000;128;0.1;400;410
311;311;1;1000;128;0.1;400;411
312;312;1;1000;128;0.1;400;406
313;313;1;1000;128;0.1;400;406
314;314;1;1000;128;0.1;400;406
315;315;1;1000;128;0.1;400;412
316;316;1;1000;128;0.1;400;416
317;317;1;1000;128;0.1;400;413
318;318;1;1000;128;0.1;400;410
319;319;1;1000;128;0.1;400;408
320;320;1;1000;128;0.1;400;406
321;321;1;1000;128;0.1;400;407
322;322;1;1000;128;0.1;400;411
323;323;1;1000;128;0.1;400;405
324;324;1;1000;128;0.1;400;409
325;325;1;1000;128;0.1;400;416
326;326;1;1000;128;0.1;400;779
327;327;1;1000;128;0.1;400;406
328;328;1;1000;128;0.1;400;766
329;329;1;1000;128;0.1;400;406
330;330;1;1000;128;0.1;400;406
331;331;1;1000;128;0.1;400;405
332;332;1;1000;128;0.1;400;405
333;333;1;1000;128;0.1;400;406
334;334;1;1000;128;0.1;400;408
335;335;1;1000;128;0.1;400;413
336;336;1;1000;128;0.1;400;406
337;337;1;1000;128;0.1;400;412
338;338;1;1000;128;0.1;400;405
339;339;1;1000;128;0.1;400;407
340;340;1;1000;128;0.1;400;405
341;341;1;1000;128;0.1;400;404
342;342;1;1000;128;0.1;400;406
343;343;1;1000;128;0.1;400;405
344;344;1;1000;128;0.1;400;408
345;345;1;1000;128;0.1;400;410
346;346;1;1000;128;0.1;400;409
347;347;1;1000;128;0.1;400;407
348;348;1;1000;128;0.1;400;408
349;349;1;1000;128;0.1;400;404
350;350;1;1000;128;0.1;400;410
351;351;1;1000;128;0.1;400;406
352;352;1;1000;128;0.1;400;417
353;353;1;1000;128;0.1;400;406
354;354;1;1000;128;0.1;400;405
355;355;1;1000;128;0.1;400;412
356;356;1;1000;128;0.1;400;406
357;357;1;1000;128;0.1;400;406
358;358;1;1000;128;0.1;400;406
359;359;1;1000;128;0.1;400;410
360;360;1;1000;128;0.1;400;415
361;361;1;1000;128;0.1;400;405
362;362;1;1000;128;0.1;400;411
363;363;1;1000;128;0.1;400;411
364;364;1;1000;128;0.1;400;407
365;365;1;1000;128;0.1;400;411
366;366;1;1000;128;0.1;400;412
367;367;1;1000;128;0.1;400;409
368;368;1;1000;128;0.1;400;408
369;369;1;1000;128;0.1;400;406
370;370;1;1000;128;0.1;400;407
371;371;1;1000;128;0.1;400;409
372;372;1;1000;128;0.1;400;406
373;373;1;1000;128;0.1;400;405
374;374;1;1000;128;0.1;400;406
375;375;1;1000;128;0.1;400;406
376;376;1;1000;128;0.1;400;410
377;377;1;1000;128;0.1;400;408
378;378;1;1000;128;0.1;400;406
379;379;1;1000;128;0.1;400;406
380;380;1;1000;128;0.1;400;411
381;381;1;1000;128;0.1;400;407
382;382;1;1000;128;0.1;400;409
383;383;1;1000;128;0.1;400;409
384;384;1;1000;128;0.1;400;408
385;385;1;1000;128;0.1;400;407
386;386;1;1000;128;0.1;400;410
387;387;1;1000;128;0.1;400;413
388;388;1;1000;128;0.1;400;411
389;389;1;1000;128;0.1;400;776
390;390;1;1000;128;0.1;400;406
391;391;1;1000;128;0.1;400;409
392;392;1;1000;128;0.1;400;407
393;393;1;1000;128;0.1;400;410
394;394;1;1000;128;0.1;400;410
395;395;1;1000;128;0.1;400;406
396;396;1;1000;128;0.1;400;406
397;397;1;1000;128;0.1;400;408
398;398;1;1000;128;0.1;400;406
399;399;1;1000;128;0.1;400;405
400;400;1;1000;128;0.1;400;415
401;401;1;1000;128;0.1;400;406
402;402;1;1000;128;0.1;400;407
403;403;1;1000;128;0.1;400;405
404;404;1;1000;128;0.1;400;408
405;405;1;1000;128;0.1;400;407
406;406;1;1000;128;0.1;400;407
407;407;1;1000;128;0.1;400;406
408;408;1;1000;128;0.1;400;406
409;409;1;1000;128;0.1;400;407
410;410;1;1000;128;0.1;400;409
411;411;1;1000;128;0.1;400;406
412;412;1;1000;128;0.1;400;407
413;413;1;1000;128;0.1;400;411
414;414;1;1000;128;0.1;400;410
415;415;1;1000;128;0.1;400;406
416;416;1;1000;128;0.1;400;408
417;417;1;1000;128;0.1;400;410
418;418;1;1000;128;0.1;400;410
419;419;1;1000;128;0.1;400;406
420;420;1;1000;128;0.1;400;404
421;421;1;1000;128;0.1;400;416
422;422;1;1000;128;0.1;400;404
423;423;1;1000;128;0.1;400;408
424;424;1;1000;128;0.1;400;406
425;425;1;1000;128;0.1;400;415
426;426;1;1000;128;0.1;400;405
427;427;1;1000;128;0.1;400;411
428;428;1;1000;128;0.1;400;405
429;429;1;1000;128;0.1;400;406
430;430;1;1000;128;0.1;400;409
431;431;1;1000;128;0.1;400;410
432;432;1;1000;128;0.1;400;409
433;433;1;1000;128;0.1;400;405
434;434;1;1000;128;0.1;400;414
435;435;1;1000;128;0.1;400;745
436;436;1;1000;128;0.1;400;411
437;437;1;1000;128;0.1;400;406
438;438;1;1000;128;0.1;400;408
439;439;1;1000;128;0.1;400;405
440;440;1;1000;128;0.1;400;406
441;441;1;1000;128;0.1;400;409
442;442;1;1000;128;0.1;400;411
443;443;1;1000;128;0.1;400;405
444;444;1;1000;128;0.1;400;411
445;445;1;1000;128;0.1;400;411
446;446;1;1000;128;0.1;400;412
447;447;1;1000;128;0.1;400;405
448;448;1;1000;128;0.1;400;406
449;449;1;1000;128;0.1;400;404
450;450;1;1000;128;0.1;400;411
451;451;1;1000;128;0.1;400;407
452;452;1;1000;128;0.1;400;412
453;453;1;1000;128;0.1;400;407
454;454;1;1000;128;0.1;400;411
455;455;1;1000;128;0.1;400;408
456;456;1;1000;128;0.1;400;404
457;457;1;1000;128;0.1;400;407
458;458;1;1000;128;0.1;400;410
459;459;1;1000;128;0.1;400;411
460;460;1;1000;128;0.1;400;406
461;461;1;1000;128;0.1;400;407
462;462;1;1000;128;0.1;400;405
463;463;1;1000;128;0.1;400;406
464;464;1;1000;128;0.1;400;406
465;465;1;1000;128;0.1;400;415
466;466;1;1000;128;0.1;400;407
467;467;1;1000;128;0.1;400;407
468;468;1;1000;128;0.1;400;409
469;469;1;1000;128;0.1;400;406
470;470;1;1000;128;0.1;400;406
471;471;1;1000;128;0.1;400;408
472;472;1;1000;128;0.1;400;405
473;473;1;1000;128;0.1;400;406
474;474;1;1000;128;0.1;400;406
475;475;1;1000;128;0.1;400;410
476;476;1;1000;128;0.1;400;410
477;477;1;1000;128;0.1;400;410
478;478;1;1000;128;0.1;400;406
479;479;1;1000;128;0.1;400;405
480;480;1;1000;128;0.1;400;408
481;481;1;1000;128;0.1;400;415
482;482;1;1000;128;0.1;400;407
483;483;1;1000;128;0.1;400;406
484;484;1;1000;128;0.1;400;414
485;485;1;1000;128;0.1;400;411
486;486;1;1000;128;0.1;400;412
487;487;1;1000;128;0.1;400;407
488;488;1;1000;128;0.1;400;411
489;489;1;1000;128;0.1;400;405
490;490;1;1000;128;0.1;400;406
491;491;1;1000;128;0.1;400;405
492;492;1;1000;128;0.1;400;407
493;493;1;1000;128;0.1;400;406
494;494;1;1000;128;0.1;400;406
495;495;1;1000;128;0.1;400;406
496;496;1;1000;128;0.1;400;406
497;497;1;1000;128;0.1;400;406
498;498;1;1000;128;0.1;400;406
499;499;1;1000;128;0.1;400;405
500;500;1;1000;128;0.1;400;406
501;501;1;1000;128;0.1;400;408
502;502;1;1000;128;0.1;400;404
503;503;1;1000;128;0.1;400;406
504;504;1;1000;128;0.1;400;406
505;505;1;1000;128;0.1;400;406
506;506;1;1000;128;0.1;400;410
507;507;1;1000;128;0.1;400;406
508;508;1;1000;128;0.1;400;410
509;509;1;1000;128;0.1;400;410
510;510;1;1000;128;0.1;400;413
511;511;1;1000;128;0.1;400;406
512;512;1;1000;128;0.1;400;408
513;513;1;1000;128;0.1;400;410
514;514;1;1000;128;0.1;400;404
515;515;1;1000;128;0.1;400;407
516;516;1;1000;128;0.1;400;405
517;517;1;1000;128;0.1;400;409
518;518;1;1000;128;0.1;400;407
519;519;1;1000;128;0.1;400;406
520;520;1;1000;128;0.1;400;409
521;521;1;1000;128;0.1;400;406
522;522;1;1000;128;0.1;400;411
523;523;1;1000;128;0.1;400;404
524;524;1;1000;128;0.1;400;412
525;525;1;1000;128;0.1;400;407
526;526;1;1000;128;0.1;400;408
527;527;1;1000;128;0.1;400;408
528;528;1;1000;128;0.1;400;409
529;529;1;1000;128;0.1;400;411
530;530;1;1000;128;0.1;400;407
531;531;1;1000;128;0.1;400;405
532;532;1;1000;128;0.1;400;406
533;533;1;1000;128;0.1;400;414
534;534;1;1000;128;0.1;400;414
535;535;1;1000;128;0.1;400;413
536;536;1;1000;128;0.1;400;409
537;537;1;1000;128;0.1;400;406
538;538;1;1000;128;0.1;400;412
539;539;1;1000;128;0.1;400;408
540;540;1;1000;128;0.1;400;405
541;541;1;1000;128;0.1;400;410
542;542;1;1000;128;0.1;400;410
543;543;1;1000;128;0.1;400;406
544;544;1;1000;128;0.1;400;405
545;545;1;1000;128;0.1;400;406
546;546;1;1000;128;0.1;400;404
547;547;1;1000;128;0.1;400;406
548;548;1;1000;128;0.1;400;405
549;549;1;1000;128;0.1;400;407
550;550;1;1000;128;0.1;400;406
551;551;1;1000;128;0.1;400;413
552;552;1;1000;128;0.1;400;406
553;553;1;1000;128;0.1;400;409
554;554;1;1000;128;0.1;400;405
555;555;1;1000;128;0.1;400;685
556;556;1;1000;128;0.1;400;404
557;557;1;1000;128;0.1;400;406
558;558;1;1000;128;0.1;400;406
559;559;1;1000;128;0.1;400;407
560;560;1;1000;128;0.1;400;405
561;561;1;1000;128;0.1;400;406
562;562;1;1000;128;0.1;400;409
563;563;1;1000;128;0.1;400;406
564;564;1;1000;128;0.1;400;414
565;565;1;1000;128;0.1;400;406
566;566;1;1000;128;0.1;400;407
567;567;1;1000;128;0.1;400;411
568;568;1;1000;128;0.1;400;411
569;569;1;1000;128;0.1;400;407
570;570;1;1000;128;0.1;400;406
571;571;1;1000;128;0.1;400;406
572;572;1;1000;128;0.1;400;410
573;573;1;1000;128;0.1;400;406
574;574;1;1000;128;0.1;400;406
575;575;1;1000;128;0.1;400;406
576;576;1;1000;128;0.1;400;411
577;577;1;1000;128;0.1;400;412
578;578;1;1000;128;0.1;400;406
579;579;1;1000;128;0.1;400;406
580;580;1;1000;128;0.1;400;405
581;581;1;1000;128;0.1;400;408
582;582;1;1000;128;0.1;400;409
583;583;1;1000;128;0.1;400;406
584;584;1;1000;128;0.1;400;413
585;585;1;1000;128;0.1;400;404
586;586;1;1000;128;0.1;400;410
587;587;1;1000;128;0.1;400;415
588;588;1;1000;128;0.1;400;419
589;589;1;1000;128;0.1;400;412
590;590;1;1000;128;0.1;400;412
591;591;1;1000;128;0.1;400;411
592;592;1;1000;128;0.1;400;412
593;593;1;1000;128;0.1;400;405
594;594;1;1000;128;0.1;400;406
595;595;1;1000;128;0.1;400;405
596;596;1;1000;128;0.1;400;405
597;597;1;1000;128;0.1;400;406
598;598;1;1000;128;0.1;400;409
599;599;1;1000;128;0.1;400;406
600;600;1;1000;128;0.1;400;409
601;601;1;1000;128;0.1;400;411
602;602;1;1000;128;0.1;400;409
603;603;1;1000;128;0.1;400;411
604;604;1;1000;128;0.1;400;406
605;605;1;1000;128;0.1;400;404
606;606;1;1000;128;0.1;400;405
607;607;1;1000;128;0.1;400;411
608;608;1;1000;128;0.1;400;415
609;609;1;1000;128;0.1;400;410
610;610;1;1000;128;0.1;400;411
611;611;1;1000;128;0.1;400;407
612;612;1;1000;128;0.1;400;415
613;613;1;1000;128;0.1;400;407
614;614;1;1000;128;0.1;400;408
615;615;1;1000;128;0.1;400;406
616;616;1;1000;128;0.1;400;404
617;617;1;1000;128;0.1;400;411
618;618;1;1000;128;0.1;400;406
619;619;1;1000;128;0.1;400;408
620;620;1;1000;128;0.1;400;413
621;621;1;1000;128;0.1;400;406
622;622;1;1000;128;0.1;400;407
623;623;1;1000;128;0.1;400;410
624;624;1;1000;128;0.1;400;411
625;625;1;1000;128;0.1;400;416
626;626;1;1000;128;0.1;400;412
627;627;1;1000;128;0.1;400;413
628;628;1;1000;128;0.1;400;409
629;629;1;1000;128;0.1;400;418
630;630;1;1000;128;0.1;400;407
631;631;1;1000;128;0.1;400;407
632;632;1;1000;128;0.1;400;405
633;633;1;1000;128;0.1;400;410
634;634;1;1000;128;0.1;400;419
635;635;1;1000;128;0.1;400;409
636;636;1;1000;128;0.1;400;403
637;637;1;1000;128;0.1;400;411
638;638;1;1000;128;0.1;400;405
639;639;1;1000;128;0.1;400;407
640;640;1;1000;128;0.1;400;411
641;641;1;1000;128;0.1;400;406
642;642;1;1000;128;0.1;400;414
643;643;1;1000;128;0.1;400;407
644;644;1;1000;128;0.1;400;405
645;645;1;1000;128;0.1;400;412
646;646;1;1000;128;0.1;400;406
647;647;1;1000;128;0.1;400;406
648;648;1;1000;128;0.1;400;407
649;649;1;1000;128;0.1;400;412
650;650;1;1000;128;0.1;400;408
651;651;1;1000;128;0.1;400;404
652;652;1;1000;128;0.1;400;410
653;653;1;1000;128;0.1;400;412
654;654;1;1000;128;0.1;400;405
655;655;1;1000;128;0.1;400;406
656;656;1;1000;128;0.1;400;406
657;657;1;1000;128;0.1;400;405
658;658;1;1000;128;0.1;400;409
659;659;1;1000;128;0.1;400;427
660;660;1;1000;128;0.1;400;406
661;661;1;1000;128;0.1;400;405
662;662;1;1000;128;0.1;400;410
663;663;1;1000;128;0.1;400;406
664;664;1;1000;128;0.1;400;411
665;665;1;1000;128;0.1;400;414
666;666;1;1000;128;0.1;400;411
667;667;1;1000;128;0.1;400;417
668;668;1;1000;128;0.1;400;405
669;669;1;1000;128;0.1;400;406
670;670;1;1000;128;0.1;400;421
671;671;1;1000;128;0.1;400;411
672;672;1;1000;128;0.1;400;415
673;673;1;1000;128;0.1;400;407
674;674;1;1000;128;0.1;400;406
675;675;1;1000;128;0.1;400;410
676;676;1;1000;128;0.1;400;407
677;677;1;1000;128;0.1;400;405
678;678;1;1000;128;0.1;400;422
679;679;1;1000;128;0.1;400;405
680;680;1;1000;128;0.1;400;407
681;681;1;1000;128;0.1;400;407
682;682;1;1000;128;0.1;400;411
683;683;1;1000;128;0.1;400;421
684;684;1;1000;128;0.1;400;409
685;685;1;1000;128;0.1;400;410
686;686;1;1000;128;0.1;400;406
687;687;1;1000;128;0.1;400;411
688;688;1;1000;128;0.1;400;410
689;689;1;1000;128;0.1;400;413
690;690;1;1000;128;0.1;400;409
691;691;1;1000;128;0.1;400;406
692;692;1;1000;128;0.1;400;406
693;693;1;1000;128;0.1;400;418
694;694;1;1000;128;0.1;400;639
695;695;1;1000;128;0.1;400;406
696;696;1;1000;128;0.1;400;415
697;697;1;1000;128;0.1;400;411
698;698;1;1000;128;0.1;400;404
699;699;1;1000;128;0.1;400;406
700;700;1;1000;128;0.1;400;408
701;701;1;1000;128;0.1;400;411
702;702;1;1000;128;0.1;400;407
703;703;1;1000;128;0.1;400;406
704;704;1;1000;128;0.1;400;405
705;705;1;1000;128;0.1;400;410
706;706;1;1000;128;0.1;400;405
707;707;1;1000;128;0.1;400;404
708;708;1;1000;128;0.1;400;406
709;709;1;1000;128;0.1;400;406
710;710;1;1000;128;0.1;400;405
711;711;1;1000;128;0.1;400;391
712;712;1;1000;128;0.1;400;408
713;713;1;1000;128;0.1;400;399
714;714;1;1000;128;0.1;400;405
715;715;1;1000;128;0.1;400;400
716;716;1;1000;128;0.1;400;407
717;717;1;1000;128;0.1;400;406
718;718;1;1000;128;0.1;400;406
719;719;1;1000;128;0.1;400;411
720;720;1;1000;128;0.1;400;411
721;721;1;1000;128;0.1;400;413
722;722;1;1000;128;0.1;400;411
723;723;1;1000;128;0.1;400;412
724;724;1;1000;128;0.1;400;408
725;725;1;1000;128;0.1;400;410
726;726;1;1000;128;0.1;400;406
727;727;1;1000;128;0.1;400;410
728;728;1;1000;128;0.1;400;406
729;729;1;1000;128;0.1;400;405
730;730;1;1000;128;0.1;400;406
731;731;1;1000;128;0.1;400;407
732;732;1;1000;128;0.1;400;406
733;733;1;1000;128;0.1;400;410
734;734;1;1000;128;0.1;400;407
735;735;1;1000;128;0.1;400;404
736;736;1;1000;128;0.1;400;404
737;737;1;1000;128;0.1;400;421
738;738;1;1000;128;0.1;400;410
739;739;1;1000;128;0.1;400;412
740;740;1;1000;128;0.1;400;411
741;741;1;1000;128;0.1;400;424
742;742;1;1000;128;0.1;400;404
743;743;1;1000;128;0.1;400;427
744;744;1;1000;128;0.1;400;407
745;745;1;1000;128;0.1;400;405
746;746;1;1000;128;0.1;400;405
747;747;1;1000;128;0.1;400;406
748;748;1;1000;128;0.1;400;410
749;749;1;1000;128;0.1;400;411
750;750;1;1000;128;0.1;400;410
751;751;1;1000;128;0.1;400;410
752;752;1;1000;128;0.1;400;384
753;753;1;1000;128;0.1;400;407
754;754;1;1000;128;0.1;400;393
755;755;1;1000;128;0.1;400;406
756;756;1;1000;128;0.1;400;400
757;757;1;1000;128;0.1;400;406
758;758;1;1000;128;0.1;400;405
759;759;1;1000;128;0.1;400;400
760;760;1;1000;128;0.1;400;405
761;761;1;1000;128;0.1;400;409
762;762;1;1000;128;0.1;400;411
763;763;1;1000;128;0.1;400;405
764;764;1;1000;128;0.1;400;411
765;765;1;1000;128;0.1;400;406
766;766;1;1000;128;0.1;400;404
767;767;1;1000;128;0.1;400;405
768;768;1;1000;128;0.1;400;407
769;769;1;1000;128;0.1;400;410
770;770;1;1000;128;0.1;400;406
771;771;1;1000;128;0.1;400;406
772;772;1;1000;128;0.1;400;407
773;773;1;1000;128;0.1;400;405
774;774;1;1000;128;0.1;400;392
775;775;1;1000;128;0.1;400;409
776;776;1;1000;128;0.1;400;404
777;777;1;1000;128;0.1;400;404
778;778;1;1000;128;0.1;400;405
779;779;1;1000;128;0.1;400;406
780;780;1;1000;128;0.1;400;407
781;781;1;1000;128;0.1;400;404
782;782;1;1000;128;0.1;400;411
783;783;1;1000;128;0.1;400;404
784;784;1;1000;128;0.1;400;414
785;785;1;1000;128;0.1;400;405
786;786;1;1000;128;0.1;400;408
787;787;1;1000;128;0.1;400;410
788;788;1;1000;128;0.1;400;374
789;789;1;1000;128;0.1;400;405
790;790;1;1000;128;0.1;400;410
791;791;1;1000;128;0.1;400;405
792;792;1;1000;128;0.1;400;384
793;793;1;1000;128;0.1;400;410
794;794;1;1000;128;0.1;400;376
795;795;1;1000;128;0.1;400;408
796;796;1;1000;128;0.1;400;392
797;797;1;1000;128;0.1;400;406
798;798;1;1000;128;0.1;400;383
799;799;1;1000;128;0.1;400;405
800;800;1;1000;128;0.1;400;407
801;801;1;1000;128;0.1;400;415
802;802;1;1000;128;0.1;400;403
803;803;1;1000;128;0.1;400;406
804;804;1;1000;128;0.1;400;411
805;805;1;1000;128;0.1;400;409
806;806;1;1000;128;0.1;400;407
807;807;1;1000;128;0.1;400;409
808;808;1;1000;128;0.1;400;408
809;809;1;1000;128;0.1;400;404
810;810;1;1000;128;0.1;400;409
811;811;1;1000;128;0.1;400;410
812;812;1;1000;128;0.1;400;410
813;813;1;1000;128;0.1;400;406
814;814;1;1000;128;0.1;400;375
815;815;1;1000;128;0.1;400;405
816;816;1;1000;128;0.1;400;368
817;817;1;1000;128;0.1;400;411
818;818;1;1000;128;0.1;400;404
819;819;1;1000;128;0.1;400;408
820;820;1;1000;128;0.1;400;413
821;821;1;1000;128;0.1;400;405
822;822;1;1000;128;0.1;400;408
823;823;1;1000;128;0.1;400;410
824;824;1;1000;128;0.1;400;406
825;825;1;1000;128;0.1;400;406
826;826;1;1000;128;0.1;400;411
827;827;1;1000;128;0.1;400;406
828;828;1;1000;128;0.1;400;405
829;829;1;1000;128;0.1;400;406
830;830;1;1000;128;0.1;400;404
831;831;1;1000;128;0.1;400;406
832;832;1;1000;128;0.1;400;407
833;833;1;1000;128;0.1;400;404
834;834;1;1000;128;0.1;400;613
835;835;1;1000;128;0.1;400;404
836;836;1;1000;128;0.1;400;406
837;837;1;1000;128;0.1;400;406
838;838;1;1000;128;0.1;400;407
839;839;1;1000;128;0.1;400;408
840;840;1;1000;128;0.1;400;405
841;841;1;1000;128;0.1;400;368
842;842;1;1000;128;0.1;400;405
843;843;1;1000;128;0.1;400;370
844;844;1;1000;128;0.1;400;409
845;845;1;1000;128;0.1;400;416
846;846;1;1000;128;0.1;400;405
847;847;1;1000;128;0.1;400;406
848;848;1;1000;128;0.1;400;409
849;849;1;1000;128;0.1;400;406
850;850;1;1000;128;0.1;400;366
851;851;1;1000;128;0.1;400;404
852;852;1;1000;128;0.1;400;404
853;853;1;1000;128;0.1;400;405
854;854;1;1000;128;0.1;400;404
855;855;1;1000;128;0.1;400;404
856;856;1;1000;128;0.1;400;409
857;857;1;1000;128;0.1;400;405
858;858;1;1000;128;0.1;400;413
859;859;1;1000;128;0.1;400;412
860;860;1;1000;128;0.1;400;409
861;861;1;1000;128;0.1;400;413
862;862;1;1000;128;0.1;400;410
863;863;1;1000;128;0.1;400;405
864;864;1;1000;128;0.1;400;405
865;865;1;1000;128;0.1;400;407
866;866;1;1000;128;0.1;400;405
867;867;1;1000;128;0.1;400;404
868;868;1;1000;128;0.1;400;407
869;869;1;1000;128;0.1;400;415
870;870;1;1000;128;0.1;400;407
871;871;1;1000;128;0.1;400;405
872;872;1;1000;128;0.1;400;405
873;873;1;1000;128;0.1;400;408
874;874;1;1000;128;0.1;400;407
875;875;1;1000;128;0.1;400;405
876;876;1;1000;128;0.1;400;409
877;877;1;1000;128;0.1;400;406
878;878;1;1000;128;0.1;400;408
879;879;1;1000;128;0.1;400;409
880;880;1;1000;128;0.1;400;405
881;881;1;1000;128;0.1;400;404
882;882;1;1000;128;0.1;400;415
883;883;1;1000;128;0.1;400;404
884;884;1;1000;128;0.1;400;404
885;885;1;1000;128;0.1;400;406
886;886;1;1000;128;0.1;400;409
887;887;1;1000;128;0.1;400;419
888;888;1;1000;128;0.1;400;406
889;889;1;1000;128;0.1;400;411
890;890;1;1000;128;0.1;400;407
891;891;1;1000;128;0.1;400;413
892;892;1;1000;128;0.1;400;407
893;893;1;1000;128;0.1;400;413
894;894;1;1000;128;0.1;400;406
895;895;1;1000;128;0.1;400;404
896;896;1;1000;128;0.1;400;404
897;897;1;1000;128;0.1;400;406
898;898;1;1000;128;0.1;400;411
899;899;1;1000;128;0.1;400;416
900;900;1;1000;128;0.1;400;409
901;901;1;1000;128;0.1;400;412
902;902;1;1000;128;0.1;400;410
903;903;1;1000;128;0.1;400;406
904;904;1;1000;128;0.1;400;406
905;905;1;1000;128;0.1;400;418
906;906;1;1000;128;0.1;400;405
907;907;1;1000;128;0.1;400;405
908;908;1;1000;128;0.1;400;415
909;909;1;1000;128;0.1;400;404
910;910;1;1000;128;0.1;400;409
911;911;1;1000;128;0.1;400;406
912;912;1;1000;128;0.1;400;409
913;913;1;1000;128;0.1;400;405
914;914;1;1000;128;0.1;400;408
915;915;1;1000;128;0.1;400;407
916;916;1;1000;128;0.1;400;408
917;917;1;1000;128;0.1;400;406
918;918;1;1000;128;0.1;400;405
919;919;1;1000;128;0.1;400;413
920;920;1;1000;128;0.1;400;407
921;921;1;1000;128;0.1;400;405
922;922;1;1000;128;0.1;400;410
923;923;1;1000;128;0.1;400;407
924;924;1;1000;128;0.1;400;406
925;925;1;1000;128;0.1;400;406
926;926;1;1000;128;0.1;400;416
927;927;1;1000;128;0.1;400;411
928;928;1;1000;128;0.1;400;407
929;929;1;1000;128;0.1;400;404
930;930;1;1000;128;0.1;400;409
931;931;1;1000;128;0.1;400;408
932;932;1;1000;128;0.1;400;405
933;933;1;1000;128;0.1;400;404
934;934;1;1000;128;0.1;400;408
935;935;1;1000;128;0.1;400;409
936;936;1;1000;128;0.1;400;413
937;937;1;1000;128;0.1;400;411
938;938;1;1000;128;0.1;400;405
939;939;1;1000;128;0.1;400;404
940;940;1;1000;128;0.1;400;405
941;941;1;1000;128;0.1;400;411
942;942;1;1000;128;0.1;400;407
943;943;1;1000;128;0.1;400;414
944;944;1;1000;128;0.1;400;405
945;945;1;1000;128;0.1;400;405
946;946;1;1000;128;0.1;400;404
947;947;1;1000;128;0.1;400;408
948;948;1;1000;128;0.1;400;406
949;949;1;1000;128;0.1;400;410
950;950;1;1000;128;0.1;400;417
951;951;1;1000;128;0.1;400;412
952;952;1;1000;128;0.1;400;410
953;953;1;1000;128;0.1;400;412
954;954;1;1000;128;0.1;400;406
955;955;1;1000;128;0.1;400;407
956;956;1;1000;128;0.1;400;406
957;957;1;1000;128;0.1;400;406
958;958;1;1000;128;0.1;400;409
959;959;1;1000;128;0.1;400;405
960;960;1;1000;128;0.1;400;410
961;961;1;1000;128;0.1;400;407
962;962;1;1000;128;0.1;400;404
963;963;1;1000;128;0.1;400;405
964;964;1;1000;128;0.1;400;406
965;965;1;1000;128;0.1;400;409
966;966;1;1000;128;0.1;400;414
967;967;1;1000;128;0.1;400;406
968;968;1;1000;128;0.1;400;405
969;969;1;1000;128;0.1;400;406
970;970;1;1000;128;0.1;400;404
971;971;1;1000;128;0.1;400;405
972;972;1;1000;128;0.1;400;404
973;973;1;1000;128;0.1;400;411
974;974;1;1000;128;0.1;400;405
975;975;1;1000;128;0.1;400;408
976;976;1;1000;128;0.1;400;405
977;977;1;1000;128;0.1;400;405
978;978;1;1000;128;0.1;400;405
979;979;1;1000;128;0.1;400;406
980;980;1;1000;128;0.1;400;407
981;981;1;1000;128;0.1;400;406
982;982;1;1000;128;0.1;400;406
983;983;1;1000;128;0.1;400;410
984;984;1;1000;128;0.1;400;405
985;985;1;1000;128;0.1;400;408
986;986;1;1000;128;0.1;400;406
987;987;1;1000;128;0.1;400;410
988;988;1;1000;128;0.1;400;404
989;989;1;1000;128;0.1;400;406
990;990;1;1000;128;0.1;400;407
991;991;1;1000;128;0.1;400;404
992;992;1;1000;128;0.1;400;410
993;993;1;1000;128;0.1;400;409
994;994;1;1000;128;0.1;400;406
995;995;1;1000;128;0.1;400;405
996;996;1;1000;128;0.1;400;404
997;997;1;1000;128;0.1;400;407
998;998;1;1000;128;0.1;400;406
999;999;1;1000;128;0.1;400;407
1000;1000;1;1000;128;0.1;400;406
