1;1;0;1000;128;0;400;404.214000
2;2;0;1000;128;0;400;407.277000
3;3;0;1000;128;0;400;403.710000
4;4;0;1000;128;0;400;403.951000
5;5;0;1000;128;0;400;404.214000
6;6;0;1000;128;0;400;405.589000
7;7;0;1000;128;0;400;409.609000
8;8;0;1000;128;0;400;405.165000
9;9;0;1000;128;0;400;405.619000
10;10;0;1000;128;0;400;405.456000
11;11;0;1000;128;0;400;405.753000
12;12;0;1000;128;0;400;404.547000
13;13;0;1000;128;0;400;409.392000
14;14;0;1000;128;0;400;406.318000
15;15;0;1000;128;0;400;405.360000
16;16;0;1000;128;0;400;405.520000
17;17;0;1000;128;0;400;405.934000
18;18;0;1000;128;0;400;404.821000
19;19;0;1000;128;0;400;404.130000
20;20;0;1000;128;0;400;404.064000
21;21;0;1000;128;0;400;404.464000
22;22;0;1000;128;0;400;406.003000
23;23;0;1000;128;0;400;407.004000
24;24;0;1000;128;0;400;405.724000
25;25;0;1000;128;0;400;411.178000
26;26;0;1000;128;0;400;410.070000
27;27;0;1000;128;0;400;405.354000
28;28;0;1000;128;0;400;405.145000
29;29;0;1000;128;0;400;408.019000
30;30;0;1000;128;0;400;405.990000
31;31;0;1000;128;0;400;406.170000
32;32;0;1000;128;0;400;406.032000
33;33;0;1000;128;0;400;404.661000
34;34;0;1000;128;0;400;403.993000
35;35;0;1000;128;0;400;407.692000
36;36;0;1000;128;0;400;404.731000
37;37;0;1000;128;0;400;407.211000
38;38;0;1000;128;0;400;409.555000
39;39;0;1000;128;0;400;405.190000
40;40;0;1000;128;0;400;406.680000
41;41;0;1000;128;0;400;407.058000
42;42;0;1000;128;0;400;405.093000
43;43;0;1000;128;0;400;404.851000
44;44;0;1000;128;0;400;405.904000
45;45;0;1000;128;0;400;404.671000
46;46;0;1000;128;0;400;409.116000
47;47;0;1000;128;0;400;409.918000
48;48;0;1000;128;0;400;413.935000
49;49;0;1000;128;0;400;404.362000
50;50;0;1000;128;0;400;409.798000
51;51;0;1000;128;0;400;404.439000
52;52;0;1000;128;0;400;404.854000
53;53;0;1000;128;0;400;410.860000
54;54;0;1000;128;0;400;405.739000
55;55;0;1000;128;0;400;407.272000
56;56;0;1000;128;0;400;407.001000
57;57;0;1000;128;0;400;404.929000
58;58;0;1000;128;0;400;406.632000
59;59;0;1000;128;0;400;407.188000
60;60;0;1000;128;0;400;405.778000
61;61;0;1000;128;0;400;408.649000
62;62;0;1000;128;0;400;405.714000
63;63;0;1000;128;0;400;404.367000
64;64;0;1000;128;0;400;411.532000
65;65;0;1000;128;0;400;406.953000
66;66;0;1000;128;0;400;412.302000
67;67;0;1000;128;0;400;405.399000
68;68;0;1000;128;0;400;404.077000
69;69;0;1000;128;0;400;406.225000
70;70;0;1000;128;0;400;404.656000
71;71;0;1000;128;0;400;403.872000
72;72;0;1000;128;0;400;405.519000
73;73;0;1000;128;0;400;404.886000
74;74;0;1000;128;0;400;408.981000
75;75;0;1000;128;0;400;404.343000
76;76;0;1000;128;0;400;406.471000
77;77;0;1000;128;0;400;407.232000
78;78;0;1000;128;0;400;404.560000
79;79;0;1000;128;0;400;406.041000
80;80;0;1000;128;0;400;404.239000
81;81;0;1000;128;0;400;405.105000
82;82;0;1000;128;0;400;405.501000
83;83;0;1000;128;0;400;404.494000
84;84;0;1000;128;0;400;408.903000
85;85;0;1000;128;0;400;411.138000
86;86;0;1000;128;0;400;404.203000
87;87;0;1000;128;0;400;405.030000
88;88;0;1000;128;0;400;403.246000
89;89;0;1000;128;0;400;410.125000
90;90;0;1000;128;0;400;407.305000
91;91;0;1000;128;0;400;413.364000
92;92;0;1000;128;0;400;407.086000
93;93;0;1000;128;0;400;405.667000
94;94;0;1000;128;0;400;406.039000
95;95;0;1000;128;0;400;405.927000
96;96;0;1000;128;0;400;406.020000
97;97;0;1000;128;0;400;406.081000
98;98;0;1000;128;0;400;406.444000
99;99;0;1000;128;0;400;405.723000
100;100;0;1000;128;0;400;408.256000
101;101;0;1000;128;0;400;406.114000
102;102;0;1000;128;0;400;405.714000
103;103;0;1000;128;0;400;413.223000
104;104;0;1000;128;0;400;406.374000
105;105;0;1000;128;0;400;409.824000
106;106;0;1000;128;0;400;403.783000
107;107;0;1000;128;0;400;404.869000
108;108;0;1000;128;0;400;403.930000
109;109;0;1000;128;0;400;405.004000
110;110;0;1000;128;0;400;404.398000
111;111;0;1000;128;0;400;405.135000
112;112;0;1000;128;0;400;405.760000
113;113;0;1000;128;0;400;410.707000
114;114;0;1000;128;0;400;405.412000
115;115;0;1000;128;0;400;407.581000
116;116;0;1000;128;0;400;406.029000
117;117;0;1000;128;0;400;406.543000
118;118;0;1000;128;0;400;404.068000
119;119;0;1000;128;0;400;404.922000
120;120;0;1000;128;0;400;405.576000
121;121;0;1000;128;0;400;405.889000
122;122;0;1000;128;0;400;403.734000
123;123;0;1000;128;0;400;410.254000
124;124;0;1000;128;0;400;408.712000
125;125;0;1000;128;0;400;404.457000
126;126;0;1000;128;0;400;403.957000
127;127;0;1000;128;0;400;404.566000
128;128;0;1000;128;0;400;408.699000
129;129;0;1000;128;0;400;406.357000
130;130;0;1000;128;0;400;410.145000
131;131;0;1000;128;0;400;404.025000
132;132;0;1000;128;0;400;411.423000
133;133;0;1000;128;0;400;405.925000
134;134;0;1000;128;0;400;410.943000
135;135;0;1000;128;0;400;411.475000
136;136;0;1000;128;0;400;404.533000
137;137;0;1000;128;0;400;409.644000
138;138;0;1000;128;0;400;404.041000
139;139;0;1000;128;0;400;404.319000
140;140;0;1000;128;0;400;403.935000
141;141;0;1000;128;0;400;405.267000
142;142;0;1000;128;0;400;404.736000
143;143;0;1000;128;0;400;403.176000
144;144;0;1000;128;0;400;409.240000
145;145;0;1000;128;0;400;408.756000
146;146;0;1000;128;0;400;406.644000
147;147;0;1000;128;0;400;404.439000
148;148;0;1000;128;0;400;408.310000
149;149;0;1000;128;0;400;406.839000
150;150;0;1000;128;0;400;404.409000
151;151;0;1000;128;0;400;405.531000
152;152;0;1000;128;0;400;404.257000
153;153;0;1000;128;0;400;404.688000
154;154;0;1000;128;0;400;408.619000
155;155;0;1000;128;0;400;404.023000
156;156;0;1000;128;0;400;406.128000
157;157;0;1000;128;0;400;406.539000
158;158;0;1000;128;0;400;409.480000
159;159;0;1000;128;0;400;408.000000
160;160;0;1000;128;0;400;404.725000
161;161;0;1000;128;0;400;406.836000
162;162;0;1000;128;0;400;409.881000
163;163;0;1000;128;0;400;405.921000
164;164;0;1000;128;0;400;403.551000
165;165;0;1000;128;0;400;403.819000
166;166;0;1000;128;0;400;404.214000
167;167;0;1000;128;0;400;407.665000
168;168;0;1000;128;0;400;404.052000
169;169;0;1000;128;0;400;412.005000
170;170;0;1000;128;0;400;406.687000
171;171;0;1000;128;0;400;402.771000
172;172;0;1000;128;0;400;404.157000
173;173;0;1000;128;0;400;405.189000
174;174;0;1000;128;0;400;405.961000
175;175;0;1000;128;0;400;405.364000
176;176;0;1000;128;0;400;403.908000
177;177;0;1000;128;0;400;405.208000
178;178;0;1000;128;0;400;409.168000
179;179;0;1000;128;0;400;403.851000
180;180;0;1000;128;0;400;403.899000
181;181;0;1000;128;0;400;404.329000
182;182;0;1000;128;0;400;404.182000
183;183;0;1000;128;0;400;405.904000
184;184;0;1000;128;0;400;406.768000
185;185;0;1000;128;0;400;407.254000
186;186;0;1000;128;0;400;405.213000
187;187;0;1000;128;0;400;404.991000
188;188;0;1000;128;0;400;408.595000
189;189;0;1000;128;0;400;405.073000
190;190;0;1000;128;0;400;409.314000
191;191;0;1000;128;0;400;409.782000
192;192;0;1000;128;0;400;403.932000
193;193;0;1000;128;0;400;405.942000
194;194;0;1000;128;0;400;408.874000
195;195;0;1000;128;0;400;409.789000
196;196;0;1000;128;0;400;405.000000
197;197;0;1000;128;0;400;403.500000
198;198;0;1000;128;0;400;404.899000
199;199;0;1000;128;0;400;409.639000
200;200;0;1000;128;0;400;403.846000
201;201;0;1000;128;0;400;402.889000
202;202;0;1000;128;0;400;405.351000
203;203;0;1000;128;0;400;414.168000
204;204;0;1000;128;0;400;405.408000
205;205;0;1000;128;0;400;407.013000
206;206;0;1000;128;0;400;408.832000
207;207;0;1000;128;0;400;403.578000
208;208;0;1000;128;0;400;404.473000
209;209;0;1000;128;0;400;411.279000
210;210;0;1000;128;0;400;403.815000
211;211;0;1000;128;0;400;405.271000
212;212;0;1000;128;0;400;407.199000
213;213;0;1000;128;0;400;403.813000
214;214;0;1000;128;0;400;404.592000
215;215;0;1000;128;0;400;409.858000
216;216;0;1000;128;0;400;411.535000
217;217;0;1000;128;0;400;410.658000
218;218;0;1000;128;0;400;409.467000
219;219;0;1000;128;0;400;408.670000
220;220;0;1000;128;0;400;404.736000
221;221;0;1000;128;0;400;404.085000
222;222;0;1000;128;0;400;406.123000
223;223;0;1000;128;0;400;404.586000
224;224;0;1000;128;0;400;404.697000
225;225;0;1000;128;0;400;410.404000
226;226;0;1000;128;0;400;408.282000
227;227;0;1000;128;0;400;405.754000
228;228;0;1000;128;0;400;402.531000
229;229;0;1000;128;0;400;404.394000
230;230;0;1000;128;0;400;408.589000
231;231;0;1000;128;0;400;404.271000
232;232;0;1000;128;0;400;410.497000
233;233;0;1000;128;0;400;403.389000
234;234;0;1000;128;0;400;404.089000
235;235;0;1000;128;0;400;405.820000
236;236;0;1000;128;0;400;410.728000
237;237;0;1000;128;0;400;409.506000
238;238;0;1000;128;0;400;403.966000
239;239;0;1000;128;0;400;404.326000
240;240;0;1000;128;0;400;404.206000
241;241;0;1000;128;0;400;405.733000
242;242;0;1000;128;0;400;405.861000
243;243;0;1000;128;0;400;408.067000
244;244;0;1000;128;0;400;409.731000
245;245;0;1000;128;0;400;410.923000
246;246;0;1000;128;0;400;404.715000
247;247;0;1000;128;0;400;409.146000
248;248;0;1000;128;0;400;405.486000
249;249;0;1000;128;0;400;408.351000
250;250;0;1000;128;0;400;405.943000
251;251;0;1000;128;0;400;406.249000
252;252;0;1000;128;0;400;406.246000
253;253;0;1000;128;0;400;406.324000
254;254;0;1000;128;0;400;405.441000
255;255;0;1000;128;0;400;406.243000
256;256;0;1000;128;0;400;406.132000
257;257;0;1000;128;0;400;406.647000
258;258;0;1000;128;0;400;405.145000
259;259;0;1000;128;0;400;407.310000
260;260;0;1000;128;0;400;403.135000
261;261;0;1000;128;0;400;405.013000
262;262;0;1000;128;0;400;404.943000
263;263;0;1000;128;0;400;407.119000
264;264;0;1000;128;0;400;405.172000
265;265;0;1000;128;0;400;403.972000
266;266;0;1000;128;0;400;408.507000
267;267;0;1000;128;0;400;404.328000
268;268;0;1000;128;0;400;405.045000
269;269;0;1000;128;0;400;403.969000
270;270;0;1000;128;0;400;403.956000
271;271;0;1000;128;0;400;410.608000
272;272;0;1000;128;0;400;411.640000
273;273;0;1000;128;0;400;406.429000
274;274;0;1000;128;0;400;405.330000
275;275;0;1000;128;0;400;403.846000
276;276;0;1000;128;0;400;405.312000
277;277;0;1000;128;0;400;404.773000
278;278;0;1000;128;0;400;405.318000
279;279;0;1000;128;0;400;409.021000
280;280;0;1000;128;0;400;408.763000
281;281;0;1000;128;0;400;404.857000
282;282;0;1000;128;0;400;406.164000
283;283;0;1000;128;0;400;408.345000
284;284;0;1000;128;0;400;406.828000
285;285;0;1000;128;0;400;403.696000
286;286;0;1000;128;0;400;409.657000
287;287;0;1000;128;0;400;412.338000
288;288;0;1000;128;0;400;410.995000
289;289;0;1000;128;0;400;411.534000
290;290;0;1000;128;0;400;406.653000
291;291;0;1000;128;0;400;404.500000
292;292;0;1000;128;0;400;406.080000
293;293;0;1000;128;0;400;405.307000
294;294;0;1000;128;0;400;408.093000
295;295;0;1000;128;0;400;403.926000
296;296;0;1000;128;0;400;405.745000
297;297;0;1000;128;0;400;404.950000
298;298;0;1000;128;0;400;411.793000
299;299;0;1000;128;0;400;406.065000
300;300;0;1000;128;0;400;404.490000
301;301;0;1000;128;0;400;404.701000
302;302;0;1000;128;0;400;405.957000
303;303;0;1000;128;0;400;404.652000
304;304;0;1000;128;0;400;410.125000
305;305;0;1000;128;0;400;405.699000
306;306;0;1000;128;0;400;404.464000
307;307;0;1000;128;0;400;407.715000
308;308;0;1000;128;0;400;407.899000
309;309;0;1000;128;0;400;405.528000
310;310;0;1000;128;0;400;404.835000
311;311;0;1000;128;0;400;406.414000
312;312;0;1000;128;0;400;405.925000
313;313;0;1000;128;0;400;407.544000
314;314;0;1000;128;0;400;409.389000
315;315;0;1000;128;0;400;408.694000
316;316;0;1000;128;0;400;404.478000
317;317;0;1000;128;0;400;404.188000
318;318;0;1000;128;0;400;405.612000
319;319;0;1000;128;0;400;406.707000
320;320;0;1000;128;0;400;404.733000
321;321;0;1000;128;0;400;403.789000
322;322;0;1000;128;0;400;405.772000
323;323;0;1000;128;0;400;405.048000
324;324;0;1000;128;0;400;404.686000
325;325;0;1000;128;0;400;404.671000
326;326;0;1000;128;0;400;409.123000
327;327;0;1000;128;0;400;404.418000
328;328;0;1000;128;0;400;407.440000
329;329;0;1000;128;0;400;411.885000
330;330;0;1000;128;0;400;407.058000
331;331;0;1000;128;0;400;409.612000
332;332;0;1000;128;0;400;407.139000
333;333;0;1000;128;0;400;404.128000
334;334;0;1000;128;0;400;407.430000
335;335;0;1000;128;0;400;408.733000
336;336;0;1000;128;0;400;404.452000
337;337;0;1000;128;0;400;405.648000
338;338;0;1000;128;0;400;405.337000
339;339;0;1000;128;0;400;410.784000
340;340;0;1000;128;0;400;407.298000
341;341;0;1000;128;0;400;407.122000
342;342;0;1000;128;0;400;405.592000
343;343;0;1000;128;0;400;404.782000
344;344;0;1000;128;0;400;407.409000
345;345;0;1000;128;0;400;404.563000
346;346;0;1000;128;0;400;405.693000
347;347;0;1000;128;0;400;406.045000
348;348;0;1000;128;0;400;404.085000
349;349;0;1000;128;0;400;410.905000
350;350;0;1000;128;0;400;404.356000
351;351;0;1000;128;0;400;402.405000
352;352;0;1000;128;0;400;409.759000
353;353;0;1000;128;0;400;408.609000
354;354;0;1000;128;0;400;405.594000
355;355;0;1000;128;0;400;406.231000
356;356;0;1000;128;0;400;406.686000
357;357;0;1000;128;0;400;404.271000
358;358;0;1000;128;0;400;403.990000
359;359;0;1000;128;0;400;407.265000
360;360;0;1000;128;0;400;407.007000
361;361;0;1000;128;0;400;404.010000
362;362;0;1000;128;0;400;404.089000
363;363;0;1000;128;0;400;404.379000
364;364;0;1000;128;0;400;406.732000
365;365;0;1000;128;0;400;404.359000
366;366;0;1000;128;0;400;404.814000
367;367;0;1000;128;0;400;409.060000
368;368;0;1000;128;0;400;404.178000
369;369;0;1000;128;0;400;410.650000
370;370;0;1000;128;0;400;405.694000
371;371;0;1000;128;0;400;404.511000
372;372;0;1000;128;0;400;405.517000
373;373;0;1000;128;0;400;403.557000
374;374;0;1000;128;0;400;405.631000
375;375;0;1000;128;0;400;404.706000
376;376;0;1000;128;0;400;404.269000
377;377;0;1000;128;0;400;407.374000
378;378;0;1000;128;0;400;402.493000
379;379;0;1000;128;0;400;403.684000
380;380;0;1000;128;0;400;406.197000
381;381;0;1000;128;0;400;404.329000
382;382;0;1000;128;0;400;406.764000
383;383;0;1000;128;0;400;406.102000
384;384;0;1000;128;0;400;404.616000
385;385;0;1000;128;0;400;409.044000
386;386;0;1000;128;0;400;405.084000
387;387;0;1000;128;0;400;406.450000
388;388;0;1000;128;0;400;402.262000
389;389;0;1000;128;0;400;405.210000
390;390;0;1000;128;0;400;404.554000
391;391;0;1000;128;0;400;406.311000
392;392;0;1000;128;0;400;406.123000
393;393;0;1000;128;0;400;407.971000
394;394;0;1000;128;0;400;406.039000
395;395;0;1000;128;0;400;411.808000
396;396;0;1000;128;0;400;413.388000
397;397;0;1000;128;0;400;407.070000
398;398;0;1000;128;0;400;402.787000
399;399;0;1000;128;0;400;404.310000
400;400;0;1000;128;0;400;404.109000
401;401;0;1000;128;0;400;408.768000
402;402;0;1000;128;0;400;408.382000
403;403;0;1000;128;0;400;404.950000
404;404;0;1000;128;0;400;406.042000
405;405;0;1000;128;0;400;405.715000
406;406;0;1000;128;0;400;403.714000
407;407;0;1000;128;0;400;405.163000
408;408;0;1000;128;0;400;408.658000
409;409;0;1000;128;0;400;405.439000
410;410;0;1000;128;0;400;404.151000
411;411;0;1000;128;0;400;405.715000
412;412;0;1000;128;0;400;404.940000
413;413;0;1000;128;0;400;404.328000
414;414;0;1000;128;0;400;405.340000
415;415;0;1000;128;0;400;405.513000
416;416;0;1000;128;0;400;410.244000
417;417;0;1000;128;0;400;407.272000
418;418;0;1000;128;0;400;407.592000
419;419;0;1000;128;0;400;403.783000
420;420;0;1000;128;0;400;411.466000
421;421;0;1000;128;0;400;405.570000
422;422;0;1000;128;0;400;405.477000
423;423;0;1000;128;0;400;409.660000
424;424;0;1000;128;0;400;407.832000
425;425;0;1000;128;0;400;404.694000
426;426;0;1000;128;0;400;411.714000
427;427;0;1000;128;0;400;402.601000
428;428;0;1000;128;0;400;405.288000
429;429;0;1000;128;0;400;408.508000
430;430;0;1000;128;0;400;406.182000
431;431;0;1000;128;0;400;405.214000
432;432;0;1000;128;0;400;404.673000
433;433;0;1000;128;0;400;405.988000
434;434;0;1000;128;0;400;406.095000
435;435;0;1000;128;0;400;405.490000
436;436;0;1000;128;0;400;405.435000
437;437;0;1000;128;0;400;404.736000
438;438;0;1000;128;0;400;405.204000
439;439;0;1000;128;0;400;405.333000
440;440;0;1000;128;0;400;405.060000
441;441;0;1000;128;0;400;404.493000
442;442;0;1000;128;0;400;404.244000
443;443;0;1000;128;0;400;405.243000
444;444;0;1000;128;0;400;405.970000
445;445;0;1000;128;0;400;408.972000
446;446;0;1000;128;0;400;405.690000
447;447;0;1000;128;0;400;404.490000
448;448;0;1000;128;0;400;404.361000
449;449;0;1000;128;0;400;409.509000
450;450;0;1000;128;0;400;412.213000
451;451;0;1000;128;0;400;407.904000
452;452;0;1000;128;0;400;404.233000
453;453;0;1000;128;0;400;404.247000
454;454;0;1000;128;0;400;406.891000
455;455;0;1000;128;0;400;411.055000
456;456;0;1000;128;0;400;405.475000
457;457;0;1000;128;0;400;403.777000
458;458;0;1000;128;0;400;406.851000
459;459;0;1000;128;0;400;409.350000
460;460;0;1000;128;0;400;405.916000
461;461;0;1000;128;0;400;404.703000
462;462;0;1000;128;0;400;410.599000
463;463;0;1000;128;0;400;409.287000
464;464;0;1000;128;0;400;405.112000
465;465;0;1000;128;0;400;406.873000
466;466;0;1000;128;0;400;412.333000
467;467;0;1000;128;0;400;406.201000
468;468;0;1000;128;0;400;407.409000
469;469;0;1000;128;0;400;405.195000
470;470;0;1000;128;0;400;406.573000
471;471;0;1000;128;0;400;406.293000
472;472;0;1000;128;0;400;405.166000
473;473;0;1000;128;0;400;404.154000
474;474;0;1000;128;0;400;405.051000
475;475;0;1000;128;0;400;404.638000
476;476;0;1000;128;0;400;404.658000
477;477;0;1000;128;0;400;405.213000
478;478;0;1000;128;0;400;410.214000
479;479;0;1000;128;0;400;404.251000
480;480;0;1000;128;0;400;404.568000
481;481;0;1000;128;0;400;404.569000
482;482;0;1000;128;0;400;404.331000
483;483;0;1000;128;0;400;408.418000
484;484;0;1000;128;0;400;405.811000
485;485;0;1000;128;0;400;411.642000
486;486;0;1000;128;0;400;405.121000
487;487;0;1000;128;0;400;403.020000
488;488;0;1000;128;0;400;405.625000
489;489;0;1000;128;0;400;408.745000
490;490;0;1000;128;0;400;408.066000
491;491;0;1000;128;0;400;409.855000
492;492;0;1000;128;0;400;405.625000
493;493;0;1000;128;0;400;404.919000
494;494;0;1000;128;0;400;402.370000
495;495;0;1000;128;0;400;404.467000
496;496;0;1000;128;0;400;404.490000
497;497;0;1000;128;0;400;406.075000
498;498;0;1000;128;0;400;403.104000
499;499;0;1000;128;0;400;411.280000
500;500;0;1000;128;0;400;404.121000
501;501;0;1000;128;0;400;404.754000
502;502;0;1000;128;0;400;408.241000
503;503;0;1000;128;0;400;402.777000
504;504;0;1000;128;0;400;405.028000
505;505;0;1000;128;0;400;406.257000
506;506;0;1000;128;0;400;405.927000
507;507;0;1000;128;0;400;409.111000
508;508;0;1000;128;0;400;406.269000
509;509;0;1000;128;0;400;408.994000
510;510;0;1000;128;0;400;404.371000
511;511;0;1000;128;0;400;408.505000
512;512;0;1000;128;0;400;404.904000
513;513;0;1000;128;0;400;403.921000
514;514;0;1000;128;0;400;407.877000
515;515;0;1000;128;0;400;410.716000
516;516;0;1000;128;0;400;409.695000
517;517;0;1000;128;0;400;404.232000
518;518;0;1000;128;0;400;403.915000
519;519;0;1000;128;0;400;405.121000
520;520;0;1000;128;0;400;405.858000
521;521;0;1000;128;0;400;408.765000
522;522;0;1000;128;0;400;403.752000
523;523;0;1000;128;0;400;404.104000
524;524;0;1000;128;0;400;403.374000
525;525;0;1000;128;0;400;410.134000
526;526;0;1000;128;0;400;407.185000
527;527;0;1000;128;0;400;409.300000
528;528;0;1000;128;0;400;406.885000
529;529;0;1000;128;0;400;403.269000
530;530;0;1000;128;0;400;404.403000
531;531;0;1000;128;0;400;407.662000
532;532;0;1000;128;0;400;406.606000
533;533;0;1000;128;0;400;405.681000
534;534;0;1000;128;0;400;406.330000
535;535;0;1000;128;0;400;412.053000
536;536;0;1000;128;0;400;404.416000
537;537;0;1000;128;0;400;410.475000
538;538;0;1000;128;0;400;409.537000
539;539;0;1000;128;0;400;410.935000
540;540;0;1000;128;0;400;406.582000
541;541;0;1000;128;0;400;405.283000
542;542;0;1000;128;0;400;405.351000
543;543;0;1000;128;0;400;412.795000
544;544;0;1000;128;0;400;407.971000
545;545;0;1000;128;0;400;406.030000
546;546;0;1000;128;0;400;404.722000
547;547;0;1000;128;0;400;404.806000
548;548;0;1000;128;0;400;402.804000
549;549;0;1000;128;0;400;409.801000
550;550;0;1000;128;0;400;410.295000
551;551;0;1000;128;0;400;409.150000
552;552;0;1000;128;0;400;407.761000
553;553;0;1000;128;0;400;407.308000
554;554;0;1000;128;0;400;408.853000
555;555;0;1000;128;0;400;403.674000
556;556;0;1000;128;0;400;406.155000
557;557;0;1000;128;0;400;406.864000
558;558;0;1000;128;0;400;410.404000
559;559;0;1000;128;0;400;407.065000
560;560;0;1000;128;0;400;408.621000
561;561;0;1000;128;0;400;404.310000
562;562;0;1000;128;0;400;405.031000
563;563;0;1000;128;0;400;410.325000
564;564;0;1000;128;0;400;410.329000
565;565;0;1000;128;0;400;404.080000
566;566;0;1000;128;0;400;409.398000
567;567;0;1000;128;0;400;404.976000
568;568;0;1000;128;0;400;406.635000
569;569;0;1000;128;0;400;404.652000
570;570;0;1000;128;0;400;404.067000
571;571;0;1000;128;0;400;404.926000
572;572;0;1000;128;0;400;409.227000
573;573;0;1000;128;0;400;404.749000
574;574;0;1000;128;0;400;406.119000
575;575;0;1000;128;0;400;403.968000
576;576;0;1000;128;0;400;406.273000
577;577;0;1000;128;0;400;404.370000
578;578;0;1000;128;0;400;404.104000
579;579;0;1000;128;0;400;404.853000
580;580;0;1000;128;0;400;405.067000
581;581;0;1000;128;0;400;410.103000
582;582;0;1000;128;0;400;406.027000
583;583;0;1000;128;0;400;408.106000
584;584;0;1000;128;0;400;404.964000
585;585;0;1000;128;0;400;407.155000
586;586;0;1000;128;0;400;407.800000
587;587;0;1000;128;0;400;406.009000
588;588;0;1000;128;0;400;405.910000
589;589;0;1000;128;0;400;411.861000
590;590;0;1000;128;0;400;406.185000
591;591;0;1000;128;0;400;404.392000
592;592;0;1000;128;0;400;409.785000
593;593;0;1000;128;0;400;406.341000
594;594;0;1000;128;0;400;406.759000
595;595;0;1000;128;0;400;405.709000
596;596;0;1000;128;0;400;405.135000
597;597;0;1000;128;0;400;407.839000
598;598;0;1000;128;0;400;404.518000
599;599;0;1000;128;0;400;404.700000
600;600;0;1000;128;0;400;405.379000
601;601;0;1000;128;0;400;404.880000
602;602;0;1000;128;0;400;404.310000
603;603;0;1000;128;0;400;406.567000
604;604;0;1000;128;0;400;403.776000
605;605;0;1000;128;0;400;404.109000
606;606;0;1000;128;0;400;404.334000
607;607;0;1000;128;0;400;408.610000
608;608;0;1000;128;0;400;406.305000
609;609;0;1000;128;0;400;409.692000
610;610;0;1000;128;0;400;408.808000
611;611;0;1000;128;0;400;407.886000
612;612;0;1000;128;0;400;409.134000
613;613;0;1000;128;0;400;406.065000
614;614;0;1000;128;0;400;404.688000
615;615;0;1000;128;0;400;405.943000
616;616;0;1000;128;0;400;405.396000
617;617;0;1000;128;0;400;409.255000
618;618;0;1000;128;0;400;405.532000
619;619;0;1000;128;0;400;410.043000
620;620;0;1000;128;0;400;411.613000
621;621;0;1000;128;0;400;409.438000
622;622;0;1000;128;0;400;404.149000
623;623;0;1000;128;0;400;407.968000
624;624;0;1000;128;0;400;406.584000
625;625;0;1000;128;0;400;404.623000
626;626;0;1000;128;0;400;406.890000
627;627;0;1000;128;0;400;411.243000
628;628;0;1000;128;0;400;412.483000
629;629;0;1000;128;0;400;409.206000
630;630;0;1000;128;0;400;407.791000
631;631;0;1000;128;0;400;404.952000
632;632;0;1000;128;0;400;405.724000
633;633;0;1000;128;0;400;402.879000
634;634;0;1000;128;0;400;685.809000
635;635;0;1000;128;0;400;410.481000
636;636;0;1000;128;0;400;405.523000
637;637;0;1000;128;0;400;406.677000
638;638;0;1000;128;0;400;404.281000
639;639;0;1000;128;0;400;413.001000
640;640;0;1000;128;0;400;404.580000
641;641;0;1000;128;0;400;409.654000
642;642;0;1000;128;0;400;404.163000
643;643;0;1000;128;0;400;413.058000
644;644;0;1000;128;0;400;405.228000
645;645;0;1000;128;0;400;405.027000
646;646;0;1000;128;0;400;404.287000
647;647;0;1000;128;0;400;403.999000
648;648;0;1000;128;0;400;403.383000
649;649;0;1000;128;0;400;407.032000
650;650;0;1000;128;0;400;405.726000
651;651;0;1000;128;0;400;405.943000
652;652;0;1000;128;0;400;406.021000
653;653;0;1000;128;0;400;404.466000
654;654;0;1000;128;0;400;404.484000
655;655;0;1000;128;0;400;410.065000
656;656;0;1000;128;0;400;406.014000
657;657;0;1000;128;0;400;404.695000
658;658;0;1000;128;0;400;411.679000
659;659;0;1000;128;0;400;408.520000
660;660;0;1000;128;0;400;403.878000
661;661;0;1000;128;0;400;405.439000
662;662;0;1000;128;0;400;403.869000
663;663;0;1000;128;0;400;405.370000
664;664;0;1000;128;0;400;407.307000
665;665;0;1000;128;0;400;405.219000
666;666;0;1000;128;0;400;406.797000
667;667;0;1000;128;0;400;415.503000
668;668;0;1000;128;0;400;429.385000
669;669;0;1000;128;0;400;404.247000
670;670;0;1000;128;0;400;412.636000
671;671;0;1000;128;0;400;412.621000
672;672;0;1000;128;0;400;417.658000
673;673;0;1000;128;0;400;404.019000
674;674;0;1000;128;0;400;403.980000
675;675;0;1000;128;0;400;404.742000
676;676;0;1000;128;0;400;403.731000
677;677;0;1000;128;0;400;408.891000
678;678;0;1000;128;0;400;402.990000
679;679;0;1000;128;0;400;406.303000
680;680;0;1000;128;0;400;405.271000
681;681;0;1000;128;0;400;431.446000
682;682;0;1000;128;0;400;407.557000
683;683;0;1000;128;0;400;408.291000
684;684;0;1000;128;0;400;402.829000
685;685;0;1000;128;0;400;404.148000
686;686;0;1000;128;0;400;405.183000
687;687;0;1000;128;0;400;408.774000
688;688;0;1000;128;0;400;404.479000
689;689;0;1000;128;0;400;403.842000
690;690;0;1000;128;0;400;406.084000
691;691;0;1000;128;0;400;404.715000
692;692;0;1000;128;0;400;409.770000
693;693;0;1000;128;0;400;405.810000
694;694;0;1000;128;0;400;404.314000
695;695;0;1000;128;0;400;405.706000
696;696;0;1000;128;0;400;648.774000
697;697;0;1000;128;0;400;404.395000
698;698;0;1000;128;0;400;405.691000
699;699;0;1000;128;0;400;425.920000
700;700;0;1000;128;0;400;408.195000
701;701;0;1000;128;0;400;404.490000
702;702;0;1000;128;0;400;406.647000
703;703;0;1000;128;0;400;410.403000
704;704;0;1000;128;0;400;405.699000
705;705;0;1000;128;0;400;405.534000
706;706;0;1000;128;0;400;410.425000
707;707;0;1000;128;0;400;404.928000
708;708;0;1000;128;0;400;410.923000
709;709;0;1000;128;0;400;411.870000
710;710;0;1000;128;0;400;404.478000
711;711;0;1000;128;0;400;407.889000
712;712;0;1000;128;0;400;404.922000
713;713;0;1000;128;0;400;419.317000
714;714;0;1000;128;0;400;404.350000
715;715;0;1000;128;0;400;423.576000
716;716;0;1000;128;0;400;405.760000
717;717;0;1000;128;0;400;404.071000
718;718;0;1000;128;0;400;410.635000
719;719;0;1000;128;0;400;406.182000
720;720;0;1000;128;0;400;404.539000
721;721;0;1000;128;0;400;406.020000
722;722;0;1000;128;0;400;409.971000
723;723;0;1000;128;0;400;404.538000
724;724;0;1000;128;0;400;406.036000
725;725;0;1000;128;0;400;389.286000
726;726;0;1000;128;0;400;404.382000
727;727;0;1000;128;0;400;404.065000
728;728;0;1000;128;0;400;668.587000
729;729;0;1000;128;0;400;404.133000
730;730;0;1000;128;0;400;403.900000
731;731;0;1000;128;0;400;404.586000
732;732;0;1000;128;0;400;404.440000
733;733;0;1000;128;0;400;405.699000
734;734;0;1000;128;0;400;404.284000
735;735;0;1000;128;0;400;403.674000
736;736;0;1000;128;0;400;404.125000
737;737;0;1000;128;0;400;410.578000
738;738;0;1000;128;0;400;403.905000
739;739;0;1000;128;0;400;409.834000
740;740;0;1000;128;0;400;411.147000
741;741;0;1000;128;0;400;405.943000
742;742;0;1000;128;0;400;405.219000
743;743;0;1000;128;0;400;410.166000
744;744;0;1000;128;0;400;404.551000
745;745;0;1000;128;0;400;404.091000
746;746;0;1000;128;0;400;408.339000
747;747;0;1000;128;0;400;407.511000
748;748;0;1000;128;0;400;406.690000
749;749;0;1000;128;0;400;406.480000
750;750;0;1000;128;0;400;405.085000
751;751;0;1000;128;0;400;404.256000
752;752;0;1000;128;0;400;423.895000
753;753;0;1000;128;0;400;404.211000
754;754;0;1000;128;0;400;416.707000
755;755;0;1000;128;0;400;410.305000
756;756;0;1000;128;0;400;404.596000
757;757;0;1000;128;0;400;404.832000
758;758;0;1000;128;0;400;410.367000
759;759;0;1000;128;0;400;404.454000
760;760;0;1000;128;0;400;404.254000
761;761;0;1000;128;0;400;378.895000
762;762;0;1000;128;0;400;404.745000
763;763;0;1000;128;0;400;408.105000
764;764;0;1000;128;0;400;410.766000
765;765;0;1000;128;0;400;404.526000
766;766;0;1000;128;0;400;410.236000
767;767;0;1000;128;0;400;408.864000
768;768;0;1000;128;0;400;405.103000
769;769;0;1000;128;0;400;408.067000
770;770;0;1000;128;0;400;409.639000
771;771;0;1000;128;0;400;404.664000
772;772;0;1000;128;0;400;410.845000
773;773;0;1000;128;0;400;411.118000
774;774;0;1000;128;0;400;381.082000
775;775;0;1000;128;0;400;620.710000
776;776;0;1000;128;0;400;404.712000
777;777;0;1000;128;0;400;404.034000
778;778;0;1000;128;0;400;378.388000
779;779;0;1000;128;0;400;404.709000
780;780;0;1000;128;0;400;378.598000
781;781;0;1000;128;0;400;407.112000
782;782;0;1000;128;0;400;387.256000
783;783;0;1000;128;0;400;404.524000
784;784;0;1000;128;0;400;407.805000
785;785;0;1000;128;0;400;404.812000
786;786;0;1000;128;0;400;403.983000
787;787;0;1000;128;0;400;404.659000
788;788;0;1000;128;0;400;0.000000
789;789;0;1000;128;0;400;403.821000
790;790;0;1000;128;0;400;626.973000
791;791;0;1000;128;0;400;408.946000
792;792;0;1000;128;0;400;406.086000
793;793;0;1000;128;0;400;404.983000
794;794;0;1000;128;0;400;406.018000
795;795;0;1000;128;0;400;405.193000
796;796;0;1000;128;0;400;404.919000
797;797;0;1000;128;0;400;412.201000
798;798;0;1000;128;0;400;405.000000
799;799;0;1000;128;0;400;406.435000
800;800;0;1000;128;0;400;408.667000
801;801;0;1000;128;0;400;406.192000
802;802;0;1000;128;0;400;405.259000
803;803;0;1000;128;0;400;404.775000
804;804;0;1000;128;0;400;370.042000
805;805;0;1000;128;0;400;616.683000
806;806;0;1000;128;0;400;384.139000
807;807;0;1000;128;0;400;404.250000
808;808;0;1000;128;0;400;381.870000
809;809;0;1000;128;0;400;404.701000
810;810;0;1000;128;0;400;406.374000
811;811;0;1000;128;0;400;410.797000
812;812;0;1000;128;0;400;403.890000
813;813;0;1000;128;0;400;409.690000
814;814;0;1000;128;0;400;435.045000
815;815;0;1000;128;0;400;408.519000
816;816;0;1000;128;0;400;420.660000
817;817;0;1000;128;0;400;410.242000
818;818;0;1000;128;0;400;409.459000
819;819;0;1000;128;0;400;408.504000
820;820;0;1000;128;0;400;406.275000
821;821;0;1000;128;0;400;406.093000
822;822;0;1000;128;0;400;408.631000
823;823;0;1000;128;0;400;404.520000
824;824;0;1000;128;0;400;406.824000
825;825;0;1000;128;0;400;404.767000
826;826;0;1000;128;0;400;409.033000
827;827;0;1000;128;0;400;405.723000
828;828;0;1000;128;0;400;404.499000
829;829;0;1000;128;0;400;404.427000
830;830;0;1000;128;0;400;406.584000
831;831;0;1000;128;0;400;405.172000
832;832;0;1000;128;0;400;406.588000
833;833;0;1000;128;0;400;403.648000
834;834;0;1000;128;0;400;420.469000
835;835;0;1000;128;0;400;416.673000
836;836;0;1000;128;0;400;412.497000
837;837;0;1000;128;0;400;409.470000
838;838;0;1000;128;0;400;404.176000
839;839;0;1000;128;0;400;409.071000
840;840;0;1000;128;0;400;405.778000
841;841;0;1000;128;0;400;405.774000
842;842;0;1000;128;0;400;404.242000
843;843;0;1000;128;0;400;405.478000
844;844;0;1000;128;0;400;408.880000
845;845;0;1000;128;0;400;430.318000
846;846;0;1000;128;0;400;412.228000
847;847;0;1000;128;0;400;409.794000
848;848;0;1000;128;0;400;432.448000
849;849;0;1000;128;0;400;409.900000
850;850;0;1000;128;0;400;439.020000
851;851;0;1000;128;0;400;402.744000
852;852;0;1000;128;0;400;404.793000
853;853;0;1000;128;0;400;432.226000
854;854;0;1000;128;0;400;405.136000
855;855;0;1000;128;0;400;427.752000
856;856;0;1000;128;0;400;404.647000
857;857;0;1000;128;0;400;405.769000
858;858;0;1000;128;0;400;403.933000
859;859;0;1000;128;0;400;361.015000
860;860;0;1000;128;0;400;410.451000
861;861;0;1000;128;0;400;408.651000
862;862;0;1000;128;0;400;409.086000
863;863;0;1000;128;0;400;404.185000
864;864;0;1000;128;0;400;408.121000
865;865;0;1000;128;0;400;404.860000
866;866;0;1000;128;0;400;406.158000
867;867;0;1000;128;0;400;410.332000
868;868;0;1000;128;0;400;404.827000
869;869;0;1000;128;0;400;404.488000
870;870;0;1000;128;0;400;404.817000
871;871;0;1000;128;0;400;410.988000
872;872;0;1000;128;0;400;404.137000
873;873;0;1000;128;0;400;404.010000
874;874;0;1000;128;0;400;404.796000
875;875;0;1000;128;0;400;403.986000
876;876;0;1000;128;0;400;404.793000
877;877;0;1000;128;0;400;405.096000
878;878;0;1000;128;0;400;405.915000
879;879;0;1000;128;0;400;406.489000
880;880;0;1000;128;0;400;407.689000
881;881;0;1000;128;0;400;404.173000
882;882;0;1000;128;0;400;433.740000
883;883;0;1000;128;0;400;406.201000
884;884;0;1000;128;0;400;404.070000
885;885;0;1000;128;0;400;415.524000
886;886;0;1000;128;0;400;403.998000
887;887;0;1000;128;0;400;405.681000
888;888;0;1000;128;0;400;407.457000
889;889;0;1000;128;0;400;404.698000
890;890;0;1000;128;0;400;409.048000
891;891;0;1000;128;0;400;406.164000
892;892;0;1000;128;0;400;404.811000
893;893;0;1000;128;0;400;404.419000
894;894;0;1000;128;0;400;406.698000
895;895;0;1000;128;0;400;408.495000
896;896;0;1000;128;0;400;404.554000
897;897;0;1000;128;0;400;407.392000
898;898;0;1000;128;0;400;408.991000
899;899;0;1000;128;0;400;420.525000
900;900;0;1000;128;0;400;404.605000
901;901;0;1000;128;0;400;616.987000
902;902;0;1000;128;0;400;406.000000
903;903;0;1000;128;0;400;404.847000
904;904;0;1000;128;0;400;411.132000
905;905;0;1000;128;0;400;406.488000
906;906;0;1000;128;0;400;406.333000
907;907;0;1000;128;0;400;404.272000
908;908;0;1000;128;0;400;415.228000
909;909;0;1000;128;0;400;410.886000
910;910;0;1000;128;0;400;403.176000
911;911;0;1000;128;0;400;404.802000
912;912;0;1000;128;0;400;408.037000
913;913;0;1000;128;0;400;404.358000
914;914;0;1000;128;0;400;405.937000
915;915;0;1000;128;0;400;407.560000
916;916;0;1000;128;0;400;405.643000
917;917;0;1000;128;0;400;406.630000
918;918;0;1000;128;0;400;404.910000
919;919;0;1000;128;0;400;406.527000
920;920;0;1000;128;0;400;405.286000
921;921;0;1000;128;0;400;408.427000
922;922;0;1000;128;0;400;405.625000
923;923;0;1000;128;0;400;406.312000
924;924;0;1000;128;0;400;407.718000
925;925;0;1000;128;0;400;406.161000
926;926;0;1000;128;0;400;404.734000
927;927;0;1000;128;0;400;408.936000
928;928;0;1000;128;0;400;408.402000
929;929;0;1000;128;0;400;405.192000
930;930;0;1000;128;0;400;405.798000
931;931;0;1000;128;0;400;405.550000
932;932;0;1000;128;0;400;405.429000
933;933;0;1000;128;0;400;409.579000
934;934;0;1000;128;0;400;404.541000
935;935;0;1000;128;0;400;404.463000
936;936;0;1000;128;0;400;410.935000
937;937;0;1000;128;0;400;410.073000
938;938;0;1000;128;0;400;409.402000
939;939;0;1000;128;0;400;407.697000
940;940;0;1000;128;0;400;404.248000
941;941;0;1000;128;0;400;403.987000
942;942;0;1000;128;0;400;414.931000
943;943;0;1000;128;0;400;403.788000
944;944;0;1000;128;0;400;407.620000
945;945;0;1000;128;0;400;410.215000
946;946;0;1000;128;0;400;406.792000
947;947;0;1000;128;0;400;405.415000
948;948;0;1000;128;0;400;404.362000
949;949;0;1000;128;0;400;405.184000
950;950;0;1000;128;0;400;406.159000
951;951;0;1000;128;0;400;404.946000
952;952;0;1000;128;0;400;405.340000
953;953;0;1000;128;0;400;404.755000
954;954;0;1000;128;0;400;404.433000
955;955;0;1000;128;0;400;405.456000
956;956;0;1000;128;0;400;411.769000
957;957;0;1000;128;0;400;405.045000
958;958;0;1000;128;0;400;404.911000
959;959;0;1000;128;0;400;404.371000
960;960;0;1000;128;0;400;408.768000
961;961;0;1000;128;0;400;404.899000
962;962;0;1000;128;0;400;407.067000
963;963;0;1000;128;0;400;403.795000
964;964;0;1000;128;0;400;407.511000
965;965;0;1000;128;0;400;405.441000
966;966;0;1000;128;0;400;404.079000
967;967;0;1000;128;0;400;405.354000
968;968;0;1000;128;0;400;409.357000
969;969;0;1000;128;0;400;411.720000
970;970;0;1000;128;0;400;404.353000
971;971;0;1000;128;0;400;408.553000
972;972;0;1000;128;0;400;409.149000
973;973;0;1000;128;0;400;413.923000
974;974;0;1000;128;0;400;404.073000
975;975;0;1000;128;0;400;405.490000
976;976;0;1000;128;0;400;403.678000
977;977;0;1000;128;0;400;406.731000
978;978;0;1000;128;0;400;405.388000
979;979;0;1000;128;0;400;404.154000
980;980;0;1000;128;0;400;409.365000
981;981;0;1000;128;0;400;409.393000
982;982;0;1000;128;0;400;403.581000
983;983;0;1000;128;0;400;405.169000
984;984;0;1000;128;0;400;404.292000
985;985;0;1000;128;0;400;405.246000
986;986;0;1000;128;0;400;409.230000
987;987;0;1000;128;0;400;404.767000
988;988;0;1000;128;0;400;403.912000
989;989;0;1000;128;0;400;408.790000
990;990;0;1000;128;0;400;404.676000
991;991;0;1000;128;0;400;405.114000
992;992;0;1000;128;0;400;404.115000
993;993;0;1000;128;0;400;405.907000
994;994;0;1000;128;0;400;408.813000
995;995;0;1000;128;0;400;405.672000
996;996;0;1000;128;0;400;404.038000
997;997;0;1000;128;0;400;407.944000
998;998;0;1000;128;0;400;404.586000
999;999;0;1000;128;0;400;406.170000
1000;1000;0;1000;128;0;400;405.648000
